{"/Users/eric/tp/log2990-03/Cadriciel/server/app/crossword-multiplayer/countdown.spec.ts":{"path":"/Users/eric/tp/log2990-03/Cadriciel/server/app/crossword-multiplayer/countdown.spec.ts","statementMap":{"0":{"start":{"line":2,"column":0},"end":{"line":2,"column":62}},"1":{"start":{"line":3,"column":15},"end":{"line":3,"column":30}},"2":{"start":{"line":4,"column":20},"end":{"line":4,"column":42}},"3":{"start":{"line":5,"column":17},"end":{"line":5,"column":37}},"4":{"start":{"line":7,"column":0},"end":{"line":69,"column":3}},"5":{"start":{"line":8,"column":4},"end":{"line":10,"column":7}},"6":{"start":{"line":9,"column":8},"end":{"line":9,"column":48}},"7":{"start":{"line":11,"column":4},"end":{"line":13,"column":7}},"8":{"start":{"line":12,"column":8},"end":{"line":12,"column":98}},"9":{"start":{"line":14,"column":4},"end":{"line":16,"column":7}},"10":{"start":{"line":15,"column":8},"end":{"line":15,"column":88}},"11":{"start":{"line":17,"column":4},"end":{"line":36,"column":7}},"12":{"start":{"line":18,"column":8},"end":{"line":31,"column":11}},"13":{"start":{"line":19,"column":31},"end":{"line":19,"column":63}},"14":{"start":{"line":20,"column":40},"end":{"line":20,"column":41}},"15":{"start":{"line":21,"column":12},"end":{"line":29,"column":15}},"16":{"start":{"line":22,"column":16},"end":{"line":22,"column":60}},"17":{"start":{"line":23,"column":16},"end":{"line":23,"column":31}},"18":{"start":{"line":24,"column":16},"end":{"line":27,"column":17}},"19":{"start":{"line":25,"column":20},"end":{"line":25,"column":72}},"20":{"start":{"line":26,"column":20},"end":{"line":26,"column":27}},"21":{"start":{"line":28,"column":16},"end":{"line":28,"column":40}},"22":{"start":{"line":30,"column":12},"end":{"line":30,"column":65}},"23":{"start":{"line":32,"column":8},"end":{"line":35,"column":11}},"24":{"start":{"line":33,"column":12},"end":{"line":33,"column":65}},"25":{"start":{"line":34,"column":12},"end":{"line":34,"column":66}},"26":{"start":{"line":37,"column":4},"end":{"line":45,"column":7}},"27":{"start":{"line":38,"column":8},"end":{"line":41,"column":11}},"28":{"start":{"line":39,"column":12},"end":{"line":39,"column":65}},"29":{"start":{"line":40,"column":12},"end":{"line":40,"column":64}},"30":{"start":{"line":42,"column":8},"end":{"line":44,"column":11}},"31":{"start":{"line":43,"column":12},"end":{"line":43,"column":65}},"32":{"start":{"line":46,"column":4},"end":{"line":54,"column":7}},"33":{"start":{"line":47,"column":8},"end":{"line":53,"column":11}},"34":{"start":{"line":48,"column":12},"end":{"line":48,"column":39}},"35":{"start":{"line":49,"column":12},"end":{"line":49,"column":91}},"36":{"start":{"line":50,"column":12},"end":{"line":50,"column":56}},"37":{"start":{"line":51,"column":12},"end":{"line":51,"column":39}},"38":{"start":{"line":52,"column":12},"end":{"line":52,"column":91}},"39":{"start":{"line":55,"column":4},"end":{"line":68,"column":7}},"40":{"start":{"line":56,"column":36},"end":{"line":56,"column":37}},"41":{"start":{"line":57,"column":8},"end":{"line":57,"column":32}},"42":{"start":{"line":58,"column":8},"end":{"line":66,"column":11}},"43":{"start":{"line":59,"column":12},"end":{"line":64,"column":13}},"44":{"start":{"line":60,"column":16},"end":{"line":61,"column":63}},"45":{"start":{"line":62,"column":16},"end":{"line":62,"column":68}},"46":{"start":{"line":63,"column":16},"end":{"line":63,"column":23}},"47":{"start":{"line":65,"column":12},"end":{"line":65,"column":36}},"48":{"start":{"line":67,"column":8},"end":{"line":67,"column":35}}},"fnMap":{"0":{"name":"(anonymous_0)","decl":{"start":{"line":7,"column":23},"end":{"line":7,"column":24}},"loc":{"start":{"line":7,"column":29},"end":{"line":69,"column":1}},"line":7},"1":{"name":"(anonymous_1)","decl":{"start":{"line":8,"column":15},"end":{"line":8,"column":16}},"loc":{"start":{"line":8,"column":21},"end":{"line":10,"column":5}},"line":8},"2":{"name":"(anonymous_2)","decl":{"start":{"line":11,"column":83},"end":{"line":11,"column":84}},"loc":{"start":{"line":11,"column":89},"end":{"line":13,"column":5}},"line":11},"3":{"name":"(anonymous_3)","decl":{"start":{"line":14,"column":87},"end":{"line":14,"column":88}},"loc":{"start":{"line":14,"column":93},"end":{"line":16,"column":5}},"line":14},"4":{"name":"(anonymous_4)","decl":{"start":{"line":17,"column":33},"end":{"line":17,"column":34}},"loc":{"start":{"line":17,"column":39},"end":{"line":36,"column":5}},"line":17},"5":{"name":"(anonymous_5)","decl":{"start":{"line":18,"column":63},"end":{"line":18,"column":64}},"loc":{"start":{"line":18,"column":73},"end":{"line":31,"column":9}},"line":18},"6":{"name":"(anonymous_6)","decl":{"start":{"line":21,"column":38},"end":{"line":21,"column":39}},"loc":{"start":{"line":21,"column":49},"end":{"line":29,"column":13}},"line":21},"7":{"name":"(anonymous_7)","decl":{"start":{"line":32,"column":71},"end":{"line":32,"column":72}},"loc":{"start":{"line":32,"column":77},"end":{"line":35,"column":9}},"line":32},"8":{"name":"(anonymous_8)","decl":{"start":{"line":37,"column":32},"end":{"line":37,"column":33}},"loc":{"start":{"line":37,"column":38},"end":{"line":45,"column":5}},"line":37},"9":{"name":"(anonymous_9)","decl":{"start":{"line":38,"column":74},"end":{"line":38,"column":75}},"loc":{"start":{"line":38,"column":80},"end":{"line":41,"column":9}},"line":38},"10":{"name":"(anonymous_10)","decl":{"start":{"line":42,"column":66},"end":{"line":42,"column":67}},"loc":{"start":{"line":42,"column":72},"end":{"line":44,"column":9}},"line":42},"11":{"name":"(anonymous_11)","decl":{"start":{"line":46,"column":33},"end":{"line":46,"column":34}},"loc":{"start":{"line":46,"column":39},"end":{"line":54,"column":5}},"line":46},"12":{"name":"(anonymous_12)","decl":{"start":{"line":47,"column":80},"end":{"line":47,"column":81}},"loc":{"start":{"line":47,"column":86},"end":{"line":53,"column":9}},"line":47},"13":{"name":"(anonymous_13)","decl":{"start":{"line":55,"column":51},"end":{"line":55,"column":52}},"loc":{"start":{"line":55,"column":61},"end":{"line":68,"column":5}},"line":55},"14":{"name":"(anonymous_14)","decl":{"start":{"line":58,"column":34},"end":{"line":58,"column":35}},"loc":{"start":{"line":58,"column":45},"end":{"line":66,"column":9}},"line":58}},"branchMap":{"0":{"loc":{"start":{"line":24,"column":16},"end":{"line":27,"column":17}},"type":"if","locations":[{"start":{"line":24,"column":16},"end":{"line":27,"column":17}},{"start":{"line":24,"column":16},"end":{"line":27,"column":17}}],"line":24},"1":{"loc":{"start":{"line":59,"column":12},"end":{"line":64,"column":13}},"type":"if","locations":[{"start":{"line":59,"column":12},"end":{"line":64,"column":13}},{"start":{"line":59,"column":12},"end":{"line":64,"column":13}}],"line":59}},"s":{"0":1,"1":1,"2":1,"3":1,"4":1,"5":1,"6":8,"7":1,"8":1,"9":1,"10":1,"11":1,"12":1,"13":1,"14":1,"15":1,"16":2,"17":2,"18":2,"19":1,"20":1,"21":2,"22":1,"23":1,"24":1,"25":1,"26":1,"27":1,"28":1,"29":1,"30":1,"31":1,"32":1,"33":1,"34":1,"35":1,"36":1,"37":1,"38":1,"39":1,"40":1,"41":1,"42":1,"43":2,"44":1,"45":1,"46":1,"47":2,"48":1},"f":{"0":1,"1":8,"2":1,"3":1,"4":1,"5":1,"6":2,"7":1,"8":1,"9":1,"10":1,"11":1,"12":1,"13":1,"14":2},"b":{"0":[1,1],"1":[1,1]},"_coverageSchema":"332fd63041d2c1bcb487cc26dd0d5f7d97098a6c","hash":"360eb711b67e686ae2e92bfd05550e799bc3f6a8","contentHash":"f12398b7edb4a06f418fe9721f317040_11.2.1"},"/Users/eric/tp/log2990-03/Cadriciel/server/app/crossword-multiplayer/countdown.ts":{"path":"/Users/eric/tp/log2990-03/Cadriciel/server/app/crossword-multiplayer/countdown.ts","statementMap":{"0":{"start":{"line":2,"column":0},"end":{"line":2,"column":62}},"1":{"start":{"line":3,"column":26},"end":{"line":3,"column":57}},"2":{"start":{"line":4,"column":17},"end":{"line":4,"column":37}},"3":{"start":{"line":5,"column":19},"end":{"line":5,"column":23}},"4":{"start":{"line":8,"column":8},"end":{"line":8,"column":70}},"5":{"start":{"line":9,"column":8},"end":{"line":9,"column":87}},"6":{"start":{"line":10,"column":8},"end":{"line":10,"column":30}},"7":{"start":{"line":13,"column":8},"end":{"line":16,"column":9}},"8":{"start":{"line":14,"column":12},"end":{"line":14,"column":87}},"9":{"start":{"line":15,"column":12},"end":{"line":15,"column":24}},"10":{"start":{"line":17,"column":8},"end":{"line":17,"column":21}},"11":{"start":{"line":20,"column":8},"end":{"line":23,"column":9}},"12":{"start":{"line":21,"column":12},"end":{"line":21,"column":44}},"13":{"start":{"line":22,"column":12},"end":{"line":22,"column":24}},"14":{"start":{"line":24,"column":8},"end":{"line":24,"column":21}},"15":{"start":{"line":27,"column":8},"end":{"line":27,"column":52}},"16":{"start":{"line":30,"column":8},"end":{"line":35,"column":9}},"17":{"start":{"line":31,"column":12},"end":{"line":31,"column":50}},"18":{"start":{"line":34,"column":12},"end":{"line":34,"column":34}},"19":{"start":{"line":38,"column":0},"end":{"line":38,"column":30}}},"fnMap":{"0":{"name":"(anonymous_0)","decl":{"start":{"line":7,"column":4},"end":{"line":7,"column":5}},"loc":{"start":{"line":7,"column":18},"end":{"line":11,"column":5}},"line":7},"1":{"name":"(anonymous_1)","decl":{"start":{"line":12,"column":4},"end":{"line":12,"column":5}},"loc":{"start":{"line":12,"column":21},"end":{"line":18,"column":5}},"line":12},"2":{"name":"(anonymous_2)","decl":{"start":{"line":19,"column":4},"end":{"line":19,"column":5}},"loc":{"start":{"line":19,"column":20},"end":{"line":25,"column":5}},"line":19},"3":{"name":"(anonymous_3)","decl":{"start":{"line":26,"column":4},"end":{"line":26,"column":5}},"loc":{"start":{"line":26,"column":21},"end":{"line":28,"column":5}},"line":26},"4":{"name":"(anonymous_4)","decl":{"start":{"line":29,"column":4},"end":{"line":29,"column":5}},"loc":{"start":{"line":29,"column":21},"end":{"line":36,"column":5}},"line":29}},"branchMap":{"0":{"loc":{"start":{"line":13,"column":8},"end":{"line":16,"column":9}},"type":"if","locations":[{"start":{"line":13,"column":8},"end":{"line":16,"column":9}},{"start":{"line":13,"column":8},"end":{"line":16,"column":9}}],"line":13},"1":{"loc":{"start":{"line":20,"column":8},"end":{"line":23,"column":9}},"type":"if","locations":[{"start":{"line":20,"column":8},"end":{"line":23,"column":9}},{"start":{"line":20,"column":8},"end":{"line":23,"column":9}}],"line":20},"2":{"loc":{"start":{"line":30,"column":8},"end":{"line":35,"column":9}},"type":"if","locations":[{"start":{"line":30,"column":8},"end":{"line":35,"column":9}},{"start":{"line":30,"column":8},"end":{"line":35,"column":9}}],"line":30}},"s":{"0":1,"1":1,"2":1,"3":1,"4":17,"5":17,"6":17,"7":6,"8":5,"9":5,"10":1,"11":4,"12":3,"13":3,"14":1,"15":26,"16":81,"17":78,"18":3,"19":1},"f":{"0":17,"1":6,"2":4,"3":26,"4":81},"b":{"0":[5,1],"1":[3,1],"2":[78,3]},"_coverageSchema":"332fd63041d2c1bcb487cc26dd0d5f7d97098a6c","hash":"7b1c244fec5420f54e3accb945087f3363aaa225","contentHash":"b380a99913b077889989842bca1b7935_11.2.1"},"/Users/eric/tp/log2990-03/Cadriciel/server/app/config.ts":{"path":"/Users/eric/tp/log2990-03/Cadriciel/server/app/config.ts","statementMap":{"0":{"start":{"line":2,"column":0},"end":{"line":2,"column":62}},"1":{"start":{"line":3,"column":0},"end":{"line":3,"column":37}},"2":{"start":{"line":4,"column":0},"end":{"line":4,"column":28}},"3":{"start":{"line":5,"column":0},"end":{"line":5,"column":33}}},"fnMap":{},"branchMap":{},"s":{"0":1,"1":1,"2":1,"3":1},"f":{},"b":{},"_coverageSchema":"332fd63041d2c1bcb487cc26dd0d5f7d97098a6c","hash":"cb12c8aba59b6cd5234e450e73ab5a7bfe7329c4","contentHash":"2c35dc563436607074d491b0066ba124_11.2.1"},"/Users/eric/tp/log2990-03/Cadriciel/server/app/crossword-multiplayer/crossword-dynamic-service.spec.ts":{"path":"/Users/eric/tp/log2990-03/Cadriciel/server/app/crossword-multiplayer/crossword-dynamic-service.spec.ts","statementMap":{"0":{"start":{"line":2,"column":0},"end":{"line":2,"column":62}},"1":{"start":{"line":3,"column":15},"end":{"line":3,"column":30}},"2":{"start":{"line":4,"column":13},"end":{"line":4,"column":28}},"3":{"start":{"line":5,"column":16},"end":{"line":5,"column":34}},"4":{"start":{"line":6,"column":11},"end":{"line":6,"column":38}},"5":{"start":{"line":7,"column":24},"end":{"line":7,"column":51}},"6":{"start":{"line":8,"column":36},"end":{"line":8,"column":74}},"7":{"start":{"line":9,"column":34},"end":{"line":9,"column":70}},"8":{"start":{"line":10,"column":37},"end":{"line":10,"column":76}},"9":{"start":{"line":11,"column":37},"end":{"line":11,"column":100}},"10":{"start":{"line":12,"column":17},"end":{"line":12,"column":37}},"11":{"start":{"line":13,"column":20},"end":{"line":13,"column":66}},"12":{"start":{"line":14,"column":18},"end":{"line":14,"column":36}},"13":{"start":{"line":15,"column":18},"end":{"line":15,"column":22}},"14":{"start":{"line":21,"column":0},"end":{"line":172,"column":3}},"15":{"start":{"line":23,"column":22},"end":{"line":23,"column":36}},"16":{"start":{"line":24,"column":28},"end":{"line":24,"column":43}},"17":{"start":{"line":25,"column":28},"end":{"line":25,"column":43}},"18":{"start":{"line":26,"column":23},"end":{"line":26,"column":29}},"19":{"start":{"line":27,"column":25},"end":{"line":27,"column":34}},"20":{"start":{"line":28,"column":25},"end":{"line":28,"column":34}},"21":{"start":{"line":29,"column":26},"end":{"line":29,"column":36}},"22":{"start":{"line":31,"column":4},"end":{"line":45,"column":7}},"23":{"start":{"line":32,"column":8},"end":{"line":32,"column":24}},"24":{"start":{"line":33,"column":8},"end":{"line":33,"column":40}},"25":{"start":{"line":34,"column":8},"end":{"line":34,"column":33}},"26":{"start":{"line":35,"column":8},"end":{"line":35,"column":55}},"27":{"start":{"line":36,"column":8},"end":{"line":36,"column":91}},"28":{"start":{"line":37,"column":8},"end":{"line":37,"column":85}},"29":{"start":{"line":38,"column":8},"end":{"line":38,"column":94}},"30":{"start":{"line":39,"column":8},"end":{"line":44,"column":11}},"31":{"start":{"line":40,"column":12},"end":{"line":40,"column":47}},"32":{"start":{"line":41,"column":12},"end":{"line":43,"column":15}},"33":{"start":{"line":42,"column":16},"end":{"line":42,"column":52}},"34":{"start":{"line":46,"column":4},"end":{"line":49,"column":7}},"35":{"start":{"line":47,"column":8},"end":{"line":48,"column":76}},"36":{"start":{"line":50,"column":4},"end":{"line":55,"column":7}},"37":{"start":{"line":51,"column":8},"end":{"line":51,"column":57}},"38":{"start":{"line":52,"column":8},"end":{"line":54,"column":11}},"39":{"start":{"line":53,"column":12},"end":{"line":53,"column":19}},"40":{"start":{"line":56,"column":4},"end":{"line":60,"column":7}},"41":{"start":{"line":57,"column":8},"end":{"line":59,"column":9}},"42":{"start":{"line":58,"column":12},"end":{"line":58,"column":32}},"43":{"start":{"line":61,"column":4},"end":{"line":66,"column":7}},"44":{"start":{"line":62,"column":8},"end":{"line":65,"column":11}},"45":{"start":{"line":63,"column":12},"end":{"line":64,"column":93}},"46":{"start":{"line":67,"column":4},"end":{"line":96,"column":7}},"47":{"start":{"line":68,"column":8},"end":{"line":72,"column":11}},"48":{"start":{"line":69,"column":12},"end":{"line":69,"column":93}},"49":{"start":{"line":70,"column":12},"end":{"line":71,"column":38}},"50":{"start":{"line":73,"column":8},"end":{"line":79,"column":11}},"51":{"start":{"line":74,"column":12},"end":{"line":78,"column":15}},"52":{"start":{"line":75,"column":16},"end":{"line":76,"column":58}},"53":{"start":{"line":77,"column":16},"end":{"line":77,"column":23}},"54":{"start":{"line":80,"column":8},"end":{"line":90,"column":11}},"55":{"start":{"line":81,"column":34},"end":{"line":81,"column":60}},"56":{"start":{"line":82,"column":33},"end":{"line":82,"column":34}},"57":{"start":{"line":83,"column":12},"end":{"line":89,"column":15}},"58":{"start":{"line":84,"column":16},"end":{"line":87,"column":17}},"59":{"start":{"line":85,"column":20},"end":{"line":85,"column":69}},"60":{"start":{"line":86,"column":20},"end":{"line":86,"column":27}},"61":{"start":{"line":88,"column":16},"end":{"line":88,"column":33}},"62":{"start":{"line":91,"column":8},"end":{"line":95,"column":11}},"63":{"start":{"line":92,"column":32},"end":{"line":92,"column":163}},"64":{"start":{"line":93,"column":12},"end":{"line":94,"column":77}},"65":{"start":{"line":97,"column":4},"end":{"line":144,"column":7}},"66":{"start":{"line":98,"column":8},"end":{"line":112,"column":11}},"67":{"start":{"line":99,"column":33},"end":{"line":99,"column":34}},"68":{"start":{"line":100,"column":33},"end":{"line":109,"column":14}},"69":{"start":{"line":102,"column":16},"end":{"line":107,"column":17}},"70":{"start":{"line":103,"column":20},"end":{"line":104,"column":68}},"71":{"start":{"line":105,"column":20},"end":{"line":105,"column":47}},"72":{"start":{"line":106,"column":20},"end":{"line":106,"column":27}},"73":{"start":{"line":108,"column":16},"end":{"line":108,"column":33}},"74":{"start":{"line":110,"column":30},"end":{"line":110,"column":62}},"75":{"start":{"line":111,"column":12},"end":{"line":111,"column":71}},"76":{"start":{"line":113,"column":8},"end":{"line":130,"column":11}},"77":{"start":{"line":114,"column":30},"end":{"line":114,"column":62}},"78":{"start":{"line":116,"column":12},"end":{"line":121,"column":35}},"79":{"start":{"line":120,"column":16},"end":{"line":120,"column":52}},"80":{"start":{"line":122,"column":12},"end":{"line":122,"column":71}},"81":{"start":{"line":124,"column":12},"end":{"line":129,"column":35}},"82":{"start":{"line":128,"column":16},"end":{"line":128,"column":52}},"83":{"start":{"line":131,"column":8},"end":{"line":143,"column":11}},"84":{"start":{"line":132,"column":30},"end":{"line":132,"column":62}},"85":{"start":{"line":133,"column":12},"end":{"line":141,"column":15}},"86":{"start":{"line":134,"column":16},"end":{"line":135,"column":42}},"87":{"start":{"line":136,"column":16},"end":{"line":139,"column":39}},"88":{"start":{"line":138,"column":20},"end":{"line":138,"column":56}},"89":{"start":{"line":140,"column":16},"end":{"line":140,"column":23}},"90":{"start":{"line":142,"column":12},"end":{"line":142,"column":71}},"91":{"start":{"line":145,"column":4},"end":{"line":171,"column":7}},"92":{"start":{"line":146,"column":8},"end":{"line":148,"column":11}},"93":{"start":{"line":147,"column":12},"end":{"line":147,"column":51}},"94":{"start":{"line":149,"column":8},"end":{"line":170,"column":11}},"95":{"start":{"line":150,"column":12},"end":{"line":169,"column":15}},"96":{"start":{"line":153,"column":37},"end":{"line":153,"column":40}},"97":{"start":{"line":154,"column":16},"end":{"line":155,"column":64}},"98":{"start":{"line":156,"column":37},"end":{"line":156,"column":38}},"99":{"start":{"line":157,"column":16},"end":{"line":167,"column":19}},"100":{"start":{"line":159,"column":20},"end":{"line":165,"column":21}},"101":{"start":{"line":160,"column":24},"end":{"line":161,"column":52}},"102":{"start":{"line":162,"column":24},"end":{"line":163,"column":52}},"103":{"start":{"line":164,"column":24},"end":{"line":164,"column":31}},"104":{"start":{"line":166,"column":20},"end":{"line":166,"column":37}},"105":{"start":{"line":168,"column":16},"end":{"line":168,"column":59}}},"fnMap":{"0":{"name":"(anonymous_0)","decl":{"start":{"line":21,"column":37},"end":{"line":21,"column":38}},"loc":{"start":{"line":21,"column":43},"end":{"line":172,"column":1}},"line":21},"1":{"name":"(anonymous_1)","decl":{"start":{"line":31,"column":11},"end":{"line":31,"column":12}},"loc":{"start":{"line":31,"column":17},"end":{"line":45,"column":5}},"line":31},"2":{"name":"(anonymous_2)","decl":{"start":{"line":39,"column":68},"end":{"line":39,"column":69}},"loc":{"start":{"line":39,"column":86},"end":{"line":44,"column":9}},"line":39},"3":{"name":"(anonymous_3)","decl":{"start":{"line":41,"column":42},"end":{"line":41,"column":43}},"loc":{"start":{"line":41,"column":48},"end":{"line":43,"column":13}},"line":41},"4":{"name":"(anonymous_4)","decl":{"start":{"line":46,"column":11},"end":{"line":46,"column":12}},"loc":{"start":{"line":46,"column":23},"end":{"line":49,"column":5}},"line":46},"5":{"name":"(anonymous_5)","decl":{"start":{"line":50,"column":15},"end":{"line":50,"column":16}},"loc":{"start":{"line":50,"column":25},"end":{"line":55,"column":5}},"line":50},"6":{"name":"(anonymous_6)","decl":{"start":{"line":52,"column":29},"end":{"line":52,"column":30}},"loc":{"start":{"line":52,"column":35},"end":{"line":54,"column":9}},"line":52},"7":{"name":"(anonymous_7)","decl":{"start":{"line":56,"column":14},"end":{"line":56,"column":15}},"loc":{"start":{"line":56,"column":20},"end":{"line":60,"column":5}},"line":56},"8":{"name":"(anonymous_8)","decl":{"start":{"line":61,"column":30},"end":{"line":61,"column":31}},"loc":{"start":{"line":61,"column":36},"end":{"line":66,"column":5}},"line":61},"9":{"name":"(anonymous_9)","decl":{"start":{"line":62,"column":40},"end":{"line":62,"column":41}},"loc":{"start":{"line":62,"column":46},"end":{"line":65,"column":9}},"line":62},"10":{"name":"(anonymous_10)","decl":{"start":{"line":67,"column":35},"end":{"line":67,"column":36}},"loc":{"start":{"line":67,"column":41},"end":{"line":96,"column":5}},"line":67},"11":{"name":"(anonymous_11)","decl":{"start":{"line":68,"column":76},"end":{"line":68,"column":77}},"loc":{"start":{"line":68,"column":82},"end":{"line":72,"column":9}},"line":68},"12":{"name":"(anonymous_12)","decl":{"start":{"line":73,"column":99},"end":{"line":73,"column":100}},"loc":{"start":{"line":73,"column":109},"end":{"line":79,"column":9}},"line":73},"13":{"name":"(anonymous_13)","decl":{"start":{"line":74,"column":43},"end":{"line":74,"column":44}},"loc":{"start":{"line":74,"column":54},"end":{"line":78,"column":13}},"line":74},"14":{"name":"(anonymous_14)","decl":{"start":{"line":80,"column":53},"end":{"line":80,"column":54}},"loc":{"start":{"line":80,"column":63},"end":{"line":90,"column":9}},"line":80},"15":{"name":"(anonymous_15)","decl":{"start":{"line":83,"column":43},"end":{"line":83,"column":44}},"loc":{"start":{"line":83,"column":54},"end":{"line":89,"column":13}},"line":83},"16":{"name":"(anonymous_16)","decl":{"start":{"line":91,"column":59},"end":{"line":91,"column":60}},"loc":{"start":{"line":91,"column":65},"end":{"line":95,"column":9}},"line":91},"17":{"name":"(anonymous_17)","decl":{"start":{"line":97,"column":28},"end":{"line":97,"column":29}},"loc":{"start":{"line":97,"column":34},"end":{"line":144,"column":5}},"line":97},"18":{"name":"(anonymous_18)","decl":{"start":{"line":98,"column":41},"end":{"line":98,"column":42}},"loc":{"start":{"line":98,"column":51},"end":{"line":112,"column":9}},"line":98},"19":{"name":"(anonymous_19)","decl":{"start":{"line":101,"column":27},"end":{"line":101,"column":28}},"loc":{"start":{"line":101,"column":38},"end":{"line":109,"column":13}},"line":101},"20":{"name":"(anonymous_20)","decl":{"start":{"line":113,"column":69},"end":{"line":113,"column":70}},"loc":{"start":{"line":113,"column":75},"end":{"line":130,"column":9}},"line":113},"21":{"name":"(anonymous_21)","decl":{"start":{"line":119,"column":24},"end":{"line":119,"column":25}},"loc":{"start":{"line":119,"column":34},"end":{"line":121,"column":13}},"line":119},"22":{"name":"(anonymous_22)","decl":{"start":{"line":127,"column":24},"end":{"line":127,"column":25}},"loc":{"start":{"line":127,"column":34},"end":{"line":129,"column":13}},"line":127},"23":{"name":"(anonymous_23)","decl":{"start":{"line":131,"column":76},"end":{"line":131,"column":77}},"loc":{"start":{"line":131,"column":86},"end":{"line":143,"column":9}},"line":131},"24":{"name":"(anonymous_24)","decl":{"start":{"line":133,"column":41},"end":{"line":133,"column":42}},"loc":{"start":{"line":133,"column":55},"end":{"line":141,"column":13}},"line":133},"25":{"name":"(anonymous_25)","decl":{"start":{"line":137,"column":28},"end":{"line":137,"column":29}},"loc":{"start":{"line":137,"column":38},"end":{"line":139,"column":17}},"line":137},"26":{"name":"(anonymous_26)","decl":{"start":{"line":145,"column":40},"end":{"line":145,"column":41}},"loc":{"start":{"line":145,"column":46},"end":{"line":171,"column":5}},"line":145},"27":{"name":"(anonymous_27)","decl":{"start":{"line":146,"column":15},"end":{"line":146,"column":16}},"loc":{"start":{"line":146,"column":21},"end":{"line":148,"column":9}},"line":146},"28":{"name":"(anonymous_28)","decl":{"start":{"line":149,"column":111},"end":{"line":149,"column":112}},"loc":{"start":{"line":149,"column":121},"end":{"line":170,"column":9}},"line":149},"29":{"name":"(anonymous_29)","decl":{"start":{"line":152,"column":22},"end":{"line":152,"column":23}},"loc":{"start":{"line":152,"column":41},"end":{"line":169,"column":13}},"line":152},"30":{"name":"(anonymous_30)","decl":{"start":{"line":158,"column":31},"end":{"line":158,"column":32}},"loc":{"start":{"line":158,"column":42},"end":{"line":167,"column":17}},"line":158}},"branchMap":{"0":{"loc":{"start":{"line":57,"column":8},"end":{"line":59,"column":9}},"type":"if","locations":[{"start":{"line":57,"column":8},"end":{"line":59,"column":9}},{"start":{"line":57,"column":8},"end":{"line":59,"column":9}}],"line":57},"1":{"loc":{"start":{"line":84,"column":16},"end":{"line":87,"column":17}},"type":"if","locations":[{"start":{"line":84,"column":16},"end":{"line":87,"column":17}},{"start":{"line":84,"column":16},"end":{"line":87,"column":17}}],"line":84},"2":{"loc":{"start":{"line":102,"column":16},"end":{"line":107,"column":17}},"type":"if","locations":[{"start":{"line":102,"column":16},"end":{"line":107,"column":17}},{"start":{"line":102,"column":16},"end":{"line":107,"column":17}}],"line":102},"3":{"loc":{"start":{"line":159,"column":20},"end":{"line":165,"column":21}},"type":"if","locations":[{"start":{"line":159,"column":20},"end":{"line":165,"column":21}},{"start":{"line":159,"column":20},"end":{"line":165,"column":21}}],"line":159}},"s":{"0":1,"1":1,"2":1,"3":1,"4":1,"5":1,"6":1,"7":1,"8":1,"9":1,"10":1,"11":1,"12":1,"13":1,"14":1,"15":1,"16":1,"17":1,"18":1,"19":1,"20":1,"21":1,"22":1,"23":1,"24":1,"25":1,"26":1,"27":1,"28":1,"29":1,"30":1,"31":9,"32":9,"33":9,"34":1,"35":1,"36":1,"37":9,"38":9,"39":9,"40":1,"41":9,"42":9,"43":1,"44":1,"45":1,"46":1,"47":1,"48":1,"49":1,"50":1,"51":1,"52":1,"53":1,"54":1,"55":1,"56":1,"57":1,"58":42,"59":1,"60":1,"61":42,"62":1,"63":1,"64":1,"65":1,"66":1,"67":1,"68":1,"69":2,"70":1,"71":1,"72":1,"73":2,"74":1,"75":1,"76":1,"77":1,"78":1,"79":11,"80":1,"81":1,"82":13,"83":1,"84":1,"85":1,"86":1,"87":1,"88":13,"89":1,"90":1,"91":1,"92":1,"93":1,"94":1,"95":1,"96":1,"97":1,"98":1,"99":1,"100":2,"101":1,"102":1,"103":1,"104":2,"105":1},"f":{"0":1,"1":1,"2":9,"3":9,"4":1,"5":9,"6":9,"7":9,"8":1,"9":1,"10":1,"11":1,"12":1,"13":1,"14":1,"15":42,"16":1,"17":1,"18":1,"19":2,"20":1,"21":11,"22":13,"23":1,"24":1,"25":13,"26":1,"27":1,"28":1,"29":1,"30":2},"b":{"0":[9,0],"1":[1,41],"2":[1,1],"3":[1,1]},"_coverageSchema":"332fd63041d2c1bcb487cc26dd0d5f7d97098a6c","hash":"8652a87ce63cc2eae1340bcbc14667f7525a3bdc","contentHash":"78520cbdc398ce61a050bbf3c8b57c15_11.2.1"},"/Users/eric/tp/log2990-03/Cadriciel/server/app/socket-server.ts":{"path":"/Users/eric/tp/log2990-03/Cadriciel/server/app/socket-server.ts","statementMap":{"0":{"start":{"line":2,"column":0},"end":{"line":2,"column":62}},"1":{"start":{"line":3,"column":11},"end":{"line":3,"column":31}},"2":{"start":{"line":7,"column":8},"end":{"line":7,"column":33}},"3":{"start":{"line":11,"column":8},"end":{"line":14,"column":9}},"4":{"start":{"line":12,"column":12},"end":{"line":12,"column":54}},"5":{"start":{"line":13,"column":12},"end":{"line":13,"column":19}},"6":{"start":{"line":15,"column":8},"end":{"line":17,"column":9}},"7":{"start":{"line":16,"column":12},"end":{"line":16,"column":67}},"8":{"start":{"line":18,"column":8},"end":{"line":18,"column":41}},"9":{"start":{"line":21,"column":0},"end":{"line":21,"column":36}}},"fnMap":{"0":{"name":"(anonymous_0)","decl":{"start":{"line":6,"column":4},"end":{"line":6,"column":5}},"loc":{"start":{"line":6,"column":29},"end":{"line":8,"column":5}},"line":6},"1":{"name":"(anonymous_1)","decl":{"start":{"line":10,"column":4},"end":{"line":10,"column":5}},"loc":{"start":{"line":10,"column":25},"end":{"line":19,"column":5}},"line":10}},"branchMap":{"0":{"loc":{"start":{"line":11,"column":8},"end":{"line":14,"column":9}},"type":"if","locations":[{"start":{"line":11,"column":8},"end":{"line":14,"column":9}},{"start":{"line":11,"column":8},"end":{"line":14,"column":9}}],"line":11},"1":{"loc":{"start":{"line":15,"column":8},"end":{"line":17,"column":9}},"type":"if","locations":[{"start":{"line":15,"column":8},"end":{"line":17,"column":9}},{"start":{"line":15,"column":8},"end":{"line":17,"column":9}}],"line":15}},"s":{"0":1,"1":1,"2":2,"3":4,"4":0,"5":0,"6":4,"7":1,"8":4,"9":1},"f":{"0":2,"1":4},"b":{"0":[0,4],"1":[1,3]},"_coverageSchema":"332fd63041d2c1bcb487cc26dd0d5f7d97098a6c","hash":"239d6d8022c2dd3086c1f41d39dd4f43d37f04d9","contentHash":"f3def724a3b905a7fe6a5698c4cb1346_11.2.1"},"/Users/eric/tp/log2990-03/Cadriciel/server/app/crossword-multiplayer/crossword-dynamic-service.ts":{"path":"/Users/eric/tp/log2990-03/Cadriciel/server/app/crossword-multiplayer/crossword-dynamic-service.ts","statementMap":{"0":{"start":{"line":2,"column":0},"end":{"line":2,"column":62}},"1":{"start":{"line":3,"column":24},"end":{"line":3,"column":51}},"2":{"start":{"line":4,"column":37},"end":{"line":4,"column":76}},"3":{"start":{"line":5,"column":34},"end":{"line":5,"column":70}},"4":{"start":{"line":8,"column":8},"end":{"line":8,"column":61}},"5":{"start":{"line":9,"column":8},"end":{"line":9,"column":99}},"6":{"start":{"line":10,"column":8},"end":{"line":10,"column":90}},"7":{"start":{"line":14,"column":8},"end":{"line":16,"column":9}},"8":{"start":{"line":15,"column":12},"end":{"line":15,"column":64}},"9":{"start":{"line":17,"column":8},"end":{"line":17,"column":35}},"10":{"start":{"line":20,"column":8},"end":{"line":22,"column":9}},"11":{"start":{"line":21,"column":12},"end":{"line":21,"column":25}},"12":{"start":{"line":23,"column":8},"end":{"line":23,"column":62}},"13":{"start":{"line":24,"column":8},"end":{"line":26,"column":11}},"14":{"start":{"line":25,"column":12},"end":{"line":25,"column":72}},"15":{"start":{"line":27,"column":8},"end":{"line":27,"column":40}},"16":{"start":{"line":28,"column":8},"end":{"line":28,"column":20}},"17":{"start":{"line":31,"column":8},"end":{"line":31,"column":40}},"18":{"start":{"line":32,"column":8},"end":{"line":32,"column":58}},"19":{"start":{"line":33,"column":8},"end":{"line":35,"column":83}},"20":{"start":{"line":38,"column":8},"end":{"line":47,"column":11}},"21":{"start":{"line":39,"column":12},"end":{"line":46,"column":15}},"22":{"start":{"line":40,"column":31},"end":{"line":40,"column":80}},"23":{"start":{"line":41,"column":29},"end":{"line":41,"column":62}},"24":{"start":{"line":42,"column":16},"end":{"line":45,"column":17}},"25":{"start":{"line":43,"column":20},"end":{"line":43,"column":72}},"26":{"start":{"line":44,"column":20},"end":{"line":44,"column":52}},"27":{"start":{"line":50,"column":0},"end":{"line":50,"column":58}}},"fnMap":{"0":{"name":"(anonymous_0)","decl":{"start":{"line":7,"column":4},"end":{"line":7,"column":5}},"loc":{"start":{"line":7,"column":18},"end":{"line":11,"column":5}},"line":7},"1":{"name":"(anonymous_1)","decl":{"start":{"line":13,"column":4},"end":{"line":13,"column":5}},"loc":{"start":{"line":13,"column":25},"end":{"line":18,"column":5}},"line":13},"2":{"name":"(anonymous_2)","decl":{"start":{"line":19,"column":4},"end":{"line":19,"column":5}},"loc":{"start":{"line":19,"column":35},"end":{"line":29,"column":5}},"line":19},"3":{"name":"(anonymous_3)","decl":{"start":{"line":24,"column":39},"end":{"line":24,"column":40}},"loc":{"start":{"line":24,"column":50},"end":{"line":26,"column":9}},"line":24},"4":{"name":"(anonymous_4)","decl":{"start":{"line":30,"column":4},"end":{"line":30,"column":5}},"loc":{"start":{"line":30,"column":39},"end":{"line":36,"column":5}},"line":30},"5":{"name":"(anonymous_5)","decl":{"start":{"line":37,"column":4},"end":{"line":37,"column":5}},"loc":{"start":{"line":37,"column":28},"end":{"line":48,"column":5}},"line":37},"6":{"name":"(anonymous_6)","decl":{"start":{"line":38,"column":33},"end":{"line":38,"column":34}},"loc":{"start":{"line":38,"column":45},"end":{"line":47,"column":9}},"line":38},"7":{"name":"(anonymous_7)","decl":{"start":{"line":39,"column":39},"end":{"line":39,"column":40}},"loc":{"start":{"line":39,"column":57},"end":{"line":46,"column":13}},"line":39}},"branchMap":{"0":{"loc":{"start":{"line":14,"column":8},"end":{"line":16,"column":9}},"type":"if","locations":[{"start":{"line":14,"column":8},"end":{"line":16,"column":9}},{"start":{"line":14,"column":8},"end":{"line":16,"column":9}}],"line":14},"1":{"loc":{"start":{"line":20,"column":8},"end":{"line":22,"column":9}},"type":"if","locations":[{"start":{"line":20,"column":8},"end":{"line":22,"column":9}},{"start":{"line":20,"column":8},"end":{"line":22,"column":9}}],"line":20},"2":{"loc":{"start":{"line":42,"column":16},"end":{"line":45,"column":17}},"type":"if","locations":[{"start":{"line":42,"column":16},"end":{"line":45,"column":17}},{"start":{"line":42,"column":16},"end":{"line":45,"column":17}}],"line":42}},"s":{"0":1,"1":1,"2":1,"3":1,"4":1,"5":1,"6":1,"7":3,"8":1,"9":3,"10":2,"11":1,"12":1,"13":1,"14":43,"15":1,"16":1,"17":3,"18":3,"19":3,"20":1,"21":1,"22":1,"23":1,"24":1,"25":1,"26":1,"27":1},"f":{"0":1,"1":3,"2":2,"3":43,"4":3,"5":1,"6":1,"7":1},"b":{"0":[1,2],"1":[1,1],"2":[1,0]},"_coverageSchema":"332fd63041d2c1bcb487cc26dd0d5f7d97098a6c","hash":"b9a3c8df5b31071eeec1c8468104790df53d4526","contentHash":"b5493828d6ea3183662946a98a6ebd6b_11.2.1"},"/Users/eric/tp/log2990-03/Cadriciel/server/app/crossword-multiplayer/crossword-mutation-manager.ts":{"path":"/Users/eric/tp/log2990-03/Cadriciel/server/app/crossword-multiplayer/crossword-mutation-manager.ts","statementMap":{"0":{"start":{"line":2,"column":0},"end":{"line":2,"column":62}},"1":{"start":{"line":3,"column":30},"end":{"line":3,"column":63}},"2":{"start":{"line":4,"column":20},"end":{"line":4,"column":66}},"3":{"start":{"line":5,"column":17},"end":{"line":5,"column":37}},"4":{"start":{"line":9,"column":8},"end":{"line":9,"column":39}},"5":{"start":{"line":10,"column":8},"end":{"line":10,"column":36}},"6":{"start":{"line":11,"column":8},"end":{"line":11,"column":109}},"7":{"start":{"line":15,"column":8},"end":{"line":17,"column":9}},"8":{"start":{"line":16,"column":12},"end":{"line":16,"column":66}},"9":{"start":{"line":18,"column":8},"end":{"line":18,"column":36}},"10":{"start":{"line":21,"column":26},"end":{"line":21,"column":50}},"11":{"start":{"line":22,"column":8},"end":{"line":22,"column":49}},"12":{"start":{"line":23,"column":8},"end":{"line":23,"column":50}},"13":{"start":{"line":24,"column":8},"end":{"line":24,"column":25}},"14":{"start":{"line":27,"column":8},"end":{"line":27,"column":43}},"15":{"start":{"line":28,"column":26},"end":{"line":28,"column":56}},"16":{"start":{"line":29,"column":8},"end":{"line":30,"column":71}},"17":{"start":{"line":31,"column":8},"end":{"line":31,"column":74}},"18":{"start":{"line":32,"column":8},"end":{"line":32,"column":74}},"19":{"start":{"line":35,"column":8},"end":{"line":35,"column":46}},"20":{"start":{"line":38,"column":26},"end":{"line":38,"column":53}},"21":{"start":{"line":39,"column":8},"end":{"line":39,"column":74}},"22":{"start":{"line":40,"column":8},"end":{"line":40,"column":74}},"23":{"start":{"line":41,"column":8},"end":{"line":41,"column":74}},"24":{"start":{"line":42,"column":8},"end":{"line":42,"column":37}},"25":{"start":{"line":43,"column":8},"end":{"line":43,"column":25}},"26":{"start":{"line":46,"column":8},"end":{"line":48,"column":29}},"27":{"start":{"line":51,"column":0},"end":{"line":51,"column":60}}},"fnMap":{"0":{"name":"(anonymous_0)","decl":{"start":{"line":8,"column":4},"end":{"line":8,"column":5}},"loc":{"start":{"line":8,"column":18},"end":{"line":12,"column":5}},"line":8},"1":{"name":"(anonymous_1)","decl":{"start":{"line":14,"column":4},"end":{"line":14,"column":5}},"loc":{"start":{"line":14,"column":25},"end":{"line":19,"column":5}},"line":14},"2":{"name":"(anonymous_2)","decl":{"start":{"line":20,"column":4},"end":{"line":20,"column":5}},"loc":{"start":{"line":20,"column":27},"end":{"line":25,"column":5}},"line":20},"3":{"name":"(anonymous_3)","decl":{"start":{"line":26,"column":4},"end":{"line":26,"column":5}},"loc":{"start":{"line":26,"column":28},"end":{"line":33,"column":5}},"line":26},"4":{"name":"(anonymous_4)","decl":{"start":{"line":34,"column":4},"end":{"line":34,"column":5}},"loc":{"start":{"line":34,"column":28},"end":{"line":36,"column":5}},"line":34},"5":{"name":"(anonymous_5)","decl":{"start":{"line":37,"column":4},"end":{"line":37,"column":5}},"loc":{"start":{"line":37,"column":24},"end":{"line":44,"column":5}},"line":37},"6":{"name":"(anonymous_6)","decl":{"start":{"line":45,"column":4},"end":{"line":45,"column":5}},"loc":{"start":{"line":45,"column":39},"end":{"line":49,"column":5}},"line":45}},"branchMap":{"0":{"loc":{"start":{"line":15,"column":8},"end":{"line":17,"column":9}},"type":"if","locations":[{"start":{"line":15,"column":8},"end":{"line":17,"column":9}},{"start":{"line":15,"column":8},"end":{"line":17,"column":9}}],"line":15}},"s":{"0":1,"1":1,"2":1,"3":1,"4":1,"5":1,"6":1,"7":4,"8":1,"9":4,"10":2,"11":2,"12":2,"13":2,"14":5,"15":5,"16":5,"17":5,"18":5,"19":12,"20":2,"21":2,"22":2,"23":2,"24":2,"25":2,"26":5,"27":1},"f":{"0":1,"1":4,"2":2,"3":5,"4":12,"5":2,"6":5},"b":{"0":[1,3]},"_coverageSchema":"332fd63041d2c1bcb487cc26dd0d5f7d97098a6c","hash":"904ba7108668ca731482f4bc7e0267d9449d8944","contentHash":"39e5369c102db2b95a4fe39fdc07c790_11.2.1"},"/Users/eric/tp/log2990-03/Cadriciel/server/app/crossword-generator.ts":{"path":"/Users/eric/tp/log2990-03/Cadriciel/server/app/crossword-generator.ts","statementMap":{"0":{"start":{"line":2,"column":0},"end":{"line":2,"column":62}},"1":{"start":{"line":3,"column":20},"end":{"line":3,"column":42}},"2":{"start":{"line":4,"column":18},"end":{"line":4,"column":38}},"3":{"start":{"line":5,"column":28},"end":{"line":5,"column":58}},"4":{"start":{"line":6,"column":15},"end":{"line":6,"column":43}},"5":{"start":{"line":7,"column":20},"end":{"line":7,"column":38}},"6":{"start":{"line":10,"column":8},"end":{"line":10,"column":25}},"7":{"start":{"line":11,"column":8},"end":{"line":11,"column":21}},"8":{"start":{"line":12,"column":8},"end":{"line":12,"column":25}},"9":{"start":{"line":13,"column":8},"end":{"line":13,"column":38}},"10":{"start":{"line":17,"column":8},"end":{"line":17,"column":21}},"11":{"start":{"line":18,"column":8},"end":{"line":18,"column":50}},"12":{"start":{"line":21,"column":8},"end":{"line":21,"column":21}},"13":{"start":{"line":22,"column":8},"end":{"line":22,"column":28}},"14":{"start":{"line":23,"column":8},"end":{"line":23,"column":50}},"15":{"start":{"line":26,"column":8},"end":{"line":35,"column":9}},"16":{"start":{"line":27,"column":12},"end":{"line":27,"column":41}},"17":{"start":{"line":30,"column":26},"end":{"line":30,"column":28}},"18":{"start":{"line":31,"column":12},"end":{"line":33,"column":13}},"19":{"start":{"line":32,"column":16},"end":{"line":32,"column":47}},"20":{"start":{"line":34,"column":12},"end":{"line":34,"column":27}},"21":{"start":{"line":40,"column":8},"end":{"line":40,"column":31}},"22":{"start":{"line":41,"column":8},"end":{"line":41,"column":42}},"23":{"start":{"line":42,"column":8},"end":{"line":42,"column":49}},"24":{"start":{"line":43,"column":8},"end":{"line":43,"column":54}},"25":{"start":{"line":46,"column":8},"end":{"line":50,"column":11}},"26":{"start":{"line":47,"column":12},"end":{"line":49,"column":15}},"27":{"start":{"line":48,"column":16},"end":{"line":48,"column":28}},"28":{"start":{"line":53,"column":8},"end":{"line":53,"column":58}},"29":{"start":{"line":57,"column":8},"end":{"line":60,"column":9}},"30":{"start":{"line":59,"column":12},"end":{"line":59,"column":25}},"31":{"start":{"line":61,"column":8},"end":{"line":63,"column":9}},"32":{"start":{"line":62,"column":12},"end":{"line":62,"column":25}},"33":{"start":{"line":64,"column":8},"end":{"line":64,"column":33}},"34":{"start":{"line":65,"column":8},"end":{"line":65,"column":33}},"35":{"start":{"line":66,"column":8},"end":{"line":66,"column":20}},"36":{"start":{"line":69,"column":26},"end":{"line":69,"column":65}},"37":{"start":{"line":70,"column":8},"end":{"line":72,"column":9}},"38":{"start":{"line":71,"column":12},"end":{"line":71,"column":25}},"39":{"start":{"line":73,"column":8},"end":{"line":73,"column":25}},"40":{"start":{"line":74,"column":8},"end":{"line":77,"column":9}},"41":{"start":{"line":75,"column":12},"end":{"line":75,"column":28}},"42":{"start":{"line":76,"column":12},"end":{"line":76,"column":25}},"43":{"start":{"line":78,"column":8},"end":{"line":87,"column":9}},"44":{"start":{"line":79,"column":12},"end":{"line":86,"column":13}},"45":{"start":{"line":80,"column":16},"end":{"line":80,"column":32}},"46":{"start":{"line":81,"column":16},"end":{"line":81,"column":29}},"47":{"start":{"line":84,"column":16},"end":{"line":84,"column":43}},"48":{"start":{"line":85,"column":16},"end":{"line":85,"column":43}},"49":{"start":{"line":88,"column":8},"end":{"line":88,"column":29}},"50":{"start":{"line":89,"column":8},"end":{"line":92,"column":9}},"51":{"start":{"line":90,"column":12},"end":{"line":90,"column":28}},"52":{"start":{"line":91,"column":12},"end":{"line":91,"column":25}},"53":{"start":{"line":93,"column":8},"end":{"line":93,"column":44}},"54":{"start":{"line":94,"column":8},"end":{"line":94,"column":20}},"55":{"start":{"line":97,"column":8},"end":{"line":120,"column":9}},"56":{"start":{"line":98,"column":12},"end":{"line":102,"column":13}},"57":{"start":{"line":99,"column":16},"end":{"line":101,"column":17}},"58":{"start":{"line":100,"column":20},"end":{"line":100,"column":33}},"59":{"start":{"line":103,"column":12},"end":{"line":107,"column":13}},"60":{"start":{"line":104,"column":16},"end":{"line":106,"column":17}},"61":{"start":{"line":105,"column":20},"end":{"line":105,"column":33}},"62":{"start":{"line":110,"column":12},"end":{"line":114,"column":13}},"63":{"start":{"line":111,"column":16},"end":{"line":113,"column":17}},"64":{"start":{"line":112,"column":20},"end":{"line":112,"column":33}},"65":{"start":{"line":115,"column":12},"end":{"line":119,"column":13}},"66":{"start":{"line":116,"column":16},"end":{"line":118,"column":17}},"67":{"start":{"line":117,"column":20},"end":{"line":117,"column":33}},"68":{"start":{"line":121,"column":8},"end":{"line":121,"column":20}},"69":{"start":{"line":124,"column":20},"end":{"line":124,"column":21}},"70":{"start":{"line":125,"column":8},"end":{"line":127,"column":9}},"71":{"start":{"line":126,"column":12},"end":{"line":126,"column":63}},"72":{"start":{"line":128,"column":8},"end":{"line":128,"column":21}},"73":{"start":{"line":131,"column":26},"end":{"line":131,"column":27}},"74":{"start":{"line":132,"column":23},"end":{"line":132,"column":24}},"75":{"start":{"line":133,"column":8},"end":{"line":139,"column":9}},"76":{"start":{"line":134,"column":26},"end":{"line":134,"column":82}},"77":{"start":{"line":135,"column":12},"end":{"line":138,"column":13}},"78":{"start":{"line":136,"column":16},"end":{"line":136,"column":36}},"79":{"start":{"line":137,"column":16},"end":{"line":137,"column":33}},"80":{"start":{"line":140,"column":8},"end":{"line":140,"column":27}},"81":{"start":{"line":143,"column":24},"end":{"line":143,"column":58}},"82":{"start":{"line":145,"column":8},"end":{"line":154,"column":9}},"83":{"start":{"line":147,"column":16},"end":{"line":147,"column":78}},"84":{"start":{"line":148,"column":16},"end":{"line":148,"column":22}},"85":{"start":{"line":150,"column":16},"end":{"line":150,"column":75}},"86":{"start":{"line":151,"column":16},"end":{"line":151,"column":22}},"87":{"start":{"line":153,"column":16},"end":{"line":153,"column":79}},"88":{"start":{"line":155,"column":8},"end":{"line":167,"column":9}},"89":{"start":{"line":156,"column":31},"end":{"line":156,"column":80}},"90":{"start":{"line":157,"column":32},"end":{"line":157,"column":73}},"91":{"start":{"line":158,"column":12},"end":{"line":163,"column":13}},"92":{"start":{"line":159,"column":16},"end":{"line":159,"column":70}},"93":{"start":{"line":162,"column":16},"end":{"line":162,"column":71}},"94":{"start":{"line":166,"column":12},"end":{"line":166,"column":25}},"95":{"start":{"line":170,"column":24},"end":{"line":170,"column":28}},"96":{"start":{"line":171,"column":8},"end":{"line":178,"column":9}},"97":{"start":{"line":172,"column":12},"end":{"line":172,"column":30}},"98":{"start":{"line":173,"column":12},"end":{"line":177,"column":13}},"99":{"start":{"line":174,"column":16},"end":{"line":176,"column":80}},"100":{"start":{"line":179,"column":8},"end":{"line":179,"column":25}},"101":{"start":{"line":182,"column":8},"end":{"line":182,"column":75}},"102":{"start":{"line":183,"column":8},"end":{"line":183,"column":84}},"103":{"start":{"line":184,"column":8},"end":{"line":184,"column":61}},"104":{"start":{"line":185,"column":8},"end":{"line":185,"column":20}},"105":{"start":{"line":188,"column":8},"end":{"line":188,"column":75}},"106":{"start":{"line":189,"column":8},"end":{"line":189,"column":84}},"107":{"start":{"line":190,"column":8},"end":{"line":190,"column":61}},"108":{"start":{"line":191,"column":8},"end":{"line":191,"column":20}},"109":{"start":{"line":195,"column":8},"end":{"line":197,"column":11}},"110":{"start":{"line":196,"column":12},"end":{"line":196,"column":76}},"111":{"start":{"line":200,"column":0},"end":{"line":200,"column":48}}},"fnMap":{"0":{"name":"(anonymous_0)","decl":{"start":{"line":9,"column":4},"end":{"line":9,"column":5}},"loc":{"start":{"line":9,"column":22},"end":{"line":14,"column":5}},"line":9},"1":{"name":"(anonymous_1)","decl":{"start":{"line":16,"column":4},"end":{"line":16,"column":5}},"loc":{"start":{"line":16,"column":29},"end":{"line":19,"column":5}},"line":16},"2":{"name":"(anonymous_2)","decl":{"start":{"line":20,"column":4},"end":{"line":20,"column":5}},"loc":{"start":{"line":20,"column":30},"end":{"line":24,"column":5}},"line":20},"3":{"name":"(anonymous_3)","decl":{"start":{"line":25,"column":4},"end":{"line":25,"column":5}},"loc":{"start":{"line":25,"column":34},"end":{"line":36,"column":5}},"line":25},"4":{"name":"(anonymous_4)","decl":{"start":{"line":39,"column":4},"end":{"line":39,"column":5}},"loc":{"start":{"line":39,"column":12},"end":{"line":44,"column":5}},"line":39},"5":{"name":"(anonymous_5)","decl":{"start":{"line":45,"column":4},"end":{"line":45,"column":5}},"loc":{"start":{"line":45,"column":24},"end":{"line":51,"column":5}},"line":45},"6":{"name":"(anonymous_6)","decl":{"start":{"line":46,"column":46},"end":{"line":46,"column":47}},"loc":{"start":{"line":46,"column":53},"end":{"line":50,"column":9}},"line":46},"7":{"name":"(anonymous_7)","decl":{"start":{"line":47,"column":50},"end":{"line":47,"column":51}},"loc":{"start":{"line":47,"column":55},"end":{"line":49,"column":13}},"line":47},"8":{"name":"(anonymous_8)","decl":{"start":{"line":52,"column":4},"end":{"line":52,"column":5}},"loc":{"start":{"line":52,"column":22},"end":{"line":54,"column":5}},"line":52},"9":{"name":"(anonymous_9)","decl":{"start":{"line":56,"column":4},"end":{"line":56,"column":5}},"loc":{"start":{"line":56,"column":28},"end":{"line":67,"column":5}},"line":56},"10":{"name":"(anonymous_10)","decl":{"start":{"line":68,"column":4},"end":{"line":68,"column":5}},"loc":{"start":{"line":68,"column":36},"end":{"line":95,"column":5}},"line":68},"11":{"name":"(anonymous_11)","decl":{"start":{"line":96,"column":4},"end":{"line":96,"column":5}},"loc":{"start":{"line":96,"column":44},"end":{"line":122,"column":5}},"line":96},"12":{"name":"(anonymous_12)","decl":{"start":{"line":123,"column":4},"end":{"line":123,"column":5}},"loc":{"start":{"line":123,"column":29},"end":{"line":129,"column":5}},"line":123},"13":{"name":"(anonymous_13)","decl":{"start":{"line":130,"column":4},"end":{"line":130,"column":5}},"loc":{"start":{"line":130,"column":35},"end":{"line":141,"column":5}},"line":130},"14":{"name":"(anonymous_14)","decl":{"start":{"line":142,"column":4},"end":{"line":142,"column":5}},"loc":{"start":{"line":142,"column":45},"end":{"line":168,"column":5}},"line":142},"15":{"name":"(anonymous_15)","decl":{"start":{"line":169,"column":4},"end":{"line":169,"column":5}},"loc":{"start":{"line":169,"column":34},"end":{"line":180,"column":5}},"line":169},"16":{"name":"(anonymous_16)","decl":{"start":{"line":181,"column":4},"end":{"line":181,"column":5}},"loc":{"start":{"line":181,"column":16},"end":{"line":186,"column":5}},"line":181},"17":{"name":"(anonymous_17)","decl":{"start":{"line":187,"column":4},"end":{"line":187,"column":5}},"loc":{"start":{"line":187,"column":15},"end":{"line":192,"column":5}},"line":187},"18":{"name":"(anonymous_18)","decl":{"start":{"line":194,"column":4},"end":{"line":194,"column":5}},"loc":{"start":{"line":194,"column":19},"end":{"line":198,"column":5}},"line":194},"19":{"name":"(anonymous_19)","decl":{"start":{"line":195,"column":18},"end":{"line":195,"column":19}},"loc":{"start":{"line":195,"column":28},"end":{"line":197,"column":9}},"line":195}},"branchMap":{"0":{"loc":{"start":{"line":26,"column":8},"end":{"line":35,"column":9}},"type":"if","locations":[{"start":{"line":26,"column":8},"end":{"line":35,"column":9}},{"start":{"line":26,"column":8},"end":{"line":35,"column":9}}],"line":26},"1":{"loc":{"start":{"line":57,"column":8},"end":{"line":60,"column":9}},"type":"if","locations":[{"start":{"line":57,"column":8},"end":{"line":60,"column":9}},{"start":{"line":57,"column":8},"end":{"line":60,"column":9}}],"line":57},"2":{"loc":{"start":{"line":57,"column":12},"end":{"line":58,"column":87}},"type":"binary-expr","locations":[{"start":{"line":57,"column":12},"end":{"line":57,"column":31}},{"start":{"line":58,"column":15},"end":{"line":58,"column":87}}],"line":57},"3":{"loc":{"start":{"line":61,"column":8},"end":{"line":63,"column":9}},"type":"if","locations":[{"start":{"line":61,"column":8},"end":{"line":63,"column":9}},{"start":{"line":61,"column":8},"end":{"line":63,"column":9}}],"line":61},"4":{"loc":{"start":{"line":61,"column":12},"end":{"line":61,"column":65}},"type":"binary-expr","locations":[{"start":{"line":61,"column":12},"end":{"line":61,"column":35}},{"start":{"line":61,"column":39},"end":{"line":61,"column":65}}],"line":61},"5":{"loc":{"start":{"line":70,"column":8},"end":{"line":72,"column":9}},"type":"if","locations":[{"start":{"line":70,"column":8},"end":{"line":72,"column":9}},{"start":{"line":70,"column":8},"end":{"line":72,"column":9}}],"line":70},"6":{"loc":{"start":{"line":74,"column":8},"end":{"line":77,"column":9}},"type":"if","locations":[{"start":{"line":74,"column":8},"end":{"line":77,"column":9}},{"start":{"line":74,"column":8},"end":{"line":77,"column":9}}],"line":74},"7":{"loc":{"start":{"line":79,"column":12},"end":{"line":86,"column":13}},"type":"if","locations":[{"start":{"line":79,"column":12},"end":{"line":86,"column":13}},{"start":{"line":79,"column":12},"end":{"line":86,"column":13}}],"line":79},"8":{"loc":{"start":{"line":84,"column":20},"end":{"line":84,"column":42}},"type":"cond-expr","locations":[{"start":{"line":84,"column":33},"end":{"line":84,"column":34}},{"start":{"line":84,"column":37},"end":{"line":84,"column":42}}],"line":84},"9":{"loc":{"start":{"line":85,"column":20},"end":{"line":85,"column":42}},"type":"cond-expr","locations":[{"start":{"line":85,"column":33},"end":{"line":85,"column":38}},{"start":{"line":85,"column":41},"end":{"line":85,"column":42}}],"line":85},"10":{"loc":{"start":{"line":89,"column":8},"end":{"line":92,"column":9}},"type":"if","locations":[{"start":{"line":89,"column":8},"end":{"line":92,"column":9}},{"start":{"line":89,"column":8},"end":{"line":92,"column":9}}],"line":89},"11":{"loc":{"start":{"line":97,"column":8},"end":{"line":120,"column":9}},"type":"if","locations":[{"start":{"line":97,"column":8},"end":{"line":120,"column":9}},{"start":{"line":97,"column":8},"end":{"line":120,"column":9}}],"line":97},"12":{"loc":{"start":{"line":98,"column":12},"end":{"line":102,"column":13}},"type":"if","locations":[{"start":{"line":98,"column":12},"end":{"line":102,"column":13}},{"start":{"line":98,"column":12},"end":{"line":102,"column":13}}],"line":98},"13":{"loc":{"start":{"line":99,"column":16},"end":{"line":101,"column":17}},"type":"if","locations":[{"start":{"line":99,"column":16},"end":{"line":101,"column":17}},{"start":{"line":99,"column":16},"end":{"line":101,"column":17}}],"line":99},"14":{"loc":{"start":{"line":103,"column":12},"end":{"line":107,"column":13}},"type":"if","locations":[{"start":{"line":103,"column":12},"end":{"line":107,"column":13}},{"start":{"line":103,"column":12},"end":{"line":107,"column":13}}],"line":103},"15":{"loc":{"start":{"line":104,"column":16},"end":{"line":106,"column":17}},"type":"if","locations":[{"start":{"line":104,"column":16},"end":{"line":106,"column":17}},{"start":{"line":104,"column":16},"end":{"line":106,"column":17}}],"line":104},"16":{"loc":{"start":{"line":110,"column":12},"end":{"line":114,"column":13}},"type":"if","locations":[{"start":{"line":110,"column":12},"end":{"line":114,"column":13}},{"start":{"line":110,"column":12},"end":{"line":114,"column":13}}],"line":110},"17":{"loc":{"start":{"line":111,"column":16},"end":{"line":113,"column":17}},"type":"if","locations":[{"start":{"line":111,"column":16},"end":{"line":113,"column":17}},{"start":{"line":111,"column":16},"end":{"line":113,"column":17}}],"line":111},"18":{"loc":{"start":{"line":115,"column":12},"end":{"line":119,"column":13}},"type":"if","locations":[{"start":{"line":115,"column":12},"end":{"line":119,"column":13}},{"start":{"line":115,"column":12},"end":{"line":119,"column":13}}],"line":115},"19":{"loc":{"start":{"line":116,"column":16},"end":{"line":118,"column":17}},"type":"if","locations":[{"start":{"line":116,"column":16},"end":{"line":118,"column":17}},{"start":{"line":116,"column":16},"end":{"line":118,"column":17}}],"line":116},"20":{"loc":{"start":{"line":126,"column":20},"end":{"line":126,"column":62}},"type":"cond-expr","locations":[{"start":{"line":126,"column":45},"end":{"line":126,"column":54}},{"start":{"line":126,"column":57},"end":{"line":126,"column":62}}],"line":126},"21":{"loc":{"start":{"line":135,"column":12},"end":{"line":138,"column":13}},"type":"if","locations":[{"start":{"line":135,"column":12},"end":{"line":138,"column":13}},{"start":{"line":135,"column":12},"end":{"line":138,"column":13}}],"line":135},"22":{"loc":{"start":{"line":145,"column":8},"end":{"line":154,"column":9}},"type":"switch","locations":[{"start":{"line":146,"column":12},"end":{"line":148,"column":22}},{"start":{"line":149,"column":12},"end":{"line":151,"column":22}},{"start":{"line":152,"column":12},"end":{"line":153,"column":79}}],"line":145},"23":{"loc":{"start":{"line":155,"column":8},"end":{"line":167,"column":9}},"type":"if","locations":[{"start":{"line":155,"column":8},"end":{"line":167,"column":9}},{"start":{"line":155,"column":8},"end":{"line":167,"column":9}}],"line":155},"24":{"loc":{"start":{"line":158,"column":12},"end":{"line":163,"column":13}},"type":"if","locations":[{"start":{"line":158,"column":12},"end":{"line":163,"column":13}},{"start":{"line":158,"column":12},"end":{"line":163,"column":13}}],"line":158},"25":{"loc":{"start":{"line":174,"column":28},"end":{"line":176,"column":79}},"type":"binary-expr","locations":[{"start":{"line":174,"column":28},"end":{"line":174,"column":37}},{"start":{"line":175,"column":23},"end":{"line":175,"column":62}},{"start":{"line":176,"column":23},"end":{"line":176,"column":79}}],"line":174}},"s":{"0":1,"1":1,"2":1,"3":1,"4":1,"5":1,"6":16,"7":16,"8":16,"9":16,"10":22,"11":22,"12":9,"13":9,"14":9,"15":27469,"16":13825,"17":13644,"18":13644,"19":136440,"20":13644,"21":47,"22":47,"23":47,"24":47,"25":94,"26":940,"27":9400,"28":16,"29":9631,"30":0,"31":9631,"32":1635,"33":7996,"34":7996,"35":7996,"36":3851,"37":3851,"38":1040,"39":2811,"40":2811,"41":1497,"42":1497,"43":1314,"44":5974,"45":138,"46":138,"47":5836,"48":5836,"49":1176,"50":1176,"51":798,"52":798,"53":378,"54":378,"55":2811,"56":1467,"57":1081,"58":325,"59":1142,"60":903,"61":408,"62":1344,"63":1060,"64":612,"65":732,"66":613,"67":152,"68":1314,"69":24031,"70":24031,"71":101524,"72":24031,"73":3817,"74":3817,"75":3817,"76":24031,"77":24031,"78":4169,"79":4169,"80":3817,"81":3947,"82":3947,"83":2862,"84":2862,"85":517,"86":517,"87":568,"88":3947,"89":3817,"90":3817,"91":3817,"92":1982,"93":1835,"94":130,"95":31,"96":31,"97":376,"98":376,"99":3760,"100":31,"101":2827,"102":2827,"103":2827,"104":2827,"105":2433,"106":2433,"107":2433,"108":2433,"109":9,"110":34,"111":1},"f":{"0":16,"1":22,"2":9,"3":27469,"4":47,"5":94,"6":940,"7":9400,"8":16,"9":9631,"10":3851,"11":2811,"12":24031,"13":3817,"14":3947,"15":31,"16":2827,"17":2433,"18":9,"19":34},"b":{"0":[13825,13644],"1":[0,9631],"2":[9631,9631],"3":[1635,7996],"4":[9631,3529],"5":[1040,2811],"6":[1497,1314],"7":[138,5836],"8":[3518,2318],"9":[3518,2318],"10":[798,378],"11":[1467,1344],"12":[1081,386],"13":[325,756],"14":[903,239],"15":[408,495],"16":[1060,284],"17":[612,448],"18":[613,119],"19":[152,461],"20":[11699,89825],"21":[4169,19862],"22":[2862,517,568],"23":[3817,130],"24":[1982,1835],"25":[3760,2064,1883]},"_coverageSchema":"332fd63041d2c1bcb487cc26dd0d5f7d97098a6c","hash":"d984b2ec7bd53b34ae08e306ae0a38e394772296","contentHash":"6da3911916396f975eeacf6001c40294_11.2.1"},"/Users/eric/tp/log2990-03/Cadriciel/server/app/utilities.ts":{"path":"/Users/eric/tp/log2990-03/Cadriciel/server/app/utilities.ts","statementMap":{"0":{"start":{"line":2,"column":0},"end":{"line":2,"column":62}},"1":{"start":{"line":4,"column":0},"end":{"line":9,"column":62}},"2":{"start":{"line":6,"column":8},"end":{"line":6,"column":50}},"3":{"start":{"line":8,"column":4},"end":{"line":8,"column":34}}},"fnMap":{"0":{"name":"(anonymous_0)","decl":{"start":{"line":4,"column":1},"end":{"line":4,"column":2}},"loc":{"start":{"line":4,"column":22},"end":{"line":9,"column":1}},"line":4},"1":{"name":"deepCopy","decl":{"start":{"line":5,"column":13},"end":{"line":5,"column":21}},"loc":{"start":{"line":5,"column":30},"end":{"line":7,"column":5}},"line":5}},"branchMap":{"0":{"loc":{"start":{"line":9,"column":15},"end":{"line":9,"column":60}},"type":"binary-expr","locations":[{"start":{"line":9,"column":15},"end":{"line":9,"column":32}},{"start":{"line":9,"column":37},"end":{"line":9,"column":59}}],"line":9}},"s":{"0":1,"1":1,"2":10521,"3":1},"f":{"0":1,"1":10521},"b":{"0":[1,1]},"_coverageSchema":"332fd63041d2c1bcb487cc26dd0d5f7d97098a6c","hash":"20320b16cb7acadb30b8f5a3751af1476d71d653","contentHash":"1186e4b613781f2146a3a3574e41efa7_11.2.1"},"/Users/eric/tp/log2990-03/Cadriciel/server/app/lexicon.ts":{"path":"/Users/eric/tp/log2990-03/Cadriciel/server/app/lexicon.ts","statementMap":{"0":{"start":{"line":2,"column":0},"end":{"line":2,"column":62}},"1":{"start":{"line":3,"column":11},"end":{"line":3,"column":24}},"2":{"start":{"line":6,"column":8},"end":{"line":6,"column":40}},"3":{"start":{"line":10,"column":31},"end":{"line":10,"column":58}},"4":{"start":{"line":11,"column":8},"end":{"line":16,"column":9}},"5":{"start":{"line":12,"column":12},"end":{"line":12,"column":66}},"6":{"start":{"line":15,"column":12},"end":{"line":15,"column":65}},"7":{"start":{"line":19,"column":8},"end":{"line":20,"column":58}},"8":{"start":{"line":23,"column":8},"end":{"line":23,"column":63}},"9":{"start":{"line":28,"column":8},"end":{"line":28,"column":73}},"10":{"start":{"line":32,"column":22},"end":{"line":32,"column":27}},"11":{"start":{"line":33,"column":24},"end":{"line":33,"column":55}},"12":{"start":{"line":34,"column":8},"end":{"line":34,"column":40}},"13":{"start":{"line":37,"column":8},"end":{"line":37,"column":68}},"14":{"start":{"line":40,"column":8},"end":{"line":40,"column":53}},"15":{"start":{"line":43,"column":8},"end":{"line":48,"column":11}},"16":{"start":{"line":45,"column":12},"end":{"line":45,"column":57}},"17":{"start":{"line":47,"column":12},"end":{"line":47,"column":44}},"18":{"start":{"line":51,"column":29},"end":{"line":51,"column":57}},"19":{"start":{"line":52,"column":8},"end":{"line":53,"column":53}},"20":{"start":{"line":53,"column":28},"end":{"line":53,"column":51}},"21":{"start":{"line":56,"column":24},"end":{"line":56,"column":33}},"22":{"start":{"line":57,"column":8},"end":{"line":61,"column":9}},"23":{"start":{"line":58,"column":12},"end":{"line":60,"column":13}},"24":{"start":{"line":59,"column":16},"end":{"line":59,"column":59}},"25":{"start":{"line":62,"column":8},"end":{"line":62,"column":35}},"26":{"start":{"line":65,"column":8},"end":{"line":67,"column":9}},"27":{"start":{"line":66,"column":12},"end":{"line":66,"column":31}},"28":{"start":{"line":68,"column":28},"end":{"line":68,"column":53}},"29":{"start":{"line":69,"column":36},"end":{"line":72,"column":10}},"30":{"start":{"line":70,"column":31},"end":{"line":70,"column":59}},"31":{"start":{"line":71,"column":12},"end":{"line":71,"column":30}},"32":{"start":{"line":73,"column":32},"end":{"line":77,"column":10}},"33":{"start":{"line":74,"column":12},"end":{"line":74,"column":58}},"34":{"start":{"line":76,"column":12},"end":{"line":76,"column":44}},"35":{"start":{"line":78,"column":8},"end":{"line":78,"column":52}},"36":{"start":{"line":81,"column":0},"end":{"line":81,"column":26}}},"fnMap":{"0":{"name":"(anonymous_0)","decl":{"start":{"line":5,"column":4},"end":{"line":5,"column":5}},"loc":{"start":{"line":5,"column":22},"end":{"line":7,"column":5}},"line":5},"1":{"name":"(anonymous_1)","decl":{"start":{"line":9,"column":4},"end":{"line":9,"column":5}},"loc":{"start":{"line":9,"column":37},"end":{"line":17,"column":5}},"line":9},"2":{"name":"(anonymous_2)","decl":{"start":{"line":18,"column":4},"end":{"line":18,"column":5}},"loc":{"start":{"line":18,"column":32},"end":{"line":21,"column":5}},"line":18},"3":{"name":"(anonymous_3)","decl":{"start":{"line":22,"column":4},"end":{"line":22,"column":5}},"loc":{"start":{"line":22,"column":31},"end":{"line":24,"column":5}},"line":22},"4":{"name":"(anonymous_4)","decl":{"start":{"line":27,"column":4},"end":{"line":27,"column":5}},"loc":{"start":{"line":27,"column":31},"end":{"line":29,"column":5}},"line":27},"5":{"name":"(anonymous_5)","decl":{"start":{"line":31,"column":4},"end":{"line":31,"column":5}},"loc":{"start":{"line":31,"column":28},"end":{"line":35,"column":5}},"line":31},"6":{"name":"(anonymous_6)","decl":{"start":{"line":36,"column":4},"end":{"line":36,"column":5}},"loc":{"start":{"line":36,"column":18},"end":{"line":38,"column":5}},"line":36},"7":{"name":"(anonymous_7)","decl":{"start":{"line":39,"column":4},"end":{"line":39,"column":5}},"loc":{"start":{"line":39,"column":34},"end":{"line":41,"column":5}},"line":39},"8":{"name":"(anonymous_8)","decl":{"start":{"line":42,"column":4},"end":{"line":42,"column":5}},"loc":{"start":{"line":42,"column":38},"end":{"line":49,"column":5}},"line":42},"9":{"name":"(anonymous_9)","decl":{"start":{"line":44,"column":17},"end":{"line":44,"column":18}},"loc":{"start":{"line":44,"column":35},"end":{"line":46,"column":9}},"line":44},"10":{"name":"(anonymous_10)","decl":{"start":{"line":46,"column":18},"end":{"line":46,"column":19}},"loc":{"start":{"line":46,"column":41},"end":{"line":48,"column":9}},"line":46},"11":{"name":"(anonymous_11)","decl":{"start":{"line":50,"column":4},"end":{"line":50,"column":5}},"loc":{"start":{"line":50,"column":35},"end":{"line":54,"column":5}},"line":50},"12":{"name":"(anonymous_12)","decl":{"start":{"line":53,"column":20},"end":{"line":53,"column":21}},"loc":{"start":{"line":53,"column":28},"end":{"line":53,"column":51}},"line":53},"13":{"name":"(anonymous_13)","decl":{"start":{"line":55,"column":4},"end":{"line":55,"column":5}},"loc":{"start":{"line":55,"column":25},"end":{"line":63,"column":5}},"line":55},"14":{"name":"(anonymous_14)","decl":{"start":{"line":64,"column":4},"end":{"line":64,"column":5}},"loc":{"start":{"line":64,"column":45},"end":{"line":79,"column":5}},"line":64},"15":{"name":"(anonymous_15)","decl":{"start":{"line":69,"column":55},"end":{"line":69,"column":56}},"loc":{"start":{"line":69,"column":69},"end":{"line":72,"column":9}},"line":69},"16":{"name":"(anonymous_16)","decl":{"start":{"line":73,"column":56},"end":{"line":73,"column":57}},"loc":{"start":{"line":73,"column":70},"end":{"line":75,"column":9}},"line":73},"17":{"name":"(anonymous_17)","decl":{"start":{"line":75,"column":18},"end":{"line":75,"column":19}},"loc":{"start":{"line":75,"column":41},"end":{"line":77,"column":9}},"line":75}},"branchMap":{"0":{"loc":{"start":{"line":11,"column":8},"end":{"line":16,"column":9}},"type":"if","locations":[{"start":{"line":11,"column":8},"end":{"line":16,"column":9}},{"start":{"line":11,"column":8},"end":{"line":16,"column":9}}],"line":11},"1":{"loc":{"start":{"line":37,"column":36},"end":{"line":37,"column":66}},"type":"cond-expr","locations":[{"start":{"line":37,"column":45},"end":{"line":37,"column":53}},{"start":{"line":37,"column":56},"end":{"line":37,"column":66}}],"line":37},"2":{"loc":{"start":{"line":65,"column":8},"end":{"line":67,"column":9}},"type":"if","locations":[{"start":{"line":65,"column":8},"end":{"line":67,"column":9}},{"start":{"line":65,"column":8},"end":{"line":67,"column":9}}],"line":65}},"s":{"0":1,"1":1,"2":20,"3":4468,"4":4468,"5":74,"6":4394,"7":518,"8":3818,"9":20,"10":140456,"11":140456,"12":140456,"13":141048,"14":141048,"15":74,"16":592,"17":518,"18":140456,"19":140456,"20":207814554,"21":4394,"22":4394,"23":35152,"24":158184,"25":4394,"26":4394,"27":0,"28":4394,"29":4394,"30":147261,"31":147261,"32":4394,"33":140456,"34":136062,"35":4394,"36":1},"f":{"0":20,"1":4468,"2":518,"3":3818,"4":20,"5":140456,"6":141048,"7":141048,"8":74,"9":592,"10":518,"11":140456,"12":207814554,"13":4394,"14":4394,"15":147261,"16":140456,"17":136062},"b":{"0":[74,4394],"1":[106973,34075],"2":[0,4394]},"_coverageSchema":"332fd63041d2c1bcb487cc26dd0d5f7d97098a6c","hash":"f58bb787a0a5bce19e055553737560688519300b","contentHash":"d1378e16da3b28d03c2d98e3b2ec4ada_11.2.1"},"/Users/eric/tp/log2990-03/Cadriciel/server/app/crossword.service.ts":{"path":"/Users/eric/tp/log2990-03/Cadriciel/server/app/crossword.service.ts","statementMap":{"0":{"start":{"line":2,"column":0},"end":{"line":2,"column":62}},"1":{"start":{"line":4,"column":0},"end":{"line":44,"column":83}},"2":{"start":{"line":6,"column":8},"end":{"line":6,"column":70}},"3":{"start":{"line":8,"column":4},"end":{"line":8,"column":61}},"4":{"start":{"line":10,"column":8},"end":{"line":10,"column":34}},"5":{"start":{"line":13,"column":22},"end":{"line":13,"column":49}},"6":{"start":{"line":14,"column":8},"end":{"line":16,"column":9}},"7":{"start":{"line":15,"column":12},"end":{"line":15,"column":24}},"8":{"start":{"line":17,"column":28},"end":{"line":17,"column":50}},"9":{"start":{"line":18,"column":8},"end":{"line":20,"column":9}},"10":{"start":{"line":19,"column":12},"end":{"line":19,"column":25}},"11":{"start":{"line":21,"column":8},"end":{"line":25,"column":11}},"12":{"start":{"line":22,"column":12},"end":{"line":22,"column":41}},"13":{"start":{"line":24,"column":12},"end":{"line":24,"column":31}},"14":{"start":{"line":27,"column":4},"end":{"line":27,"column":37}},"15":{"start":{"line":29,"column":27},"end":{"line":29,"column":37}},"16":{"start":{"line":31,"column":8},"end":{"line":39,"column":12}},"17":{"start":{"line":32,"column":12},"end":{"line":36,"column":15}},"18":{"start":{"line":35,"column":16},"end":{"line":35,"column":40}},"19":{"start":{"line":38,"column":12},"end":{"line":38,"column":36}},"20":{"start":{"line":42,"column":8},"end":{"line":42,"column":86}}},"fnMap":{"0":{"name":"(anonymous_0)","decl":{"start":{"line":4,"column":1},"end":{"line":4,"column":2}},"loc":{"start":{"line":4,"column":29},"end":{"line":44,"column":1}},"line":4},"1":{"name":"indexesOutOfBounds","decl":{"start":{"line":5,"column":13},"end":{"line":5,"column":31}},"loc":{"start":{"line":5,"column":44},"end":{"line":7,"column":5}},"line":5},"2":{"name":"indexOutOfBounds","decl":{"start":{"line":9,"column":13},"end":{"line":9,"column":29}},"loc":{"start":{"line":9,"column":39},"end":{"line":11,"column":5}},"line":9},"3":{"name":"verify","decl":{"start":{"line":12,"column":13},"end":{"line":12,"column":19}},"loc":{"start":{"line":12,"column":31},"end":{"line":26,"column":5}},"line":12},"4":{"name":"(anonymous_4)","decl":{"start":{"line":21,"column":25},"end":{"line":21,"column":26}},"loc":{"start":{"line":21,"column":35},"end":{"line":23,"column":9}},"line":21},"5":{"name":"(anonymous_5)","decl":{"start":{"line":23,"column":18},"end":{"line":23,"column":19}},"loc":{"start":{"line":23,"column":33},"end":{"line":25,"column":9}},"line":23},"6":{"name":"getWords","decl":{"start":{"line":28,"column":13},"end":{"line":28,"column":21}},"loc":{"start":{"line":28,"column":45},"end":{"line":40,"column":5}},"line":28},"7":{"name":"(anonymous_7)","decl":{"start":{"line":31,"column":42},"end":{"line":31,"column":43}},"loc":{"start":{"line":31,"column":59},"end":{"line":37,"column":9}},"line":31},"8":{"name":"(anonymous_8)","decl":{"start":{"line":34,"column":24},"end":{"line":34,"column":25}},"loc":{"start":{"line":34,"column":35},"end":{"line":36,"column":13}},"line":34},"9":{"name":"(anonymous_9)","decl":{"start":{"line":37,"column":18},"end":{"line":37,"column":19}},"loc":{"start":{"line":37,"column":33},"end":{"line":39,"column":9}},"line":37},"10":{"name":"getAllWords","decl":{"start":{"line":41,"column":13},"end":{"line":41,"column":24}},"loc":{"start":{"line":41,"column":36},"end":{"line":43,"column":5}},"line":41}},"branchMap":{"0":{"loc":{"start":{"line":6,"column":15},"end":{"line":6,"column":69}},"type":"binary-expr","locations":[{"start":{"line":6,"column":15},"end":{"line":6,"column":40}},{"start":{"line":6,"column":44},"end":{"line":6,"column":69}}],"line":6},"1":{"loc":{"start":{"line":10,"column":15},"end":{"line":10,"column":33}},"type":"binary-expr","locations":[{"start":{"line":10,"column":15},"end":{"line":10,"column":20}},{"start":{"line":10,"column":24},"end":{"line":10,"column":33}}],"line":10},"2":{"loc":{"start":{"line":14,"column":8},"end":{"line":16,"column":9}},"type":"if","locations":[{"start":{"line":14,"column":8},"end":{"line":16,"column":9}},{"start":{"line":14,"column":8},"end":{"line":16,"column":9}}],"line":14},"3":{"loc":{"start":{"line":18,"column":8},"end":{"line":20,"column":9}},"type":"if","locations":[{"start":{"line":18,"column":8},"end":{"line":20,"column":9}},{"start":{"line":18,"column":8},"end":{"line":20,"column":9}}],"line":18},"4":{"loc":{"start":{"line":24,"column":19},"end":{"line":24,"column":30}},"type":"binary-expr","locations":[{"start":{"line":24,"column":19},"end":{"line":24,"column":23}},{"start":{"line":24,"column":27},"end":{"line":24,"column":30}}],"line":24},"5":{"loc":{"start":{"line":44,"column":22},"end":{"line":44,"column":81}},"type":"binary-expr","locations":[{"start":{"line":44,"column":22},"end":{"line":44,"column":46}},{"start":{"line":44,"column":51},"end":{"line":44,"column":80}}],"line":44}},"s":{"0":1,"1":1,"2":9640,"3":1,"4":19276,"5":1177,"6":1177,"7":1,"8":1176,"9":1176,"10":798,"11":378,"12":2574,"13":2196,"14":1,"15":2352,"16":2352,"17":23520,"18":170980,"19":21168,"20":1176},"f":{"0":1,"1":9640,"2":19276,"3":1177,"4":2574,"5":2196,"6":2352,"7":23520,"8":170980,"9":21168,"10":1176},"b":{"0":[9640,9636],"1":[19276,19273],"2":[1,1176],"3":[798,378],"4":[2196,2196],"5":[1,1]},"_coverageSchema":"332fd63041d2c1bcb487cc26dd0d5f7d97098a6c","hash":"fa041e6c690275808208b5f755439c68cf78e926","contentHash":"5e020828b2c2dcb736929c6e78ec097c_11.2.1"},"/Users/eric/tp/log2990-03/Cadriciel/server/app/crossword-multiplayer/crossword-games-manager.ts":{"path":"/Users/eric/tp/log2990-03/Cadriciel/server/app/crossword-multiplayer/crossword-games-manager.ts","statementMap":{"0":{"start":{"line":2,"column":0},"end":{"line":2,"column":62}},"1":{"start":{"line":3,"column":37},"end":{"line":3,"column":100}},"2":{"start":{"line":4,"column":30},"end":{"line":4,"column":86}},"3":{"start":{"line":5,"column":27},"end":{"line":5,"column":71}},"4":{"start":{"line":6,"column":17},"end":{"line":6,"column":37}},"5":{"start":{"line":10,"column":8},"end":{"line":10,"column":42}},"6":{"start":{"line":11,"column":8},"end":{"line":11,"column":34}},"7":{"start":{"line":12,"column":8},"end":{"line":12,"column":40}},"8":{"start":{"line":13,"column":8},"end":{"line":13,"column":54}},"9":{"start":{"line":14,"column":8},"end":{"line":14,"column":82}},"10":{"start":{"line":15,"column":8},"end":{"line":15,"column":58}},"11":{"start":{"line":18,"column":8},"end":{"line":20,"column":9}},"12":{"start":{"line":19,"column":12},"end":{"line":19,"column":67}},"13":{"start":{"line":21,"column":8},"end":{"line":21,"column":40}},"14":{"start":{"line":24,"column":8},"end":{"line":27,"column":11}},"15":{"start":{"line":26,"column":12},"end":{"line":26,"column":144}},"16":{"start":{"line":30,"column":19},"end":{"line":30,"column":40}},"17":{"start":{"line":31,"column":26},"end":{"line":31,"column":78}},"18":{"start":{"line":32,"column":21},"end":{"line":32,"column":125}},"19":{"start":{"line":33,"column":8},"end":{"line":33,"column":39}},"20":{"start":{"line":34,"column":8},"end":{"line":34,"column":41}},"21":{"start":{"line":35,"column":8},"end":{"line":35,"column":46}},"22":{"start":{"line":36,"column":8},"end":{"line":36,"column":20}},"23":{"start":{"line":39,"column":8},"end":{"line":39,"column":37}},"24":{"start":{"line":42,"column":21},"end":{"line":42,"column":46}},"25":{"start":{"line":43,"column":8},"end":{"line":45,"column":9}},"26":{"start":{"line":44,"column":12},"end":{"line":44,"column":25}},"27":{"start":{"line":46,"column":8},"end":{"line":46,"column":53}},"28":{"start":{"line":47,"column":8},"end":{"line":47,"column":50}},"29":{"start":{"line":48,"column":8},"end":{"line":48,"column":39}},"30":{"start":{"line":49,"column":8},"end":{"line":49,"column":20}},"31":{"start":{"line":52,"column":8},"end":{"line":52,"column":45}},"32":{"start":{"line":55,"column":8},"end":{"line":55,"column":43}},"33":{"start":{"line":58,"column":8},"end":{"line":58,"column":55}},"34":{"start":{"line":59,"column":8},"end":{"line":59,"column":33}},"35":{"start":{"line":62,"column":8},"end":{"line":62,"column":49}},"36":{"start":{"line":65,"column":8},"end":{"line":68,"column":11}},"37":{"start":{"line":67,"column":12},"end":{"line":67,"column":42}},"38":{"start":{"line":71,"column":0},"end":{"line":71,"column":54}}},"fnMap":{"0":{"name":"(anonymous_0)","decl":{"start":{"line":9,"column":4},"end":{"line":9,"column":5}},"loc":{"start":{"line":9,"column":18},"end":{"line":16,"column":5}},"line":9},"1":{"name":"(anonymous_1)","decl":{"start":{"line":17,"column":4},"end":{"line":17,"column":5}},"loc":{"start":{"line":17,"column":25},"end":{"line":22,"column":5}},"line":17},"2":{"name":"(anonymous_2)","decl":{"start":{"line":23,"column":4},"end":{"line":23,"column":5}},"loc":{"start":{"line":23,"column":24},"end":{"line":28,"column":5}},"line":23},"3":{"name":"(anonymous_3)","decl":{"start":{"line":25,"column":17},"end":{"line":25,"column":18}},"loc":{"start":{"line":25,"column":27},"end":{"line":27,"column":9}},"line":25},"4":{"name":"(anonymous_4)","decl":{"start":{"line":29,"column":4},"end":{"line":29,"column":5}},"loc":{"start":{"line":29,"column":63},"end":{"line":37,"column":5}},"line":29},"5":{"name":"(anonymous_5)","decl":{"start":{"line":38,"column":4},"end":{"line":38,"column":5}},"loc":{"start":{"line":38,"column":16},"end":{"line":40,"column":5}},"line":38},"6":{"name":"(anonymous_6)","decl":{"start":{"line":41,"column":4},"end":{"line":41,"column":5}},"loc":{"start":{"line":41,"column":51},"end":{"line":50,"column":5}},"line":41},"7":{"name":"(anonymous_7)","decl":{"start":{"line":51,"column":4},"end":{"line":51,"column":5}},"loc":{"start":{"line":51,"column":24},"end":{"line":53,"column":5}},"line":51},"8":{"name":"(anonymous_8)","decl":{"start":{"line":54,"column":4},"end":{"line":54,"column":5}},"loc":{"start":{"line":54,"column":29},"end":{"line":56,"column":5}},"line":54},"9":{"name":"(anonymous_9)","decl":{"start":{"line":57,"column":4},"end":{"line":57,"column":5}},"loc":{"start":{"line":57,"column":19},"end":{"line":60,"column":5}},"line":57},"10":{"name":"(anonymous_10)","decl":{"start":{"line":61,"column":4},"end":{"line":61,"column":5}},"loc":{"start":{"line":61,"column":21},"end":{"line":63,"column":5}},"line":61},"11":{"name":"(anonymous_11)","decl":{"start":{"line":64,"column":4},"end":{"line":64,"column":5}},"loc":{"start":{"line":64,"column":30},"end":{"line":69,"column":5}},"line":64},"12":{"name":"(anonymous_12)","decl":{"start":{"line":66,"column":20},"end":{"line":66,"column":21}},"loc":{"start":{"line":66,"column":39},"end":{"line":68,"column":9}},"line":66}},"branchMap":{"0":{"loc":{"start":{"line":18,"column":8},"end":{"line":20,"column":9}},"type":"if","locations":[{"start":{"line":18,"column":8},"end":{"line":20,"column":9}},{"start":{"line":18,"column":8},"end":{"line":20,"column":9}}],"line":18},"1":{"loc":{"start":{"line":43,"column":8},"end":{"line":45,"column":9}},"type":"if","locations":[{"start":{"line":43,"column":8},"end":{"line":45,"column":9}},{"start":{"line":43,"column":8},"end":{"line":45,"column":9}}],"line":43}},"s":{"0":1,"1":1,"2":1,"3":1,"4":1,"5":1,"6":1,"7":1,"8":1,"9":1,"10":1,"11":5,"12":1,"13":5,"14":4,"15":17,"16":8,"17":8,"18":8,"19":8,"20":8,"21":8,"22":8,"23":6,"24":2,"25":2,"26":1,"27":1,"28":1,"29":1,"30":1,"31":1,"32":4,"33":1,"34":1,"35":8,"36":1,"37":6,"38":1},"f":{"0":1,"1":5,"2":4,"3":17,"4":8,"5":6,"6":2,"7":1,"8":4,"9":1,"10":8,"11":1,"12":6},"b":{"0":[1,4],"1":[1,1]},"_coverageSchema":"332fd63041d2c1bcb487cc26dd0d5f7d97098a6c","hash":"8b25d748048eb5e17d543f93caa1728d07d3a0d5","contentHash":"6eb7ceae73434a3137a0ad342da2ca17_11.2.1"},"/Users/eric/tp/log2990-03/Cadriciel/server/app/crosswordGrid/serverCrosswords.ts":{"path":"/Users/eric/tp/log2990-03/Cadriciel/server/app/crosswordGrid/serverCrosswords.ts","statementMap":{"0":{"start":{"line":2,"column":0},"end":{"line":2,"column":62}},"1":{"start":{"line":3,"column":16},"end":{"line":3,"column":34}},"2":{"start":{"line":4,"column":20},"end":{"line":4,"column":66}},"3":{"start":{"line":5,"column":30},"end":{"line":5,"column":63}},"4":{"start":{"line":6,"column":24},"end":{"line":6,"column":60}},"5":{"start":{"line":7,"column":17},"end":{"line":7,"column":36}},"6":{"start":{"line":8,"column":20},"end":{"line":8,"column":39}},"7":{"start":{"line":10,"column":12},"end":{"line":10,"column":74}},"8":{"start":{"line":11,"column":22},"end":{"line":11,"column":24}},"9":{"start":{"line":12,"column":29},"end":{"line":12,"column":30}},"10":{"start":{"line":15,"column":8},"end":{"line":15,"column":33}},"11":{"start":{"line":16,"column":8},"end":{"line":16,"column":35}},"12":{"start":{"line":17,"column":8},"end":{"line":17,"column":33}},"13":{"start":{"line":18,"column":8},"end":{"line":18,"column":55}},"14":{"start":{"line":19,"column":8},"end":{"line":19,"column":94}},"15":{"start":{"line":22,"column":8},"end":{"line":24,"column":9}},"16":{"start":{"line":23,"column":12},"end":{"line":23,"column":63}},"17":{"start":{"line":25,"column":8},"end":{"line":25,"column":41}},"18":{"start":{"line":28,"column":8},"end":{"line":28,"column":37}},"19":{"start":{"line":33,"column":8},"end":{"line":46,"column":11}},"20":{"start":{"line":34,"column":12},"end":{"line":45,"column":15}},"21":{"start":{"line":35,"column":16},"end":{"line":44,"column":17}},"22":{"start":{"line":36,"column":20},"end":{"line":36,"column":40}},"23":{"start":{"line":37,"column":20},"end":{"line":37,"column":44}},"24":{"start":{"line":40,"column":20},"end":{"line":43,"column":23}},"25":{"start":{"line":41,"column":24},"end":{"line":41,"column":52}},"26":{"start":{"line":42,"column":24},"end":{"line":42,"column":48}},"27":{"start":{"line":50,"co
[...]
:27},"end":{"line":74,"column":28}},"loc":{"start":{"line":74,"column":38},"end":{"line":79,"column":9}},"line":74},"19":{"name":"(anonymous_19)","decl":{"start":{"line":75,"column":49},"end":{"line":75,"column":50}},"loc":{"start":{"line":75,"column":76},"end":{"line":78,"column":13}},"line":75},"20":{"name":"(anonymous_20)","decl":{"start":{"line":81,"column":4},"end":{"line":81,"column":5}},"loc":{"start":{"line":81,"column":29},"end":{"line":100,"column":5}},"line":81},"21":{"name":"(anonymous_21)","decl":{"start":{"line":86,"column":27},"end":{"line":86,"column":28}},"loc":{"start":{"line":86,"column":38},"end":{"line":99,"column":9}},"line":86},"22":{"name":"(anonymous_22)","decl":{"start":{"line":87,"column":49},"end":{"line":87,"column":50}},"loc":{"start":{"line":87,"column":76},"end":{"line":98,"column":13}},"line":87}},"branchMap":{"0":{"loc":{"start":{"line":18,"column":12},"end":{"line":20,"column":13}},"type":"if","locations":[{"start":{"line":18,"column":12},"end":{"line":20,"column":13}},{"start":{"line":18,"column":12},"end":{"line":20,"column":13}}],"line":18},"1":{"loc":{"start":{"line":18,"column":16},"end":{"line":18,"column":77}},"type":"binary-expr","locations":[{"start":{"line":18,"column":16},"end":{"line":18,"column":38}},{"start":{"line":18,"column":42},"end":{"line":18,"column":77}}],"line":18},"2":{"loc":{"start":{"line":30,"column":16},"end":{"line":32,"column":17}},"type":"if","locations":[{"start":{"line":30,"column":16},"end":{"line":32,"column":17}},{"start":{"line":30,"column":16},"end":{"line":32,"column":17}}],"line":30},"3":{"loc":{"start":{"line":30,"column":20},"end":{"line":30,"column":81}},"type":"binary-expr","locations":[{"start":{"line":30,"column":20},"end":{"line":30,"column":59}},{"start":{"line":30,"column":63},"end":{"line":30,"column":81}}],"line":30},"4":{"loc":{"start":{"line":34,"column":12},"end":{"line":36,"column":13}},"type":"if","locations":[{"start":{"line":34,"column":12},"end":{"line":36,"column":13}},{"start":{"line":34,"column":12},"end":{"line":36,"column":13}}],"line":34},"5":{"loc":{"start":{"line":88,"column":16},"end":{"line":96,"column":17}},"type":"if","locations":[{"start":{"line":88,"column":16},"end":{"line":96,"column":17}},{"start":{"line":88,"column":16},"end":{"line":96,"column":17}}],"line":88}},"s":{"0":1,"1":1,"2":1,"3":1,"4":15,"5":7,"6":327348,"7":2,"8":2,"9":93528,"10":3338,"11":2,"12":4,"13":4,"14":4,"15":12484,"16":12484,"17":65882,"18":14807,"19":12484,"20":4139,"21":4,"22":1,"23":40,"24":40,"25":1,"26":1,"27":40,"28":40,"29":1,"30":1,"31":40,"32":40,"33":1,"34":1,"35":40,"36":40,"37":1,"38":81,"39":81,"40":81,"41":81,"42":81,"43":81,"44":1,"45":1,"46":1,"47":1,"48":1,"49":1,"50":0,"51":1,"52":1,"53":1,"54":1,"55":1},"f":{"0":15,"1":7,"2":327348,"3":2,"4":4,"5":1,"6":40,"7":1,"8":40,"9":40,"10":1,"11":1,"12":40,"13":1,"14":40,"15":40,"16":1,"17":81,"18":81,"19":81,"20":1,"21":1,"22":1},"b":{"0":[3338,90190],"1":[93528,46764],"2":[14807,51075],"3":[65882,63841],"4":[4139,8345],"5":[0,1]},"_coverageSchema":"332fd63041d2c1bcb487cc26dd0d5f7d97098a6c","hash":"6c482bd174c130a2768ef89e015446eac87c8923","contentHash":"73924aff40ca97a45bab8d7c6e0249a7_11.2.1"},"/Users/eric/tp/log2990-03/Cadriciel/server/app/lexicon.spec.ts":{"path":"/Users/eric/tp/log2990-03/Cadriciel/server/app/lexicon.spec.ts","statementMap":{"0":{"start":{"line":2,"column":0},"end":{"line":2,"column":62}},"1":{"start":{"line":3,"column":15},"end":{"line":3,"column":30}},"2":{"start":{"line":4,"column":18},"end":{"line":4,"column":38}},"3":{"start":{"line":5,"column":13},"end":{"line":5,"column":28}},"4":{"start":{"line":6,"column":0},"end":{"line":49,"column":3}},"5":{"start":{"line":8,"column":4},"end":{"line":11,"column":7}},"6":{"start":{"line":9,"column":25},"end":{"line":9,"column":72}},"7":{"start":{"line":10,"column":8},"end":{"line":10,"column":50}},"8":{"start":{"line":12,"column":4},"end":{"line":31,"column":7}},"9":{"start":{"line":13,"column":8},"end":{"line":21,"column":11}},"10":{"start":{"line":14,"column":26},"end":{"line":14,"column":69}},"11":{"start":{"line":15,"column":12},"end":{"line":15,"column":62}},"12":{"start":{"line":16,"column":12},"end":{"line":16,"column":63}},"13":{"start":{"line":17,"column":12},"end":{"line":17,"column":63}},"14":{"start":{"line":18,"column":12},"end":{"line":18,"column":62}},"15":{"start":{"line":19,"column":12},"end":{"line":19,"column":63}},"16":{"start":{"line":20,"column":12},"end":{"line":20,"column":65}},"17":{"start":{"line":22,"column":8},"end":{"line":30,"column":11}},"18":{"start":{"line":23,"column":26},"end":{"line":23,"column":70}},"19":{"start":{"line":24,"column":12},"end":{"line":24,"column":63}},"20":{"start":{"line":25,"column":12},"end":{"line":25,"column":62}},"21":{"start":{"line":26,"column":12},"end":{"line":26,"column":63}},"22":{"start":{"line":27,"column":12},"end":{"line":27,"column":63}},"23":{"start":{"line":28,"column":12},"end":{"line":28,"column":64}},"24":{"start":{"line":29,"column":12},"end":{"line":29,"column":64}},"25":{"start":{"line":32,"column":4},"end":{"line":42,"column":7}},"26":{"start":{"line":33,"column":8},"end":{"line":41,"column":11}},"27":{"start":{"line":34,"column":26},"end":{"line":34,"column":66}},"28":{"start":{"line":35,"column":12},"end":{"line":35,"column":62}},"29":{"start":{"line":36,"column":12},"end":{"line":36,"column":62}},"30":{"start":{"line":37,"column":12},"end":{"line":37,"column":63}},"31":{"start":{"line":38,"column":12},"end":{"line":38,"column":62}},"32":{"start":{"line":39,"column":12},"end":{"line":39,"column":63}},"33":{"start":{"line":40,"column":12},"end":{"line":40,"column":64}},"34":{"start":{"line":43,"column":4},"end":{"line":48,"column":7}},"35":{"start":{"line":44,"column":8},"end":{"line":47,"column":11}},"36":{"start":{"line":45,"column":26},"end":{"line":45,"column":72}},"37":{"start":{"line":46,"column":12},"end":{"line":46,"column":89}}},"fnMap":{"0":{"name":"(anonymous_0)","decl":{"start":{"line":6,"column":20},"end":{"line":6,"column":21}},"loc":{"start":{"line":6,"column":26},"end":{"line":49,"column":1}},"line":6},"1":{"name":"(anonymous_1)","decl":{"start":{"line":8,"column":15},"end":{"line":8,"column":16}},"loc":{"start":{"line":8,"column":21},"end":{"line":11,"column":5}},"line":8},"2":{"name":"(anonymous_2)","decl":{"start":{"line":12,"column":63},"end":{"line":12,"column":64}},"loc":{"start":{"line":12,"column":69},"end":{"line":31,"column":5}},"line":12},"3":{"name":"(anonymous_3)","decl":{"start":{"line":13,"column":94},"end":{"line":13,"column":95}},"loc":{"start":{"line":13,"column":100},"end":{"line":21,"column":9}},"line":13},"4":{"name":"(anonymous_4)","decl":{"start":{"line":22,"column":96},"end":{"line":22,"column":97}},"loc":{"start":{"line":22,"column":102},"end":{"line":30,"column":9}},"line":22},"5":{"name":"(anonymous_5)","decl":{"start":{"line":32,"column":66},"end":{"line":32,"column":67}},"loc":{"start":{"line":32,"column":72},"end":{"line":42,"column":5}},"line":32},"6":{"name":"(anonymous_6)","decl":{"start":{"line":33,"column":87},"end":{"line":33,"column":88}},"loc":{"start":{"line":33,"column":93},"end":{"line":41,"column":9}},"line":33},"7":{"name":"(anonymous_7)","decl":{"start":{"line":43,"column":65},"end":{"line":43,"column":66}},"loc":{"start":{"line":43,"column":71},"end":{"line":48,"column":5}},"line":43},"8":{"name":"(anonymous_8)","decl":{"start":{"line":44,"column":74},"end":{"line":44,"column":75}},"loc":{"start":{"line":44,"column":80},"end":{"line":47,"column":9}},"line":44}},"branchMap":{},"s":{"0":1,"1":1,"2":1,"3":1,"4":1,"5":1,"6":4,"7":4,"8":1,"9":1,"10":1,"11":1,"12":1,"13":1,"14":1,"15":1,"16":1,"17":1,"18":1,"19":1,"20":1,"21":1,"22":1,"23":1,"24":1,"25":1,"26":1,"27":1,"28":1,"29":1,"30":1,"31":1,"32":1,"33":1,"34":1,"35":1,"36":1,"37":1},"f":{"0":1,"1":4,"2":1,"3":1,"4":1,"5":1,"6":1,"7":1,"8":1},"b":{},"_coverageSchema":"332fd63041d2c1bcb487cc26dd0d5f7d97098a6c","hash":"8495f397b12a640b85c559d8108d502e152804af","contentHash":"afe3bf1d47a88e1912bbab31a3a0189b_11.2.1"},"/Users/eric/tp/log2990-03/Cadriciel/server/app/socket-server.spec.ts":{"path":"/Users/eric/tp/log2990-03/Cadriciel/server/app/socket-server.spec.ts","statementMap":{"0":{"start":{"line":2,"column":0},"end":{"line":2,"column":62}},"1":{"start":{"line":3,"column":15},"end":{"line":3,"column":30}},"2":{"start":{"line":4,"column":13},"end":{"line":4,"column":28}},"3":{"start":{"line":5,"column":16},"end":{"line":5,"column":34}},"4":{"start":{"line":6,"column":24},"end":{"line":6,"column":50}},"5":{"start":{"line":7,"column":18},"end":{"line":7,"column":22}},"6":{"start":{"line":10,"column":0},"end":{"line":20,"column":3}},"7":{"start":{"line":11,"column":4},"end":{"line":16,"column":7}},"8":{"start":{"line":12,"column":8},"end":{"line":12,"column":24}},"9":{"start":{"line":13,"column":8},"end":{"line":13,"column":40}},"10":{"start":{"line":14,"column":8},"end":{"line":14,"column":33}},"11":{"start":{"line":15,"column":8},"end":{"line":15,"column":55}},"12":{"start":{"line":17,"column":4},"end":{"line":19,"column":7}},"13":{"start":{"line":18,"column":8},"end":{"line":18,"column":119}}},"fnMap":{"0":{"name":"(anonymous_0)","decl":{"start":{"line":10,"column":26},"end":{"line":10,"column":27}},"loc":{"start":{"line":10,"column":32},"end":{"line":20,"column":1}},"line":10},"1":{"name":"(anonymous_1)","decl":{"start":{"line":11,"column":11},"end":{"line":11,"column":12}},"loc":{"start":{"line":11,"column":17},"end":{"line":16,"column":5}},"line":11},"2":{"name":"(anonymous_2)","decl":{"start":{"line":17,"column":52},"end":{"line":17,"column":53}},"loc":{"start":{"line":17,"column":58},"end":{"line":19,"column":5}},"line":17}},"branchMap":{},"s":{"0":1,"1":1,"2":1,"3":1,"4":1,"5":1,"6":1,"7":1,"8":1,"9":1,"10":1,"11":1,"12":1,"13":1},"f":{"0":1,"1":1,"2":1},"b":{},"_coverageSchema":"332fd63041d2c1bcb487cc26dd0d5f7d97098a6c","hash":"02749815c9aad867e4ef77f940a2f50d8083567b","contentHash":"28c3dd8c863ec5f5b17db4b6b75ee00c_11.2.1"},"/Users/eric/tp/log2990-03/Cadriciel/server/app/updatetrack.spec.ts":{"path":"/Users/eric/tp/log2990-03/Cadriciel/server/app/updatetrack.spec.ts","statementMap":{"0":{"start":{"line":2,"column":0},"end":{"line":2,"column":62}},"1":{"start":{"line":3,"column":15},"end":{"line":3,"column":30}},"2":{"start":{"line":4,"column":22},"end":{"line":4,"column":46}},"3":{"start":{"line":5,"column":24},"end":{"line":5,"column":51}},"4":{"start":{"line":6,"column":23},"end":{"line":6,"column":30}},"5":{"start":{"line":7,"column":0},"end":{"line":47,"column":3}},"6":{"start":{"line":8,"column":4},"end":{"line":17,"column":7}},"7":{"start":{"line":9,"column":8},"end":{"line":12,"column":11}},"8":{"start":{"line":10,"column":30},"end":{"line":10,"column":77}},"9":{"start":{"line":11,"column":12},"end":{"line":11,"column":52}},"10":{"start":{"line":13,"column":8},"end":{"line":16,"column":11}},"11":{"start":{"line":14,"column":30},"end":{"line":14,"column":78}},"12":{"start":{"line":15,"column":12},"end":{"line":15,"column":49}},"13":{"start":{"line":18,"column":4},"end":{"line":46,"column":7}},"14":{"start":{"line":19,"column":8},"end":{"line":25,"column":11}},"15":{"start":{"line":20,"column":29},"end":{"line":20,"column":89}},"16":{"start":{"line":21,"column":12},"end":{"line":21,"column":55}},"17":{"start":{"line":22,"column":12},"end":{"line":22,"column":51}},"18":{"start":{"line":23,"column":12},"end":{"line":23,"column":51}},"19":{"start":{"line":24,"column":12},"end":{"line":24,"column":52}},"20":{"start":{"line":26,"column":8},"end":{"line":34,"column":11}},"21":{"start":{"line":27,"column":29},"end":{"line":27,"column":91}},"22":{"start":{"line":28,"column":12},"end":{"line":28,"column":55}},"23":{"start":{"line":29,"column":12},"end":{"line":29,"column":51}},"24":{"start":{"line":30,"column":12},"end":{"line":30,"column":51}},"25":{"start":{"line":31,"column":12},"end":{"line":31,"column":51}},"26":{"start":{"line":32,"column":12},"end":{"line":32,"column":51}},"27":{"start":{"line":33,"column":12},"end":{"line":33,"column":51}},"28":{"start":{"line":35,"column":8},"end":{"line":40,"column":11}},"29":{"start":{"line":36,"column":29},"end":{"line":36,"column":90}},"30":{"start":{"line":37,"column":12},"end":{"line":37,"column":55}},"31":{"start":{"line":38,"column":12},"end":{"line":38,"column":51}},"32":{"start":{"line":39,"column":12},"end":{"line":39,"column":51}},"33":{"start":{"line":41,"column":8},"end":{"line":45,"column":11}},"34":{"start":{"line":42,"column":29},"end":{"line":42,"column":90}},"35":{"start":{"line":43,"column":12},"end":{"line":43,"column":55}},"36":{"start":{"line":44,"column":12},"end":{"line":44,"column":51}}},"fnMap":{"0":{"name":"(anonymous_0)","decl":{"start":{"line":7,"column":24},"end":{"line":7,"column":25}},"loc":{"start":{"line":7,"column":30},"end":{"line":47,"column":1}},"line":7},"1":{"name":"(anonymous_1)","decl":{"start":{"line":8,"column":29},"end":{"line":8,"column":30}},"loc":{"start":{"line":8,"column":35},"end":{"line":17,"column":5}},"line":8},"2":{"name":"(anonymous_2)","decl":{"start":{"line":9,"column":62},"end":{"line":9,"column":63}},"loc":{"start":{"line":9,"column":68},"end":{"line":12,"column":9}},"line":9},"3":{"name":"(anonymous_3)","decl":{"start":{"line":13,"column":59},"end":{"line":13,"column":60}},"loc":{"start":{"line":13,"column":65},"end":{"line":16,"column":9}},"line":13},"4":{"name":"(anonymous_4)","decl":{"start":{"line":18,"column":31},"end":{"line":18,"column":32}},"loc":{"start":{"line":18,"column":37},"end":{"line":46,"column":5}},"line":18},"5":{"name":"(anonymous_5)","decl":{"start":{"line":19,"column":72},"end":{"line":19,"column":73}},"loc":{"start":{"line":19,"column":78},"end":{"line":25,"column":9}},"line":19},"6":{"name":"(anonymous_6)","decl":{"start":{"line":26,"column":80},"end":{"line":26,"column":81}},"loc":{"start":{"line":26,"column":86},"end":{"line":34,"column":9}},"line":26},"7":{"name":"(anonymous_7)","decl":{"start":{"line":35,"column":71},"end":{"line":35,"column":72}},"loc":{"start":{"line":35,"column":77},"end":{"line":40,"column":9}},"line":35},"8":{"name":"(anonymous_8)","decl":{"start":{"line":41,"column":54},"end":{"line":41,"column":55}},"loc":{"start":{"line":41,"column":60},"end":{"line":45,"column":9}},"line":41}},"branchMap":{},"s":{"0":1,"1":1,"2":1,"3":1,"4":1,"5":1,"6":1,"7":1,"8":1,"9":1,"10":1,"11":1,"12":1,"13":1,"14":1,"15":1,"16":1,"17":1,"18":1,"19":1,"20":1,"21":1,"22":1,"23":1,"24":1,"25":1,"26":1,"27":1,"28":1,"29":1,"30":1,"31":1,"32":1,"33":1,"34":1,"35":1,"36":1},"f":{"0":1,"1":1,"2":1,"3":1,"4":1,"5":1,"6":1,"7":1,"8":1},"b":{},"_coverageSchema":"332fd63041d2c1bcb487cc26dd0d5f7d97098a6c","hash":"0b6b4509284a31b93cee00f35402a516542a85b8","contentHash":"125ef60958a28b8fb404ffef490d2b79_11.2.1"},"/Users/eric/tp/log2990-03/Cadriciel/server/app/updatetrack.ts":{"path":"/Users/eric/tp/log2990-03/Cadriciel/server/app/updatetrack.ts","statementMap":{"0":{"start":{"line":2,"column":0},"end":{"line":2,"column":62}},"1":{"start":{"line":4,"column":0},"end":{"line":33,"column":68}},"2":{"start":{"line":6,"column":8},"end":{"line":6,"column":89}},"3":{"start":{"line":8,"column":4},"end":{"line":8,"column":44}},"4":{"start":{"line":10,"column":31},"end":{"line":10,"column":32}},"5":{"start":{"line":11,"column":8},"end":{"line":30,"column":9}},"6":{"start":{"line":12,"column":12},"end":{"line":12,"column":41}},"7":{"start":{"line":13,"column":12},"end":{"line":15,"column":15}},"8":{"start":{"line":14,"column":16},"end":{"line":14,"column":29}},"9":{"start":{"line":16,"column":12},"end":{"line":16,"column":34}},"10":{"start":{"line":19,"column":12},"end":{"line":21,"column":15}},"11":{"start":{"line":20,"column":16},"end":{"line":20,"column":29}},"12":{"start":{"line":22,"column":12},"end":{"line":22,"column":69}},"13":{"start":{"line":23,"column":12},"end":{"line":25,"column":13}},"14":{"start":{"line":24,"column":16},"end":{"line":24,"column":68}},"15":{"start":{"line":26,"column":12},"end":{"line":28,"column":15}},"16":{"start":{"line":27,"column":16},"end":{"line":27,"column":29}},"17":{"start":{"line":29,"column":12},"end":{"line":29,"column":34}},"18":{"start":{"line":32,"column":4},"end":{"line":32,"column":50}}},"fnMap":{"0":{"name":"(anonymous_0)","decl":{"start":{"line":4,"column":1},"end":{"line":4,"column":2}},"loc":{"start":{"line":4,"column":24},"end":{"line":33,"column":1}},"line":4},"1":{"name":"updateRating","decl":{"start":{"line":5,"column":13},"end":{"line":5,"column":25}},"loc":{"start":{"line":5,"column":69},"end":{"line":7,"column":5}},"line":5},"2":{"name":"updateBestTimes","decl":{"start":{"line":9,"column":13},"end":{"line":9,"column":28}},"loc":{"start":{"line":9,"column":54},"end":{"line":31,"column":5}},"line":9},"3":{"name":"(anonymous_3)","decl":{"start":{"line":13,"column":32},"end":{"line":13,"column":33}},"loc":{"start":{"line":13,"column":42},"end":{"line":15,"column":13}},"line":13},"4":{"name":"(anonymous_4)","decl":{"start":{"line":19,"column":32},"end":{"line":19,"column":33}},"loc":{"start":{"line":19,"column":42},"end":{"line":21,"column":13}},"line":19},"5":{"name":"(anonymous_5)","decl":{"start":{"line":26,"column":32},"end":{"line":26,"column":33}},"loc":{"start":{"line":26,"column":42},"end":{"line":28,"column":13}},"line":26}},"branchMap":{"0":{"loc":{"start":{"line":11,"column":8},"end":{"line":30,"column":9}},"type":"if","locations":[{"start":{"line":11,"column":8},"end":{"line":30,"column":9}},{"start":{"line":11,"column":8},"end":{"line":30,"column":9}}],"line":11},"1":{"loc":{"start":{"line":23,"column":12},"end":{"line":25,"column":13}},"type":"if","locations":[{"start":{"line":23,"column":12},"end":{"line":25,"column":13}},{"start":{"line":23,"column":12},"end":{"line":25,"column":13}}],"line":23},"2":{"loc":{"start":{"line":33,"column":17},"end":{"line":33,"column":66}},"type":"binary-expr","locations":[{"start":{"line":33,"column":17},"end":{"line":33,"column":36}},{"start":{"line":33,"column":41},"end":{"line":33,"column":65}}],"line":33}},"s":{"0":1,"1":1,"2":2,"3":1,"4":4,"5":4,"6":1,"7":1,"8":3,"9":1,"10":3,"11":33,"12":3,"13":3,"14":2,"15":3,"16":16,"17":3,"18":1},"f":{"0":1,"1":2,"2":4,"3":3,"4":33,"5":16},"b":{"0":[1,3],"1":[2,1],"2":[1,1]},"_coverageSchema":"332fd63041d2c1bcb487cc26dd0d5f7d97098a6c","hash":"844afd99995c684fe641637a500515298cb53fb2","contentHash":"09517b0f334f4b2262d7435519d09512_11.2.1"},"/Users/eric/tp/log2990-03/Cadriciel/server/app/utilities.spec.ts":{"path":"/Users/eric/tp/log2990-03/Cadriciel/server/app/utilities.spec.ts","statementMap":{"0":{"start":{"line":2,"column":0},"end":{"line":2,"column":62}},"1":{"start":{"line":3,"column":15},"end":{"line":3,"column":30}},"2":{"start":{"line":4,"column":20},"end":{"line":4,"column":42}},"3":{"start":{"line":5,"column":0},"end":{"line":13,"column":3}},"4":{"start":{"line":6,"column":4},"end":{"line":12,"column":7}},"5":{"start":{"line":7,"column":8},"end":{"line":11,"column":11}},"6":{"start":{"line":8,"column":22},"end":{"line":8,"column":35}},"7":{"start":{"line":9,"column":22},"end":{"line":9,"column":55}},"8":{"start":{"line":10,"column":12},"end":{"line":10,"column":45}}},"fnMap":{"0":{"name":"(anonymous_0)","decl":{"start":{"line":5,"column":22},"end":{"line":5,"column":23}},"loc":{"start":{"line":5,"column":28},"end":{"line":13,"column":1}},"line":5},"1":{"name":"(anonymous_1)","decl":{"start":{"line":6,"column":47},"end":{"line":6,"column":48}},"loc":{"start":{"line":6,"column":53},"end":{"line":12,"column":5}},"line":6},"2":{"name":"(anonymous_2)","decl":{"start":{"line":7,"column":61},"end":{"line":7,"column":62}},"loc":{"start":{"line":7,"column":67},"end":{"line":11,"column":9}},"line":7}},"branchMap":{},"s":{"0":1,"1":1,"2":1,"3":1,"4":1,"5":1,"6":1,"7":1,"8":1},"f":{"0":1,"1":1,"2":1},"b":{},"_coverageSchema":"332fd63041d2c1bcb487cc26dd0d5f7d97098a6c","hash":"5e052ce11886c36c5db3add4333e3f8a4d6e1e69","contentHash":"ff095712bc975d3a6fca6b07f2852aac_11.2.1"}}