{"/Users/eric/tp/log2990-03/Cadriciel/server/app/authentication.spec.ts":{"path":"/Users/eric/tp/log2990-03/Cadriciel/server/app/authentication.spec.ts","statementMap":{"0":{"start":{"line":3,"column":0},"end":{"line":7,"column":3}},"1":{"start":{"line":4,"column":4},"end":{"line":6,"column":7}},"2":{"start":{"line":5,"column":8},"end":{"line":5,"column":21}}},"fnMap":{"0":{"name":"(anonymous_0)","decl":{"start":{"line":3,"column":33},"end":{"line":3,"column":34}},"loc":{"start":{"line":3,"column":39},"end":{"line":7,"column":1}},"line":3},"1":{"name":"(anonymous_1)","decl":{"start":{"line":4,"column":44},"end":{"line":4,"column":45}},"loc":{"start":{"line":4,"column":50},"end":{"line":6,"column":5}},"line":4}},"branchMap":{},"s":{"0":0,"1":0,"2":0},"f":{"0":0,"1":0},"b":{}},"/Users/eric/tp/log2990-03/Cadriciel/server/app/crossword-generator.spec.ts":{"path":"/Users/eric/tp/log2990-03/Cadriciel/server/app/crossword-generator.spec.ts","statementMap":{"0":{"start":{"line":4,"column":13},"end":{"line":4,"column":15}},"1":{"start":{"line":6,"column":4},"end":{"line":6,"column":44}},"2":{"start":{"line":9,"column":0},"end":{"line":130,"column":3}},"3":{"start":{"line":12,"column":4},"end":{"line":14,"column":7}},"4":{"start":{"line":13,"column":8},"end":{"line":13,"column":49}},"5":{"start":{"line":16,"column":4},"end":{"line":25,"column":7}},"6":{"start":{"line":17,"column":8},"end":{"line":20,"column":11}},"7":{"start":{"line":18,"column":12},"end":{"line":18,"column":55}},"8":{"start":{"line":19,"column":12},"end":{"line":19,"column":58}},"9":{"start":{"line":22,"column":8},"end":{"line":24,"column":11}},"10":{"start":{"line":23,"column":12},"end":{"line":23,"column":79}},"11":{"start":{"line":27,"column":4},"end":{"line":35,"column":7}},"12":{"start":{"line":28,"column":8},"end":{"line":30,"column":11}},"13":{"start":{"line":29,"column":12},"end":{"line":29,"column":81}},"14":{"start":{"line":32,"column":8},"end":{"line":34,"column":11}},"15":{"start":{"line":33,"column":12},"end":{"line":33,"column":82}},"16":{"start":{"line":37,"column":4},"end":{"line":52,"column":7}},"17":{"start":{"line":38,"column":8},"end":{"line":41,"column":26}},"18":{"start":{"line":39,"column":12},"end":{"line":39,"column":43}},"19":{"start":{"line":40,"column":12},"end":{"line":40,"column":62}},"20":{"start":{"line":43,"column":8},"end":{"line":46,"column":26}},"21":{"start":{"line":44,"column":12},"end":{"line":44,"column":45}},"22":{"start":{"line":45,"column":12},"end":{"line":45,"column":62}},"23":{"start":{"line":48,"column":8},"end":{"line":51,"column":26}},"24":{"start":{"line":49,"column":12},"end":{"line":49,"column":43}},"25":{"start":{"line":50,"column":12},"end":{"line":50,"column":62}},"26":{"start":{"line":54,"column":4},"end":{"line":129,"column":7}},"27":{"start":{"line":55,"column":8},"end":{"line":78,"column":26}},"28":{"start":{"line":56,"column":31},"end":{"line":56,"column":37}},"29":{"start":{"line":59,"column":12},"end":{"line":59,"column":47}},"30":{"start":{"line":60,"column":12},"end":{"line":60,"column":62}},"31":{"start":{"line":63,"column":31},"end":{"line":65,"column":14}},"32":{"start":{"line":64,"column":16},"end":{"line":64,"column":59}},"33":{"start":{"line":67,"column":12},"end":{"line":67,"column":53}},"34":{"start":{"line":69,"column":12},"end":{"line":70,"column":51}},"35":{"start":{"line":73,"column":12},"end":{"line":77,"column":27}},"36":{"start":{"line":74,"column":16},"end":{"line":74,"column":54}},"37":{"start":{"line":76,"column":16},"end":{"line":76,"column":35}},"38":{"start":{"line":80,"column":8},"end":{"line":103,"column":26}},"39":{"start":{"line":81,"column":31},"end":{"line":81,"column":39}},"40":{"start":{"line":84,"column":12},"end":{"line":84,"column":47}},"41":{"start":{"line":85,"column":12},"end":{"line":85,"column":62}},"42":{"start":{"line":88,"column":31},"end":{"line":90,"column":14}},"43":{"start":{"line":89,"column":16},"end":{"line":89,"column":59}},"44":{"start":{"line":92,"column":12},"end":{"line":92,"column":53}},"45":{"start":{"line":94,"column":12},"end":{"line":95,"column":51}},"46":{"start":{"line":98,"column":12},"end":{"line":102,"column":27}},"47":{"start":{"line":99,"column":16},"end":{"line":99,"column":54}},"48":{"start":{"line":101,"column":16},"end":{"line":101,"column":35}},"49":{"start":{"line":105,"column":8},"end":{"line":128,"column":26}},"50":{"start":{"line":106,"column":31},"end":{"line":106,"column":37}},"51":{"start":{"line":109,"column":12},"end":{"line":109,"column":47}},"52":{"start":{"line":110,"column":12},"end":{"line":110,"column":62}},"53":{"start":{"line":113,"column":31},"end":{"line":115,"column":14}},"54":{"start":{"line":114,"column":16},"end":{"line":114,"column":59}},"55":{"start":{"line":117,"column":12},"end":{"line":117,"column":53}},"56":{"start":{"line":119,"column":12},"end":{"line":120,"column":51}},"57":{"start":{"line":123,"column":12},"end":{"line":127,"column":27}},"58":{"start":{"line":124,"column":16},"end":{"line":124,"column":54}},"59":{"start":{"line":126,"column":16},"end":{"line":126,"column":35}}},"fnMap":{"0":{"name":"randomIndex","decl":{"start":{"line":5,"column":9},"end":{"line":5,"column":20}},"loc":{"start":{"line":5,"column":31},"end":{"line":7,"column":1}},"line":5},"1":{"name":"(anonymous_1)","decl":{"start":{"line":9,"column":31},"end":{"line":9,"column":32}},"loc":{"start":{"line":9,"column":37},"end":{"line":130,"column":1}},"line":9},"2":{"name":"(anonymous_2)","decl":{"start":{"line":12,"column":15},"end":{"line":12,"column":16}},"loc":{"start":{"line":12,"column":21},"end":{"line":14,"column":5}},"line":12},"3":{"name":"(anonymous_3)","decl":{"start":{"line":16,"column":30},"end":{"line":16,"column":31}},"loc":{"start":{"line":16,"column":36},"end":{"line":25,"column":5}},"line":16},"4":{"name":"(anonymous_4)","decl":{"start":{"line":17,"column":53},"end":{"line":17,"column":54}},"loc":{"start":{"line":17,"column":59},"end":{"line":20,"column":9}},"line":17},"5":{"name":"(anonymous_5)","decl":{"start":{"line":22,"column":57},"end":{"line":22,"column":58}},"loc":{"start":{"line":22,"column":63},"end":{"line":24,"column":9}},"line":22},"6":{"name":"(anonymous_6)","decl":{"start":{"line":27,"column":33},"end":{"line":27,"column":34}},"loc":{"start":{"line":27,"column":39},"end":{"line":35,"column":5}},"line":27},"7":{"name":"(anonymous_7)","decl":{"start":{"line":28,"column":83},"end":{"line":28,"column":84}},"loc":{"start":{"line":28,"column":89},"end":{"line":30,"column":9}},"line":28},"8":{"name":"(anonymous_8)","decl":{"start":{"line":32,"column":81},"end":{"line":32,"column":82}},"loc":{"start":{"line":32,"column":87},"end":{"line":34,"column":9}},"line":32},"9":{"name":"(anonymous_9)","decl":{"start":{"line":37,"column":35},"end":{"line":37,"column":36}},"loc":{"start":{"line":37,"column":41},"end":{"line":52,"column":5}},"line":37},"10":{"name":"(anonymous_10)","decl":{"start":{"line":38,"column":51},"end":{"line":38,"column":52}},"loc":{"start":{"line":38,"column":57},"end":{"line":41,"column":9}},"line":38},"11":{"name":"(anonymous_11)","decl":{"start":{"line":43,"column":53},"end":{"line":43,"column":54}},"loc":{"start":{"line":43,"column":59},"end":{"line":46,"column":9}},"line":43},"12":{"name":"(anonymous_12)","decl":{"start":{"line":48,"column":51},"end":{"line":48,"column":52}},"loc":{"start":{"line":48,"column":57},"end":{"line":51,"column":9}},"line":48},"13":{"name":"(anonymous_13)","decl":{"start":{"line":54,"column":25},"end":{"line":54,"column":26}},"loc":{"start":{"line":54,"column":31},"end":{"line":129,"column":5}},"line":54},"14":{"name":"(anonymous_14)","decl":{"start":{"line":55,"column":46},"end":{"line":55,"column":47}},"loc":{"start":{"line":55,"column":52},"end":{"line":78,"column":9}},"line":55},"15":{"name":"(anonymous_15)","decl":{"start":{"line":63,"column":63},"end":{"line":63,"column":64}},"loc":{"start":{"line":63,"column":69},"end":{"line":65,"column":13}},"line":63},"16":{"name":"(anonymous_16)","decl":{"start":{"line":73,"column":34},"end":{"line":73,"column":35}},"loc":{"start":{"line":73,"column":44},"end":{"line":75,"column":13}},"line":73},"17":{"name":"(anonymous_17)","decl":{"start":{"line":75,"column":22},"end":{"line":75,"column":23}},"loc":{"start":{"line":75,"column":37},"end":{"line":77,"column":13}},"line":75},"18":{"name":"(anonymous_18)","decl":{"start":{"line":80,"column":47},"end":{"line":80,"column":48}},"loc":{"start":{"line":80,"column":53},"end":{"line":103,"column":9}},"line":80},"19":{"name":"(anonymous_19)","decl":{"start":{"line":88,"column":63},"end":{"line":88,"column":64}},"loc":{"start":{"line":88,"column":69},"end":{"line":90,"column":13}},"line":88},"20":{"name":"(anonymous_20)","decl":{"start":{"line":98,"column":34},"end":{"line":98,"column":35}},"loc":{"start":{"line":98,"column":44},"end":{"line":100,"column":13}},"line":98},"21":{"name":"(anonymous_21)","decl":{"start":{"line":100,"column":22},"end":{"line":100,"column":23}},"loc":{"start":{"line":100,"column":37},"end":{"line":102,"column":13}},"line":100},"22":{"name":"(anonymous_22)","decl":{"start":{"line":105,"column":45},"end":{"line":105,"column":46}},"loc":{"start":{"line":105,"column":51},"end":{"line":128,"column":9}},"line":105},"23":{"name":"(anonymous_23)","decl":{"start":{"line":113,"column":63},"end":{"line":113,"column":64}},"loc":{"start":{"line":113,"column":69},"end":{"line":115,"column":13}},"line":113},"24":{"name":"(anonymous_24)","decl":{"start":{"line":123,"column":34},"end":{"line":123,"column":35}},"loc":{"start":{"line":123,"column":44},"end":{"line":125,"column":13}},"line":123},"25":{"name":"(anonymous_25)","decl":{"start":{"line":125,"column":22},"end":{"line":125,"column":23}},"loc":{"start":{"line":125,"column":37},"end":{"line":127,"column":13}},"line":125}},"branchMap":{"0":{"loc":{"start":{"line":76,"column":23},"end":{"line":76,"column":34}},"type":"binary-expr","locations":[{"start":{"line":76,"column":23},"end":{"line":76,"column":27}},{"start":{"line":76,"column":31},"end":{"line":76,"column":34}}],"line":76},"1":{"loc":{"start":{"line":101,"column":23},"end":{"line":101,"column":34}},"type":"binary-expr","locations":[{"start":{"line":101,"column":23},"end":{"line":101,"column":27}},{"start":{"line":101,"column":31},"end":{"line":101,"column":34}}],"line":101},"2":{"loc":{"start":{"line":126,"column":23},"end":{"line":126,"column":34}},"type":"binary-expr","locations":[{"start":{"line":126,"column":23},"end":{"line":126,"column":27}},{"start":{"line":126,"column":31},"end":{"line":126,"column":34}}],"line":126}},"s":{"0":0,"1":0,"2":0,"3":0,"4":0,"5":0,"6":0,"7":0,"8":0,"9":0,"10":0,"11":0,"12":0,"13":0,"14":0,"15":0,"16":0,"17":0,"18":0,"19":0,"20":0,"21":0,"22":0,"23":0,"24":0,"25":0,"26":0,"27":0,"28":0,"29":0,"30":0,"31":0,"32":0,"33":0,"34":0,"35":0,"36":0,"37":0,"38":0,"39":0,"40":0,"41":0,"42":0,"43":0,"44":0,"45":0,"46":0,"47":0,"48":0,"49":0,"50":0,"51":0,"52":0,"53":0,"54":0,"55":0,"56":0,"57":0,"58":0,"59":0},"f":{"0":0,"1":0,"2":0,"3":0,"4":0,"5":0,"6":0,"7":0,"8":0,"9":0,"10":0,"11":0,"12":0,"13":0,"14":0,"15":0,"16":0,"17":0,"18":0,"19":0,"20":0,"21":0,"22":0,"23":0,"24":0,"25":0},"b":{"0":[0,0],"1":[0,0],"2":[0,0]}},"/Users/eric/tp/log2990-03/Cadriciel/server/app/crossword.service.spec.ts":{"path":"/Users/eric/tp/log2990-03/Cadriciel/server/app/crossword.service.spec.ts","statementMap":{"0":{"start":{"line":5,"column":0},"end":{"line":36,"column":3}},"1":{"start":{"line":7,"column":4},"end":{"line":9,"column":7}},"2":{"start":{"line":8,"column":8},"end":{"line":8,"column":56}},"3":{"start":{"line":11,"column":4},"end":{"line":29,"column":7}},"4":{"start":{"line":12,"column":8},"end":{"line":16,"column":11}},"5":{"start":{"line":13,"column":12},"end":{"line":13,"column":79}},"6":{"start":{"line":14,"column":12},"end":{"line":14,"column":78}},"7":{"start":{"line":15,"column":12},"end":{"line":15,"column":78}},"8":{"start":{"line":18,"column":8},"end":{"line":22,"column":11}},"9":{"start":{"line":19,"column":12},"end":{"line":19,"column":78}},"10":{"start":{"line":20,"column":12},"end":{"line":20,"column":78}},"11":{"start":{"line":21,"column":12},"end":{"line":21,"column":79}},"12":{"start":{"line":24,"column":8},"end":{"line":28,"column":11}},"13":{"start":{"line":25,"column":12},"end":{"line":25,"column":78}},"14":{"start":{"line":26,"column":12},"end":{"line":26,"column":78}},"15":{"start":{"line":27,"column":12},"end":{"line":27,"column":78}},"16":{"start":{"line":31,"column":4},"end":{"line":35,"column":7}},"17":{"start":{"line":32,"column":8},"end":{"line":34,"column":11}},"18":{"start":{"line":33,"column":12},"end":{"line":33,"column":75}}},"fnMap":{"0":{"name":"(anonymous_0)","decl":{"start":{"line":5,"column":29},"end":{"line":5,"column":30}},"loc":{"start":{"line":5,"column":35},"end":{"line":36,"column":1}},"line":5},"1":{"name":"(anonymous_1)","decl":{"start":{"line":7,"column":15},"end":{"line":7,"column":16}},"loc":{"start":{"line":7,"column":21},"end":{"line":9,"column":5}},"line":7},"2":{"name":"(anonymous_2)","decl":{"start":{"line":11,"column":35},"end":{"line":11,"column":36}},"loc":{"start":{"line":11,"column":41},"end":{"line":29,"column":5}},"line":11},"3":{"name":"(anonymous_3)","decl":{"start":{"line":12,"column":63},"end":{"line":12,"column":64}},"loc":{"start":{"line":12,"column":69},"end":{"line":16,"column":9}},"line":12},"4":{"name":"(anonymous_4)","decl":{"start":{"line":18,"column":76},"end":{"line":18,"column":77}},"loc":{"start":{"line":18,"column":82},"end":{"line":22,"column":9}},"line":18},"5":{"name":"(anonymous_5)","decl":{"start":{"line":24,"column":60},"end":{"line":24,"column":61}},"loc":{"start":{"line":24,"column":66},"end":{"line":28,"column":9}},"line":24},"6":{"name":"(anonymous_6)","decl":{"start":{"line":31,"column":25},"end":{"line":31,"column":26}},"loc":{"start":{"line":31,"column":31},"end":{"line":35,"column":5}},"line":31},"7":{"name":"(anonymous_7)","decl":{"start":{"line":32,"column":54},"end":{"line":32,"column":55}},"loc":{"start":{"line":32,"column":60},"end":{"line":34,"column":9}},"line":32}},"branchMap":{},"s":{"0":0,"1":0,"2":0,"3":0,"4":0,"5":0,"6":0,"7":0,"8":0,"9":0,"10":0,"11":0,"12":0,"13":0,"14":0,"15":0,"16":0,"17":0,"18":0},"f":{"0":0,"1":0,"2":0,"3":0,"4":0,"5":0,"6":0,"7":0},"b":{}},"/Users/eric/tp/log2990-03/Cadriciel/server/app/crosswordGrid/serverCrosswords.spec.ts":{"path":"/Users/eric/tp/log2990-03/Cadriciel/server/app/crosswordGrid/serverCrosswords.spec.ts","statementMap":{"0":{"start":{"line":5,"column":13},"end":{"line":5,"column":28}},"1":{"start":{"line":6,"column":15},"end":{"line":6,"column":26}},"2":{"start":{"line":7,"column":19},"end":{"line":7,"column":37}},"3":{"start":{"line":9,"column":0},"end":{"line":137,"column":3}},"4":{"start":{"line":10,"column":29},"end":{"line":10,"column":59}},"5":{"start":{"line":11,"column":45},"end":{"line":11,"column":47}},"6":{"start":{"line":13,"column":4},"end":{"line":15,"column":7}},"7":{"start":{"line":14,"column":8},"end":{"line":14,"column":51}},"8":{"start":{"line":17,"column":4},"end":{"line":23,"column":7}},"9":{"start":{"line":18,"column":8},"end":{"line":22,"column":11}},"10":{"start":{"line":19,"column":12},"end":{"line":19,"column":34}},"11":{"start":{"line":20,"column":12},"end":{"line":20,"column":53}},"12":{"start":{"line":21,"column":12},"end":{"line":21,"column":19}},"13":{"start":{"line":25,"column":4},"end":{"line":31,"column":7}},"14":{"start":{"line":26,"column":34},"end":{"line":26,"column":51}},"15":{"start":{"line":27,"column":8},"end":{"line":30,"column":11}},"16":{"start":{"line":28,"column":12},"end":{"line":28,"column":25}},"17":{"start":{"line":29,"column":12},"end":{"line":29,"column":19}},"18":{"start":{"line":33,"column":4},"end":{"line":38,"column":21}},"19":{"start":{"line":34,"column":8},"end":{"line":37,"column":11}},"20":{"start":{"line":35,"column":12},"end":{"line":35,"column":25}},"21":{"start":{"line":36,"column":12},"end":{"line":36,"column":19}},"22":{"start":{"line":40,"column":4},"end":{"line":46,"column":21}},"23":{"start":{"line":41,"column":8},"end":{"line":41,"column":51}},"24":{"start":{"line":42,"column":8},"end":{"line":45,"column":11}},"25":{"start":{"line":43,"column":12},"end":{"line":43,"column":25}},"26":{"start":{"line":44,"column":12},"end":{"line":44,"column":19}},"27":{"start":{"line":48,"column":4},"end":{"line":53,"column":21}},"28":{"start":{"line":49,"column":8},"end":{"line":52,"column":11}},"29":{"start":{"line":50,"column":12},"end":{"line":50,"column":25}},"30":{"start":{"line":51,"column":12},"end":{"line":51,"column":19}},"31":{"start":{"line":55,"column":4},"end":{"line":69,"column":22}},"32":{"start":{"line":56,"column":8},"end":{"line":68,"column":11}},"33":{"start":{"line":57,"column":12},"end":{"line":57,"column":34}},"34":{"start":{"line":58,"column":12},"end":{"line":67,"column":15}},"35":{"start":{"line":59,"column":16},"end":{"line":66,"column":19}},"36":{"start":{"line":60,"column":65},"end":{"line":60,"column":66}},"37":{"start":{"line":61,"column":20},"end":{"line":61,"column":78}},"38":{"start":{"line":62,"column":20},"end":{"line":62,"column":73}},"39":{"start":{"line":63,"column":20},"end":{"line":63,"column":75}},"40":{"start":{"line":64,"column":20},"end":{"line":64,"column":73}},"41":{"start":{"line":65,"column":20},"end":{"line":65,"column":27}},"42":{"start":{"line":71,"column":4},"end":{"line":79,"column":21}},"43":{"start":{"line":72,"column":8},"end":{"line":78,"column":11}},"44":{"start":{"line":73,"column":12},"end":{"line":73,"column":25}},"45":{"start":{"line":74,"column":12},"end":{"line":74,"column":65}},"46":{"start":{"line":75,"column":12},"end":{"line":75,"column":67}},"47":{"start":{"line":76,"column":12},"end":{"line":76,"column":65}},"48":{"start":{"line":77,"column":12},"end":{"line":77,"column":19}},"49":{"start":{"line":82,"column":4},"end":{"line":88,"column":7}},"50":{"start":{"line":83,"column":8},"end":{"line":87,"column":11}},"51":{"start":{"line":84,"column":12},"end":{"line":84,"column":25}},"52":{"start":{"line":85,"column":12},"end":{"line":85,"column":65}},"53":{"start":{"line":86,"column":12},"end":{"line":86,"column":19}},"54":{"start":{"line":90,"column":4},"end":{"line":96,"column":7}},"55":{"start":{"line":91,"column":8},"end":{"line":95,"column":11}},"56":{"start":{"line":92,"column":12},"end":{"line":92,"column":25}},"57":{"start":{"line":93,"column":12},"end":{"line":93,"column":67}},"58":{"start":{"line":94,"column":12},"end":{"line":94,"column":19}},"59":{"start":{"line":98,"column":4},"end":{"line":104,"column":7}},"60":{"start":{"line":99,"column":8},"end":{"line":103,"column":11}},"61":{"start":{"line":100,"column":12},"end":{"line":100,"column":25}},"62":{"start":{"line":101,"column":12},"end":{"line":101,"column":65}},"63":{"start":{"line":102,"column":12},"end":{"line":102,"column":19}},"64":{"start":{"line":106,"column":4},"end":{"line":112,"column":22}},"65":{"start":{"line":107,"column":8},"end":{"line":111,"column":11}},"66":{"start":{"line":108,"column":12},"end":{"line":108,"column":47}},"67":{"start":{"line":109,"column":12},"end":{"line":109,"column":65}},"68":{"start":{"line":110,"column":12},"end":{"line":110,"column":19}},"69":{"start":{"line":114,"column":4},"end":{"line":120,"column":22}},"70":{"start":{"line":115,"column":8},"end":{"line":119,"column":11}},"71":{"start":{"line":116,"column":12},"end":{"line":116,"column":47}},"72":{"start":{"line":117,"column":12},"end":{"line":117,"column":65}},"73":{"start":{"line":118,"column":12},"end":{"line":118,"column":19}},"74":{"start":{"line":122,"column":4},"end":{"line":128,"column":22}},"75":{"start":{"line":123,"column":8},"end":{"line":127,"column":11}},"76":{"start":{"line":124,"column":12},"end":{"line":124,"column":49}},"77":{"start":{"line":125,"column":12},"end":{"line":125,"column":67}},"78":{"start":{"line":126,"column":12},"end":{"line":126,"column":19}},"79":{"start":{"line":130,"column":4},"end":{"line":133,"column":7}},"80":{"start":{"line":131,"column":8},"end":{"line":131,"column":68}},"81":{"start":{"line":132,"column":8},"end":{"line":132,"column":67}},"82":{"start":{"line":136,"column":4},"end":{"line":136,"column":49}}},"fnMap":{"0":{"name":"(anonymous_0)","decl":{"start":{"line":9,"column":30},"end":{"line":9,"column":31}},"loc":{"start":{"line":9,"column":36},"end":{"line":137,"column":1}},"line":9},"1":{"name":"(anonymous_1)","decl":{"start":{"line":13,"column":15},"end":{"line":13,"column":16}},"loc":{"start":{"line":13,"column":21},"end":{"line":15,"column":5}},"line":13},"2":{"name":"(anonymous_2)","decl":{"start":{"line":17,"column":58},"end":{"line":17,"column":59}},"loc":{"start":{"line":17,"column":68},"end":{"line":23,"column":5}},"line":17},"3":{"name":"(anonymous_3)","decl":{"start":{"line":18,"column":52},"end":{"line":18,"column":53}},"loc":{"start":{"line":18,"column":68},"end":{"line":22,"column":9}},"line":18},"4":{"name":"(anonymous_4)","decl":{"start":{"line":25,"column":50},"end":{"line":25,"column":51}},"loc":{"start":{"line":25,"column":60},"end":{"line":31,"column":5}},"line":25},"5":{"name":"(anonymous_5)","decl":{"start":{"line":27,"column":65},"end":{"line":27,"column":66}},"loc":{"start":{"line":27,"column":81},"end":{"line":30,"column":9}},"line":27},"6":{"name":"(anonymous_6)","decl":{"start":{"line":33,"column":47},"end":{"line":33,"column":48}},"loc":{"start":{"line":33,"column":57},"end":{"line":38,"column":5}},"line":33},"7":{"name":"(anonymous_7)","decl":{"start":{"line":34,"column":56},"end":{"line":34,"column":57}},"loc":{"start":{"line":34,"column":72},"end":{"line":37,"column":9}},"line":34},"8":{"name":"(anonymous_8)","decl":{"start":{"line":40,"column":49},"end":{"line":40,"column":50}},"loc":{"start":{"line":40,"column":59},"end":{"line":46,"column":5}},"line":40},"9":{"name":"(anonymous_9)","decl":{"start":{"line":42,"column":58},"end":{"line":42,"column":59}},"loc":{"start":{"line":42,"column":74},"end":{"line":45,"column":9}},"line":42},"10":{"name":"(anonymous_10)","decl":{"start":{"line":48,"column":47},"end":{"line":48,"column":48}},"loc":{"start":{"line":48,"column":57},"end":{"line":53,"column":5}},"line":48},"11":{"name":"(anonymous_11)","decl":{"start":{"line":49,"column":56},"end":{"line":49,"column":57}},"loc":{"start":{"line":49,"column":72},"end":{"line":52,"column":9}},"line":49},"12":{"name":"(anonymous_12)","decl":{"start":{"line":55,"column":58},"end":{"line":55,"column":59}},"loc":{"start":{"line":55,"column":68},"end":{"line":69,"column":5}},"line":55},"13":{"name":"(anonymous_13)","decl":{"start":{"line":56,"column":52},"end":{"line":56,"column":53}},"loc":{"start":{"line":56,"column":68},"end":{"line":68,"column":9}},"line":56},"14":{"name":"(anonymous_14)","decl":{"start":{"line":58,"column":72},"end":{"line":58,"column":73}},"loc":{"start":{"line":58,"column":90},"end":{"line":67,"column":13}},"line":58},"15":{"name":"(anonymous_15)","decl":{"start":{"line":59,"column":60},"end":{"line":59,"column":61}},"loc":{"start":{"line":59,"column":73},"end":{"line":66,"column":17}},"line":59},"16":{"name":"(anonymous_16)","decl":{"start":{"line":71,"column":85},"end":{"line":71,"column":86}},"loc":{"start":{"line":71,"column":95},"end":{"line":79,"column":5}},"line":71},"17":{"name":"(anonymous_17)","decl":{"start":{"line":72,"column":58},"end":{"line":72,"column":59}},"loc":{"start":{"line":72,"column":74},"end":{"line":78,"column":9}},"line":72},"18":{"name":"(anonymous_18)","decl":{"start":{"line":82,"column":44},"end":{"line":82,"column":45}},"loc":{"start":{"line":82,"column":54},"end":{"line":88,"column":5}},"line":82},"19":{"name":"(anonymous_19)","decl":{"start":{"line":83,"column":62},"end":{"line":83,"column":63}},"loc":{"start":{"line":83,"column":78},"end":{"line":87,"column":9}},"line":83},"20":{"name":"(anonymous_20)","decl":{"start":{"line":90,"column":45},"end":{"line":90,"column":46}},"loc":{"start":{"line":90,"column":55},"end":{"line":96,"column":5}},"line":90},"21":{"name":"(anonymous_21)","decl":{"start":{"line":91,"column":64},"end":{"line":91,"column":65}},"loc":{"start":{"line":91,"column":80},"end":{"line":95,"column":9}},"line":91},"22":{"name":"(anonymous_22)","decl":{"start":{"line":98,"column":43},"end":{"line":98,"column":44}},"loc":{"start":{"line":98,"column":53},"end":{"line":104,"column":5}},"line":98},"23":{"name":"(anonymous_23)","decl":{"start":{"line":99,"column":62},"end":{"line":99,"column":63}},"loc":{"start":{"line":99,"column":78},"end":{"line":103,"column":9}},"line":99},"24":{"name":"(anonymous_24)","decl":{"start":{"line":106,"column":50},"end":{"line":106,"column":51}},"loc":{"start":{"line":106,"column":60},"end":{"line":112,"column":5}},"line":106},"25":{"name":"(anonymous_25)","decl":{"start":{"line":107,"column":51},"end":{"line":107,"column":52}},"loc":{"start":{"line":107,"column":67},"end":{"line":111,"column":9}},"line":107},"26":{"name":"(anonymous_26)","decl":{"start":{"line":114,"column":50},"end":{"line":114,"column":51}},"loc":{"start":{"line":114,"column":60},"end":{"line":120,"column":5}},"line":114},"27":{"name":"(anonymous_27)","decl":{"start":{"line":115,"column":51},"end":{"line":115,"column":52}},"loc":{"start":{"line":115,"column":67},"end":{"line":119,"column":9}},"line":115},"28":{"name":"(anonymous_28)","decl":{"start":{"line":122,"column":52},"end":{"line":122,"column":53}},"loc":{"start":{"line":122,"column":62},"end":{"line":128,"column":5}},"line":122},"29":{"name":"(anonymous_29)","decl":{"start":{"line":123,"column":53},"end":{"line":123,"column":54}},"loc":{"start":{"line":123,"column":69},"end":{"line":127,"column":9}},"line":123},"30":{"name":"(anonymous_30)","decl":{"start":{"line":130,"column":29},"end":{"line":130,"column":30}},"loc":{"start":{"line":130,"column":35},"end":{"line":133,"column":5}},"line":130}},"branchMap":{},"s":{"0":0,"1":0,"2":0,"3":0,"4":0,"5":0,"6":0,"7":0,"8":0,"9":0,"10":0,"11":0,"12":0,"13":0,"14":0,"15":0,"16":0,"17":0,"18":0,"19":0,"20":0,"21":0,"22":0,"23":0,"24":0,"25":0,"26":0,"27":0,"28":0,"29":0,"30":0,"31":0,"32":0,"33":0,"34":0,"35":0,"36":0,"37":0,"38":0,"39":0,"40":0,"41":0,"42":0,"43":0,"44":0,"45":0,"46":0,"47":0,"48":0,"49":0,"50":0,"51":0,"52":0,"53":0,"54":0,"55":0,"56":0,"57":0,"58":0,"59":0,"60":0,"61":0,"62":0,"63":0,"64":0,"65":0,"66":0,"67":0,"68":0,"69":0,"70":0,"71":0,"72":0,"73":0,"74":0,"75":0,"76":0,"77":0,"78":0,"79":0,"80":0,"81":0,"82":0},"f":{"0":0,"1":0,"2":0,"3":0,"4":0,"5":0,"6":0,"7":0,"8":0,"9":0,"10":0,"11":0,"12":0,"13":0,"14":0,"15":0,"16":0,"17":0,"18":0,"19":0,"20":0,"21":0,"22":0,"23":0,"24":0,"25":0,"26":0,"27":0,"28":0,"29":0,"30":0},"b":{}},"/Users/eric/tp/log2990-03/Cadriciel/server/app/lexicon-reader.spec.ts":{"path":"/Users/eric/tp/log2990-03/Cadriciel/server/app/lexicon-reader.spec.ts","statementMap":{"0":{"start":{"line":4,"column":0},"end":{"line":131,"column":3}},"1":{"start":{"line":5,"column":28},"end":{"line":5,"column":64}},"2":{"start":{"line":6,"column":41},"end":{"line":6,"column":60}},"3":{"start":{"line":8,"column":4},"end":{"line":12,"column":7}},"4":{"start":{"line":9,"column":34},"end":{"line":9,"column":77}},"5":{"start":{"line":11,"column":8},"end":{"line":11,"column":38}},"6":{"start":{"line":14,"column":4},"end":{"line":19,"column":7}},"7":{"start":{"line":15,"column":32},"end":{"line":15,"column":72}},"8":{"start":{"line":16,"column":33},"end":{"line":16,"column":56}},"9":{"start":{"line":18,"column":8},"end":{"line":18,"column":39}},"10":{"start":{"line":21,"column":4},"end":{"line":26,"column":7}},"11":{"start":{"line":22,"column":32},"end":{"line":22,"column":72}},"12":{"start":{"line":23,"column":35},"end":{"line":23,"column":58}},"13":{"start":{"line":25,"column":8},"end":{"line":25,"column":42}},"14":{"start":{"line":28,"column":4},"end":{"line":32,"column":7}},"15":{"start":{"line":29,"column":32},"end":{"line":29,"column":72}},"16":{"start":{"line":31,"column":8},"end":{"line":31,"column":29}},"17":{"start":{"line":34,"column":4},"end":{"line":39,"column":7}},"18":{"start":{"line":35,"column":32},"end":{"line":35,"column":72}},"19":{"start":{"line":36,"column":40},"end":{"line":36,"column":81}},"20":{"start":{"line":38,"column":8},"end":{"line":38,"column":43}},"21":{"start":{"line":41,"column":4},"end":{"line":46,"column":7}},"22":{"start":{"line":42,"column":32},"end":{"line":42,"column":72}},"23":{"start":{"line":43,"column":40},"end":{"line":43,"column":83}},"24":{"start":{"line":45,"column":8},"end":{"line":45,"column":43}},"25":{"start":{"line":48,"column":4},"end":{"line":57,"column":7}},"26":{"start":{"line":49,"column":32},"end":{"line":49,"column":72}},"27":{"start":{"line":50,"column":40},"end":{"line":50,"column":81}},"28":{"start":{"line":51,"column":8},"end":{"line":51,"column":43}},"29":{"start":{"line":52,"column":8},"end":{"line":56,"column":23}},"30":{"start":{"line":53,"column":12},"end":{"line":53,"column":37}},"31":{"start":{"line":55,"column":12},"end":{"line":55,"column":31}},"32":{"start":{"line":59,"column":4},"end":{"line":64,"column":7}},"33":{"start":{"line":60,"column":32},"end":{"line":60,"column":72}},"34":{"start":{"line":61,"column":40},"end":{"line":61,"column":87}},"35":{"start":{"line":63,"column":8},"end":{"line":63,"column":43}},"36":{"start":{"line":66,"column":4},"end":{"line":71,"column":7}},"37":{"start":{"line":67,"column":32},"end":{"line":67,"column":72}},"38":{"start":{"line":68,"column":40},"end":{"line":68,"column":85}},"39":{"start":{"line":70,"column":8},"end":{"line":70,"column":44}},"40":{"start":{"line":73,"column":4},"end":{"line":78,"column":7}},"41":{"start":{"line":74,"column":32},"end":{"line":74,"column":72}},"42":{"start":{"line":75,"column":47},"end":{"line":75,"column":95}},"43":{"start":{"line":77,"column":8},"end":{"line":77,"column":50}},"44":{"start":{"line":80,"column":4},"end":{"line":85,"column":7}},"45":{"start":{"line":81,"column":32},"end":{"line":81,"column":72}},"46":{"start":{"line":82,"column":47},"end":{"line":82,"column":100}},"47":{"start":{"line":84,"column":8},"end":{"line":84,"column":53}},"48":{"start":{"line":87,"column":4},"end":{"line":92,"column":7}},"49":{"start":{"line":88,"column":32},"end":{"line":88,"column":72}},"50":{"start":{"line":89,"column":47},"end":{"line":89,"column":99}},"51":{"start":{"line":91,"column":8},"end":{"line":91,"column":89}},"52":{"start":{"line":94,"column":4},"end":{"line":99,"column":7}},"53":{"start":{"line":95,"column":32},"end":{"line":95,"column":72}},"54":{"start":{"line":96,"column":47},"end":{"line":96,"column":101}},"55":{"start":{"line":98,"column":8},"end":{"line":98,"column":89}},"56":{"start":{"line":101,"column":4},"end":{"line":106,"column":7}},"57":{"start":{"line":102,"column":27},"end":{"line":102,"column":32}},"58":{"start":{"line":103,"column":8},"end":{"line":105,"column":11}},"59":{"start":{"line":104,"column":12},"end":{"line":104,"column":37}},"60":{"start":{"line":108,"column":4},"end":{"line":114,"column":22}},"61":{"start":{"line":109,"column":32},"end":{"line":109,"column":72}},"62":{"start":{"line":110,"column":8},"end":{"line":113,"column":11}},"63":{"start":{"line":111,"column":12},"end":{"line":111,"column":53}},"64":{"start":{"line":112,"column":12},"end":{"line":112,"column":19}},"65":{"start":{"line":116,"column":4},"end":{"line":122,"column":22}},"66":{"start":{"line":117,"column":32},"end":{"line":117,"column":72}},"67":{"start":{"line":118,"column":8},"end":{"line":121,"column":11}},"68":{"start":{"line":119,"column":12},"end":{"line":119,"column":53}},"69":{"start":{"line":120,"column":12},"end":{"line":120,"column":19}},"70":{"start":{"line":124,"column":4},"end":{"line":129,"column":7}},"71":{"start":{"line":125,"column":8},"end":{"line":128,"column":11}},"72":{"start":{"line":126,"column":12},"end":{"line":126,"column":53}},"73":{"start":{"line":127,"column":12},"end":{"line":127,"column":19}}},"fnMap":{"0":{"name":"(anonymous_0)","decl":{"start":{"line":4,"column":26},"end":{"line":4,"column":27}},"loc":{"start":{"line":4,"column":32},"end":{"line":131,"column":1}},"line":4},"1":{"name":"(anonymous_1)","decl":{"start":{"line":8,"column":55},"end":{"line":8,"column":56}},"loc":{"start":{"line":8,"column":61},"end":{"line":12,"column":5}},"line":8},"2":{"name":"(anonymous_2)","decl":{"start":{"line":14,"column":54},"end":{"line":14,"column":55}},"loc":{"start":{"line":14,"column":60},"end":{"line":19,"column":5}},"line":14},"3":{"name":"(anonymous_3)","decl":{"start":{"line":21,"column":63},"end":{"line":21,"column":64}},"loc":{"start":{"line":21,"column":69},"end":{"line":26,"column":5}},"line":21},"4":{"name":"(anonymous_4)","decl":{"start":{"line":28,"column":59},"end":{"line":28,"column":60}},"loc":{"start":{"line":28,"column":65},"end":{"line":32,"column":5}},"line":28},"5":{"name":"(anonymous_5)","decl":{"start":{"line":34,"column":58},"end":{"line":34,"column":59}},"loc":{"start":{"line":34,"column":64},"end":{"line":39,"column":5}},"line":34},"6":{"name":"(anonymous_6)","decl":{"start":{"line":41,"column":60},"end":{"line":41,"column":61}},"loc":{"start":{"line":41,"column":66},"end":{"line":46,"column":5}},"line":41},"7":{"name":"(anonymous_7)","decl":{"start":{"line":48,"column":67},"end":{"line":48,"column":68}},"loc":{"start":{"line":48,"column":73},"end":{"line":57,"column":5}},"line":48},"8":{"name":"(anonymous_8)","decl":{"start":{"line":52,"column":33},"end":{"line":52,"column":34}},"loc":{"start":{"line":52,"column":43},"end":{"line":54,"column":9}},"line":52},"9":{"name":"(anonymous_9)","decl":{"start":{"line":54,"column":18},"end":{"line":54,"column":19}},"loc":{"start":{"line":54,"column":33},"end":{"line":56,"column":9}},"line":54},"10":{"name":"(anonymous_10)","decl":{"start":{"line":59,"column":84},"end":{"line":59,"column":85}},"loc":{"start":{"line":59,"column":90},"end":{"line":64,"column":5}},"line":59},"11":{"name":"(anonymous_11)","decl":{"start":{"line":66,"column":63},"end":{"line":66,"column":64}},"loc":{"start":{"line":66,"column":69},"end":{"line":71,"column":5}},"line":66},"12":{"name":"(anonymous_12)","decl":{"start":{"line":73,"column":76},"end":{"line":73,"column":77}},"loc":{"start":{"line":73,"column":82},"end":{"line":78,"column":5}},"line":73},"13":{"name":"(anonymous_13)","decl":{"start":{"line":80,"column":95},"end":{"line":80,"column":96}},"loc":{"start":{"line":80,"column":101},"end":{"line":85,"column":5}},"line":80},"14":{"name":"(anonymous_14)","decl":{"start":{"line":87,"column":120},"end":{"line":87,"column":121}},"loc":{"start":{"line":87,"column":126},"end":{"line":92,"column":5}},"line":87},"15":{"name":"(anonymous_15)","decl":{"start":{"line":94,"column":87},"end":{"line":94,"column":88}},"loc":{"start":{"line":94,"column":93},"end":{"line":99,"column":5}},"line":94},"16":{"name":"(anonymous_16)","decl":{"start":{"line":101,"column":60},"end":{"line":101,"column":61}},"loc":{"start":{"line":101,"column":66},"end":{"line":106,"column":5}},"line":101},"17":{"name":"(anonymous_17)","decl":{"start":{"line":103,"column":63},"end":{"line":103,"column":64}},"loc":{"start":{"line":103,"column":79},"end":{"line":105,"column":9}},"line":103},"18":{"name":"(anonymous_18)","decl":{"start":{"line":108,"column":70},"end":{"line":108,"column":71}},"loc":{"start":{"line":108,"column":80},"end":{"line":114,"column":5}},"line":108},"19":{"name":"(anonymous_19)","decl":{"start":{"line":110,"column":51},"end":{"line":110,"column":52}},"loc":{"start":{"line":110,"column":67},"end":{"line":113,"column":9}},"line":110},"20":{"name":"(anonymous_20)","decl":{"start":{"line":116,"column":68},"end":{"line":116,"column":69}},"loc":{"start":{"line":116,"column":78},"end":{"line":122,"column":5}},"line":116},"21":{"name":"(anonymous_21)","decl":{"start":{"line":118,"column":49},"end":{"line":118,"column":50}},"loc":{"start":{"line":118,"column":65},"end":{"line":121,"column":9}},"line":118},"22":{"name":"(anonymous_22)","decl":{"start":{"line":124,"column":62},"end":{"line":124,"column":63}},"loc":{"start":{"line":124,"column":72},"end":{"line":129,"column":5}},"line":124},"23":{"name":"(anonymous_23)","decl":{"start":{"line":125,"column":55},"end":{"line":125,"column":56}},"loc":{"start":{"line":125,"column":71},"end":{"line":128,"column":9}},"line":125}},"branchMap":{"0":{"loc":{"start":{"line":55,"column":19},"end":{"line":55,"column":30}},"type":"binary-expr","locations":[{"start":{"line":55,"column":19},"end":{"line":55,"column":23}},{"start":{"line":55,"column":27},"end":{"line":55,"column":30}}],"line":55},"1":{"loc":{"start":{"line":91,"column":15},"end":{"line":91,"column":87}},"type":"binary-expr","locations":[{"start":{"line":91,"column":15},"end":{"line":91,"column":49}},{"start":{"line":91,"column":53},"end":{"line":91,"column":87}}],"line":91},"2":{"loc":{"start":{"line":98,"column":15},"end":{"line":98,"column":87}},"type":"binary-expr","locations":[{"start":{"line":98,"column":15},"end":{"line":98,"column":49}},{"start":{"line":98,"column":53},"end":{"line":98,"column":87}}],"line":98}},"s":{"0":0,"1":0,"2":0,"3":0,"4":0,"5":0,"6":0,"7":0,"8":0,"9":0,"10":0,"11":0,"12":0,"13":0,"14":0,"15":0,"16":0,"17":0,"18":0,"19":0,"20":0,"21":0,"22":0,"23":0,"24":0,"25":0,"26":0,"27":0,"28":0,"29":0,"30":0,"31":0,"32":0,"33":0,"34":0,"35":0,"36":0,"37":0,"38":0,"39":0,"40":0,"41":0,"42":0,"43":0,"44":0,"45":0,"46":0,"47":0,"48":0,"49":0,"50":0,"51":0,"52":0,"53":0,"54":0,"55":0,"56":0,"57":0,"58":0,"59":0,"60":0,"61":0,"62":0,"63":0,"64":0,"65":0,"66":0,"67":0,"68":0,"69":0,"70":0,"71":0,"72":0,"73":0},"f":{"0":0,"1":0,"2":0,"3":0,"4":0,"5":0,"6":0,"7":0,"8":0,"9":0,"10":0,"11":0,"12":0,"13":0,"14":0,"15":0,"16":0,"17":0,"18":0,"19":0,"20":0,"21":0,"22":0,"23":0},"b":{"0":[0,0],"1":[0,0],"2":[0,0]}},"/Users/eric/tp/log2990-03/Cadriciel/server/app/lexicon.spec.ts":{"path":"/Users/eric/tp/log2990-03/Cadriciel/server/app/lexicon.spec.ts","statementMap":{"0":{"start":{"line":5,"column":0},"end":{"line":53,"column":3}},"1":{"start":{"line":8,"column":4},"end":{"line":11,"column":7}},"2":{"start":{"line":9,"column":25},"end":{"line":9,"column":72}},"3":{"start":{"line":10,"column":8},"end":{"line":10,"column":40}},"4":{"start":{"line":13,"column":4},"end":{"line":33,"column":7}},"5":{"start":{"line":14,"column":8},"end":{"line":22,"column":11}},"6":{"start":{"line":15,"column":26},"end":{"line":15,"column":69}},"7":{"start":{"line":16,"column":12},"end":{"line":16,"column":55}},"8":{"start":{"line":17,"column":12},"end":{"line":17,"column":56}},"9":{"start":{"line":18,"column":12},"end":{"line":18,"column":56}},"10":{"start":{"line":19,"column":12},"end":{"line":19,"column":55}},"11":{"start":{"line":20,"column":12},"end":{"line":20,"column":56}},"12":{"start":{"line":21,"column":12},"end":{"line":21,"column":58}},"13":{"start":{"line":24,"column":8},"end":{"line":32,"column":11}},"14":{"start":{"line":25,"column":26},"end":{"line":25,"column":70}},"15":{"start":{"line":26,"column":12},"end":{"line":26,"column":56}},"16":{"start":{"line":27,"column":12},"end":{"line":27,"column":55}},"17":{"start":{"line":28,"column":12},"end":{"line":28,"column":56}},"18":{"start":{"line":29,"column":12},"end":{"line":29,"column":56}},"19":{"start":{"line":30,"column":12},"end":{"line":30,"column":57}},"20":{"start":{"line":31,"column":12},"end":{"line":31,"column":57}},"21":{"start":{"line":35,"column":4},"end":{"line":45,"column":7}},"22":{"start":{"line":36,"column":8},"end":{"line":44,"column":11}},"23":{"start":{"line":37,"column":26},"end":{"line":37,"column":66}},"24":{"start":{"line":38,"column":12},"end":{"line":38,"column":55}},"25":{"start":{"line":39,"column":12},"end":{"line":39,"column":55}},"26":{"start":{"line":40,"column":12},"end":{"line":40,"column":56}},"27":{"start":{"line":41,"column":12},"end":{"line":41,"column":55}},"28":{"start":{"line":42,"column":12},"end":{"line":42,"column":56}},"29":{"start":{"line":43,"column":12},"end":{"line":43,"column":57}},"30":{"start":{"line":47,"column":4},"end":{"line":52,"column":7}},"31":{"start":{"line":48,"column":8},"end":{"line":51,"column":11}},"32":{"start":{"line":49,"column":36},"end":{"line":49,"column":82}},"33":{"start":{"line":50,"column":12},"end":{"line":50,"column":82}}},"fnMap":{"0":{"name":"(anonymous_0)","decl":{"start":{"line":5,"column":20},"end":{"line":5,"column":21}},"loc":{"start":{"line":5,"column":26},"end":{"line":53,"column":1}},"line":5},"1":{"name":"(anonymous_1)","decl":{"start":{"line":8,"column":15},"end":{"line":8,"column":16}},"loc":{"start":{"line":8,"column":21},"end":{"line":11,"column":5}},"line":8},"2":{"name":"(anonymous_2)","decl":{"start":{"line":13,"column":63},"end":{"line":13,"column":64}},"loc":{"start":{"line":13,"column":69},"end":{"line":33,"column":5}},"line":13},"3":{"name":"(anonymous_3)","decl":{"start":{"line":14,"column":94},"end":{"line":14,"column":95}},"loc":{"start":{"line":14,"column":100},"end":{"line":22,"column":9}},"line":14},"4":{"name":"(anonymous_4)","decl":{"start":{"line":24,"column":96},"end":{"line":24,"column":97}},"loc":{"start":{"line":24,"column":102},"end":{"line":32,"column":9}},"line":24},"5":{"name":"(anonymous_5)","decl":{"start":{"line":35,"column":66},"end":{"line":35,"column":67}},"loc":{"start":{"line":35,"column":72},"end":{"line":45,"column":5}},"line":35},"6":{"name":"(anonymous_6)","decl":{"start":{"line":36,"column":87},"end":{"line":36,"column":88}},"loc":{"start":{"line":36,"column":93},"end":{"line":44,"column":9}},"line":36},"7":{"name":"(anonymous_7)","decl":{"start":{"line":47,"column":65},"end":{"line":47,"column":66}},"loc":{"start":{"line":47,"column":71},"end":{"line":52,"column":5}},"line":47},"8":{"name":"(anonymous_8)","decl":{"start":{"line":48,"column":74},"end":{"line":48,"column":75}},"loc":{"start":{"line":48,"column":80},"end":{"line":51,"column":9}},"line":48}},"branchMap":{},"s":{"0":0,"1":0,"2":0,"3":0,"4":0,"5":0,"6":0,"7":0,"8":0,"9":0,"10":0,"11":0,"12":0,"13":0,"14":0,"15":0,"16":0,"17":0,"18":0,"19":0,"20":0,"21":0,"22":0,"23":0,"24":0,"25":0,"26":0,"27":0,"28":0,"29":0,"30":0,"31":0,"32":0,"33":0},"f":{"0":0,"1":0,"2":0,"3":0,"4":0,"5":0,"6":0,"7":0,"8":0},"b":{}},"/Users/eric/tp/log2990-03/Cadriciel/server/app/routes/authentification.spec.ts":{"path":"/Users/eric/tp/log2990-03/Cadriciel/server/app/routes/authentification.spec.ts","statementMap":{"0":{"start":{"line":3,"column":0},"end":{"line":49,"column":3}},"1":{"start":{"line":4,"column":19},"end":{"line":4,"column":46}},"2":{"start":{"line":5,"column":17},"end":{"line":5,"column":32}},"3":{"start":{"line":6,"column":21},"end":{"line":6,"column":41}},"4":{"start":{"line":7,"column":4},"end":{"line":7,"column":23}},"5":{"start":{"line":10,"column":4},"end":{"line":18,"column":7}},"6":{"start":{"line":11,"column":8},"end":{"line":17,"column":15}},"7":{"start":{"line":15,"column":16},"end":{"line":15,"column":70}},"8":{"start":{"line":16,"column":16},"end":{"line":16,"column":23}},"9":{"start":{"line":20,"column":4},"end":{"line":28,"column":7}},"10":{"start":{"line":21,"column":8},"end":{"line":27,"column":15}},"11":{"start":{"line":25,"column":16},"end":{"line":25,"column":70}},"12":{"start":{"line":26,"column":16},"end":{"line":26,"column":23}},"13":{"start":{"line":30,"column":4},"end":{"line":38,"column":7}},"14":{"start":{"line":31,"column":8},"end":{"line":37,"column":15}},"15":{"start":{"line":35,"column":16},"end":{"line":35,"column":64}},"16":{"start":{"line":36,"column":16},"end":{"line":36,"column":23}},"17":{"start":{"line":40,"column":4},"end":{"line":48,"column":7}},"18":{"start":{"line":41,"column":8},"end":{"line":47,"column":15}},"19":{"start":{"line":45,"column":16},"end":{"line":45,"column":64}},"20":{"start":{"line":46,"column":16},"end":{"line":46,"column":23}}},"fnMap":{"0":{"name":"(anonymous_0)","decl":{"start":{"line":3,"column":27},"end":{"line":3,"column":28}},"loc":{"start":{"line":3,"column":33},"end":{"line":49,"column":1}},"line":3},"1":{"name":"(anonymous_1)","decl":{"start":{"line":10,"column":55},"end":{"line":10,"column":56}},"loc":{"start":{"line":10,"column":65},"end":{"line":18,"column":5}},"line":10},"2":{"name":"(anonymous_2)","decl":{"start":{"line":14,"column":17},"end":{"line":14,"column":18}},"loc":{"start":{"line":14,"column":41},"end":{"line":17,"column":13}},"line":14},"3":{"name":"(anonymous_3)","decl":{"start":{"line":20,"column":63},"end":{"line":20,"column":64}},"loc":{"start":{"line":20,"column":73},"end":{"line":28,"column":5}},"line":20},"4":{"name":"(anonymous_4)","decl":{"start":{"line":24,"column":17},"end":{"line":24,"column":18}},"loc":{"start":{"line":24,"column":41},"end":{"line":27,"column":13}},"line":24},"5":{"name":"(anonymous_5)","decl":{"start":{"line":30,"column":64},"end":{"line":30,"column":65}},"loc":{"start":{"line":30,"column":74},"end":{"line":38,"column":5}},"line":30},"6":{"name":"(anonymous_6)","decl":{"start":{"line":34,"column":17},"end":{"line":34,"column":18}},"loc":{"start":{"line":34,"column":41},"end":{"line":37,"column":13}},"line":34},"7":{"name":"(anonymous_7)","decl":{"start":{"line":40,"column":90},"end":{"line":40,"column":91}},"loc":{"start":{"line":40,"column":100},"end":{"line":48,"column":5}},"line":40},"8":{"name":"(anonymous_8)","decl":{"start":{"line":44,"column":17},"end":{"line":44,"column":18}},"loc":{"start":{"line":44,"column":41},"end":{"line":47,"column":13}},"line":44}},"branchMap":{},"s":{"0":0,"1":0,"2":0,"3":0,"4":0,"5":0,"6":0,"7":0,"8":0,"9":0,"10":0,"11":0,"12":0,"13":0,"14":0,"15":0,"16":0,"17":0,"18":0,"19":0,"20":0},"f":{"0":0,"1":0,"2":0,"3":0,"4":0,"5":0,"6":0,"7":0,"8":0},"b":{}},"/Users/eric/tp/log2990-03/Cadriciel/server/app/routes/crosswordSchema.ts":{"path":"/Users/eric/tp/log2990-03/Cadriciel/server/app/routes/crosswordSchema.ts","statementMap":{"0":{"start":{"line":3,"column":0},"end":{"line":6,"column":2}},"1":{"start":{"line":9,"column":11},"end":{"line":9,"column":30}},"2":{"start":{"line":12,"column":0},"end":{"line":12,"column":73}},"3":{"start":{"line":14,"column":24},"end":{"line":29,"column":2}},"4":{"start":{"line":32,"column":0},"end":{"line":32,"column":63}}},"fnMap":{},"branchMap":{},"s":{"0":0,"1":0,"2":0,"3":0,"4":0},"f":{},"b":{}},"/Users/eric/tp/log2990-03/Cadriciel/server/app/routes/lexicon.spec.ts":{"path":"/Users/eric/tp/log2990-03/Cadriciel/server/app/routes/lexicon.spec.ts","statementMap":{"0":{"start":{"line":3,"column":0},"end":{"line":118,"column":3}},"1":{"start":{"line":4,"column":17},"end":{"line":4,"column":32}},"2":{"start":{"line":5,"column":21},"end":{"line":5,"column":41}},"3":{"start":{"line":6,"column":4},"end":{"line":6,"column":23}},"4":{"start":{"line":7,"column":19},"end":{"line":7,"column":46}},"5":{"start":{"line":9,"column":4},"end":{"line":17,"column":7}},"6":{"start":{"line":10,"column":8},"end":{"line":16,"column":15}},"7":{"start":{"line":13,"column":36},"end":{"line":13,"column":56}},"8":{"start":{"line":14,"column":16},"end":{"line":14,"column":78}},"9":{"start":{"line":15,"column":16},"end":{"line":15,"column":23}},"10":{"start":{"line":19,"column":4},"end":{"line":27,"column":7}},"11":{"start":{"line":20,"column":8},"end":{"line":26,"column":15}},"12":{"start":{"line":23,"column":36},"end":{"line":23,"column":56}},"13":{"start":{"line":24,"column":16},"end":{"line":24,"column":47}},"14":{"start":{"line":25,"column":16},"end":{"line":25,"column":23}},"15":{"start":{"line":29,"column":4},"end":{"line":37,"column":7}},"16":{"start":{"line":30,"column":8},"end":{"line":36,"column":15}},"17":{"start":{"line":33,"column":40},"end":{"line":33,"column":48}},"18":{"start":{"line":34,"column":16},"end":{"line":34,"column":40}},"19":{"start":{"line":35,"column":16},"end":{"line":35,"column":23}},"20":{"start":{"line":39,"column":4},"end":{"line":47,"column":7}},"21":{"start":{"line":40,"column":8},"end":{"line":46,"column":15}},"22":{"start":{"line":43,"column":42},"end":{"line":43,"column":50}},"23":{"start":{"line":44,"column":16},"end":{"line":44,"column":92}},"24":{"start":{"line":45,"column":16},"end":{"line":45,"column":23}},"25":{"start":{"line":49,"column":4},"end":{"line":57,"column":7}},"26":{"start":{"line":50,"column":8},"end":{"line":56,"column":15}},"27":{"start":{"line":53,"column":42},"end":{"line":53,"column":50}},"28":{"start":{"line":54,"column":16},"end":{"line":54,"column":48}},"29":{"start":{"line":55,"column":16},"end":{"line":55,"column":23}},"30":{"start":{"line":59,"column":4},"end":{"line":67,"column":7}},"31":{"start":{"line":60,"column":8},"end":{"line":66,"column":15}},"32":{"start":{"line":63,"column":42},"end":{"line":63,"column":50}},"33":{"start":{"line":64,"column":16},"end":{"line":64,"column":45}},"34":{"start":{"line":65,"column":16},"end":{"line":65,"column":23}},"35":{"start":{"line":69,"column":4},"end":{"line":77,"column":7}},"36":{"start":{"line":70,"column":8},"end":{"line":76,"column":15}},"37":{"start":{"line":73,"column":42},"end":{"line":73,"column":50}},"38":{"start":{"line":74,"column":16},"end":{"line":74,"column":88}},"39":{"start":{"line":75,"column":16},"end":{"line":75,"column":23}},"40":{"start":{"line":79,"column":4},"end":{"line":87,"column":7}},"41":{"start":{"line":80,"column":8},"end":{"line":86,"column":15}},"42":{"start":{"line":83,"column":42},"end":{"line":83,"column":50}},"43":{"start":{"line":84,"column":16},"end":{"line":84,"column":71}},"44":{"start":{"line":85,"column":16},"end":{"line":85,"column":23}},"45":{"start":{"line":89,"column":4},"end":{"line":97,"column":7}},"46":{"start":{"line":90,"column":8},"end":{"line":96,"column":15}},"47":{"start":{"line":93,"column":42},"end":{"line":93,"column":50}},"48":{"start":{"line":94,"column":16},"end":{"line":94,"column":92}},"49":{"start":{"line":95,"column":16},"end":{"line":95,"column":23}},"50":{"start":{"line":99,"column":4},"end":{"line":107,"column":22}},"51":{"start":{"line":100,"column":8},"end":{"line":106,"column":15}},"52":{"start":{"line":103,"column":42},"end":{"line":103,"column":50}},"53":{"start":{"line":104,"column":16},"end":{"line":104,"column":43}},"54":{"start":{"line":105,"column":16},"end":{"line":105,"column":23}},"55":{"start":{"line":109,"column":4},"end":{"line":117,"column":22}},"56":{"start":{"line":110,"column":8},"end":{"line":116,"column":15}},"57":{"start":{"line":113,"column":42},"end":{"line":113,"column":50}},"58":{"start":{"line":114,"column":16},"end":{"line":114,"column":43}},"59":{"start":{"line":115,"column":16},"end":{"line":115,"column":23}}},"fnMap":{"0":{"name":"(anonymous_0)","decl":{"start":{"line":3,"column":20},"end":{"line":3,"column":21}},"loc":{"start":{"line":3,"column":26},"end":{"line":118,"column":1}},"line":3},"1":{"name":"(anonymous_1)","decl":{"start":{"line":9,"column":47},"end":{"line":9,"column":48}},"loc":{"start":{"line":9,"column":57},"end":{"line":17,"column":5}},"line":9},"2":{"name":"(anonymous_2)","decl":{"start":{"line":12,"column":17},"end":{"line":12,"column":18}},"loc":{"start":{"line":12,"column":41},"end":{"line":16,"column":13}},"line":12},"3":{"name":"(anonymous_3)","decl":{"start":{"line":19,"column":52},"end":{"line":19,"column":53}},"loc":{"start":{"line":19,"column":62},"end":{"line":27,"column":5}},"line":19},"4":{"name":"(anonymous_4)","decl":{"start":{"line":22,"column":17},"end":{"line":22,"column":18}},"loc":{"start":{"line":22,"column":41},"end":{"line":26,"column":13}},"line":22},"5":{"name":"(anonymous_5)","decl":{"start":{"line":29,"column":54},"end":{"line":29,"column":55}},"loc":{"start":{"line":29,"column":64},"end":{"line":37,"column":5}},"line":29},"6":{"name":"(anonymous_6)","decl":{"start":{"line":32,"column":17},"end":{"line":32,"column":18}},"loc":{"start":{"line":32,"column":41},"end":{"line":36,"column":13}},"line":32},"7":{"name":"(anonymous_7)","decl":{"start":{"line":39,"column":53},"end":{"line":39,"column":54}},"loc":{"start":{"line":39,"column":63},"end":{"line":47,"column":5}},"line":39},"8":{"name":"(anonymous_8)","decl":{"start":{"line":42,"column":17},"end":{"line":42,"column":18}},"loc":{"start":{"line":42,"column":41},"end":{"line":46,"column":13}},"line":42},"9":{"name":"(anonymous_9)","decl":{"start":{"line":49,"column":53},"end":{"line":49,"column":54}},"loc":{"start":{"line":49,"column":63},"end":{"line":57,"column":5}},"line":49},"10":{"name":"(anonymous_10)","decl":{"start":{"line":52,"column":17},"end":{"line":52,"column":18}},"loc":{"start":{"line":52,"column":41},"end":{"line":56,"column":13}},"line":52},"11":{"name":"(anonymous_11)","decl":{"start":{"line":59,"column":73},"end":{"line":59,"column":74}},"loc":{"start":{"line":59,"column":83},"end":{"line":67,"column":5}},"line":59},"12":{"name":"(anonymous_12)","decl":{"start":{"line":62,"column":17},"end":{"line":62,"column":18}},"loc":{"start":{"line":62,"column":41},"end":{"line":66,"column":13}},"line":62},"13":{"name":"(anonymous_13)","decl":{"start":{"line":69,"column":58},"end":{"line":69,"column":59}},"loc":{"start":{"line":69,"column":68},"end":{"line":77,"column":5}},"line":69},"14":{"name":"(anonymous_14)","decl":{"start":{"line":72,"column":17},"end":{"line":72,"column":18}},"loc":{"start":{"line":72,"column":41},"end":{"line":76,"column":13}},"line":72},"15":{"name":"(anonymous_15)","decl":{"start":{"line":79,"column":63},"end":{"line":79,"column":64}},"loc":{"start":{"line":79,"column":73},"end":{"line":87,"column":5}},"line":79},"16":{"name":"(anonymous_16)","decl":{"start":{"line":82,"column":17},"end":{"line":82,"column":18}},"loc":{"start":{"line":82,"column":41},"end":{"line":86,"column":13}},"line":82},"17":{"name":"(anonymous_17)","decl":{"start":{"line":89,"column":96},"end":{"line":89,"column":97}},"loc":{"start":{"line":89,"column":106},"end":{"line":97,"column":5}},"line":89},"18":{"name":"(anonymous_18)","decl":{"start":{"line":92,"column":17},"end":{"line":92,"column":18}},"loc":{"start":{"line":92,"column":41},"end":{"line":96,"column":13}},"line":92},"19":{"name":"(anonymous_19)","decl":{"start":{"line":99,"column":41},"end":{"line":99,"column":42}},"loc":{"start":{"line":99,"column":51},"end":{"line":107,"column":5}},"line":99},"20":{"name":"(anonymous_20)","decl":{"start":{"line":102,"column":17},"end":{"line":102,"column":18}},"loc":{"start":{"line":102,"column":41},"end":{"line":106,"column":13}},"line":102},"21":{"name":"(anonymous_21)","decl":{"start":{"line":109,"column":43},"end":{"line":109,"column":44}},"loc":{"start":{"line":109,"column":53},"end":{"line":117,"column":5}},"line":109},"22":{"name":"(anonymous_22)","decl":{"start":{"line":112,"column":17},"end":{"line":112,"column":18}},"loc":{"start":{"line":112,"column":41},"end":{"line":116,"column":13}},"line":112}},"branchMap":{"0":{"loc":{"start":{"line":44,"column":23},"end":{"line":44,"column":90}},"type":"binary-expr","locations":[{"start":{"line":44,"column":23},"end":{"line":44,"column":45}},{"start":{"line":44,"column":49},"end":{"line":44,"column":90}}],"line":44},"1":{"loc":{"start":{"line":74,"column":23},"end":{"line":74,"column":86}},"type":"binary-expr","locations":[{"start":{"line":74,"column":23},"end":{"line":74,"column":44}},{"start":{"line":74,"column":48},"end":{"line":74,"column":86}}],"line":74},"2":{"loc":{"start":{"line":84,"column":23},"end":{"line":84,"column":69}},"type":"binary-expr","locations":[{"start":{"line":84,"column":23},"end":{"line":84,"column":44}},{"start":{"line":84,"column":48},"end":{"line":84,"column":69}}],"line":84},"3":{"loc":{"start":{"line":94,"column":23},"end":{"line":94,"column":90}},"type":"binary-expr","locations":[{"start":{"line":94,"column":23},"end":{"line":94,"column":46}},{"start":{"line":94,"column":50},"end":{"line":94,"column":90}}],"line":94}},"s":{"0":0,"1":0,"2":0,"3":0,"4":0,"5":0,"6":0,"7":0,"8":0,"9":0,"10":0,"11":0,"12":0,"13":0,"14":0,"15":0,"16":0,"17":0,"18":0,"19":0,"20":0,"21":0,"22":0,"23":0,"24":0,"25":0,"26":0,"27":0,"28":0,"29":0,"30":0,"31":0,"32":0,"33":0,"34":0,"35":0,"36":0,"37":0,"38":0,"39":0,"40":0,"41":0,"42":0,"43":0,"44":0,"45":0,"46":0,"47":0,"48":0,"49":0,"50":0,"51":0,"52":0,"53":0,"54":0,"55":0,"56":0,"57":0,"58":0,"59":0},"f":{"0":0,"1":0,"2":0,"3":0,"4":0,"5":0,"6":0,"7":0,"8":0,"9":0,"10":0,"11":0,"12":0,"13":0,"14":0,"15":0,"16":0,"17":0,"18":0,"19":0,"20":0,"21":0,"22":0},"b":{"0":[0,0],"1":[0,0],"2":[0,0],"3":[0,0]}},"/Users/eric/tp/log2990-03/Cadriciel/server/app/routes/serverCrosswordsRoute.spec.ts":{"path":"/Users/eric/tp/log2990-03/Cadriciel/server/app/routes/serverCrosswordsRoute.spec.ts","statementMap":{"0":{"start":{"line":3,"column":0},"end":{"line":77,"column":3}},"1":{"start":{"line":4,"column":17},"end":{"line":4,"column":32}},"2":{"start":{"line":5,"column":21},"end":{"line":5,"column":41}},"3":{"start":{"line":6,"column":4},"end":{"line":6,"column":23}},"4":{"start":{"line":7,"column":19},"end":{"line":7,"column":46}},"5":{"start":{"line":10,"column":4},"end":{"line":18,"column":21}},"6":{"start":{"line":11,"column":8},"end":{"line":17,"column":11}},"7":{"start":{"line":14,"column":34},"end":{"line":14,"column":54}},"8":{"start":{"line":15,"column":16},"end":{"line":15,"column":56}},"9":{"start":{"line":16,"column":16},"end":{"line":16,"column":23}},"10":{"start":{"line":20,"column":4},"end":{"line":28,"column":21}},"11":{"start":{"line":21,"column":8},"end":{"line":27,"column":11}},"12":{"start":{"line":24,"column":34},"end":{"line":24,"column":54}},"13":{"start":{"line":25,"column":16},"end":{"line":25,"column":58}},"14":{"start":{"line":26,"column":16},"end":{"line":26,"column":23}},"15":{"start":{"line":30,"column":4},"end":{"line":38,"column":21}},"16":{"start":{"line":31,"column":8},"end":{"line":37,"column":11}},"17":{"start":{"line":34,"column":34},"end":{"line":34,"column":54}},"18":{"start":{"line":35,"column":16},"end":{"line":35,"column":56}},"19":{"start":{"line":36,"column":16},"end":{"line":36,"column":23}},"20":{"start":{"line":40,"column":4},"end":{"line":50,"column":7}},"21":{"start":{"line":41,"column":33},"end":{"line":41,"column":123}},"22":{"start":{"line":42,"column":8},"end":{"line":49,"column":15}},"23":{"start":{"line":46,"column":34},"end":{"line":46,"column":54}},"24":{"start":{"line":47,"column":16},"end":{"line":47,"column":66}},"25":{"start":{"line":48,"column":16},"end":{"line":48,"column":23}},"26":{"start":{"line":52,"column":4},"end":{"line":62,"column":7}},"27":{"start":{"line":53,"column":33},"end":{"line":53,"column":121}},"28":{"start":{"line":54,"column":8},"end":{"line":61,"column":15}},"29":{"start":{"line":58,"column":34},"end":{"line":58,"column":54}},"30":{"start":{"line":59,"column":16},"end":{"line":59,"column":68}},"31":{"start":{"line":60,"column":16},"end":{"line":60,"column":23}},"32":{"start":{"line":64,"column":4},"end":{"line":74,"column":7}},"33":{"start":{"line":65,"column":33},"end":{"line":65,"column":121}},"34":{"start":{"line":66,"column":8},"end":{"line":73,"column":15}},"35":{"start":{"line":70,"column":34},"end":{"line":70,"column":54}},"36":{"start":{"line":71,"column":16},"end":{"line":71,"column":66}},"37":{"start":{"line":72,"column":16},"end":{"line":72,"column":23}}},"fnMap":{"0":{"name":"(anonymous_0)","decl":{"start":{"line":3,"column":36},"end":{"line":3,"column":37}},"loc":{"start":{"line":3,"column":42},"end":{"line":77,"column":1}},"line":3},"1":{"name":"(anonymous_1)","decl":{"start":{"line":10,"column":36},"end":{"line":10,"column":37}},"loc":{"start":{"line":10,"column":46},"end":{"line":18,"column":5}},"line":10},"2":{"name":"(anonymous_2)","decl":{"start":{"line":13,"column":17},"end":{"line":13,"column":18}},"loc":{"start":{"line":13,"column":41},"end":{"line":17,"column":9}},"line":13},"3":{"name":"(anonymous_3)","decl":{"start":{"line":20,"column":37},"end":{"line":20,"column":38}},"loc":{"start":{"line":20,"column":47},"end":{"line":28,"column":5}},"line":20},"4":{"name":"(anonymous_4)","decl":{"start":{"line":23,"column":17},"end":{"line":23,"column":18}},"loc":{"start":{"line":23,"column":41},"end":{"line":27,"column":9}},"line":23},"5":{"name":"(anonymous_5)","decl":{"start":{"line":30,"column":35},"end":{"line":30,"column":36}},"loc":{"start":{"line":30,"column":45},"end":{"line":38,"column":5}},"line":30},"6":{"name":"(anonymous_6)","decl":{"start":{"line":33,"column":17},"end":{"line":33,"column":18}},"loc":{"start":{"line":33,"column":41},"end":{"line":37,"column":9}},"line":33},"7":{"name":"(anonymous_7)","decl":{"start":{"line":40,"column":43},"end":{"line":40,"column":44}},"loc":{"start":{"line":40,"column":53},"end":{"line":50,"column":5}},"line":40},"8":{"name":"(anonymous_8)","decl":{"start":{"line":45,"column":17},"end":{"line":45,"column":18}},"loc":{"start":{"line":45,"column":41},"end":{"line":49,"column":13}},"line":45},"9":{"name":"(anonymous_9)","decl":{"start":{"line":52,"column":45},"end":{"line":52,"column":46}},"loc":{"start":{"line":52,"column":55},"end":{"line":62,"column":5}},"line":52},"10":{"name":"(anonymous_10)","decl":{"start":{"line":57,"column":17},"end":{"line":57,"column":18}},"loc":{"start":{"line":57,"column":41},"end":{"line":61,"column":13}},"line":57},"11":{"name":"(anonymous_11)","decl":{"start":{"line":64,"column":43},"end":{"line":64,"column":44}},"loc":{"start":{"line":64,"column":53},"end":{"line":74,"column":5}},"line":64},"12":{"name":"(anonymous_12)","decl":{"start":{"line":69,"column":17},"end":{"line":69,"column":18}},"loc":{"start":{"line":69,"column":41},"end":{"line":73,"column":13}},"line":69}},"branchMap":{},"s":{"0":0,"1":0,"2":0,"3":0,"4":0,"5":0,"6":0,"7":0,"8":0,"9":0,"10":0,"11":0,"12":0,"13":0,"14":0,"15":0,"16":0,"17":0,"18":0,"19":0,"20":0,"21":0,"22":0,"23":0,"24":0,"25":0,"26":0,"27":0,"28":0,"29":0,"30":0,"31":0,"32":0,"33":0,"34":0,"35":0,"36":0,"37":0},"f":{"0":0,"1":0,"2":0,"3":0,"4":0,"5":0,"6":0,"7":0,"8":0,"9":0,"10":0,"11":0,"12":0},"b":{}},"/Users/eric/tp/log2990-03/Cadriciel/server/app/routes/track.spec.ts":{"path":"/Users/eric/tp/log2990-03/Cadriciel/server/app/routes/track.spec.ts","statementMap":{"0":{"start":{"line":3,"column":0},"end":{"line":46,"column":3}},"1":{"start":{"line":4,"column":17},"end":{"line":4,"column":32}},"2":{"start":{"line":5,"column":21},"end":{"line":5,"column":41}},"3":{"start":{"line":6,"column":4},"end":{"line":6,"column":23}},"4":{"start":{"line":7,"column":19},"end":{"line":7,"column":46}},"5":{"start":{"line":9,"column":4},"end":{"line":24,"column":7}},"6":{"start":{"line":10,"column":8},"end":{"line":23,"column":15}},"7":{"start":{"line":21,"column":16},"end":{"line":21,"column":64}},"8":{"start":{"line":22,"column":16},"end":{"line":22,"column":23}},"9":{"start":{"line":26,"column":4},"end":{"line":34,"column":7}},"10":{"start":{"line":27,"column":8},"end":{"line":33,"column":15}},"11":{"start":{"line":30,"column":31},"end":{"line":30,"column":51}},"12":{"start":{"line":31,"column":16},"end":{"line":31,"column":42}},"13":{"start":{"line":32,"column":16},"end":{"line":32,"column":23}},"14":{"start":{"line":36,"column":4},"end":{"line":44,"column":7}},"15":{"start":{"line":37,"column":8},"end":{"line":43,"column":15}},"16":{"start":{"line":40,"column":30},"end":{"line":40,"column":50}},"17":{"start":{"line":41,"column":16},"end":{"line":41,"column":56}},"18":{"start":{"line":42,"column":16},"end":{"line":42,"column":23}}},"fnMap":{"0":{"name":"(anonymous_0)","decl":{"start":{"line":3,"column":18},"end":{"line":3,"column":19}},"loc":{"start":{"line":3,"column":24},"end":{"line":46,"column":1}},"line":3},"1":{"name":"(anonymous_1)","decl":{"start":{"line":9,"column":52},"end":{"line":9,"column":53}},"loc":{"start":{"line":9,"column":62},"end":{"line":24,"column":5}},"line":9},"2":{"name":"(anonymous_2)","decl":{"start":{"line":20,"column":19},"end":{"line":20,"column":20}},"loc":{"start":{"line":20,"column":43},"end":{"line":23,"column":13}},"line":20},"3":{"name":"(anonymous_3)","decl":{"start":{"line":26,"column":41},"end":{"line":26,"column":42}},"loc":{"start":{"line":26,"column":51},"end":{"line":34,"column":5}},"line":26},"4":{"name":"(anonymous_4)","decl":{"start":{"line":29,"column":17},"end":{"line":29,"column":18}},"loc":{"start":{"line":29,"column":41},"end":{"line":33,"column":13}},"line":29},"5":{"name":"(anonymous_5)","decl":{"start":{"line":36,"column":53},"end":{"line":36,"column":54}},"loc":{"start":{"line":36,"column":63},"end":{"line":44,"column":5}},"line":36},"6":{"name":"(anonymous_6)","decl":{"start":{"line":39,"column":17},"end":{"line":39,"column":18}},"loc":{"start":{"line":39,"column":41},"end":{"line":43,"column":13}},"line":39}},"branchMap":{},"s":{"0":0,"1":0,"2":0,"3":0,"4":0,"5":0,"6":0,"7":0,"8":0,"9":0,"10":0,"11":0,"12":0,"13":0,"14":0,"15":0,"16":0,"17":0,"18":0},"f":{"0":0,"1":0,"2":0,"3":0,"4":0,"5":0,"6":0},"b":{}},"/Users/eric/tp/log2990-03/Cadriciel/server/app/routes/trackSchema.ts":{"path":"/Users/eric/tp/log2990-03/Cadriciel/server/app/routes/trackSchema.ts","statementMap":{"0":{"start":{"line":3,"column":0},"end":{"line":3,"column":122}},"1":{"start":{"line":4,"column":11},"end":{"line":4,"column":30}},"2":{"start":{"line":6,"column":0},"end":{"line":6,"column":73}},"3":{"start":{"line":8,"column":20},"end":{"line":42,"column":2}},"4":{"start":{"line":44,"column":0},"end":{"line":44,"column":55}}},"fnMap":{},"branchMap":{},"s":{"0":0,"1":0,"2":0,"3":0,"4":0},"f":{},"b":{}},"/Users/eric/tp/log2990-03/Cadriciel/server/app/utilities.spec.ts":{"path":"/Users/eric/tp/log2990-03/Cadriciel/server/app/utilities.spec.ts","statementMap":{"0":{"start":{"line":4,"column":0},"end":{"line":12,"column":3}},"1":{"start":{"line":5,"column":4},"end":{"line":11,"column":7}},"2":{"start":{"line":6,"column":8},"end":{"line":10,"column":11}},"3":{"start":{"line":7,"column":22},"end":{"line":7,"column":35}},"4":{"start":{"line":8,"column":22},"end":{"line":8,"column":43}},"5":{"start":{"line":9,"column":12},"end":{"line":9,"column":38}}},"fnMap":{"0":{"name":"(anonymous_0)","decl":{"start":{"line":4,"column":22},"end":{"line":4,"column":23}},"loc":{"start":{"line":4,"column":28},"end":{"line":12,"column":1}},"line":4},"1":{"name":"(anonymous_1)","decl":{"start":{"line":5,"column":47},"end":{"line":5,"column":48}},"loc":{"start":{"line":5,"column":53},"end":{"line":11,"column":5}},"line":5},"2":{"name":"(anonymous_2)","decl":{"start":{"line":6,"column":61},"end":{"line":6,"column":62}},"loc":{"start":{"line":6,"column":67},"end":{"line":10,"column":9}},"line":6}},"branchMap":{},"s":{"0":0,"1":0,"2":0,"3":0,"4":0,"5":0},"f":{"0":0,"1":0,"2":0},"b":{}},"/Users/eric/tp/log2990-03/Cadriciel/server/app/www.ts":{"path":"/Users/eric/tp/log2990-03/Cadriciel/server/app/www.ts","statementMap":{"0":{"start":{"line":12,"column":11},"end":{"line":12,"column":37}},"1":{"start":{"line":15,"column":0},"end":{"line":91,"column":7}},"2":{"start":{"line":16,"column":16},"end":{"line":16,"column":49}},"3":{"start":{"line":18,"column":41},"end":{"line":18,"column":64}},"4":{"start":{"line":21,"column":33},"end":{"line":21,"column":63}},"5":{"start":{"line":22,"column":8},"end":{"line":22,"column":53}},"6":{"start":{"line":23,"column":8},"end":{"line":90,"column":15}},"7":{"start":{"line":24,"column":24},"end":{"line":24,"column":66}},"8":{"start":{"line":27,"column":32},"end":{"line":27,"column":73}},"9":{"start":{"line":28,"column":16},"end":{"line":28,"column":53}},"10":{"start":{"line":31,"column":31},"end":{"line":31,"column":65}},"11":{"start":{"line":36,"column":16},"end":{"line":36,"column":39}},"12":{"start":{"line":37,"column":16},"end":{"line":37,"column":44}},"13":{"start":{"line":38,"column":16},"end":{"line":38,"column":52}},"14":{"start":{"line":40,"column":38},"end":{"line":40,"column":63}},"15":{"start":{"line":41,"column":16},"end":{"line":41,"column":46}},"16":{"start":{"line":50,"column":41},"end":{"line":50,"column":92}},"17":{"start":{"line":51,"column":20},"end":{"line":57,"column":21}},"18":{"start":{"line":52,"column":24},"end":{"line":52,"column":35}},"19":{"start":{"line":53,"column":27},"end":{"line":57,"column":21}},"20":{"start":{"line":54,"column":24},"end":{"line":54,"column":36}},"21":{"start":{"line":56,"column":24},"end":{"line":56,"column":37}},"22":{"start":{"line":66,"column":20},"end":{"line":66,"column":68}},"23":{"start":{"line":66,"column":54},"end":{"line":66,"column":66}},"24":{"start":{"line":67,"column":33},"end":{"line":67,"column":102}},"25":{"start":{"line":68,"column":20},"end":{"line":79,"column":21}},"26":{"start":{"line":70,"column":28},"end":{"line":70,"column":82}},"27":{"start":{"line":71,"column":28},"end":{"line":71,"column":44}},"28":{"start":{"line":72,"column":28},"end":{"line":72,"column":34}},"29":{"start":{"line":74,"column":28},"end":{"line":74,"column":71}},"30":{"start":{"line":75,"column":28},"end":{"line":75,"column":44}},"31":{"start":{"line":76,"column":28},"end":{"line":76,"column":34}},"32":{"start":{"line":78,"column":28},"end":{"line":78,"column":40}},"33":{"start":{"line":86,"column":33},"end":{"line":86,"column":49}},"34":{"start":{"line":87,"column":33},"end":{"line":87,"column":98}},"35":{"start":{"line":88,"column":20},"end":{"line":88,"column":56}}},"fnMap":{"0":{"name":"(anonymous_0)","decl":{"start":{"line":16,"column":10},"end":{"line":16,"column":11}},"loc":{"start":{"line":16,"column":16},"end":{"line":16,"column":49}},"line":16},"1":{"name":"(anonymous_1)","decl":{"start":{"line":17,"column":10},"end":{"line":17,"column":11}},"loc":{"start":{"line":17,"column":16},"end":{"line":91,"column":5}},"line":17},"2":{"name":"(anonymous_2)","decl":{"start":{"line":24,"column":18},"end":{"line":24,"column":19}},"loc":{"start":{"line":24,"column":24},"end":{"line":24,"column":66}},"line":24},"3":{"name":"(anonymous_3)","decl":{"start":{"line":25,"column":18},"end":{"line":25,"column":19}},"loc":{"start":{"line":25,"column":24},"end":{"line":90,"column":13}},"line":25},"4":{"name":"normalizePort","decl":{"start":{"line":49,"column":25},"end":{"line":49,"column":38}},"loc":{"start":{"line":49,"column":88},"end":{"line":58,"column":17}},"line":49},"5":{"name":"onError","decl":{"start":{"line":65,"column":25},"end":{"line":65,"column":32}},"loc":{"start":{"line":65,"column":69},"end":{"line":80,"column":17}},"line":65},"6":{"name":"onListening","decl":{"start":{"line":85,"column":25},"end":{"line":85,"column":36}},"loc":{"start":{"line":85,"column":45},"end":{"line":89,"column":17}},"line":85}},"branchMap":{"0":{"loc":{"start":{"line":27,"column":46},"end":{"line":27,"column":72}},"type":"binary-expr","locations":[{"start":{"line":27,"column":46},"end":{"line":27,"column":62}},{"start":{"line":27,"column":66},"end":{"line":27,"column":72}}],"line":27},"1":{"loc":{"start":{"line":50,"column":41},"end":{"line":50,"column":92}},"type":"cond-expr","locations":[{"start":{"line":50,"column":69},"end":{"line":50,"column":86}},{"start":{"line":50,"column":89},"end":{"line":50,"column":92}}],"line":50},"2":{"loc":{"start":{"line":51,"column":20},"end":{"line":57,"column":21}},"type":"if","locations":[{"start":{"line":51,"column":20},"end":{"line":57,"column":21}},{"start":{"line":51,"column":20},"end":{"line":57,"column":21}}],"line":51},"3":{"loc":{"start":{"line":53,"column":27},"end":{"line":57,"column":21}},"type":"if","locations":[{"start":{"line":53,"column":27},"end":{"line":57,"column":21}},{"start":{"line":53,"column":27},"end":{"line":57,"column":21}}],"line":53},"4":{"loc":{"start":{"line":66,"column":20},"end":{"line":66,"column":68}},"type":"if","locations":[{"start":{"line":66,"column":20},"end":{"line":66,"column":68}},{"start":{"line":66,"column":20},"end":{"line":66,"column":68}}],"line":66},"5":{"loc":{"start":{"line":67,"column":33},"end":{"line":67,"column":102}},"type":"cond-expr","locations":[{"start":{"line":67,"column":65},"end":{"line":67,"column":82}},{"start":{"line":67,"column":85},"end":{"line":67,"column":102}}],"line":67},"6":{"loc":{"start":{"line":68,"column":20},"end":{"line":79,"column":21}},"type":"switch","locations":[{"start":{"line":69,"column":24},"end":{"line":72,"column":34}},{"start":{"line":73,"column":24},"end":{"line":76,"column":34}},{"start":{"line":77,"column":24},"end":{"line":78,"column":40}}],"line":68},"7":{"loc":{"start":{"line":87,"column":33},"end":{"line":87,"column":98}},"type":"cond-expr","locations":[{"start":{"line":87,"column":62},"end":{"line":87,"column":76}},{"start":{"line":87,"column":79},"end":{"line":87,"column":98}}],"line":87}},"s":{"0":0,"1":0,"2":0,"3":0,"4":0,"5":0,"6":0,"7":0,"8":0,"9":0,"10":0,"11":0,"12":0,"13":0,"14":0,"15":0,"16":0,"17":0,"18":0,"19":0,"20":0,"21":0,"22":0,"23":0,"24":0,"25":0,"26":0,"27":0,"28":0,"29":0,"30":0,"31":0,"32":0,"33":0,"34":0,"35":0},"f":{"0":0,"1":0,"2":0,"3":0,"4":0,"5":0,"6":0},"b":{"0":[0,0],"1":[0,0],"2":[0,0],"3":[0,0],"4":[0,0],"5":[0,0],"6":[0,0,0],"7":[0,0]}},"/Users/eric/tp/log2990-03/Cadriciel/server/coverage/prettify.js":{"path":"/Users/eric/tp/log2990-03/Cadriciel/server/coverage/prettify.js","statementMap":{"0":{"start":{"line":1,"column":0},"end":{"line":1,"column":39}},"1":{"start":{"line":1,"column":39},"end":{"line":1,"column":15785}},"2":{"start":{"line":1,"column":57},"end":{"line":1,"column":103}},"3":{"start":{"line":1,"column":110},"end":{"line":1,"column":270}},"4":{"start":{"line":1,"column":277},"end":{"line":1,"column":379}},"5":{"start":{"line":1,"column":386},"end":{"line":1,"column":644}},"6":{"start":{"line":1,"column":651},"end":{"line":1,"column":794}},"7":{"start":{"line":1,"column":801},"end":{"line":1,"column":1069}},"8":{"start":{"line":1,"column":1076},"end":{"line":1,"column":1234}},"9":{"start":{"line":1,"column":1241},"end":{"line":1,"column":1321}},"10":{"start":{"line":1,"column":1328},"end":{"line":1,"column":1504}},"11":{"start":{"line":1,"column":1511},"end":{"line":1,"column":1665}},"12":{"start":{"line":1,"column":1672},"end":{"line":1,"column":1844}},"13":{"start":{"line":1,"column":1851},"end":{"line":1,"column":1917}},"14":{"start":{"line":1,"column":1924},"end":{"line":1,"column":1939}},"15":{"start":{"line":1,"column":1946},"end":{"line":1,"column":2058}},"16":{"start":{"line":1,"column":2065},"end":{"line":1,"column":2070}},"17":{"start":{"line":1,"column":2077},"end":{"line":1,"column":2082}},"18":{"start":{"line":1,"column":2089},"end":{"line":1,"column":2094}},"19":{"start":{"line":1,"column":2101},"end":{"line":1,"column":2106}},"20":{"start":{"line":1,"column":2113},"end":{"line":1,"column":2118}},"21":{"start":{"line":1,"column":2125},"end":{"line":1,"column":2130}},"22":{"start":{"line":1,"column":2137},"end":{"line":1,"column":2142}},"23":{"start":{"line":1,"column":2149},"end":{"line":1,"column":2154}},"24":{"start":{"line":1,"column":2161},"end":{"line":1,"column":2166}},"25":{"start":{"line":1,"column":2173},"end":{"line":1,"column":2178}},"26":{"start":{"line":1,"column":2185},"end":{"line":1,"column":2190}},"27":{"start":{"line":1,"column":2197},"end":{"line":1,"column":2202}},"28":{"start":{"line":1,"column":2209},"end":{"line":1,"column":2217}},"29":{"start":{"line":1,"column":2224},"end":{"line":1,"column":2523}},"30":{"start":{"line":1,"column":2545},"end":{"line":1,"column":2546}},"31":{"start":{"line":1,"column":2553},"end":{"line":1,"column":2558}},"32":{"start":{"line":1,"column":2566},"end":{"line":1,"column":2571}},"33":{"start":{"line":1,"column":2572},"end":{"line":1,"column":2754}},"34":{"start":{"line":1,"column":2611},"end":{"line":1,"column":2615}},"35":{"start":{"line":1,"column":2616},"end":{"line":1,"column":2753}},"36":{"start":{"line":1,"column":2634},"end":{"line":1,"column":2641}},"37":{"start":{"line":1,"column":2647},"end":{"line":1,"column":2752}},"38":{"start":{"line":1,"column":2730},"end":{"line":1,"column":2737}},"39":{"start":{"line":1,"column":2737},"end":{"line":1,"column":2746}},"40":{"start":{"line":1,"column":2746},"end":{"line":1,"column":2751}},"41":{"start":{"line":1,"column":2760},"end":{"line":1,"column":2789}},"42":{"start":{"line":1,"column":2813},"end":{"line":1,"column":2829}},"43":{"start":{"line":1,"column":2830},"end":{"line":1,"column":2852}},"44":{"start":{"line":1,"column":2842},"end":{"line":1,"column":2851}},"45":{"start":{"line":1,"column":2859},"end":{"line":1,"column":2871}},"46":{"start":{"line":1,"column":2872},"end":{"line":1,"column":2881}},"47":{"start":{"line":1,"column":2881},"end":{"line":1,"column":3054}},"48":{"start":{"line":1,"column":2888},"end":{"line":1,"column":2897}},"49":{"start":{"line":1,"column":2903},"end":{"line":1,"column":3053}},"50":{"start":{"line":1,"column":2924},"end":{"line":1,"column":2958}},"51":{"start":{"line":1,"column":2964},"end":{"line":1,"column":3052}},"52":{"start":{"line":1,"column":2987},"end":{"line":1,"column":3022}},"53":{"start":{"line":1,"column":3028},"end":{"line":1,"column":3051}},"54":{"start":{"line":1,"column":3070},"end":{"line":1,"column":3123}},"55":{"start":{"line":1,"column":3080},"end":{"line":1,"column":3122}},"56":{"start":{"line":1,"column":3130},"end":{"line":1,"column":3153}},"57":{"start":{"line":1,"column":3154},"end":{"line":1,"column":3209}},"58":{"start":{"line":1,"column":3198},"end":{"line":1,"column":3208}},"59":{"start":{"line":1,"column":3209},"end":{"line":1,"column":3218}},"60":{"start":{"line":1,"column":3241},"end":{"line":1,"column":3392}},"61":{"start":{"line":1,"column":3400},"end":{"line":1,"column":3402}},"62":{"start":{"line":1,"column":3410},"end":{"line":1,"column":3412}},"63":{"start":{"line":1,"column":3420},"end":{"line":1,"column":3431}},"64":{"start":{"line":1,"column":3432},"end":{"line":1,"column":3796}},"65":{"start":{"line":1,"column":3482},"end":{"line":1,"column":3488}},"66":{"start":{"line":1,"column":3489},"end":{"line":1,"column":3795}},"67":{"start":{"line":1,"column":3514},"end":{"line":1,"column":3525}},"68":{"start":{"line":1,"column":3538},"end":{"line":1,"column":3544}},"69":{"start":{"line":1,"column":3552},"end":{"line":1,"column":3613}},"70":{"start":{"line":1,"column":3580},"end":{"line":1,"column":3596}},"71":{"start":{"line":1,"column":3596},"end":{"line":1,"column":3601}},"72":{"start":{"line":1,"column":3607},"end":{"line":1,"column":3612}},"73":{"start":{"line":1,"column":3613},"end":{"line":1,"column":3630}},"74":{"start":{"line":1,"column":3630},"end":{"line":1,"column":3794}},"75":{"start":{"line":1,"column":3651},"end":{"line":1,"column":3720}},"76":{"start":{"line":1,"column":3671},"end":{"line":1,"column":3719}},"77":{"start":{"line":1,"column":3720},"end":{"line":1,"column":3793}},"78":{"start":{"line":1,"column":3741},"end":{"line":1,"column":3792}},"79":{"start":{"line":1,"column":3796},"end":{"line":1,"column":3857}},"80":{"start":{"line":1,"column":3820},"end":{"line":1,"column":3854}},"81":{"start":{"line":1,"column":3864},"end":{"line":1,"column":3866}},"82":{"start":{"line":1,"column":3874},"end":{"line":1,"column":3883}},"83":{"start":{"line":1,"column":3884},"end":{"line":1,"column":3998}},"84":{"start":{"line":1,"column":3923},"end":{"line":1,"column":3929}},"85":{"start":{"line":1,"column":3930},"end":{"line":1,"column":3997}},"86":{"start":{"line":1,"column":3949},"end":{"line":1,"column":3976}},"87":{"start":{"line":1,"column":3982},"end":{"line":1,"column":3996}},"88":{"start":{"line":1,"column":4005},"end":{"line":1,"column":4010}},"89":{"start":{"line":1,"column":4011},"end":{"line":1,"column":4031}},"90":{"start":{"line":1,"column":4018},"end":{"line":1,"column":4030}},"91":{"start":{"line":1,"column":4031},"end":{"line":1,"column":4052}},"92":{"start":{"line":1,"column":4052},"end":{"line":1,"column":4182}},"93":{"start":{"line":1,"column":4091},"end":{"line":1,"column":4097}},"94":{"start":{"line":1,"column":4098},"end":{"line":1,"column":4116}},"95":{"start":{"line":1,"column":4116},"end":{"line":1,"column":4181}},"96":{"start":{"line":1,"column":4132},"end":{"line":1,"column":4163}},"97":{"start":{"line":1,"column":4150},"end":{"line":1,"column":4162}},"98":{"start":{"line":1,"column":4163},"end":{"line":1,"column":4180}},"99":{"start":{"line":1,"column":4182},"end":{"line":1,"column":4195}},"100":{"start":{"line":1,"column":4195},
[...]
umn":16},"end":{"line":65,"column":17}}],"line":47},"4":{"loc":{"start":{"line":78,"column":16},"end":{"line":82,"column":17}},"type":"if","locations":[{"start":{"line":78,"column":16},"end":{"line":82,"column":17}},{"start":{"line":78,"column":16},"end":{"line":82,"column":17}}],"line":78},"5":{"loc":{"start":{"line":90,"column":16},"end":{"line":104,"column":17}},"type":"if","locations":[{"start":{"line":90,"column":16},"end":{"line":104,"column":17}},{"start":{"line":90,"column":16},"end":{"line":104,"column":17}}],"line":90},"6":{"loc":{"start":{"line":109,"column":3},"end":{"line":109,"column":24}},"type":"binary-expr","locations":[{"start":{"line":109,"column":3},"end":{"line":109,"column":8}},{"start":{"line":109,"column":13},"end":{"line":109,"column":23}}],"line":109}},"s":{"0":0,"1":0,"2":0,"3":0,"4":0,"5":0,"6":0,"7":0,"8":0,"9":0,"10":0,"11":0,"12":0,"13":0,"14":0,"15":0,"16":0,"17":0,"18":0,"19":0,"20":0,"21":0,"22":0,"23":0,"24":0,"25":0,"26":0,"27":0,"28":0,"29":0,"30":0,"31":0,"32":0,"33":0,"34":0,"35":0,"36":0,"37":0,"38":0,"39":0,"40":0,"41":0,"42":0,"43":0,"44":0,"45":0},"f":{"0":0,"1":0,"2":0,"3":0,"4":0,"5":0,"6":0,"7":0,"8":0,"9":0,"10":0,"11":0,"12":0,"13":0,"14":0,"15":0,"16":0,"17":0},"b":{"0":[0,0],"1":[0,0],"2":[0,0],"3":[0,0],"4":[0,0],"5":[0,0],"6":[0,0]}},"/Users/eric/tp/log2990-03/Cadriciel/server/out/server/app/routes/track.spec.js":{"path":"/Users/eric/tp/log2990-03/Cadriciel/server/out/server/app/routes/track.spec.js","statementMap":{"0":{"start":{"line":2,"column":0},"end":{"line":2,"column":62}},"1":{"start":{"line":3,"column":15},"end":{"line":3,"column":30}},"2":{"start":{"line":4,"column":0},"end":{"line":43,"column":3}},"3":{"start":{"line":5,"column":17},"end":{"line":5,"column":32}},"4":{"start":{"line":6,"column":21},"end":{"line":6,"column":41}},"5":{"start":{"line":7,"column":4},"end":{"line":7,"column":23}},"6":{"start":{"line":8,"column":19},"end":{"line":8,"column":46}},"7":{"start":{"line":9,"column":4},"end":{"line":24,"column":7}},"8":{"start":{"line":10,"column":8},"end":{"line":23,"column":11}},"9":{"start":{"line":21,"column":12},"end":{"line":21,"column":67}},"10":{"start":{"line":22,"column":12},"end":{"line":22,"column":19}},"11":{"start":{"line":25,"column":4},"end":{"line":33,"column":7}},"12":{"start":{"line":26,"column":8},"end":{"line":32,"column":11}},"13":{"start":{"line":29,"column":27},"end":{"line":29,"column":47}},"14":{"start":{"line":30,"column":12},"end":{"line":30,"column":45}},"15":{"start":{"line":31,"column":12},"end":{"line":31,"column":19}},"16":{"start":{"line":34,"column":4},"end":{"line":42,"column":7}},"17":{"start":{"line":35,"column":8},"end":{"line":41,"column":11}},"18":{"start":{"line":38,"column":26},"end":{"line":38,"column":46}},"19":{"start":{"line":39,"column":12},"end":{"line":39,"column":59}},"20":{"start":{"line":40,"column":12},"end":{"line":40,"column":19}}},"fnMap":{"0":{"name":"(anonymous_0)","decl":{"start":{"line":4,"column":18},"end":{"line":4,"column":19}},"loc":{"start":{"line":4,"column":24},"end":{"line":43,"column":1}},"line":4},"1":{"name":"(anonymous_1)","decl":{"start":{"line":9,"column":52},"end":{"line":9,"column":53}},"loc":{"start":{"line":9,"column":62},"end":{"line":24,"column":5}},"line":9},"2":{"name":"(anonymous_2)","decl":{"start":{"line":20,"column":15},"end":{"line":20,"column":16}},"loc":{"start":{"line":20,"column":29},"end":{"line":23,"column":9}},"line":20},"3":{"name":"(anonymous_3)","decl":{"start":{"line":25,"column":41},"end":{"line":25,"column":42}},"loc":{"start":{"line":25,"column":51},"end":{"line":33,"column":5}},"line":25},"4":{"name":"(anonymous_4)","decl":{"start":{"line":28,"column":17},"end":{"line":28,"column":18}},"loc":{"start":{"line":28,"column":31},"end":{"line":32,"column":9}},"line":28},"5":{"name":"(anonymous_5)","decl":{"start":{"line":34,"column":53},"end":{"line":34,"column":54}},"loc":{"start":{"line":34,"column":63},"end":{"line":42,"column":5}},"line":34},"6":{"name":"(anonymous_6)","decl":{"start":{"line":37,"column":17},"end":{"line":37,"column":18}},"loc":{"start":{"line":37,"column":31},"end":{"line":41,"column":9}},"line":37}},"branchMap":{},"s":{"0":0,"1":0,"2":0,"3":0,"4":0,"5":0,"6":0,"7":0,"8":0,"9":0,"10":0,"11":0,"12":0,"13":0,"14":0,"15":0,"16":0,"17":0,"18":0,"19":0,"20":0},"f":{"0":0,"1":0,"2":0,"3":0,"4":0,"5":0,"6":0},"b":{}},"/Users/eric/tp/log2990-03/Cadriciel/server/out/server/app/routes/trackSchema.js":{"path":"/Users/eric/tp/log2990-03/Cadriciel/server/out/server/app/routes/trackSchema.js","statementMap":{"0":{"start":{"line":2,"column":0},"end":{"line":2,"column":62}},"1":{"start":{"line":3,"column":17},"end":{"line":3,"column":36}},"2":{"start":{"line":4,"column":0},"end":{"line":4,"column":122}},"3":{"start":{"line":5,"column":11},"end":{"line":5,"column":30}},"4":{"start":{"line":6,"column":0},"end":{"line":6,"column":73}},"5":{"start":{"line":7,"column":20},"end":{"line":38,"column":2}},"6":{"start":{"line":39,"column":0},"end":{"line":39,"column":55}}},"fnMap":{},"branchMap":{},"s":{"0":0,"1":0,"2":0,"3":0,"4":0,"5":0,"6":0},"f":{},"b":{}},"/Users/eric/tp/log2990-03/Cadriciel/server/out/server/app/socket.service.js":{"path":"/Users/eric/tp/log2990-03/Cadriciel/server/out/server/app/socket.service.js","statementMap":{"0":{"start":{"line":2,"column":0},"end":{"line":2,"column":62}},"1":{"start":{"line":3,"column":27},"end":{"line":3,"column":70}},"2":{"start":{"line":4,"column":11},"end":{"line":4,"column":31}},"3":{"start":{"line":7,"column":8},"end":{"line":7,"column":28}},"4":{"start":{"line":8,"column":8},"end":{"line":8,"column":37}},"5":{"start":{"line":9,"column":8},"end":{"line":9,"column":82}},"6":{"start":{"line":10,"column":8},"end":{"line":10,"column":58}},"7":{"start":{"line":13,"column":8},"end":{"line":51,"column":11}},"8":{"start":{"line":14,"column":12},"end":{"line":31,"column":15}},"9":{"start":{"line":15,"column":16},"end":{"line":30,"column":19}},"10":{"start":{"line":16,"column":33},"end":{"line":27,"column":21}},"11":{"start":{"line":28,"column":20},"end":{"line":28,"column":46}},"12":{"start":{"line":29,"column":20},"end":{"line":29,"column":53}},"13":{"start":{"line":32,"column":12},"end":{"line":34,"column":15}},"14":{"start":{"line":33,"column":16},"end":{"line":33,"column":56}},"15":{"start":{"line":35,"column":12},"end":{"line":37,"column":15}},"16":{"start":{"line":36,"column":16},"end":{"line":36,"column":87}},"17":{"start":{"line":38,"column":12},"end":{"line":40,"column":15}},"18":{"start":{"line":39,"column":16},"end":{"line":39,"column":77}},"19":{"start":{"line":41,"column":12},"end":{"line":50,"column":15}},"20":{"start":{"line":42,"column":30},"end":{"line":42,"column":60}},"21":{"start":{"line":43,"column":16},"end":{"line":49,"column":17}},"22":{"start":{"line":44,"column":40},"end":{"line":44,"column":61}},"23":{"start":{"line":45,"column":20},"end":{"line":45,"column":53}},"24":{"start":{"line":46,"column":20},"end":{"line":46,"column":54}},"25":{"start":{"line":47,"column":20},"end":{"line":47,"column":71}},"26":{"start":{"line":48,"column":20},"end":{"line":48,"column":102}},"27":{"start":{"line":54,"column":8},"end":{"line":58,"column":9}},"28":{"start":{"line":55,"column":12},"end":{"line":57,"column":13}},"29":{"start":{"line":56,"column":16},"end":{"line":56,"column":25}},"30":{"start":{"line":59,"column":8},"end":{"line":59,"column":18}},"31":{"start":{"line":62,"column":0},"end":{"line":62,"column":38}}},"fnMap":{"0":{"name":"(anonymous_0)","decl":{"start":{"line":6,"column":4},"end":{"line":6,"column":5}},"loc":{"start":{"line":6,"column":24},"end":{"line":11,"column":5}},"line":6},"1":{"name":"(anonymous_1)","decl":{"start":{"line":12,"column":4},"end":{"line":12,"column":5}},"loc":{"start":{"line":12,"column":20},"end":{"line":52,"column":5}},"line":12},"2":{"name":"(anonymous_2)","decl":{"start":{"line":13,"column":34},"end":{"line":13,"column":35}},"loc":{"start":{"line":13,"column":46},"end":{"line":51,"column":9}},"line":13},"3":{"name":"(anonymous_3)","decl":{"start":{"line":14,"column":36},"end":{"line":14,"column":37}},"loc":{"start":{"line":14,"column":68},"end":{"line":31,"column":13}},"line":14},"4":{"name":"(anonymous_4)","decl":{"start":{"line":15,"column":82},"end":{"line":15,"column":83}},"loc":{"start":{"line":15,"column":95},"end":{"line":30,"column":17}},"line":15},"5":{"name":"(anonymous_5)","decl":{"start":{"line":32,"column":34},"end":{"line":32,"column":35}},"loc":{"start":{"line":32,"column":40},"end":{"line":34,"column":13}},"line":32},"6":{"name":"(anonymous_6)","decl":{"start":{"line":35,"column":48},"end":{"line":35,"column":49}},"loc":{"start":{"line":35,"column":71},"end":{"line":37,"column":13}},"line":35},"7":{"name":"(anonymous_7)","decl":{"start":{"line":38,"column":40},"end":{"line":38,"column":41}},"loc":{"start":{"line":38,"column":63},"end":{"line":40,"column":13}},"line":38},"8":{"name":"(anonymous_8)","decl":{"start":{"line":41,"column":34},"end":{"line":41,"column":35}},"loc":{"start":{"line":41,"column":56},"end":{"line":50,"column":13}},"line":41},"9":{"name":"(anonymous_9)","decl":{"start":{"line":53,"column":4},"end":{"line":53,"column":5}},"loc":{"start":{"line":53,"column":26},"end":{"line":60,"column":5}},"line":53}},"branchMap":{"0":{"loc":{"start":{"line":43,"column":16},"end":{"line":49,"column":17}},"type":"if","locations":[{"start":{"line":43,"column":16},"end":{"line":49,"column":17}},{"start":{"line":43,"column":16},"end":{"line":49,"column":17}}],"line":43},"1":{"loc":{"start":{"line":55,"column":12},"end":{"line":57,"column":13}},"type":"if","locations":[{"start":{"line":55,"column":12},"end":{"line":57,"column":13}},{"start":{"line":55,"column":12},"end":{"line":57,"column":13}}],"line":55}},"s":{"0":0,"1":0,"2":0,"3":0,"4":0,"5":0,"6":0,"7":0,"8":0,"9":0,"10":0,"11":0,"12":0,"13":0,"14":0,"15":0,"16":0,"17":0,"18":0,"19":0,"20":0,"21":0,"22":0,"23":0,"24":0,"25":0,"26":0,"27":0,"28":0,"29":0,"30":0,"31":0},"f":{"0":0,"1":0,"2":0,"3":0,"4":0,"5":0,"6":0,"7":0,"8":0,"9":0},"b":{"0":[0,0],"1":[0,0]}},"/Users/eric/tp/log2990-03/Cadriciel/server/out/server/app/utilities.js":{"path":"/Users/eric/tp/log2990-03/Cadriciel/server/out/server/app/utilities.js","statementMap":{"0":{"start":{"line":2,"column":0},"end":{"line":2,"column":62}},"1":{"start":{"line":4,"column":0},"end":{"line":9,"column":62}},"2":{"start":{"line":6,"column":8},"end":{"line":6,"column":50}},"3":{"start":{"line":8,"column":4},"end":{"line":8,"column":34}}},"fnMap":{"0":{"name":"(anonymous_0)","decl":{"start":{"line":4,"column":1},"end":{"line":4,"column":2}},"loc":{"start":{"line":4,"column":22},"end":{"line":9,"column":1}},"line":4},"1":{"name":"deepCopy","decl":{"start":{"line":5,"column":13},"end":{"line":5,"column":21}},"loc":{"start":{"line":5,"column":30},"end":{"line":7,"column":5}},"line":5}},"branchMap":{"0":{"loc":{"start":{"line":9,"column":15},"end":{"line":9,"column":60}},"type":"binary-expr","locations":[{"start":{"line":9,"column":15},"end":{"line":9,"column":32}},{"start":{"line":9,"column":37},"end":{"line":9,"column":59}}],"line":9}},"s":{"0":0,"1":0,"2":0,"3":0},"f":{"0":0,"1":0},"b":{"0":[0,0]}},"/Users/eric/tp/log2990-03/Cadriciel/server/out/server/app/utilities.spec.js":{"path":"/Users/eric/tp/log2990-03/Cadriciel/server/out/server/app/utilities.spec.js","statementMap":{"0":{"start":{"line":2,"column":0},"end":{"line":2,"column":62}},"1":{"start":{"line":3,"column":15},"end":{"line":3,"column":30}},"2":{"start":{"line":4,"column":20},"end":{"line":4,"column":42}},"3":{"start":{"line":5,"column":0},"end":{"line":13,"column":3}},"4":{"start":{"line":6,"column":4},"end":{"line":12,"column":7}},"5":{"start":{"line":7,"column":8},"end":{"line":11,"column":11}},"6":{"start":{"line":8,"column":22},"end":{"line":8,"column":35}},"7":{"start":{"line":9,"column":22},"end":{"line":9,"column":55}},"8":{"start":{"line":10,"column":12},"end":{"line":10,"column":45}}},"fnMap":{"0":{"name":"(anonymous_0)","decl":{"start":{"line":5,"column":22},"end":{"line":5,"column":23}},"loc":{"start":{"line":5,"column":28},"end":{"line":13,"column":1}},"line":5},"1":{"name":"(anonymous_1)","decl":{"start":{"line":6,"column":47},"end":{"line":6,"column":48}},"loc":{"start":{"line":6,"column":53},"end":{"line":12,"column":5}},"line":6},"2":{"name":"(anonymous_2)","decl":{"start":{"line":7,"column":61},"end":{"line":7,"column":62}},"loc":{"start":{"line":7,"column":67},"end":{"line":11,"column":9}},"line":7}},"branchMap":{},"s":{"0":0,"1":0,"2":0,"3":0,"4":0,"5":0,"6":0,"7":0,"8":0},"f":{"0":0,"1":0,"2":0},"b":{}},"/Users/eric/tp/log2990-03/Cadriciel/server/out/server/app/www.js":{"path":"/Users/eric/tp/log2990-03/Cadriciel/server/out/server/app/www.js","statementMap":{"0":{"start":{"line":8,"column":0},"end":{"line":8,"column":62}},"1":{"start":{"line":9,"column":14},"end":{"line":9,"column":30}},"2":{"start":{"line":10,"column":27},"end":{"line":10,"column":70}},"3":{"start":{"line":11,"column":13},"end":{"line":11,"column":28}},"4":{"start":{"line":12,"column":25},"end":{"line":12,"column":52}},"5":{"start":{"line":13,"column":11},"end":{"line":13,"column":37}},"6":{"start":{"line":15,"column":0},"end":{"line":88,"column":3}},"7":{"start":{"line":16,"column":16},"end":{"line":16,"column":49}},"8":{"start":{"line":18,"column":24},"end":{"line":18,"column":53}},"9":{"start":{"line":20,"column":29},"end":{"line":20,"column":78}},"10":{"start":{"line":21,"column":4},"end":{"line":21,"column":49}},"11":{"start":{"line":22,"column":4},"end":{"line":87,"column":7}},"12":{"start":{"line":23,"column":20},"end":{"line":23,"column":62}},"13":{"start":{"line":26,"column":24},"end":{"line":26,"column":65}},"14":{"start":{"line":27,"column":8},"end":{"line":27,"column":45}},"15":{"start":{"line":29,"column":23},"end":{"line":29,"column":57}},"16":{"start":{"line":33,"column":8},"end":{"line":33,"column":31}},"17":{"start":{"line":34,"column":8},"end":{"line":34,"column":36}},"18":{"start":{"line":35,"column":8},"end":{"line":35,"column":44}},"19":{"start":{"line":36,"column":30},"end":{"line":36,"column":72}},"20":{"start":{"line":37,"column":8},"end":{"line":37,"column":38}},"21":{"start":{"line":45,"column":25},"end":{"line":45,"column":76}},"22":{"start":{"line":46,"column":12},"end":{"line":54,"column":13}},"23":{"start":{"line":47,"column":16},"end":{"line":47,"column":27}},"24":{"start":{"line":49,"column":17},"end":{"line":54,"column":13}},"25":{"start":{"line":50,"column":16},"end":{"line":50,"column":28}},"26":{"start":{"line":53,"column":16},"end":{"line":53,"column":29}},"27":{"start":{"line":62,"column":12},"end":{"line":64,"column":13}},"28":{"start":{"line":63,"column":16},"end":{"line":63,"column":28}},"29":{"start":{"line":65,"column":25},"end":{"line":65,"column":94}},"30":{"start":{"line":66,"column":12},"end":{"line":77,"column":13}},"31":{"start":{"line":68,"column":20},"end":{"line":68,"column":74}},"32":{"start":{"line":69,"column":20},"end":{"line":69,"column":36}},"33":{"start":{"line":70,"column":20},"end":{"line":70,"column":26}},"34":{"start":{"line":72,"column":20},"end":{"line":72,"column":63}},"35":{"start":{"line":73,"column":20},"end":{"line":73,"column":36}},"36":{"start":{"line":74,"column":20},"end":{"line":74,"column":26}},"37":{"start":{"line":76,"column":20},"end":{"line":76,"column":32}},"38":{"start":{"line":83,"column":25},"end":{"line":83,"column":41}},"39":{"start":{"line":84,"column":25},"end":{"line":84,"column":90}},"40":{"start":{"line":85,"column":12},"end":{"line":85,"column":48}}},"fnMap":{"0":{"name":"(anonymous_0)","decl":{"start":{"line":16,"column":10},"end":{"line":16,"column":11}},"loc":{"start":{"line":16,"column":16},"end":{"line":16,"column":49}},"line":16},"1":{"name":"(anonymous_1)","decl":{"start":{"line":17,"column":10},"end":{"line":17,"column":11}},"loc":{"start":{"line":17,"column":16},"end":{"line":88,"column":1}},"line":17},"2":{"name":"(anonymous_2)","decl":{"start":{"line":23,"column":14},"end":{"line":23,"column":15}},"loc":{"start":{"line":23,"column":20},"end":{"line":23,"column":62}},"line":23},"3":{"name":"(anonymous_3)","decl":{"start":{"line":24,"column":14},"end":{"line":24,"column":15}},"loc":{"start":{"line":24,"column":20},"end":{"line":87,"column":5}},"line":24},"4":{"name":"normalizePort","decl":{"start":{"line":44,"column":17},"end":{"line":44,"column":30}},"loc":{"start":{"line":44,"column":36},"end":{"line":55,"column":9}},"line":44},"5":{"name":"onError","decl":{"start":{"line":61,"column":17},"end":{"line":61,"column":24}},"loc":{"start":{"line":61,"column":32},"end":{"line":78,"column":9}},"line":61},"6":{"name":"onListening","decl":{"start":{"line":82,"column":17},"end":{"line":82,"column":28}},"loc":{"start":{"line":82,"column":31},"end":{"line":86,"column":9}},"line":82}},"branchMap":{"0":{"loc":{"start":{"line":26,"column":38},"end":{"line":26,"column":64}},"type":"binary-expr","locations":[{"start":{"line":26,"column":38},"end":{"line":26,"column":54}},{"start":{"line":26,"column":58},"end":{"line":26,"column":64}}],"line":26},"1":{"loc":{"start":{"line":45,"column":25},"end":{"line":45,"column":76}},"type":"cond-expr","locations":[{"start":{"line":45,"column":53},"end":{"line":45,"column":70}},{"start":{"line":45,"column":73},"end":{"line":45,"column":76}}],"line":45},"2":{"loc":{"start":{"line":46,"column":12},"end":{"line":54,"column":13}},"type":"if","locations":[{"start":{"line":46,"column":12},"end":{"line":54,"column":13}},{"start":{"line":46,"column":12},"end":{"line":54,"column":13}}],"line":46},"3":{"loc":{"start":{"line":49,"column":17},"end":{"line":54,"column":13}},"type":"if","locations":[{"start":{"line":49,"column":17},"end":{"line":54,"column":13}},{"start":{"line":49,"column":17},"end":{"line":54,"column":13}}],"line":49},"4":{"loc":{"start":{"line":62,"column":12},"end":{"line":64,"column":13}},"type":"if","locations":[{"start":{"line":62,"column":12},"end":{"line":64,"column":13}},{"start":{"line":62,"column":12},"end":{"line":64,"column":13}}],"line":62},"5":{"loc":{"start":{"line":65,"column":25},"end":{"line":65,"column":94}},"type":"cond-expr","locations":[{"start":{"line":65,"column":57},"end":{"line":65,"column":74}},{"start":{"line":65,"column":77},"end":{"line":65,"column":94}}],"line":65},"6":{"loc":{"start":{"line":66,"column":12},"end":{"line":77,"column":13}},"type":"switch","locations":[{"start":{"line":67,"column":16},"end":{"line":70,"column":26}},{"start":{"line":71,"column":16},"end":{"line":74,"column":26}},{"start":{"line":75,"column":16},"end":{"line":76,"column":32}}],"line":66},"7":{"loc":{"start":{"line":84,"column":25},"end":{"line":84,"column":90}},"type":"cond-expr","locations":[{"start":{"line":84,"column":54},"end":{"line":84,"column":68}},{"start":{"line":84,"column":71},"end":{"line":84,"column":90}}],"line":84}},"s":{"0":0,"1":0,"2":0,"3":0,"4":0,"5":0,"6":0,"7":0,"8":0,"9":0,"10":0,"11":0,"12":0,"13":0,"14":0,"15":0,"16":0,"17":0,"18":0,"19":0,"20":0,"21":0,"22":0,"23":0,"24":0,"25":0,"26":0,"27":0,"28":0,"29":0,"30":0,"31":0,"32":0,"33":0,"34":0,"35":0,"36":0,"37":0,"38":0,"39":0,"40":0},"f":{"0":0,"1":0,"2":0,"3":0,"4":0,"5":0,"6":0},"b":{"0":[0,0],"1":[0,0],"2":[0,0],"3":[0,0],"4":[0,0],"5":[0,0],"6":[0,0,0],"7":[0,0]}},"/Users/eric/tp/log2990-03/Cadriciel/server/systemjs.config.extras.js":{"path":"/Users/eric/tp/log2990-03/Cadriciel/server/systemjs.config.extras.js","statementMap":{},"fnMap":{},"branchMap":{},"s":{},"f":{},"b":{}},"/Users/eric/tp/log2990-03/Cadriciel/server/systemjs.config.js":{"path":"/Users/eric/tp/log2990-03/Cadriciel/server/systemjs.config.js","statementMap":{"0":{"start":{"line":5,"column":0},"end":{"line":26,"column":9}},"1":{"start":{"line":6,"column":2},"end":{"line":25,"column":5}}},"fnMap":{"0":{"name":"(anonymous_0)","decl":{"start":{"line":5,"column":1},"end":{"line":5,"column":2}},"loc":{"start":{"line":5,"column":19},"end":{"line":26,"column":1}},"line":5}},"branchMap":{},"s":{"0":0,"1":0},"f":{"0":0},"b":{}}}