{"/Users/eric/tp/log2990-03/Cadriciel/server/app/crosswordGrid/serverCrosswords.spec.ts":{"path":"/Users/eric/tp/log2990-03/Cadriciel/server/app/crosswordGrid/serverCrosswords.spec.ts","statementMap":{"0":{"start":{"line":2,"column":0},"end":{"line":2,"column":62}},"1":{"start":{"line":3,"column":15},"end":{"line":3,"column":30}},"2":{"start":{"line":4,"column":27},"end":{"line":4,"column":56}},"3":{"start":{"line":5,"column":13},"end":{"line":5,"column":28}},"4":{"start":{"line":6,"column":15},"end":{"line":6,"column":26}},"5":{"start":{"line":7,"column":19},"end":{"line":7,"column":37}},"6":{"start":{"line":8,"column":0},"end":{"line":119,"column":3}},"7":{"start":{"line":9,"column":29},"end":{"line":9,"column":78}},"8":{"start":{"line":10,"column":25},"end":{"line":10,"column":27}},"9":{"start":{"line":11,"column":4},"end":{"line":13,"column":7}},"10":{"start":{"line":12,"column":8},"end":{"line":12,"column":51}},"11":{"start":{"line":14,"column":4},"end":{"line":20,"column":7}},"12":{"start":{"line":15,"column":8},"end":{"line":19,"column":11}},"13":{"start":{"line":16,"column":12},"end":{"line":16,"column":34}},"14":{"start":{"line":17,"column":12},"end":{"line":17,"column":53}},"15":{"start":{"line":18,"column":12},"end":{"line":18,"column":19}},"16":{"start":{"line":21,"column":4},"end":{"line":27,"column":7}},"17":{"start":{"line":22,"column":34},"end":{"line":22,"column":51}},"18":{"start":{"line":23,"column":8},"end":{"line":26,"column":11}},"19":{"start":{"line":24,"column":12},"end":{"line":24,"column":32}},"20":{"start":{"line":25,"column":12},"end":{"line":25,"column":19}},"21":{"start":{"line":28,"column":4},"end":{"line":33,"column":21}},"22":{"start":{"line":29,"column":8},"end":{"line":32,"column":11}},"23":{"start":{"line":30,"column":12},"end":{"line":30,"column":32}},"24":{"start":{"line":31,"column":12},"end":{"line":31,"column":19}},"25":{"start":{"line":34,"column":4},"end":{"line":40,"column":21}},"26":{"start":{"line":35,"column":8},"end":{"line":35,"column":51}},"27":{"start":{"line":36,"column":8},"end":{"line":39,"column":11}},"28":{"start":{"line":37,"column":12},"end":{"line":37,"column":32}},"29":{"start":{"line":38,"column":12},"end":{"line":38,"column":19}},"30":{"start":{"line":41,"column":4},"end":{"line":46,"column":21}},"31":{"start":{"line":42,"column":8},"end":{"line":45,"column":11}},"32":{"start":{"line":43,"column":12},"end":{"line":43,"column":32}},"33":{"start":{"line":44,"column":12},"end":{"line":44,"column":19}},"34":{"start":{"line":47,"column":4},"end":{"line":61,"column":22}},"35":{"start":{"line":48,"column":8},"end":{"line":60,"column":11}},"36":{"start":{"line":49,"column":12},"end":{"line":49,"column":34}},"37":{"start":{"line":50,"column":12},"end":{"line":59,"column":15}},"38":{"start":{"line":51,"column":16},"end":{"line":58,"column":19}},"39":{"start":{"line":52,"column":45},"end":{"line":52,"column":46}},"40":{"start":{"line":53,"column":20},"end":{"line":53,"column":85}},"41":{"start":{"line":54,"column":20},"end":{"line":54,"column":80}},"42":{"start":{"line":55,"column":20},"end":{"line":55,"column":82}},"43":{"start":{"line":56,"column":20},"end":{"line":56,"column":80}},"44":{"start":{"line":57,"column":20},"end":{"line":57,"column":27}},"45":{"start":{"line":62,"column":4},"end":{"line":70,"column":21}},"46":{"start":{"line":63,"column":8},"end":{"line":69,"column":11}},"47":{"start":{"line":64,"column":12},"end":{"line":64,"column":32}},"48":{"start":{"line":65,"column":12},"end":{"line":65,"column":72}},"49":{"start":{"line":66,"column":12},"end":{"line":66,"column":74}},"50":{"start":{"line":67,"column":12},"end":{"line":67,"column":72}},"51":{"start":{"line":68,"column":12},"end":{"line":68,"column":19}},"52":{"start":{"line":71,"column":4},"end":{"line":77,"column":7}},"53":{"start":{"line":72,"column":8},"end":{"line":76,"column":11}},"54":{"start":{"line":73,"column":12},"end":{"line":73,"column":32}},"55":{"start":{"line":74,"column":12},"end":{"line":74,"column":72}},"56":{"start":{"line":75,"column":12},"end":{"line":75,"column":19}},"57":{"start":{"line":78,"column":4},"end":{"line":84,"column":7}},"58":{"start":{"line":79,"column":8},"end":{"line":83,"column":11}},"59":{"start":{"line":80,"column":12},"end":{"line":80,"column":32}},"60":{"start":{"line":81,"column":12},"end":{"line":81,"column":74}},"61":{"start":{"line":82,"column":12},"end":{"line":82,"column":19}},"62":{"start":{"line":85,"column":4},"end":{"line":91,"column":7}},"63":{"start":{"line":86,"column":8},"end":{"line":90,"column":11}},"64":{"start":{"line":87,"column":12},"end":{"line":87,"column":32}},"65":{"start":{"line":88,"column":12},"end":{"line":88,"column":72}},"66":{"start":{"line":89,"column":12},"end":{"line":89,"column":19}},"67":{"start":{"line":92,"column":4},"end":{"line":98,"column":22}},"68":{"start":{"line":93,"column":8},"end":{"line":97,"column":11}},"69":{"start":{"line":94,"column":12},"end":{"line":94,"column":54}},"70":{"start":{"line":95,"column":12},"end":{"line":95,"column":72}},"71":{"start":{"line":96,"column":12},"end":{"line":96,"column":19}},"72":{"start":{"line":99,"column":4},"end":{"line":105,"column":22}},"73":{"start":{"line":100,"column":8},"end":{"line":104,"column":11}},"74":{"start":{"line":101,"column":12},"end":{"line":101,"column":54}},"75":{"start":{"line":102,"column":12},"end":{"line":102,"column":72}},"76":{"start":{"line":103,"column":12},"end":{"line":103,"column":19}},"77":{"start":{"line":106,"column":4},"end":{"line":112,"column":22}},"78":{"start":{"line":107,"column":8},"end":{"line":111,"column":11}},"79":{"start":{"line":108,"column":12},"end":{"line":108,"column":56}},"80":{"start":{"line":109,"column":12},"end":{"line":109,"column":74}},"81":{"start":{"line":110,"column":12},"end":{"line":110,"column":19}},"82":{"start":{"line":113,"column":4},"end":{"line":116,"column":7}},"83":{"start":{"line":114,"column":8},"end":{"line":114,"column":68}},"84":{"start":{"line":115,"column":8},"end":{"line":115,"column":74}},"85":{"start":{"line":118,"column":4},"end":{"line":118,"column":49}}},"fnMap":{"0":{"name":"(anonymous_0)","decl":{"start":{"line":8,"column":30},"end":{"line":8,"column":31}},"loc":{"start":{"line":8,"column":36},"end":{"line":119,"column":1}},"line":8},"1":{"name":"(anonymous_1)","decl":{"start":{"line":11,"column":15},"end":{"line":11,"column":16}},"loc":{"start":{"line":11,"column":21},"end":{"line":13,"column":5}},"line":11},"2":{"name":"(anonymous_2)","decl":{"start":{"line":14,"column":58},"end":{"line":14,"column":59}},"loc":{"start":{"line":14,"column":68},"end":{"line":20,"column":5}},"line":14},"3":{"name":"(anonymous_3)","decl":{"start":{"line":15,"column":52},"end":{"line":15,"column":53}},"loc":{"start":{"line":15,"column":68},"end":{"line":19,"column":9}},"line":15},"4":{"name":"(anonymous_4)","decl":{"start":{"line":21,"column":50},"end":{"line":21,"column":51}},"loc":{"start":{"line":21,"column":60},"end":{"line":27,"column":5}},"line":21},"5":{"name":"(anonymous_5)","decl":{"start":{"line":23,"column":65},"end":{"line":23,"column":66}},"loc":{"start":{"line":23,"column":81},"end":{"line":26,"column":9}},"line":23},"6":{"name":"(anonymous_6)","decl":{"start":{"line":28,"column":47},"end":{"line":28,"column":48}},"loc":{"start":{"line":28,"column":57},"end":{"line":33,"column":5}},"line":28},"7":{"name":"(anonymous_7)","decl":{"start":{"line":29,"column":56},"end":{"line":29,"column":57}},"loc":{"start":{"line":29,"column":72},"end":{"line":32,"column":9}},"line":29},"8":{"name":"(anonymous_8)","decl":{"start":{"line":34,"column":49},"end":{"line":34,"column":50}},"loc":{"start":{"line":34,"column":59},"end":{"line":40,"column":5}},"line":34},"9":{"name":"(anonymous_9)","decl":{"start":{"line":36,"column":58},"end":{"line":36,"column":59}},"loc":{"start":{"line":36,"column":74},"end":{"line":39,"column":9}},"line":36},"10":{"name":"(anonymous_10)","decl":{"start":{"line":41,"column":47},"end":{"line":41,"column":48}},"loc":{"start":{"line":41,"column":57},"end":{"line":46,"column":5}},"line":41},"11":{"name":"(anonymous_11)","decl":{"start":{"line":42,"column":56},"end":{"line":42,"column":57}},"loc":{"start":{"line":42,"column":72},"end":{"line":45,"column":9}},"line":42},"12":{"name":"(anonymous_12)","decl":{"start":{"line":47,"column":58},"end":{"line":47,"column":59}},"loc":{"start":{"line":47,"column":68},"end":{"line":61,"column":5}},"line":47},"13":{"name":"(anonymous_13)","decl":{"start":{"line":48,"column":52},"end":{"line":48,"column":53}},"loc":{"start":{"line":48,"column":68},"end":{"line":60,"column":9}},"line":48},"14":{"name":"(anonymous_14)","decl":{"start":{"line":50,"column":72},"end":{"line":50,"column":73}},"loc":{"start":{"line":50,"column":90},"end":{"line":59,"column":13}},"line":50},"15":{"name":"(anonymous_15)","decl":{"start":{"line":51,"column":60},"end":{"line":51,"column":61}},"loc":{"start":{"line":51,"column":73},"end":{"line":58,"column":17}},"line":51},"16":{"name":"(anonymous_16)","decl":{"start":{"line":62,"column":85},"end":{"line":62,"column":86}},"loc":{"start":{"line":62,"column":95},"end":{"line":70,"column":5}},"line":62},"17":{"name":"(anonymous_17)","decl":{"start":{"line":63,"column":58},"end":{"line":63,"column":59}},"loc":{"start":{"line":63,"column":74},"end":{"line":69,"column":9}},"line":63},"18":{"name":"(anonymous_18)","decl":{"start":{"line":71,"column":44},"end":{"line":71,"column":45}},"loc":{"start":{"line":71,"column":54},"end":{"line":77,"column":5}},"line":71},"19":{"name":"(anonymous_19)","decl":{"start":{"line":72,"column":62},"end":{"line":72,"column":63}},"loc":{"start":{"line":72,"column":78},"end":{"line":76,"column":9}},"line":72},"20":{"name":"(anonymous_20)","decl":{"start":{"line":78,"column":45},"end":{"line":78,"column":46}},"loc":{"start":{"line":78,"column":55},"end":{"line":84,"column":5}},"line":78},"21":{"name":"(anonymous_21)","decl":{"start":{"line":79,"column":64},"end":{"line":79,"column":65}},"loc":{"start":{"line":79,"column":80},"end":{"line":83,"column":9}},"line":79},"22":{"name":"(anonymous_22)","decl":{"start":{"line":85,"column":43},"end":{"line":85,"column":44}},"loc":{"start":{"line":85,"column":53},"end":{"line":91,"column":5}},"line":85},"23":{"name":"(anonymous_23)","decl":{"start":{"line":86,"column":62},"end":{"line":86,"column":63}},"loc":{"start":{"line":86,"column":78},"end":{"line":90,"column":9}},"line":86},"24":{"name":"(anonymous_24)","decl":{"start":{"line":92,"column":50},"end":{"line":92,"column":51}},"loc":{"start":{"line":92,"column":60},"end":{"line":98,"column":5}},"line":92},"25":{"name":"(anonymous_25)","decl":{"start":{"line":93,"column":51},"end":{"line":93,"column":52}},"loc":{"start":{"line":93,"column":67},"end":{"line":97,"column":9}},"line":93},"26":{"name":"(anonymous_26)","decl":{"start":{"line":99,"column":50},"end":{"line":99,"column":51}},"loc":{"start":{"line":99,"column":60},"end":{"line":105,"column":5}},"line":99},"27":{"name":"(anonymous_27)","decl":{"start":{"line":100,"column":51},"end":{"line":100,"column":52}},"loc":{"start":{"line":100,"column":67},"end":{"line":104,"column":9}},"line":100},"28":{"name":"(anonymous_28)","decl":{"start":{"line":106,"column":52},"end":{"line":106,"column":53}},"loc":{"start":{"line":106,"column":62},"end":{"line":112,"column":5}},"line":106},"29":{"name":"(anonymous_29)","decl":{"start":{"line":107,"column":53},"end":{"line":107,"column":54}},"loc":{"start":{"line":107,"column":69},"end":{"line":111,"column":9}},"line":107},"30":{"name":"(anonymous_30)","decl":{"start":{"line":113,"column":29},"end":{"line":113,"column":30}},"loc":{"start":{"line":113,"column":35},"end":{"line":116,"column":5}},"line":113}},"branchMap":{},"s":{"0":1,"1":1,"2":1,"3":1,"4":1,"5":1,"6":1,"7":1,"8":1,"9":1,"10":14,"11":1,"12":1,"13":1,"14":1,"15":1,"16":1,"17":1,"18":1,"19":1,"20":1,"21":1,"22":1,"23":1,"24":1,"25":1,"26":1,"27":1,"28":1,"29":1,"30":1,"31":1,"32":1,"33":1,"34":1,"35":1,"36":1,"37":1,"38":1,"39":1,"40":1,"41":1,"42":1,"43":1,"44":1,"45":1,"46":1,"47":1,"48":1,"49":1,"50":1,"51":1,"52":1,"53":1,"54":1,"55":1,"56":1,"57":1,"58":1,"59":1,"60":1,"61":1,"62":1,"63":1,"64":1,"65":1,"66":1,"67":1,"68":1,"69":1,"70":1,"71":1,"72":1,"73":1,"74":1,"75":1,"76":1,"77":1,"78":1,"79":1,"80":1,"81":1,"82":1,"83":1,"84":1,"85":1},"f":{"0":1,"1":14,"2":1,"3":1,"4":1,"5":1,"6":1,"7":1,"8":1,"9":1,"10":1,"11":1,"12":1,"13":1,"14":1,"15":1,"16":1,"17":1,"18":1,"19":1,"20":1,"21":1,"22":1,"23":1,"24":1,"25":1,"26":1,"27":1,"28":1,"29":1,"30":1},"b":{},"_coverageSchema":"332fd63041d2c1bcb487cc26dd0d5f7d97098a6c","hash":"fd8f6ed1834786ecff75b6201e25bd149d0b2615","contentHash":"3b750252c69783f9a786b02183c15e66_11.2.1"},"/Users/eric/tp/log2990-03/Cadriciel/server/app/crosswordGrid/serverCrosswords.ts":{"path":"/Users/eric/tp/log2990-03/Cadriciel/server/app/crosswordGrid/serverCrosswords.ts","statementMap":{"0":{"start":{"line":2,"column":0},"end":{"line":2,"column":62}},"1":{"start":{"line":3,"column":16},"end":{"line":3,"column":34}},"2":{"start":{"line":4,"column":22},"end":{"line":4,"column":46}},"3":{"start":{"line":5,"column":30},"end":{"line":5,"column":63}},"4":{"start":{"line":6,"column":24},"end":{"line":6,"column":60}},"5":{"start":{"line":7,"column":17},"end":{"line":7,"column":36}},"6":{"start":{"line":8,"column":20},"end":{"line":8,"column":39}},"7":{"start":{"line":9,"column":12},"end":{"line":9,"column":89}},"8":{"start":{"line":10,"column":22},"end":{"line":10,"column":24}},"9":{"start":{"line":11,"column":29},"end":{"line":11,"column":30}},"10":{"start":{"line":14,"column":8},"end":{"line":14,"column":33}},"11":{"start":{"line":15,"column":8},"end":{"line":15,"column":35}},"12":{"start":{"line":16,"column":8},"end":{"line":16,"column":33}},"13":{"start":{"line":17,"column":8},"end":{"line":17,"column":59}},"14":{"start":{"line":18,"column":8},"end":{"line":18,"column":94}},"15":{"start":{"line":21,"column":8},"end":{"line":23,"column":9}},"16":{"start":{"line":22,"column":12},"end":{"line":22,"column":63}},"17":{"start":{"line":24,"column":8},"end":{"line":24,"column":41}},"18":{"start":{"line":27,"column":8},"end":{"line":27,"column":37}},"19":{"start":{"line":32,"column":8},"end":{"line":45,"column":11}},"20":{"start":{"line":33,"column":12},"end":{"line":44,"column":15}},"21":{"start":{"line":34,"column":16},"end":{"line":43,"column":17}},"22":{"start":{"line":35,"column":20},"end":{"line":35,"column":40}},"23":{"start":{"line":36,"column":20},"end":{"line":36,"column":44}},"24":{"start":{"line":39,"column":20},"end":{"line":42,"column":23}},"25":{"start":{"line":40,"column":24},"end":{"line":40,"column":52}},"26":{"start":{"line":41,"column":24},"end":{"line":41,"column":48}},"27":{"start":{"line":49,"column":8},"end":{"line":61,"column":11}},"28":{"start":{"line":50,"column":12},"end":{"line":60,"column":15}},"29":{"start":{"line":51,"column":16},"end":{"line":59,"column":17}},"30":{"start":{"line":52,"column":20},"end":{"line":52,"column":41}},"31":{"start":{"line":53,"column":20},"end":{"line":53,"column":35}},"32":{"start":{"line":56,"column":34},"end":{"line":56,"column":75}},"33":{"start":{"line":57,"column":20},"end":{"line":57,"column":79}},"34":{"start":{"line":58,"column":20},"end":{"line":58,"column":34}},"35":{"start":{"line":65,"column":8},"end":{"line":86,"column":9}},"36":{"start":{"line":66,"column":12},"end":{"line":85,"column":15}},"37":{"start":{"line":67,"column":16},"end":{"line":84,"column":19}},"38":{"start":{"line":68,"column":20},"end":{"line":83,"column":21}},"39":{"start":{"line":69,"column":24},"end":{"line":69,"column":39}},"40":{"start":{"line":72,"column":51},"end":{"line":72,"column":94}},"41":{"start":{"line":73,"column":41},"end":{"line":73,"column":82}},"42":{"start":{"line":74,"column":47},"end":{"line":74,"column":85}},"43":{"start":{"line":75,"column":45},"end":{"line":80,"column":26}},"44":{"start":{"line":81,"column":24},"end":{"line":81,"column":76}},"45":{"start":{"line":82,"column":24},"end":{"line":82,"column":38}},"46":{"start":{"line":89,"column":8},"end":{"line":99,"column":9}},"47":{"start":{"line":90,"column":12},"end":{"line":98,"column":13}},"48":{"start":{"line":91,"column":16},"end":{"line":91,"column":50}},"49":{"start":{"line":93,"column":17},"end":{"line":98,"column":13}},"50":{"start":{"line":94,"column":16},"end":{"line":94,"column":52}},"51":{"start":{"line":96,"column":17},"end":{"line":98,"column":13}},"52":{"start":{"line":97,"column":16},"end":{"line":97,"column":50}},"53":{"start":{"line":100,"column":8},"end":{"line":109,"column":11}},"54":{"start":{"line":101,"column":12},"end":{"line":108,"column":13}},"55":{"start":{"line":104,"column":16},"end":{"line":104,"column":30}},"56":{"start":{"line":107,"column":16},"end":{"line":107,"column":31}},"57":{"start":{"line":112,"column":27},"end":{"line":112,"column":59}},"58":{"start":{"line":113,"column":23},"end":{"line":113,"column":67}},"59":{"start":{"line":114,"column":8},"end":{"line":114,"column":22}},"60":{"start":{"line":117,"column":8},"end":{"line":144,"column":9}},"61":{"start":{"line":118,"column":12},"end":{"line":138,"column":15}},"62":{"start":{"line":119,"column":16},"end":{"line":137,"column":19}},"63":{"start":{"line":120,"column":20},"end":{"line":136,"column":21}},"64":{"start":{"line":121,"column":24},"end":{"line":121,"column":39}},"65":{"start":{"line":124,"column":24},"end":{"line":135,"column":27}},"66":{"start":{"line":125,"column":28},"end":{"line":133,"column":29}},"67":{"start":{"line":126,"column":32},"end":{"line":126,"column":74}},"68":{"start":{"line":128,"column":33},"end":{"line":133,"column":29}},"69":{"start":{"line":129,"column":32},"end":{"line":129,"column":76}},"70":{"start":{"line":132,"column":32},"end":{"line":132,"column":74}},"71":{"start":{"line":134,"column":28},"end":{"line":134,"column":74}},"72":{"start":{"line":141,"column":12},"end":{"line":143,"column":15}},"73":{"start":{"line":142,"column":16},"end":{"line":142,"column":31}},"74":{"start":{"line":148,"column":8},"end":{"line":163,"column":11}},"75":{"start":{"line":149,"column":12},"end":{"line":162,"column":15}},"76":{"start":{"line":150,"column":16},"end":{"line":161,"column":19}},"77":{"start":{"line":151,"column":20},"end":{"line":159,"column":21}},"78":{"start":{"line":152,"column":24},"end":{"line":152,"column":62}},"79":{"start":{"line":154,"column":25},"end":{"line":159,"column":21}},"80":{"start":{"line":155,"column":24},"end":{"line":155,"column":64}},"81":{"start":{"line":157,"column":25},"end":{"line":159,"column":21}},"82":{"start":{"line":158,"column":24},"end":{"line":158,"column":62}},"83":{"start":{"line":160,"column":20},"end":{"line":160,"column":39}},"84":{"start":{"line":166,"column":8},"end":{"line":166,"column":116}},"85":{"start":{"line":167,"column":8},"end":{"line":167,"column":59}},"86":{"start":{"line":168,"column":8},"end":{"line":168,"column":81}},"87":{"start":{"line":169,"column":8},"end":{"line":169,"column":81}},"88":{"start":{"line":172,"column":0},"end":{"line":172,"column":44}}},"fnMap":{"0":{"name":"(anonymous_0)","decl":{"start":{"line":13,"column":4},"end":{"line":13,"column":5}},"loc":{"start":{"line":13,"column":18},"end":{"line":19,"column":5}},"line":13},"1":{"name":"(anonymous_1)","decl":{"start":{"line":20,"column":4},"end":{"line":20,"column":5}},"loc":{"start":{"line":20,"column":25},"end":{"line":25,"column":5}},"line":20},"2":{"name":"(anonymous_2)","decl":{"start":{"line":26,"column":4},"end":{"line":26,"column":5}},"loc":{"start":{"line":26,"column":30},"end":{"line":28,"column":5}},"line":26},"3":{"name":"(anonymous_3)","decl":{"start":{"line":30,"column":4},"end":{"line":30,"column":5}},"loc":{"start":{"line":30,"column":26},"end":{"line":46,"column":5}},"line":30},"4":{"name":"(anonymous_4)","decl":{"start":{"line":32,"column":27},"end":{"line":32,"column":28}},"loc":{"start":{"line":32,"column":38},"end":{"line":45,"column":9}},"line":32},"5":{"name":"(anonymous_5)","decl":{"start":{"line":33,"column":37},"end":{"line":33,"column":38}},"loc":{"start":{"line":33,"column":50},"end":{"line":44,"column":13}},"line":33},"6":{"name":"(anonymous_6)","decl":{"start":{"line":39,"column":73},"end":{"line":39,"column":74}},"loc":{"start":{"line":39,"column":89},"end":{"line":42,"column":21}},"line":39},"7":{"name":"(anonymous_7)","decl":{"start":{"line":48,"column":4},"end":{"line":48,"column":5}},"loc":{"start":{"line":48,"column":37},"end":{"line":62,"column":5}},"line":48},"8":{"name":"(anonymous_8)","decl":{"start":{"line":49,"column":27},"end":{"line":49,"column":28}},"loc":{"start":{"line":49,"column":38},"end":{"line":61,"column":9}},"line":49},"9":{"name":"(anonymous_9)","decl":{"start":{"line":50,"column":37},"end":{"line":50,"column":38}},"loc":{"start":{"line":50,"column":50},"end":{"line":60,"column":13}},"line":50},"10":{"name":"(anonymous_10)","decl":{"start":{"line":64,"column":4},"end":{"line":64,"column":5}},"loc":{"start":{"line":64,"column":35},"end":{"line":87,"column":5}},"line":64},"11":{"name":"(anonymous_11)","decl":{"start":{"line":66,"column":31},"end":{"line":66,"column":32}},"loc":{"start":{"line":66,"column":42},"end":{"line":85,"column":13}},"line":66},"12":{"name":"(anonymous_12)","decl":{"start":{"line":67,"column":41},"end":{"line":67,"column":42}},"loc":{"start":{"line":67,"column":54},"end":{"line":84,"column":17}},"line":67},"13":{"name":"(anonymous_13)","decl":{"start":{"line":88,"column":4},"end":{"line":88,"column":5}},"loc":{"start":{"line":88,"column":44},"end":{"line":110,"column":5}},"line":88},"14":{"name":"(anonymous_14)","decl":{"start":{"line":100,"column":27},"end":{"line":100,"column":28}},"loc":{"start":{"line":100,"column":40},"end":{"line":109,"column":9}},"line":100},"15":{"name":"(anonymous_15)","decl":{"start":{"line":111,"column":4},"end":{"line":111,"column":5}},"loc":{"start":{"line":111,"column":38},"end":{"line":115,"column":5}},"line":111},"16":{"name":"(anonymous_16)","decl":{"start":{"line":116,"column":4},"end":{"line":116,"column":5}},"loc":{"start":{"line":116,"column":35},"end":{"line":145,"column":5}},"line":116},"17":{"name":"(anonymous_17)","decl":{"start":{"line":118,"column":31},"end":{"line":118,"column":32}},"loc":{"start":{"line":118,"column":42},"end":{"line":138,"column":13}},"line":118},"18":{"name":"(anonymous_18)","decl":{"start":{"line":119,"column":41},"end":{"line":119,"column":42}},"loc":{"start":{"line":119,"column":54},"end":{"line":137,"column":17}},"line":119},"19":{"name":"(anonymous_19)","decl":{"start":{"line":124,"column":102},"end":{"line":124,"column":103}},"loc":{"start":{"line":124,"column":117},"end":{"line":135,"column":25}},"line":124},"20":{"name":"(anonymous_20)","decl":{"start":{"line":141,"column":31},"end":{"line":141,"column":32}},"loc":{"start":{"line":141,"column":42},"end":{"line":143,"column":13}},"line":141},"21":{"name":"(anonymous_21)","decl":{"start":{"line":146,"column":4},"end":{"line":146,"column":5}},"loc":{"start":{"line":146,"column":30},"end":{"line":164,"column":5}},"line":146},"22":{"name":"(anonymous_22)","decl":{"start":{"line":148,"column":27},"end":{"line":148,"column":28}},"loc":{"start":{"line":148,"column":38},"end":{"line":163,"column":9}},"line":148},"23":{"name":"(anonymous_23)","decl":{"start":{"line":149,"column":47},"end":{"line":149,"column":48}},"loc":{"start":{"line":149,"column":57},"end":{"line":162,"column":13}},"line":149},"24":{"name":"(anonymous_24)","decl":{"start":{"line":150,"column":57},"end":{"line":150,"column":58}},"loc":{"start":{"line":150,"column":69},"end":{"line":161,"column":17}},"line":150},"25":{"name":"(anonymous_25)","decl":{"start":{"line":165,"column":4},"end":{"line":165,"column":5}},"loc":{"start":{"line":165,"column":22},"end":{"line":170,"column":5}},"line":165}},"branchMap":{"0":{"loc":{"start":{"line":21,"column":8},"end":{"line":23,"column":9}},"type":"if","locations":[{"start":{"line":21,"column":8},"end":{"line":23,"column":9}},{"start":{"line":21,"column":8},"end":{"line":23,"column":9}}],"line":21},"1":{"loc":{"start":{"line":34,"column":16},"end":{"line":43,"column":17}},"type":"if","locations":[{"start":{"line":34,"column":16},"end":{"line":43,"column":17}},{"start":{"line":34,"column":16},"end":{"line":43,"column":17}}],"line":34},"2":{"loc":{"start":{"line":51,"column":16},"end":{"line":59,"column":17}},"type":"if","locations":[{"start":{"line":51,"column":16},"end":{"line":59,"column":17}},{"start":{"line":51,"column":16},"end":{"line":59,"column":17}}],"line":51},"3":{"loc":{"start":{"line":65,"column":8},"end":{"line":86,"column":9}},"type":"if","locations":[{"start":{"line":65,"column":8},"end":{"line":86,"column":9}},{"start":{"line":65,"column":8},"end":{"line":86,"column":9}}],"line":65},"4":{"loc":{"start":{"line":65,"column":12},"end":{"line":65,"column":70}},"type":"binary-expr","locations":[{"start":{"line":65,"column":12},"end":{"line":65,"column":28}},{"start":{"line":65,"column":32},"end":{"line":65,"column":50}},{"start":{"line":65,"column":54},"end":{"line":65,"column":70}}],"line":65},"5":{"loc":{"start":{"line":68,"column":20},"end":{"line":83,"column":21}},"type":"if","locations":[{"start":{"line":68,"column":20},"end":{"line":83,"column":21}},{"start":{"line":68,"column":20},"end":{"line":83,"column":21}}],"line":68},"6":{"loc":{"start":{"line":90,"column":12},"end":{"line":98,"column":13}},"type":"if","locations":[{"start":{"line":90,"column":12},"end":{"line":98,"column":13}},{"start":{"line":90,"column":12},"end":{"line":98,"column":13}}],"line":90},"7":{"loc":{"start":{"line":90,"column":16},"end":{"line":90,"column":98}},"type":"binary-expr","locations":[{"start":{"line":90,"column":16},"end":{"line":90,"column":45}},{"start":{"line":90,"column":49},"end":{"line":90,"column":98}}],"line":90},"8":{"loc":{"start":{"line":93,"column":17},"end":{"line":98,"column":13}},"type":"if","locations":[{"start":{"line":93,"column":17},"end":{"line":98,"column":13}},{"start":{"line":93,"column":17},"end":{"line":98,"column":13}}],"line":93},"9":{"loc":{"start":{"line":93,"column":21},"end":{"line":93,"column":107}},"type":"binary-expr","locations":[{"start":{"line":93,"column":21},"end":{"line":93,"column":52}},{"start":{"line":93,"column":56},"end":{"line":93,"column":107}}],"line":93},"10":{"loc":{"start":{"line":96,"column":17},"end":{"line":98,"column":13}},"type":"if","locations":[{"start":{"line":96,"column":17},"end":{"line":98,"column":13}},{"start":{"line":96,"column":17},"end":{"line":98,"column":13}}],"line":96},"11":{"loc":{"start":{"line":96,"column":21},"end":{"line":96,"column":103}},"type":"binary-expr","locations":[{"start":{"line":96,"column":21},"end":{"line":96,"column":50}},{"start":{"line":96,"column":54},"end":{"line":96,"column":103}}],"line":96},"12":{"loc":{"start":{"line":101,"column":12},"end":{"line":108,"column":13}},"type":"if","locations":[{"start":{"line":101,"column":12},"end":{"line":108,"column":13}},{"start":{"line":101,"column":12},"end":{"line":108,"column":13}}],"line":101},"13":{"loc":{"start":{"line":101,"column":16},"end":{"line":103,"column":67}},"type":"binary-expr","locations":[{"start":{"line":101,"column":16},"end":{"line":101,"column":67}},{"start":{"line":102,"column":16},"end":{"line":102,"column":69}},{"start":{"line":103,"column":16},"end":{"line":103,"column":67}}],"line":101},"14":{"loc":{"start":{"line":117,"column":8},"end":{"line":144,"column":9}},"type":"if","locations":[{"start":{"line":117,"column":8},"end":{"line":144,"column":9}},{"start":{"line":117,"column":8},"end":{"line":144,"column":9}}],"line":117},"15":{"loc":{"start":{"line":117,"column":12},"end":{"line":117,"column":70}},"type":"binary-expr","locations":[{"start":{"line":117,"column":12},"end":{"line":117,"column":28}},{"start":{"line":117,"column":32},"end":{"line":117,"column":50}},{"start":{"line":117,"column":54},"end":{"line":117,"column":70}}],"line":117},"16":{"loc":{"start":{"line":120,"column":20},"end":{"line":136,"column":21}},"type":"if","locations":[{"start":{"line":120,"column":20},"end":{"line":136,"column":21}},{"start":{"line":120,"column":20},"end":{"line":136,"column":21}}],"line":120},"17":{"loc":{"start":{"line":125,"column":28},"end":{"line":133,"column":29}},"type":"if","locations":[{"start":{"line":125,"column":28},"end":{"line":133,"column":29}},{"start":{"line":125,"column":28},"end":{"line":133,"column":29}}],"line":125},"18":{"loc":{"start":{"line":128,"column":33},"end":{"line":133,"column":29}},"type":"if","locations":[{"start":{"line":128,"column":33},"end":{"line":133,"column":29}},{"start":{"line":128,"column":33},"end":{"line":133,"column":29}}],"line":128},"19":{"loc":{"start":{"line":151,"column":20},"end":{"line":159,"column":21}},"type":"if","locations":[{"start":{"line":151,"column":20},"end":{"line":159,"column":21}},{"start":{"line":151,"column":20},"end":{"line":159,"column":21}}],"line":151},"20":{"loc":{"start":{"line":154,"column":25},"end":{"line":159,"column":21}},"type":"if","locations":[{"start":{"line":154,"column":25},"end":{"line":159,"column":21}},{"start":{"line":154,"column":25},"end":{"line":159,"column":21}}],"line":154},"21":{"loc":{"start":{"line":157,"column":25},"end":{"line":159,"column":21}},"type":"if","locations":[{"start":{"line":157,"column":25},"end":{"line":159,"column":21}},{"start":{"line":157,"column":25},"end":{"line":159,"column":21}}],"line":157}},"s":{"0":1,"1":1,"2":1,"3":1,"4":1,"5":1,"6":1,"7":1,"8":1,"9":1,"10":1,"11":1,"12":1,"13":1,"14":1,"15":1,"16":1,"17":1,"18":16,"19":4,"20":4,"21":4,"22":0,"23":0,"24":4,"25":4,"26":4,"27":1,"28":1,"29":1,"30":0,"31":0,"32":1,"33":1,"34":1,"35":6,"36":6,"37":6,"38":6,"39":0,"40":6,"41":6,"42":6,"43":6,"44":6,"45":6,"46":2,"47":96,"48":5,"49":91,"50":5,"51":86,"52":5,"53":2,"54":2,"55":2,"56":0,"57":1,"58":1,"59":1,"60":6,"61":6,"62":6,"63":6,"64":0,"65":6,"66":6,"67":2,"68":4,"69":2,"70":2,"71":6,"72":0,"73":0,"74":3,"75":3,"76":3,"77":3,"78":1,"79":2,"80":1,"81":1,"82":1,"83":3,"84":1,"85":1,"86":1,"87":1,"88":1},"f":{"0":1,"1":1,"2":16,"3":4,"4":4,"5":4,"6":4,"7":1,"8":1,"9":1,"10":6,"11":6,"12":6,"13":2,"14":2,"15":1,"16":6,"17":6,"18":6,"19":6,"20":0,"21":3,"22":3,"23":3,"24":3,"25":1},"b":{"0":[1,0],"1":[0,4],"2":[0,1],"3":[6,0],"4":[6,4,2],"5":[0,6],"6":[5,91],"7":[96,32],"8":[5,86],"9":[91,34],"10":[5,81],"11":[86,30],"12":[2,0],"13":[2,2,2],"14":[6,0],"15":[6,4,2],"16":[0,6],"17":[2,4],"18":[2,2],"19":[1,2],"20":[1,1],"21":[1,0]},"_coverageSchema":"332fd63041d2c1bcb487cc26dd0d5f7d97098a6c","hash":"75a5a1ae0641aa9e31bf030e790f83b606d941d5","contentHash":"a4294d71f3cbe85e73e0286ca4ca1565_11.2.1"},"/Users/eric/tp/log2990-03/Cadriciel/server/app/crosswordGrid/crosswordDB.ts":{"path":"/Users/eric/tp/log2990-03/Cadriciel/server/app/crosswordGrid/crosswordDB.ts","statementMap":{"0":{"start":{"line":2,"column":0},"end":{"line":2,"column":62}},"1":{"start":{"line":5,"column":0},"end":{"line":5,"column":34}}},"fnMap":{},"branchMap":{},"s":{"0":1,"1":1},"f":{},"b":{},"_coverageSchema":"332fd63041d2c1bcb487cc26dd0d5f7d97098a6c","hash":"05e7a3edbd746874718c5ccf60a85e0b23d53702","contentHash":"f1d829ce92a8a18adce151869dbae5ed_11.2.1"},"/Users/eric/tp/log2990-03/Cadriciel/server/app/crossword-generator.ts":{"path":"/Users/eric/tp/log2990-03/Cadriciel/server/app/crossword-generator.ts","statementMap":{"0":{"start":{"line":2,"column":0},"end":{"line":2,"column":62}},"1":{"start":{"line":3,"column":20},"end":{"line":3,"column":42}},"2":{"start":{"line":4,"column":18},"end":{"line":4,"column":38}},"3":{"start":{"line":5,"column":28},"end":{"line":5,"column":58}},"4":{"start":{"line":6,"column":15},"end":{"line":6,"column":43}},"5":{"start":{"line":7,"column":20},"end":{"line":7,"column":38}},"6":{"start":{"line":10,"column":8},"end":{"line":10,"column":25}},"7":{"start":{"line":11,"column":8},"end":{"line":11,"column":21}},"8":{"start":{"line":12,"column":8},"end":{"line":12,"column":25}},"9":{"start":{"line":13,"column":8},"end":{"line":13,"column":38}},"10":{"start":{"line":17,"column":8},"end":{"line":17,"column":21}},"11":{"start":{"line":18,"column":8},"end":{"line":18,"column":50}},"12":{"start":{"line":21,"column":8},"end":{"line":21,"column":21}},"13":{"start":{"line":22,"column":8},"end":{"line":22,"column":28}},"14":{"start":{"line":23,"column":8},"end":{"line":23,"column":50}},"15":{"start":{"line":26,"column":8},"end":{"line":35,"column":9}},"16":{"start":{"line":27,"column":12},"end":{"line":27,"column":41}},"17":{"start":{"line":30,"column":26},"end":{"line":30,"column":28}},"18":{"start":{"line":31,"column":12},"end":{"line":33,"column":13}},"19":{"start":{"line":32,"column":16},"end":{"line":32,"column":47}},"20":{"start":{"line":34,"column":12},"end":{"line":34,"column":27}},"21":{"start":{"line":40,"column":8},"end":{"line":40,"column":31}},"22":{"start":{"line":41,"column":8},"end":{"line":41,"column":42}},"23":{"start":{"line":42,"column":8},"end":{"line":42,"column":49}},"24":{"start":{"line":43,"column":8},"end":{"line":43,"column":54}},"25":{"start":{"line":46,"column":8},"end":{"line":50,"column":11}},"26":{"start":{"line":47,"column":12},"end":{"line":49,"column":15}},"27":{"start":{"line":48,"column":16},"end":{"line":48,"column":28}},"28":{"start":{"line":53,"column":8},"end":{"line":53,"column":58}},"29":{"start":{"line":57,"column":8},"end":{"line":60,"column":9}},"30":{"start":{"line":59,"column":12},"end":{"line":59,"column":25}},"31":{"start":{"line":61,"column":8},"end":{"line":63,"column":9}},"32":{"start":{"line":62,"column":12},"end":{"line":62,"column":25}},"33":{"start":{"line":64,"column":8},"end":{"line":64,"column":33}},"34":{"start":{"line":65,"column":8},"end":{"line":65,"column":33}},"35":{"start":{"line":66,"column":8},"end":{"line":66,"column":20}},"36":{"start":{"line":69,"column":26},"end":{"line":69,"column":65}},"37":{"start":{"line":70,"column":8},"end":{"line":72,"column":9}},"38":{"start":{"line":71,"column":12},"end":{"line":71,"column":25}},"39":{"start":{"line":73,"column":8},"end":{"line":73,"column":25}},"40":{"start":{"line":74,"column":8},"end":{"line":77,"column":9}},"41":{"start":{"line":75,"column":12},"end":{"line":75,"column":28}},"42":{"start":{"line":76,"column":12},"end":{"line":76,"column":25}},"43":{"start":{"line":78,"column":8},"end":{"line":87,"column":9}},"44":{"start":{"line":79,"column":12},"end":{"line":86,"column":13}},"45":{"start":{"line":80,"column":16},"end":{"line":80,"column":32}},"46":{"start":{"line":81,"column":16},"end":{"line":81,"column":29}},"47":{"start":{"line":84,"column":16},"end":{"line":84,"column":43}},"48":{"start":{"line":85,"column":16},"end":{"line":85,"column":43}},"49":{"start":{"line":88,"column":8},"end":{"line":88,"column":29}},"50":{"start":{"line":89,"column":8},"end":{"line":92,"column":9}},"51":{"start":{"line":90,"column":12},"end":{"line":90,"column":28}},"52":{"start":{"line":91,"column":12},"end":{"line":91,"column":25}},"53":{"start":{"line":93,"column":8},"end":{"line":93,"column":44}},"54":{"start":{"line":94,"column":8},"end":{"line":94,"column":20}},"55":{"start":{"line":97,"column":8},"end":{"line":120,"column":9}},"56":{"start":{"line":98,"column":12},"end":{"line":102,"column":13}},"57":{"start":{"line":99,"column":16},"end":{"line":101,"column":17}},"58":{"start":{"line":100,"column":20},"end":{"line":100,"column":33}},"59":{"start":{"line":103,"column":12},"end":{"line":107,"column":13}},"60":{"start":{"line":104,"column":16},"end":{"line":106,"column":17}},"61":{"start":{"line":105,"column":20},"end":{"line":105,"column":33}},"62":{"start":{"line":110,"column":12},"end":{"line":114,"column":13}},"63":{"start":{"line":111,"column":16},"end":{"line":113,"column":17}},"64":{"start":{"line":112,"column":20},"end":{"line":112,"column":33}},"65":{"start":{"line":115,"column":12},"end":{"line":119,"column":13}},"66":{"start":{"line":116,"column":16},"end":{"line":118,"column":17}},"67":{"start":{"line":117,"column":20},"end":{"line":117,"column":33}},"68":{"start":{"line":121,"column":8},"end":{"line":121,"column":20}},"69":{"start":{"line":124,"column":20},"end":{"line":124,"column":21}},"70":{"start":{"line":125,"column":8},"end":{"line":127,"column":9}},"71":{"start":{"line":126,"column":12},"end":{"line":126,"column":63}},"72":{"start":{"line":128,"column":8},"end":{"line":128,"column":21}},"73":{"start":{"line":131,"column":26},"end":{"line":131,"column":27}},"74":{"start":{"line":132,"column":23},"end":{"line":132,"column":24}},"75":{"start":{"line":133,"column":8},"end":{"line":139,"column":9}},"76":{"start":{"line":134,"column":26},"end":{"line":134,"column":82}},"77":{"start":{"line":135,"column":12},"end":{"line":138,"column":13}},"78":{"start":{"line":136,"column":16},"end":{"line":136,"column":36}},"79":{"start":{"line":137,"column":16},"end":{"line":137,"column":33}},"80":{"start":{"line":140,"column":8},"end":{"line":140,"column":27}},"81":{"start":{"line":143,"column":24},"end":{"line":143,"column":58}},"82":{"start":{"line":145,"column":8},"end":{"line":154,"column":9}},"83":{"start":{"line":147,"column":16},"end":{"line":147,"column":78}},"84":{"start":{"line":148,"column":16},"end":{"line":148,"column":22}},"85":{"start":{"line":150,"column":16},"end":{"line":150,"column":75}},"86":{"start":{"line":151,"column":16},"end":{"line":151,"column":22}},"87":{"start":{"line":153,"column":16},"end":{"line":153,"column":79}},"88":{"start":{"line":155,"column":8},"end":{"line":167,"column":9}},"89":{"start":{"line":156,"column":31},"end":{"line":156,"column":80}},"90":{"start":{"line":157,"column":32},"end":{"line":157,"column":73}},"91":{"start":{"line":158,"column":12},"end":{"line":163,"column":13}},"92":{"start":{"line":159,"column":16},"end":{"line":159,"column":70}},"93":{"start":{"line":162,"column":16},"end":{"line":162,"column":71}},"94":{"start":{"line":166,"column":12},"end":{"line":166,"column":25}},"95":{"start":{"line":170,"column":24},"end":{"line":170,"column":28}},"96":{"start":{"line":171,"column":8},"end":{"line":178,"column":9}},"97":{"start":{"line":172,"column":12},"end":{"line":172,"column":30}},"98":{"start":{"line":173,"column":12},"end":{"line":177,"column":13}},"99":{"start":{"line":174,"column":16},"end":{"line":176,"column":80}},"100":{"start":{"line":179,"column":8},"end":{"line":179,"column":25}},"101":{"start":{"line":182,"column":8},"end":{"line":182,"column":75}},"102":{"start":{"line":183,"column":8},"end":{"line":183,"column":84}},"103":{"start":{"line":184,"column":8},"end":{"line":184,"column":61}},"104":{"start":{"line":185,"column":8},"end":{"line":185,"column":20}},"105":{"start":{"line":188,"column":8},"end":{"line":188,"column":75}},"106":{"start":{"line":189,"column":8},"end":{"line":189,"column":84}},"107":{"start":{"line":190,"column":8},"end":{"line":190,"column":61}},"108":{"start":{"line":191,"column":8},"end":{"line":191,"column":20}},"109":{"start":{"line":195,"column":8},"end":{"line":197,"column":11}},"110":{"start":{"line":196,"column":12},"end":{"line":196,"column":76}},"111":{"start":{"line":200,"column":0},"end":{"line":200,"column":48}}},"fnMap":{"0":{"name":"(anonymous_0)","decl":{"start":{"line":9,"column":4},"end":{"line":9,"column":5}},"loc":{"start":{"line":9,"column":22},"end":{"line":14,"column":5}},"line":9},"1":{"name":"(anonymous_1)","decl":{"start":{"line":16,"column":4},"end":{"line":16,"column":5}},"loc":{"start":{"line":16,"column":29},"end":{"line":19,"column":5}},"line":16},"2":{"name":"(anonymous_2)","decl":{"start":{"line":20,"column":4},"end":{"line":20,"column":5}},"loc":{"start":{"line":20,"column":30},"end":{"line":24,"column":5}},"line":20},"3":{"name":"(anonymous_3)","decl":{"start":{"line":25,"column":4},"end":{"line":25,"column":5}},"loc":{"start":{"line":25,"column":34},"end":{"line":36,"column":5}},"line":25},"4":{"name":"(anonymous_4)","decl":{"start":{"line":39,"column":4},"end":{"line":39,"column":5}},"loc":{"start":{"line":39,"column":12},"end":{"line":44,"column":5}},"line":39},"5":{"name":"(anonymous_5)","decl":{"start":{"line":45,"column":4},"end":{"line":45,"column":5}},"loc":{"start":{"line":45,"column":24},"end":{"line":51,"column":5}},"line":45},"6":{"name":"(anonymous_6)","decl":{"start":{"line":46,"column":46},"end":{"line":46,"column":47}},"loc":{"start":{"line":46,"column":53},"end":{"line":50,"column":9}},"line":46},"7":{"name":"(anonymous_7)","decl":{"start":{"line":47,"column":50},"end":{"line":47,"column":51}},"loc":{"start":{"line":47,"column":55},"end":{"line":49,"column":13}},"line":47},"8":{"name":"(anonymous_8)","decl":{"start":{"line":52,"column":4},"end":{"line":52,"column":5}},"loc":{"start":{"line":52,"column":22},"end":{"line":54,"column":5}},"line":52},"9":{"name":"(anonymous_9)","decl":{"start":{"line":56,"column":4},"end":{"line":56,"column":5}},"loc":{"start":{"line":56,"column":28},"end":{"line":67,"column":5}},"line":56},"10":{"name":"(anonymous_10)","decl":{"start":{"line":68,"column":4},"end":{"line":68,"column":5}},"loc":{"start":{"line":68,"column":36},"end":{"line":95,"column":5}},"line":68},"11":{"name":"(anonymous_11)","decl":{"start":{"line":96,"column":4},"end":{"line":96,"column":5}},"loc":{"start":{"line":96,"column":44},"end":{"line":122,"column":5}},"line":96},"12":{"name":"(anonymous_12)","decl":{"start":{"line":123,"column":4},"end":{"line":123,"column":5}},"loc":{"start":{"line":123,"column":29},"end":{"line":129,"column":5}},"line":123},"13":{"name":"(anonymous_13)","decl":{"start":{"line":130,"column":4},"end":{"line":130,"column":5}},"loc":{"start":{"line":130,"column":35},"end":{"line":141,"column":5}},"line":130},"14":{"name":"(anonymous_14)","decl":{"start":{"line":142,"column":4},"end":{"line":142,"column":5}},"loc":{"start":{"line":142,"column":45},"end":{"line":168,"column":5}},"line":142},"15":{"name":"(anonymous_15)","decl":{"start":{"line":169,"column":4},"end":{"line":169,"column":5}},"loc":{"start":{"line":169,"column":34},"end":{"line":180,"column":5}},"line":169},"16":{"name":"(anonymous_16)","decl":{"start":{"line":181,"column":4},"end":{"line":181,"column":5}},"loc":{"start":{"line":181,"column":16},"end":{"line":186,"column":5}},"line":181},"17":{"name":"(anonymous_17)","decl":{"start":{"line":187,"column":4},"end":{"line":187,"column":5}},"loc":{"start":{"line":187,"column":15},"end":{"line":192,"column":5}},"line":187},"18":{"name":"(anonymous_18)","decl":{"start":{"line":194,"column":4},"end":{"line":194,"column":5}},"loc":{"start":{"line":194,"column":19},"end":{"line":198,"column":5}},"line":194},"19":{"name":"(anonymous_19)","decl":{"start":{"line":195,"column":18},"end":{"line":195,"column":19}},"loc":{"start":{"line":195,"column":28},"end":{"line":197,"column":9}},"line":195}},"branchMap":{"0":{"loc":{"start":{"line":26,"column":8},"end":{"line":35,"column":9}},"type":"if","locations":[{"start":{"line":26,"column":8},"end":{"line":35,"column":9}},{"start":{"line":26,"column":8},"end":{"line":35,"column":9}}],"line":26},"1":{"loc":{"start":{"line":57,"column":8},"end":{"line":60,"column":9}},"type":"if","locations":[{"start":{"line":57,"column":8},"end":{"line":60,"column":9}},{"start":{"line":57,"column":8},"end":{"line":60,"column":9}}],"line":57},"2":{"loc":{"start":{"line":57,"column":12},"end":{"line":58,"column":87}},"type":"binary-expr","locations":[{"start":{"line":57,"column":12},"end":{"line":57,"column":31}},{"start":{"line":58,"column":15},"end":{"line":58,"column":87}}],"line":57},"3":{"loc":{"start":{"line":61,"column":8},"end":{"line":63,"column":9}},"type":"if","locations":[{"start":{"line":61,"column":8},"end":{"line":63,"column":9}},{"start":{"line":61,"column":8},"end":{"line":63,"column":9}}],"line":61},"4":{"loc":{"start":{"line":61,"column":12},"end":{"line":61,"column":65}},"type":"binary-expr","locations":[{"start":{"line":61,"column":12},"end":{"line":61,"column":35}},{"start":{"line":61,"column":39},"end":{"line":61,"column":65}}],"line":61},"5":{"loc":{"start":{"line":70,"column":8},"end":{"line":72,"column":9}},"type":"if","locations":[{"start":{"line":70,"column":8},"end":{"line":72,"column":9}},{"start":{"line":70,"column":8},"end":{"line":72,"column":9}}],"line":70},"6":{"loc":{"start":{"line":74,"column":8},"end":{"line":77,"column":9}},"type":"if","locations":[{"start":{"line":74,"column":8},"end":{"line":77,"column":9}},{"start":{"line":74,"column":8},"end":{"line":77,"column":9}}],"line":74},"7":{"loc":{"start":{"line":79,"column":12},"end":{"line":86,"column":13}},"type":"if","locations":[{"start":{"line":79,"column":12},"end":{"line":86,"column":13}},{"start":{"line":79,"column":12},"end":{"line":86,"column":13}}],"line":79},"8":{"loc":{"start":{"line":84,"column":20},"end":{"line":84,"column":42}},"type":"cond-expr","locations":[{"start":{"line":84,"column":33},"end":{"line":84,"column":34}},{"start":{"line":84,"column":37},"end":{"line":84,"column":42}}],"line":84},"9":{"loc":{"start":{"line":85,"column":20},"end":{"line":85,"column":42}},"type":"cond-expr","locations":[{"start":{"line":85,"column":33},"end":{"line":85,"column":38}},{"start":{"line":85,"column":41},"end":{"line":85,"column":42}}],"line":85},"10":{"loc":{"start":{"line":89,"column":8},"end":{"line":92,"column":9}},"type":"if","locations":[{"start":{"line":89,"column":8},"end":{"line":92,"column":9}},{"start":{"line":89,"column":8},"end":{"line":92,"column":9}}],"line":89},"11":{"loc":{"start":{"line":97,"column":8},"end":{"line":120,"column":9}},"type":"if","locations":[{"start":{"line":97,"column":8},"end":{"line":120,"column":9}},{"start":{"line":97,"column":8},"end":{"line":120,"column":9}}],"line":97},"12":{"loc":{"start":{"line":98,"column":12},"end":{"line":102,"column":13}},"type":"if","locations":[{"start":{"line":98,"column":12},"end":{"line":102,"column":13}},{"start":{"line":98,"column":12},"end":{"line":102,"column":13}}],"line":98},"13":{"loc":{"start":{"line":99,"column":16},"end":{"line":101,"column":17}},"type":"if","locations":[{"start":{"line":99,"column":16},"end":{"line":101,"column":17}},{"start":{"line":99,"column":16},"end":{"line":101,"column":17}}],"line":99},"14":{"loc":{"start":{"line":103,"column":12},"end":{"line":107,"column":13}},"type":"if","locations":[{"start":{"line":103,"column":12},"end":{"line":107,"column":13}},{"start":{"line":103,"column":12},"end":{"line":107,"column":13}}],"line":103},"15":{"loc":{"start":{"line":104,"column":16},"end":{"line":106,"column":17}},"type":"if","locations":[{"start":{"line":104,"column":16},"end":{"line":106,"column":17}},{"start":{"line":104,"column":16},"end":{"line":106,"column":17}}],"line":104},"16":{"loc":{"start":{"line":110,"column":12},"end":{"line":114,"column":13}},"type":"if","locations":[{"start":{"line":110,"column":12},"end":{"line":114,"column":13}},{"start":{"line":110,"column":12},"end":{"line":114,"column":13}}],"line":110},"17":{"loc":{"start":{"line":111,"column":16},"end":{"line":113,"column":17}},"type":"if","locations":[{"start":{"line":111,"column":16},"end":{"line":113,"column":17}},{"start":{"line":111,"column":16},"end":{"line":113,"column":17}}],"line":111},"18":{"loc":{"start":{"line":115,"column":12},"end":{"line":119,"column":13}},"type":"if","locations":[{"start":{"line":115,"column":12},"end":{"line":119,"column":13}},{"start":{"line":115,"column":12},"end":{"line":119,"column":13}}],"line":115},"19":{"loc":{"start":{"line":116,"column":16},"end":{"line":118,"column":17}},"type":"if","locations":[{"start":{"line":116,"column":16},"end":{"line":118,"column":17}},{"start":{"line":116,"column":16},"end":{"line":118,"column":17}}],"line":116},"20":{"loc":{"start":{"line":126,"column":20},"end":{"line":126,"column":62}},"type":"cond-expr","locations":[{"start":{"line":126,"column":45},"end":{"line":126,"column":54}},{"start":{"line":126,"column":57},"end":{"line":126,"column":62}}],"line":126},"21":{"loc":{"start":{"line":135,"column":12},"end":{"line":138,"column":13}},"type":"if","locations":[{"start":{"line":135,"column":12},"end":{"line":138,"column":13}},{"start":{"line":135,"column":12},"end":{"line":138,"column":13}}],"line":135},"22":{"loc":{"start":{"line":145,"column":8},"end":{"line":154,"column":9}},"type":"switch","locations":[{"start":{"line":146,"column":12},"end":{"line":148,"column":22}},{"start":{"line":149,"column":12},"end":{"line":151,"column":22}},{"start":{"line":152,"column":12},"end":{"line":153,"column":79}}],"line":145},"23":{"loc":{"start":{"line":155,"column":8},"end":{"line":167,"column":9}},"type":"if","locations":[{"start":{"line":155,"column":8},"end":{"line":167,"column":9}},{"start":{"line":155,"column":8},"end":{"line":167,"column":9}}],"line":155},"24":{"loc":{"start":{"line":158,"column":12},"end":{"line":163,"column":13}},"type":"if","locations":[{"start":{"line":158,"column":12},"end":{"line":163,"column":13}},{"start":{"line":158,"column":12},"end":{"line":163,"column":13}}],"line":158},"25":{"loc":{"start":{"line":174,"column":28},"end":{"line":176,"column":79}},"type":"binary-expr","locations":[{"start":{"line":174,"column":28},"end":{"line":174,"column":37}},{"start":{"line":175,"column":23},"end":{"line":175,"column":62}},{"start":{"line":176,"column":23},"end":{"line":176,"column":79}}],"line":174}},"s":{"0":1,"1":1,"2":1,"3":1,"4":1,"5":1,"6":15,"7":15,"8":15,"9":15,"10":12,"11":12,"12":4,"13":4,"14":4,"15":13235,"16":6662,"17":6573,"18":6573,"19":65730,"20":6573,"21":31,"22":31,"23":31,"24":31,"25":62,"26":620,"27":6200,"28":15,"29":4818,"30":0,"31":4818,"32":795,"33":4023,"34":4023,"35":4023,"36":1831,"37":1831,"38":467,"39":1364,"40":1364,"41":736,"42":736,"43":628,"44":3038,"45":59,"46":59,"47":2979,"48":2979,"49":569,"50":569,"51":379,"52":379,"53":190,"54":190,"55":1364,"56":678,"57":509,"58":151,"59":527,"60":401,"61":179,"62":686,"63":562,"64":316,"65":370,"66":308,"67":90,"68":628,"69":11157,"70":11157,"71":47674,"72":11157,"73":1802,"74":1802,"75":1802,"76":11157,"77":11157,"78":1952,"79":1952,"80":1802,"81":1853,"82":1853,"83":650,"84":650,"85":627,"86":627,"87":576,"88":1853,"89":1802,"90":1802,"91":1802,"92":943,"93":859,"94":51,"95":16,"96":16,"97":177,"98":177,"99":1770,"100":16,"101":1379,"102":1379,"103":1379,"104":1379,"105":1174,"106":1174,"107":1174,"108":1174,"109":4,"110":29,"111":1},"f":{"0":15,"1":12,"2":4,"3":13235,"4":31,"5":62,"6":620,"7":6200,"8":15,"9":4818,"10":1831,"11":1364,"12":11157,"13":1802,"14":1853,"15":16,"16":1379,"17":1174,"18":4,"19":29},"b":{"0":[6662,6573],"1":[0,4818],"2":[4818,4818],"3":[795,4023],"4":[4818,1731],"5":[467,1364],"6":[736,628],"7":[59,2979],"8":[1771,1208],"9":[1771,1208],"10":[379,190],"11":[678,686],"12":[509,169],"13":[151,358],"14":[401,126],"15":[179,222],"16":[562,124],"17":[316,246],"18":[308,62],"19":[90,218],"20":[5414,42260],"21":[1952,9205],"22":[650,627,576],"23":[1802,51],"24":[943,859],"25":[1770,971,882]},"_coverageSchema":"332fd63041d2c1bcb487cc26dd0d5f7d97098a6c","hash":"d984b2ec7bd53b34ae08e306ae0a38e394772296","contentHash":"6da3911916396f975eeacf6001c40294_11.2.1"},"/Users/eric/tp/log2990-03/Cadriciel/server/app/utilities.ts":{"path":"/Users/eric/tp/log2990-03/Cadriciel/server/app/utilities.ts","statementMap":{"0":{"start":{"line":2,"column":0},"end":{"line":2,"column":62}},"1":{"start":{"line":4,"column":0},"end":{"line":9,"column":62}},"2":{"start":{"line":6,"column":8},"end":{"line":6,"column":50}},"3":{"start":{"line":8,"column":4},"end":{"line":8,"column":34}}},"fnMap":{"0":{"name":"(anonymous_0)","decl":{"start":{"line":4,"column":1},"end":{"line":4,"column":2}},"loc":{"start":{"line":4,"column":22},"end":{"line":9,"column":1}},"line":4},"1":{"name":"deepCopy","decl":{"start":{"line":5,"column":13},"end":{"line":5,"column":21}},"loc":{"start":{"line":5,"column":30},"end":{"line":7,"column":5}},"line":5}},"branchMap":{"0":{"loc":{"start":{"line":9,"column":15},"end":{"line":9,"column":60}},"type":"binary-expr","locations":[{"start":{"line":9,"column":15},"end":{"line":9,"column":32}},{"start":{"line":9,"column":37},"end":{"line":9,"column":59}}],"line":9}},"s":{"0":1,"1":1,"2":5107,"3":1},"f":{"0":1,"1":5107},"b":{"0":[1,1]},"_coverageSchema":"332fd63041d2c1bcb487cc26dd0d5f7d97098a6c","hash":"20320b16cb7acadb30b8f5a3751af1476d71d653","contentHash":"1186e4b613781f2146a3a3574e41efa7_11.2.1"},"/Users/eric/tp/log2990-03/Cadriciel/server/app/lexicon.ts":{"path":"/Users/eric/tp/log2990-03/Cadriciel/server/app/lexicon.ts","statementMap":{"0":{"start":{"line":2,"column":0},"end":{"line":2,"column":62}},"1":{"start":{"line":3,"column":11},"end":{"line":3,"column":24}},"2":{"start":{"line":6,"column":8},"end":{"line":6,"column":40}},"3":{"start":{"line":10,"column":31},"end":{"line":10,"column":58}},"4":{"start":{"line":11,"column":8},"end":{"line":16,"column":9}},"5":{"start":{"line":12,"column":12},"end":{"line":12,"column":66}},"6":{"start":{"line":15,"column":12},"end":{"line":15,"column":65}},"7":{"start":{"line":19,"column":8},"end":{"line":20,"column":58}},"8":{"start":{"line":23,"column":8},"end":{"line":23,"column":63}},"9":{"start":{"line":28,"column":8},"end":{"line":28,"column":73}},"10":{"start":{"line":32,"column":22},"end":{"line":32,"column":27}},"11":{"start":{"line":33,"column":24},"end":{"line":33,"column":55}},"12":{"start":{"line":34,"column":8},"end":{"line":34,"column":40}},"13":{"start":{"line":37,"column":8},"end":{"line":37,"column":68}},"14":{"start":{"line":40,"column":8},"end":{"line":40,"column":53}},"15":{"start":{"line":43,"column":8},"end":{"line":48,"column":11}},"16":{"start":{"line":45,"column":12},"end":{"line":45,"column":57}},"17":{"start":{"line":47,"column":12},"end":{"line":47,"column":44}},"18":{"start":{"line":51,"column":29},"end":{"line":51,"column":57}},"19":{"start":{"line":52,"column":8},"end":{"line":53,"column":53}},"20":{"start":{"line":53,"column":28},"end":{"line":53,"column":51}},"21":{"start":{"line":56,"column":24},"end":{"line":56,"column":33}},"22":{"start":{"line":57,"column":8},"end":{"line":61,"column":9}},"23":{"start":{"line":58,"column":12},"end":{"line":60,"column":13}},"24":{"start":{"line":59,"column":16},"end":{"line":59,"column":59}},"25":{"start":{"line":62,"column":8},"end":{"line":62,"column":35}},"26":{"start":{"line":65,"column":8},"end":{"line":67,"column":9}},"27":{"start":{"line":66,"column":12},"end":{"line":66,"column":31}},"28":{"start":{"line":68,"column":28},"end":{"line":68,"column":53}},"29":{"start":{"line":69,"column":36},"end":{"line":72,"column":10}},"30":{"start":{"line":70,"column":31},"end":{"line":70,"column":59}},"31":{"start":{"line":71,"column":12},"end":{"line":71,"column":30}},"32":{"start":{"line":73,"column":32},"end":{"line":77,"column":10}},"33":{"start":{"line":74,"column":12},"end":{"line":74,"column":58}},"34":{"start":{"line":76,"column":12},"end":{"line":76,"column":44}},"35":{"start":{"line":78,"column":8},"end":{"line":78,"column":52}},"36":{"start":{"line":81,"column":0},"end":{"line":81,"column":26}}},"fnMap":{"0":{"name":"(anonymous_0)","decl":{"start":{"line":5,"column":4},"end":{"line":5,"column":5}},"loc":{"start":{"line":5,"column":22},"end":{"line":7,"column":5}},"line":5},"1":{"name":"(anonymous_1)","decl":{"start":{"line":9,"column":4},"end":{"line":9,"column":5}},"loc":{"start":{"line":9,"column":37},"end":{"line":17,"column":5}},"line":9},"2":{"name":"(anonymous_2)","decl":{"start":{"line":18,"column":4},"end":{"line":18,"column":5}},"loc":{"start":{"line":18,"column":32},"end":{"line":21,"column":5}},"line":18},"3":{"name":"(anonymous_3)","decl":{"start":{"line":22,"column":4},"end":{"line":22,"column":5}},"loc":{"start":{"line":22,"column":31},"end":{"line":24,"column":5}},"line":22},"4":{"name":"(anonymous_4)","decl":{"start":{"line":27,"column":4},"end":{"line":27,"column":5}},"loc":{"start":{"line":27,"column":31},"end":{"line":29,"column":5}},"line":27},"5":{"name":"(anonymous_5)","decl":{"start":{"line":31,"column":4},"end":{"line":31,"column":5}},"loc":{"start":{"line":31,"column":28},"end":{"line":35,"column":5}},"line":31},"6":{"name":"(anonymous_6)","decl":{"start":{"line":36,"column":4},"end":{"line":36,"column":5}},"loc":{"start":{"line":36,"column":18},"end":{"line":38,"column":5}},"line":36},"7":{"name":"(anonymous_7)","decl":{"start":{"line":39,"column":4},"end":{"line":39,"column":5}},"loc":{"start":{"line":39,"column":34},"end":{"line":41,"column":5}},"line":39},"8":{"name":"(anonymous_8)","decl":{"start":{"line":42,"column":4},"end":{"line":42,"column":5}},"loc":{"start":{"line":42,"column":38},"end":{"line":49,"column":5}},"line":42},"9":{"name":"(anonymous_9)","decl":{"start":{"line":44,"column":17},"end":{"line":44,"column":18}},"loc":{"start":{"line":44,"column":35},"end":{"line":46,"column":9}},"line":44},"10":{"name":"(anonymous_10)","decl":{"start":{"line":46,"column":18},"end":{"line":46,"column":19}},"loc":{"start":{"line":46,"column":41},"end":{"line":48,"column":9}},"line":46},"11":{"name":"(anonymous_11)","decl":{"start":{"line":50,"column":4},"end":{"line":50,"column":5}},"loc":{"start":{"line":50,"column":35},"end":{"line":54,"column":5}},"line":50},"12":{"name":"(anonymous_12)","decl":{"start":{"line":53,"column":20},"end":{"line":53,"column":21}},"loc":{"start":{"line":53,"column":28},"end":{"line":53,"column":51}},"line":53},"13":{"name":"(anonymous_13)","decl":{"start":{"line":55,"column":4},"end":{"line":55,"column":5}},"loc":{"start":{"line":55,"column":25},"end":{"line":63,"column":5}},"line":55},"14":{"name":"(anonymous_14)","decl":{"start":{"line":64,"column":4},"end":{"line":64,"column":5}},"loc":{"start":{"line":64,"column":45},"end":{"line":79,"column":5}},"line":64},"15":{"name":"(anonymous_15)","decl":{"start":{"line":69,"column":55},"end":{"line":69,"column":56}},"loc":{"start":{"line":69,"column":69},"end":{"line":72,"column":9}},"line":69},"16":{"name":"(anonymous_16)","decl":{"start":{"line":73,"column":56},"end":{"line":73,"column":57}},"loc":{"start":{"line":73,"column":70},"end":{"line":75,"column":9}},"line":73},"17":{"name":"(anonymous_17)","decl":{"start":{"line":75,"column":18},"end":{"line":75,"column":19}},"loc":{"start":{"line":75,"column":41},"end":{"line":77,"column":9}},"line":75}},"branchMap":{"0":{"loc":{"start":{"line":11,"column":8},"end":{"line":16,"column":9}},"type":"if","locations":[{"start":{"line":11,"column":8},"end":{"line":16,"column":9}},{"start":{"line":11,"column":8},"end":{"line":16,"column":9}}],"line":11},"1":{"loc":{"start":{"line":37,"column":36},"end":{"line":37,"column":66}},"type":"cond-expr","locations":[{"start":{"line":37,"column":45},"end":{"line":37,"column":53}},{"start":{"line":37,"column":56},"end":{"line":37,"column":66}}],"line":37},"2":{"loc":{"start":{"line":65,"column":8},"end":{"line":67,"column":9}},"type":"if","locations":[{"start":{"line":65,"column":8},"end":{"line":67,"column":9}},{"start":{"line":65,"column":8},"end":{"line":67,"column":9}}],"line":65}},"s":{"0":1,"1":1,"2":19,"3":2484,"4":2484,"5":39,"6":2445,"7":628,"8":1803,"9":19,"10":78048,"11":78048,"12":78048,"13":78360,"14":78360,"15":39,"16":312,"17":273,"18":78048,"19":78048,"20":161536301,"21":2445,"22":2445,"23":19560,"24":88020,"25":2445,"26":2445,"27":0,"28":2445,"29":2445,"30":81793,"31":81793,"32":2445,"33":78048,"34":75603,"35":2445,"36":1},"f":{"0":19,"1":2484,"2":628,"3":1803,"4":19,"5":78048,"6":78360,"7":78360,"8":39,"9":312,"10":273,"11":78048,"12":161536301,"13":2445,"14":2445,"15":81793,"16":78048,"17":75603},"b":{"0":[39,2445],"1":[40398,37962],"2":[0,2445]},"_coverageSchema":"332fd63041d2c1bcb487cc26dd0d5f7d97098a6c","hash":"f58bb787a0a5bce19e055553737560688519300b","contentHash":"d1378e16da3b28d03c2d98e3b2ec4ada_11.2.1"},"/Users/eric/tp/log2990-03/Cadriciel/server/app/crossword.service.ts":{"path":"/Users/eric/tp/log2990-03/Cadriciel/server/app/crossword.service.ts","statementMap":{"0":{"start":{"line":2,"column":0},"end":{"line":2,"column":62}},"1":{"start":{"line":4,"column":0},"end":{"line":44,"column":83}},"2":{"start":{"line":6,"column":8},"end":{"line":6,"column":70}},"3":{"start":{"line":8,"column":4},"end":{"line":8,"column":61}},"4":{"start":{"line":10,"column":8},"end":{"line":10,"column":34}},"5":{"start":{"line":13,"column":22},"end":{"line":13,"column":49}},"6":{"start":{"line":14,"column":8},"end":{"line":16,"column":9}},"7":{"start":{"line":15,"column":12},"end":{"line":15,"column":24}},"8":{"start":{"line":17,"column":28},"end":{"line":17,"column":50}},"9":{"start":{"line":18,"column":8},"end":{"line":20,"column":9}},"10":{"start":{"line":19,"column":12},"end":{"line":19,"column":25}},"11":{"start":{"line":21,"column":8},"end":{"line":25,"column":11}},"12":{"start":{"line":22,"column":12},"end":{"line":22,"column":41}},"13":{"start":{"line":24,"column":12},"end":{"line":24,"column":31}},"14":{"start":{"line":27,"column":4},"end":{"line":27,"column":37}},"15":{"start":{"line":29,"column":27},"end":{"line":29,"column":37}},"16":{"start":{"line":31,"column":8},"end":{"line":39,"column":12}},"17":{"start":{"line":32,"column":12},"end":{"line":36,"column":15}},"18":{"start":{"line":35,"column":16},"end":{"line":35,"column":40}},"19":{"start":{"line":38,"column":12},"end":{"line":38,"column":36}},"20":{"start":{"line":42,"column":8},"end":{"line":42,"column":86}}},"fnMap":{"0":{"name":"(anonymous_0)","decl":{"start":{"line":4,"column":1},"end":{"line":4,"column":2}},"loc":{"start":{"line":4,"column":29},"end":{"line":44,"column":1}},"line":4},"1":{"name":"indexesOutOfBounds","decl":{"start":{"line":5,"column":13},"end":{"line":5,"column":31}},"loc":{"start":{"line":5,"column":44},"end":{"line":7,"column":5}},"line":5},"2":{"name":"indexOutOfBounds","decl":{"start":{"line":9,"column":13},"end":{"line":9,"column":29}},"loc":{"start":{"line":9,"column":39},"end":{"line":11,"column":5}},"line":9},"3":{"name":"verify","decl":{"start":{"line":12,"column":13},"end":{"line":12,"column":19}},"loc":{"start":{"line":12,"column":31},"end":{"line":26,"column":5}},"line":12},"4":{"name":"(anonymous_4)","decl":{"start":{"line":21,"column":25},"end":{"line":21,"column":26}},"loc":{"start":{"line":21,"column":35},"end":{"line":23,"column":9}},"line":21},"5":{"name":"(anonymous_5)","decl":{"start":{"line":23,"column":18},"end":{"line":23,"column":19}},"loc":{"start":{"line":23,"column":33},"end":{"line":25,"column":9}},"line":23},"6":{"name":"getWords","decl":{"start":{"line":28,"column":13},"end":{"line":28,"column":21}},"loc":{"start":{"line":28,"column":45},"end":{"line":40,"column":5}},"line":28},"7":{"name":"(anonymous_7)","decl":{"start":{"line":31,"column":42},"end":{"line":31,"column":43}},"loc":{"start":{"line":31,"column":59},"end":{"line":37,"column":9}},"line":31},"8":{"name":"(anonymous_8)","decl":{"start":{"line":34,"column":24},"end":{"line":34,"column":25}},"loc":{"start":{"line":34,"column":35},"end":{"line":36,"column":13}},"line":34},"9":{"name":"(anonymous_9)","decl":{"start":{"line":37,"column":18},"end":{"line":37,"column":19}},"loc":{"start":{"line":37,"column":33},"end":{"line":39,"column":9}},"line":37},"10":{"name":"getAllWords","decl":{"start":{"line":41,"column":13},"end":{"line":41,"column":24}},"loc":{"start":{"line":41,"column":36},"end":{"line":43,"column":5}},"line":41}},"branchMap":{"0":{"loc":{"start":{"line":6,"column":15},"end":{"line":6,"column":69}},"type":"binary-expr","locations":[{"start":{"line":6,"column":15},"end":{"line":6,"column":40}},{"start":{"line":6,"column":44},"end":{"line":6,"column":69}}],"line":6},"1":{"loc":{"start":{"line":10,"column":15},"end":{"line":10,"column":33}},"type":"binary-expr","locations":[{"start":{"line":10,"column":15},"end":{"line":10,"column":20}},{"start":{"line":10,"column":24},"end":{"line":10,"column":33}}],"line":10},"2":{"loc":{"start":{"line":14,"column":8},"end":{"line":16,"column":9}},"type":"if","locations":[{"start":{"line":14,"column":8},"end":{"line":16,"column":9}},{"start":{"line":14,"column":8},"end":{"line":16,"column":9}}],"line":14},"3":{"loc":{"start":{"line":18,"column":8},"end":{"line":20,"column":9}},"type":"if","locations":[{"start":{"line":18,"column":8},"end":{"line":20,"column":9}},{"start":{"line":18,"column":8},"end":{"line":20,"column":9}}],"line":18},"4":{"loc":{"start":{"line":24,"column":19},"end":{"line":24,"column":30}},"type":"binary-expr","locations":[{"start":{"line":24,"column":19},"end":{"line":24,"column":23}},{"start":{"line":24,"column":27},"end":{"line":24,"column":30}}],"line":24},"5":{"loc":{"start":{"line":44,"column":22},"end":{"line":44,"column":81}},"type":"binary-expr","locations":[{"start":{"line":44,"column":22},"end":{"line":44,"column":46}},{"start":{"line":44,"column":51},"end":{"line":44,"column":80}}],"line":44}},"s":{"0":1,"1":1,"2":4827,"3":1,"4":9650,"5":570,"6":570,"7":1,"8":569,"9":569,"10":379,"11":190,"12":1283,"13":1093,"14":1,"15":1138,"16":1138,"17":11380,"18":81400,"19":10242,"20":569},"f":{"0":1,"1":4827,"2":9650,"3":570,"4":1283,"5":1093,"6":1138,"7":11380,"8":81400,"9":10242,"10":569},"b":{"0":[4827,4823],"1":[9650,9647],"2":[1,569],"3":[379,190],"4":[1093,1093],"5":[1,1]},"_coverageSchema":"332fd63041d2c1bcb487cc26dd0d5f7d97098a6c","hash":"fa041e6c690275808208b5f755439c68cf78e926","contentHash":"5e020828b2c2dcb736929c6e78ec097c_11.2.1"},"/Users/eric/tp/log2990-03/Cadriciel/server/app/routes/crossWordSchema.ts":{"path":"/Users/eric/tp/log2990-03/Cadriciel/server/app/routes/crossWordSchema.ts","statementMap":{"0":{"start":{"line":2,"column":0},"end":{"line":2,"column":62}},"1":{"start":{"line":3,"column":17},"end":{"line":3,"column":36}},"2":{"start":{"line":4,"column":0},"end":{"line":4,"column":122}},"3":{"start":{"line":6,"column":11},"end":{"line":6,"column":30}},"4":{"start":{"line":8,"column":0},"end":{"line":8,"column":73}},"5":{"start":{"line":9,"column":24},"end":{"line":22,"column":2}},"6":{"start":{"line":23,"column":0},"end":{"line":23,"column":63}}},"fnMap":{},"branchMap":{},"s":{"0":1,"1":1,"2":1,"3":1,"4":1,"5":1,"6":1},"f":{},"b":{},"_coverageSchema":"332fd63041d2c1bcb487cc26dd0d5f7d97098a6c","hash":"0a63005e39c671df2cf783d5e8948a79692aea47","contentHash":"12a0992452d5a48ebc4fe6147e844071_11.2.1"},"/Users/eric/tp/log2990-03/Cadriciel/server/app/routes/authentification.spec.ts":{"path":"/Users/eric/tp/log2990-03/Cadriciel/server/app/routes/authentification.spec.ts","statementMap":{"0":{"start":{"line":2,"column":0},"end":{"line":2,"column":62}},"1":{"start":{"line":3,"column":15},"end":{"line":3,"column":30}},"2":{"start":{"line":4,"column":0},"end":{"line":45,"column":3}},"3":{"start":{"line":5,"column":19},"end":{"line":5,"column":46}},"4":{"start":{"line":6,"column":17},"end":{"line":6,"column":32}},"5":{"start":{"line":7,"column":21},"end":{"line":7,"column":41}},"6":{"start":{"line":8,"column":4},"end":{"line":8,"column":23}},"7":{"start":{"line":9,"column":4},"end":{"line":17,"column":7}},"8":{"start":{"line":10,"column":8},"end":{"line":16,"column":11}},"9":{"start":{"line":14,"column":12},"end":{"line":14,"column":73}},"10":{"start":{"line":15,"column":12},"end":{"line":15,"column":19}},"11":{"start":{"line":18,"column":4},"end":{"line":26,"column":7}},"12":{"start":{"line":19,"column":8},"end":{"line":25,"column":11}},"13":{"start":{"line":23,"column":12},"end":{"line":23,"column":73}},"14":{"start":{"line":24,"column":12},"end":{"line":24,"column":19}},"15":{"start":{"line":27,"column":4},"end":{"line":35,"column":7}},"16":{"start":{"line":28,"column":8},"end":{"line":34,"column":11}},"17":{"start":{"line":32,"column":12},"end":{"line":32,"column":67}},"18":{"start":{"line":33,"column":12},"end":{"line":33,"column":19}},"19":{"start":{"line":36,"column":4},"end":{"line":44,"column":7}},"20":{"start":{"line":37,"column":8},"end":{"line":43,"column":11}},"21":{"start":{"line":41,"column":12},"end":{"line":41,"column":67}},"22":{"start":{"line":42,"column":12},"end":{"line":42,"column":19}}},"fnMap":{"0":{"name":"(anonymous_0)","decl":{"start":{"line":4,"column":27},"end":{"line":4,"column":28}},"loc":{"start":{"line":4,"column":33},"end":{"line":45,"column":1}},"line":4},"1":{"name":"(anonymous_1)","decl":{"start":{"line":9,"column":55},"end":{"line":9,"column":56}},"loc":{"start":{"line":9,"column":65},"end":{"line":17,"column":5}},"line":9},"2":{"name":"(anonymous_2)","decl":{"start":{"line":13,"column":17},"end":{"line":13,"column":18}},"loc":{"start":{"line":13,"column":31},"end":{"line":16,"column":9}},"line":13},"3":{"name":"(anonymous_3)","decl":{"start":{"line":18,"column":63},"end":{"line":18,"column":64}},"loc":{"start":{"line":18,"column":73},"end":{"line":26,"column":5}},"line":18},"4":{"name":"(anonymous_4)","decl":{"start":{"line":22,"column":17},"end":{"line":22,"column":18}},"loc":{"start":{"line":22,"column":31},"end":{"line":25,"column":9}},"line":22},"5":{"name":"(anonymous_5)","decl":{"start":{"line":27,"column":64},"end":{"line":27,"column":65}},"loc":{"start":{"line":27,"column":74},"end":{"line":35,"column":5}},"line":27},"6":{"name":"(anonymous_6)","decl":{"start":{"line":31,"column":17},"end":{"line":31,"column":18}},"loc":{"start":{"line":31,"column":31},"end":{"line":34,"column":9}},"line":31},"7":{"name":"(anonymous_7)","decl":{"start":{"line":36,"column":90},"end":{"line":36,"column":91}},"loc":{"start":{"line":36,"column":100},"end":{"line":44,"column":5}},"line":36},"8":{"name":"(anonymous_8)","decl":{"start":{"line":40,"column":17},"end":{"line":40,"column":18}},"loc":{"start":{"line":40,"column":31},"end":{"line":43,"column":9}},"line":40}},"branchMap":{},"s":{"0":1,"1":1,"2":1,"3":1,"4":1,"5":1,"6":1,"7":1,"8":1,"9":1,"10":1,"11":1,"12":1,"13":1,"14":1,"15":1,"16":1,"17":1,"18":1,"19":1,"20":1,"21":1,"22":1},"f":{"0":1,"1":1,"2":1,"3":1,"4":1,"5":1,"6":1,"7":1,"8":1},"b":{},"_coverageSchema":"332fd63041d2c1bcb487cc26dd0d5f7d97098a6c","hash":"fd93d387bc45f875cfc9ed0a47b194d64f2d796a","contentHash":"3a38984efb663c358df1e9d6c089c04c_11.2.1"},"/Users/eric/tp/log2990-03/Cadriciel/server/app/routes/lexicon.spec.ts":{"path":"/Users/eric/tp/log2990-03/Cadriciel/server/app/routes/lexicon.spec.ts","statementMap":{"0":{"start":{"line":2,"column":0},"end":{"line":2,"column":62}},"1":{"start":{"line":3,"column":15},"end":{"line":3,"column":30}},"2":{"start":{"line":4,"column":0},"end":{"line":108,"column":3}},"3":{"start":{"line":5,"column":17},"end":{"line":5,"column":32}},"4":{"start":{"line":6,"column":21},"end":{"line":6,"column":41}},"5":{"start":{"line":7,"column":4},"end":{"line":7,"column":23}},"6":{"start":{"line":8,"column":19},"end":{"line":8,"column":46}},"7":{"start":{"line":9,"column":4},"end":{"line":17,"column":7}},"8":{"start":{"line":10,"column":8},"end":{"line":16,"column":11}},"9":{"start":{"line":13,"column":32},"end":{"line":13,"column":52}},"10":{"start":{"line":14,"column":12},"end":{"line":14,"column":81}},"11":{"start":{"line":15,"column":12},"end":{"line":15,"column":19}},"12":{"start":{"line":18,"column":4},"end":{"line":26,"column":7}},"13":{"start":{"line":19,"column":8},"end":{"line":25,"column":11}},"14":{"start":{"line":22,"column":32},"end":{"line":22,"column":52}},"15":{"start":{"line":23,"column":12},"end":{"line":23,"column":50}},"16":{"start":{"line":24,"column":12},"end":{"line":24,"column":19}},"17":{"start":{"line":27,"column":4},"end":{"line":35,"column":7}},"18":{"start":{"line":28,"column":8},"end":{"line":34,"column":11}},"19":{"start":{"line":31,"column":28},"end":{"line":31,"column":36}},"20":{"start":{"line":32,"column":12},"end":{"line":32,"column":43}},"21":{"start":{"line":33,"column":12},"end":{"line":33,"column":19}},"22":{"start":{"line":36,"column":4},"end":{"line":44,"column":7}},"23":{"start":{"line":37,"column":8},"end":{"line":43,"column":11}},"24":{"start":{"line":40,"column":28},"end":{"line":40,"column":36}},"25":{"start":{"line":41,"column":12},"end":{"line":41,"column":95}},"26":{"start":{"line":42,"column":12},"end":{"line":42,"column":19}},"27":{"start":{"line":45,"column":4},"end":{"line":53,"column":7}},"28":{"start":{"line":46,"column":8},"end":{"line":52,"column":11}},"29":{"start":{"line":49,"column":28},"end":{"line":49,"column":36}},"30":{"start":{"line":50,"column":12},"end":{"line":50,"column":51}},"31":{"start":{"line":51,"column":12},"end":{"line":51,"column":19}},"32":{"start":{"line":54,"column":4},"end":{"line":62,"column":7}},"33":{"start":{"line":55,"column":8},"end":{"line":61,"column":11}},"34":{"start":{"line":58,"column":28},"end":{"line":58,"column":36}},"35":{"start":{"line":59,"column":12},"end":{"line":59,"column":48}},"36":{"start":{"line":60,"column":12},"end":{"line":60,"column":19}},"37":{"start":{"line":63,"column":4},"end":{"line":71,"column":7}},"38":{"start":{"line":64,"column":8},"end":{"line":70,"column":11}},"39":{"start":{"line":67,"column":28},"end":{"line":67,"column":36}},"40":{"start":{"line":68,"column":12},"end":{"line":68,"column":91}},"41":{"start":{"line":69,"column":12},"end":{"line":69,"column":19}},"42":{"start":{"line":72,"column":4},"end":{"line":80,"column":7}},"43":{"start":{"line":73,"column":8},"end":{"line":79,"column":11}},"44":{"start":{"line":76,"column":28},"end":{"line":76,"column":36}},"45":{"start":{"line":77,"column":12},"end":{"line":77,"column":74}},"46":{"start":{"line":78,"column":12},"end":{"line":78,"column":19}},"47":{"start":{"line":81,"column":4},"end":{"line":89,"column":7}},"48":{"start":{"line":82,"column":8},"end":{"line":88,"column":11}},"49":{"start":{"line":85,"column":28},"end":{"line":85,"column":36}},"50":{"start":{"line":86,"column":12},"end":{"line":86,"column":95}},"51":{"start":{"line":87,"column":12},"end":{"line":87,"column":19}},"52":{"start":{"line":90,"column":4},"end":{"line":98,"column":22}},"53":{"start":{"line":91,"column":8},"end":{"line":97,"column":11}},"54":{"start":{"line":94,"column":28},"end":{"line":94,"column":36}},"55":{"start":{"line":95,"column":12},"end":{"line":95,"column":46}},"56":{"start":{"line":96,"column":12},"end":{"line":96,"column":19}},"57":{"start":{"line":99,"column":4},"end":{"line":107,"column":22}},"58":{"start":{"line":100,"column":8},"end":{"line":106,"column":11}},"59":{"start":{"line":103,"column":28},"end":{"line":103,"column":36}},"60":{"start":{"line":104,"column":12},"end":{"line":104,"column":46}},"61":{"start":{"line":105,"column":12},"end":{"line":105,"column":19}}},"fnMap":{"0":{"name":"(anonymous_0)","decl":{"start":{"line":4,"column":20},"end":{"line":4,"column":21}},"loc":{"start":{"line":4,"column":26},"end":{"line":108,"column":1}},"line":4},"1":{"name":"(anonymous_1)","decl":{"start":{"line":9,"column":47},"end":{"line":9,"column":48}},"loc":{"start":{"line":9,"column":57},"end":{"line":17,"column":5}},"line":9},"2":{"name":"(anonymous_2)","decl":{"start":{"line":12,"column":17},"end":{"line":12,"column":18}},"loc":{"start":{"line":12,"column":31},"end":{"line":16,"column":9}},"line":12},"3":{"name":"(anonymous_3)","decl":{"start":{"line":18,"column":52},"end":{"line":18,"column":53}},"loc":{"start":{"line":18,"column":62},"end":{"line":26,"column":5}},"line":18},"4":{"name":"(anonymous_4)","decl":{"start":{"line":21,"column":17},"end":{"line":21,"column":18}},"loc":{"start":{"line":21,"column":31},"end":{"line":25,"column":9}},"line":21},"5":{"name":"(anonymous_5)","decl":{"start":{"line":27,"column":54},"end":{"line":27,"column":55}},"loc":{"start":{"line":27,"column":64},"end":{"line":35,"column":5}},"line":27},"6":{"name":"(anonymous_6)","decl":{"start":{"line":30,"column":17},"end":{"line":30,"column":18}},"loc":{"start":{"line":30,"column":31},"end":{"line":34,"column":9}},"line":30},"7":{"name":"(anonymous_7)","decl":{"start":{"line":36,"column":53},"end":{"line":36,"column":54}},"loc":{"start":{"line":36,"column":63},"end":{"line":44,"column":5}},"line":36},"8":{"name":"(anonymous_8)","decl":{"start":{"line":39,"column":17},"end":{"line":39,"column":18}},"loc":{"start":{"line":39,"column":31},"end":{"line":43,"column":9}},"line":39},"9":{"name":"(anonymous_9)","decl":{"start":{"line":45,"column":53},"end":{"line":45,"column":54}},"loc":{"start":{"line":45,"column":63},"end":{"line":53,"column":5}},"line":45},"10":{"name":"(anonymous_10)","decl":{"start":{"line":48,"column":17},"end":{"line":48,"column":18}},"loc":{"start":{"line":48,"column":31},"end":{"line":52,"column":9}},"line":48},"11":{"name":"(anonymous_11)","decl":{"start":{"line":54,"column":73},"end":{"line":54,"column":74}},"loc":{"start":{"line":54,"column":83},"end":{"line":62,"column":5}},"line":54},"12":{"name":"(anonymous_12)","decl":{"start":{"line":57,"column":17},"end":{"line":57,"column":18}},"loc":{"start":{"line":57,"column":31},"end":{"line":61,"column":9}},"line":57},"13":{"name":"(anonymous_13)","decl":{"start":{"line":63,"column":58},"end":{"line":63,"column":59}},"loc":{"start":{"line":63,"column":68},"end":{"line":71,"column":5}},"line":63},"14":{"name":"(anonymous_14)","decl":{"start":{"line":66,"column":17},"end":{"line":66,"column":18}},"loc":{"start":{"line":66,"column":31},"end":{"line":70,"column":9}},"line":66},"15":{"name":"(anonymous_15)","decl":{"start":{"line":72,"column":63},"end":{"line":72,"column":64}},"loc":{"start":{"line":72,"column":73},"end":{"line":80,"column":5}},"line":72},"16":{"name":"(anonymous_16)","decl":{"start":{"line":75,"column":17},"end":{"line":75,"column":18}},"loc":{"start":{"line":75,"column":31},"end":{"line":79,"column":9}},"line":75},"17":{"name":"(anonymous_17)","decl":{"start":{"line":81,"column":96},"end":{"line":81,"column":97}},"loc":{"start":{"line":81,"column":106},"end":{"line":89,"column":5}},"line":81},"18":{"name":"(anonymous_18)","decl":{"start":{"line":84,"column":17},"end":{"line":84,"column":18}},"loc":{"start":{"line":84,"column":31},"end":{"line":88,"column":9}},"line":84},"19":{"name":"(anonymous_19)","decl":{"start":{"line":90,"column":41},"end":{"line":90,"column":42}},"loc":{"start":{"line":90,"column":51},"end":{"line":98,"column":5}},"line":90},"20":{"name":"(anonymous_20)","decl":{"start":{"line":93,"column":17},"end":{"line":93,"column":18}},"loc":{"start":{"line":93,"column":31},"end":{"line":97,"column":9}},"line":93},"21":{"name":"(anonymous_21)","decl":{"start":{"line":99,"column":43},"end":{"line":99,"column":44}},"loc":{"start":{"line":99,"column":53},"end":{"line":107,"column":5}},"line":99},"22":{"name":"(anonymous_22)","decl":{"start":{"line":102,"column":17},"end":{"line":102,"column":18}},"loc":{"start":{"line":102,"column":31},"end":{"line":106,"column":9}},"line":102}},"branchMap":{"0":{"loc":{"start":{"line":41,"column":26},"end":{"line":41,"column":93}},"type":"binary-expr","locations":[{"start":{"line":41,"column":26},"end":{"line":41,"column":48}},{"start":{"line":41,"column":52},"end":{"line":41,"column":93}}],"line":41},"1":{"loc":{"start":{"line":68,"column":26},"end":{"line":68,"column":89}},"type":"binary-expr","locations":[{"start":{"line":68,"column":26},"end":{"line":68,"column":47}},{"start":{"line":68,"column":51},"end":{"line":68,"column":89}}],"line":68},"2":{"loc":{"start":{"line":77,"column":26},"end":{"line":77,"column":72}},"type":"binary-expr","locations":[{"start":{"line":77,"column":26},"end":{"line":77,"column":47}},{"start":{"line":77,"column":51},"end":{"line":77,"column":72}}],"line":77},"3":{"loc":{"start":{"line":86,"column":26},"end":{"line":86,"column":93}},"type":"binary-expr","locations":[{"start":{"line":86,"column":26},"end":{"line":86,"column":49}},{"start":{"line":86,"column":53},"end":{"line":86,"column":93}}],"line":86}},"s":{"0":1,"1":1,"2":1,"3":1,"4":1,"5":1,"6":1,"7":1,"8":1,"9":1,"10":1,"11":1,"12":1,"13":1,"14":1,"15":1,"16":1,"17":1,"18":1,"19":1,"20":1,"21":1,"22":1,"23":1,"24":1,"25":1,"26":1,"27":1,"28":1,"29":1,"30":1,"31":1,"32":1,"33":1,"34":1,"35":1,"36":1,"37":1,"38":1,"39":1,"40":1,"41":1,"42":1,"43":1,"44":1,"45":1,"46":1,"47":1,"48":1,"49":1,"50":1,"51":1,"52":1,"53":1,"54":1,"55":1,"56":1,"57":1,"58":1,"59":1,"60":1,"61":1},"f":{"0":1,"1":1,"2":1,"3":1,"4":1,"5":1,"6":1,"7":1,"8":1,"9":1,"10":1,"11":1,"12":1,"13":1,"14":1,"15":1,"16":1,"17":1,"18":1,"19":1,"20":1,"21":1,"22":1}
[...]
:{"line":76,"column":60},"end":{"line":76,"column":61}},"loc":{"start":{"line":76,"column":66},"end":{"line":81,"column":5}},"line":76},"17":{"name":"(anonymous_17)","decl":{"start":{"line":78,"column":63},"end":{"line":78,"column":64}},"loc":{"start":{"line":78,"column":79},"end":{"line":80,"column":9}},"line":78},"18":{"name":"(anonymous_18)","decl":{"start":{"line":82,"column":70},"end":{"line":82,"column":71}},"loc":{"start":{"line":82,"column":80},"end":{"line":88,"column":5}},"line":82},"19":{"name":"(anonymous_19)","decl":{"start":{"line":84,"column":51},"end":{"line":84,"column":52}},"loc":{"start":{"line":84,"column":67},"end":{"line":87,"column":9}},"line":84},"20":{"name":"(anonymous_20)","decl":{"start":{"line":89,"column":68},"end":{"line":89,"column":69}},"loc":{"start":{"line":89,"column":78},"end":{"line":95,"column":5}},"line":89},"21":{"name":"(anonymous_21)","decl":{"start":{"line":91,"column":49},"end":{"line":91,"column":50}},"loc":{"start":{"line":91,"column":65},"end":{"line":94,"column":9}},"line":91},"22":{"name":"(anonymous_22)","decl":{"start":{"line":96,"column":62},"end":{"line":96,"column":63}},"loc":{"start":{"line":96,"column":72},"end":{"line":101,"column":5}},"line":96},"23":{"name":"(anonymous_23)","decl":{"start":{"line":97,"column":55},"end":{"line":97,"column":56}},"loc":{"start":{"line":97,"column":71},"end":{"line":100,"column":9}},"line":97}},"branchMap":{"0":{"loc":{"start":{"line":43,"column":19},"end":{"line":43,"column":30}},"type":"binary-expr","locations":[{"start":{"line":43,"column":19},"end":{"line":43,"column":23}},{"start":{"line":43,"column":27},"end":{"line":43,"column":30}}],"line":43},"1":{"loc":{"start":{"line":69,"column":22},"end":{"line":69,"column":94}},"type":"binary-expr","locations":[{"start":{"line":69,"column":22},"end":{"line":69,"column":56}},{"start":{"line":69,"column":60},"end":{"line":69,"column":94}}],"line":69},"2":{"loc":{"start":{"line":74,"column":22},"end":{"line":74,"column":94}},"type":"binary-expr","locations":[{"start":{"line":74,"column":22},"end":{"line":74,"column":56}},{"start":{"line":74,"column":60},"end":{"line":74,"column":94}}],"line":74}},"s":{"0":1,"1":1,"2":1,"3":1,"4":1,"5":1,"6":1,"7":1,"8":1,"9":1,"10":1,"11":1,"12":1,"13":1,"14":1,"15":1,"16":1,"17":1,"18":1,"19":1,"20":1,"21":1,"22":1,"23":1,"24":1,"25":1,"26":1,"27":1,"28":1,"29":1,"30":1,"31":1,"32":1,"33":4060,"34":4059,"35":1,"36":1,"37":1,"38":1,"39":1,"40":1,"41":1,"42":1,"43":1,"44":1,"45":1,"46":1,"47":1,"48":1,"49":1,"50":1,"51":1,"52":1,"53":1,"54":1,"55":1,"56":1,"57":1,"58":1,"59":1,"60":1,"61":1,"62":1,"63":1,"64":1,"65":1,"66":1,"67":1,"68":1,"69":1,"70":1,"71":1,"72":1,"73":1,"74":1,"75":1,"76":1},"f":{"0":1,"1":1,"2":1,"3":1,"4":1,"5":1,"6":1,"7":1,"8":4060,"9":4059,"10":1,"11":1,"12":1,"13":1,"14":1,"15":1,"16":1,"17":1,"18":1,"19":1,"20":1,"21":1,"22":1,"23":1},"b":{"0":[4059,4059],"1":[1,1],"2":[1,1]},"_coverageSchema":"332fd63041d2c1bcb487cc26dd0d5f7d97098a6c","hash":"b4e3348a55a372e22d921b7e8c62b04e97aa3c23","contentHash":"6ecb0e84453129826270703303a1c1c8_11.2.1"},"/Users/eric/tp/log2990-03/Cadriciel/server/app/lexicon-reader.ts":{"path":"/Users/eric/tp/log2990-03/Cadriciel/server/app/lexicon-reader.ts","statementMap":{"0":{"start":{"line":2,"column":0},"end":{"line":2,"column":62}},"1":{"start":{"line":3,"column":11},"end":{"line":3,"column":24}},"2":{"start":{"line":4,"column":16},"end":{"line":4,"column":34}},"3":{"start":{"line":5,"column":14},"end":{"line":5,"column":30}},"4":{"start":{"line":8,"column":8},"end":{"line":8,"column":59}},"5":{"start":{"line":11,"column":8},"end":{"line":13,"column":11}},"6":{"start":{"line":12,"column":12},"end":{"line":12,"column":46}},"7":{"start":{"line":16,"column":30},"end":{"line":16,"column":32}},"8":{"start":{"line":17,"column":8},"end":{"line":21,"column":9}},"9":{"start":{"line":18,"column":12},"end":{"line":20,"column":13}},"10":{"start":{"line":19,"column":16},"end":{"line":19,"column":41}},"11":{"start":{"line":22,"column":8},"end":{"line":22,"column":29}},"12":{"start":{"line":25,"column":30},"end":{"line":25,"column":32}},"13":{"start":{"line":26,"column":35},"end":{"line":26,"column":82}},"14":{"start":{"line":27,"column":8},"end":{"line":37,"column":9}},"15":{"start":{"line":28,"column":24},"end":{"line":28,"column":28}},"16":{"start":{"line":29,"column":12},"end":{"line":33,"column":13}},"17":{"start":{"line":30,"column":16},"end":{"line":32,"column":17}},"18":{"start":{"line":31,"column":20},"end":{"line":31,"column":34}},"19":{"start":{"line":34,"column":12},"end":{"line":36,"column":13}},"20":{"start":{"line":35,"column":16},"end":{"line":35,"column":58}},"21":{"start":{"line":38,"column":8},"end":{"line":38,"column":29}},"22":{"start":{"line":41,"column":28},"end":{"line":44,"column":10}},"23":{"start":{"line":42,"column":31},"end":{"line":42,"column":82}},"24":{"start":{"line":43,"column":12},"end":{"line":43,"column":30}},"25":{"start":{"line":45,"column":8},"end":{"line":53,"column":11}},"26":{"start":{"line":46,"column":12},"end":{"line":52,"column":15}},"27":{"start":{"line":47,"column":16},"end":{"line":49,"column":19}},"28":{"start":{"line":48,"column":20},"end":{"line":48,"column":50}},"29":{"start":{"line":51,"column":16},"end":{"line":51,"column":33}},"30":{"start":{"line":56,"column":28},"end":{"line":59,"column":10}},"31":{"start":{"line":57,"column":31},"end":{"line":57,"column":82}},"32":{"start":{"line":58,"column":12},"end":{"line":58,"column":30}},"33":{"start":{"line":60,"column":8},"end":{"line":68,"column":11}},"34":{"start":{"line":61,"column":12},"end":{"line":67,"column":15}},"35":{"start":{"line":62,"column":16},"end":{"line":64,"column":19}},"36":{"start":{"line":63,"column":20},"end":{"line":63,"column":51}},"37":{"start":{"line":66,"column":16},"end":{"line":66,"column":33}},"38":{"start":{"line":71,"column":20},"end":{"line":71,"column":60}},"39":{"start":{"line":72,"column":24},"end":{"line":73,"column":76}},"40":{"start":{"line":74,"column":8},"end":{"line":79,"column":11}},"41":{"start":{"line":75,"column":12},"end":{"line":78,"column":15}},"42":{"start":{"line":76,"column":16},"end":{"line":76,"column":40}},"43":{"start":{"line":77,"column":16},"end":{"line":77,"column":41}},"44":{"start":{"line":82,"column":20},"end":{"line":82,"column":60}},"45":{"start":{"line":83,"column":24},"end":{"line":84,"column":90}},"46":{"start":{"line":85,"column":26},"end":{"line":85,"column":28}},"47":{"start":{"line":86,"column":8},"end":{"line":99,"column":11}},"48":{"start":{"line":87,"column":12},"end":{"line":98,"column":15}},"49":{"start":{"line":88,"column":16},"end":{"line":96,"column":17}},"50":{"start":{"line":89,"column":20},"end":{"line":89,"column":37}},"51":{"start":{"line":92,"column":20},"end":{"line":92,"column":44}},"52":{"start":{"line":93,"column":20},"end":{"line":95,"column":21}},"53":{"start":{"line":94,"column":24},"end":{"line":94,"column":55}},"54":{"start":{"line":97,"column":16},"end":{"line":97,"column":37}},"55":{"start":{"line":102,"column":0},"end":{"line":102,"column":38}}},"fnMap":{"0":{"name":"(anonymous_0)","decl":{"start":{"line":7,"column":4},"end":{"line":7,"column":5}},"loc":{"start":{"line":7,"column":20},"end":{"line":9,"column":5}},"line":7},"1":{"name":"(anonymous_1)","decl":{"start":{"line":10,"column":4},"end":{"line":10,"column":5}},"loc":{"start":{"line":10,"column":43},"end":{"line":14,"column":5}},"line":10},"2":{"name":"(anonymous_2)","decl":{"start":{"line":11,"column":30},"end":{"line":11,"column":31}},"loc":{"start":{"line":11,"column":40},"end":{"line":13,"column":9}},"line":11},"3":{"name":"(anonymous_3)","decl":{"start":{"line":15,"column":4},"end":{"line":15,"column":5}},"loc":{"start":{"line":15,"column":51},"end":{"line":23,"column":5}},"line":15},"4":{"name":"(anonymous_4)","decl":{"start":{"line":24,"column":4},"end":{"line":24,"column":5}},"loc":{"start":{"line":24,"column":46},"end":{"line":39,"column":5}},"line":24},"5":{"name":"(anonymous_5)","decl":{"start":{"line":40,"column":4},"end":{"line":40,"column":5}},"loc":{"start":{"line":40,"column":36},"end":{"line":54,"column":5}},"line":40},"6":{"name":"(anonymous_6)","decl":{"start":{"line":41,"column":53},"end":{"line":41,"column":54}},"loc":{"start":{"line":41,"column":64},"end":{"line":44,"column":9}},"line":41},"7":{"name":"(anonymous_7)","decl":{"start":{"line":45,"column":27},"end":{"line":45,"column":28}},"loc":{"start":{"line":45,"column":40},"end":{"line":53,"column":9}},"line":45},"8":{"name":"(anonymous_8)","decl":{"start":{"line":46,"column":38},"end":{"line":46,"column":39}},"loc":{"start":{"line":46,"column":58},"end":{"line":50,"column":13}},"line":46},"9":{"name":"(anonymous_9)","decl":{"start":{"line":47,"column":49},"end":{"line":47,"column":50}},"loc":{"start":{"line":47,"column":64},"end":{"line":49,"column":17}},"line":47},"10":{"name":"(anonymous_10)","decl":{"start":{"line":50,"column":15},"end":{"line":50,"column":16}},"loc":{"start":{"line":50,"column":33},"end":{"line":52,"column":13}},"line":50},"11":{"name":"(anonymous_11)","decl":{"start":{"line":55,"column":4},"end":{"line":55,"column":5}},"loc":{"start":{"line":55,"column":34},"end":{"line":69,"column":5}},"line":55},"12":{"name":"(anonymous_12)","decl":{"start":{"line":56,"column":53},"end":{"line":56,"column":54}},"loc":{"start":{"line":56,"column":64},"end":{"line":59,"column":9}},"line":56},"13":{"name":"(anonymous_13)","decl":{"start":{"line":60,"column":27},"end":{"line":60,"column":28}},"loc":{"start":{"line":60,"column":40},"end":{"line":68,"column":9}},"line":60},"14":{"name":"(anonymous_14)","decl":{"start":{"line":61,"column":38},"end":{"line":61,"column":39}},"loc":{"start":{"line":61,"column":58},"end":{"line":65,"column":13}},"line":61},"15":{"name":"(anonymous_15)","decl":{"start":{"line":62,"column":49},"end":{"line":62,"column":50}},"loc":{"start":{"line":62,"column":64},"end":{"line":64,"column":17}},"line":62},"16":{"name":"(anonymous_16)","decl":{"start":{"line":65,"column":15},"end":{"line":65,"column":16}},"loc":{"start":{"line":65,"column":33},"end":{"line":67,"column":13}},"line":65},"17":{"name":"(anonymous_17)","decl":{"start":{"line":70,"column":4},"end":{"line":70,"column":5}},"loc":{"start":{"line":70,"column":27},"end":{"line":80,"column":5}},"line":70},"18":{"name":"(anonymous_18)","decl":{"start":{"line":74,"column":27},"end":{"line":74,"column":28}},"loc":{"start":{"line":74,"column":38},"end":{"line":79,"column":9}},"line":74},"19":{"name":"(anonymous_19)","decl":{"start":{"line":75,"column":49},"end":{"line":75,"column":50}},"loc":{"start":{"line":75,"column":76},"end":{"line":78,"column":13}},"line":75},"20":{"name":"(anonymous_20)","decl":{"start":{"line":81,"column":4},"end":{"line":81,"column":5}},"loc":{"start":{"line":81,"column":29},"end":{"line":100,"column":5}},"line":81},"21":{"name":"(anonymous_21)","decl":{"start":{"line":86,"column":27},"end":{"line":86,"column":28}},"loc":{"start":{"line":86,"column":38},"end":{"line":99,"column":9}},"line":86},"22":{"name":"(anonymous_22)","decl":{"start":{"line":87,"column":49},"end":{"line":87,"column":50}},"loc":{"start":{"line":87,"column":76},"end":{"line":98,"column":13}},"line":87}},"branchMap":{"0":{"loc":{"start":{"line":18,"column":12},"end":{"line":20,"column":13}},"type":"if","locations":[{"start":{"line":18,"column":12},"end":{"line":20,"column":13}},{"start":{"line":18,"column":12},"end":{"line":20,"column":13}}],"line":18},"1":{"loc":{"start":{"line":18,"column":16},"end":{"line":18,"column":77}},"type":"binary-expr","locations":[{"start":{"line":18,"column":16},"end":{"line":18,"column":38}},{"start":{"line":18,"column":42},"end":{"line":18,"column":77}}],"line":18},"2":{"loc":{"start":{"line":30,"column":16},"end":{"line":32,"column":17}},"type":"if","locations":[{"start":{"line":30,"column":16},"end":{"line":32,"column":17}},{"start":{"line":30,"column":16},"end":{"line":32,"column":17}}],"line":30},"3":{"loc":{"start":{"line":30,"column":20},"end":{"line":30,"column":81}},"type":"binary-expr","locations":[{"start":{"line":30,"column":20},"end":{"line":30,"column":59}},{"start":{"line":30,"column":63},"end":{"line":30,"column":81}}],"line":30},"4":{"loc":{"start":{"line":34,"column":12},"end":{"line":36,"column":13}},"type":"if","locations":[{"start":{"line":34,"column":12},"end":{"line":36,"column":13}},{"start":{"line":34,"column":12},"end":{"line":36,"column":13}}],"line":34},"5":{"loc":{"start":{"line":88,"column":16},"end":{"line":96,"column":17}},"type":"if","locations":[{"start":{"line":88,"column":16},"end":{"line":96,"column":17}},{"start":{"line":88,"column":16},"end":{"line":96,"column":17}}],"line":88}},"s":{"0":1,"1":1,"2":1,"3":1,"4":15,"5":7,"6":327348,"7":2,"8":2,"9":93528,"10":3338,"11":2,"12":4,"13":4,"14":4,"15":12484,"16":12484,"17":65882,"18":14807,"19":12484,"20":4139,"21":4,"22":1,"23":40,"24":40,"25":1,"26":1,"27":40,"28":40,"29":1,"30":1,"31":40,"32":40,"33":1,"34":1,"35":40,"36":40,"37":1,"38":81,"39":81,"40":81,"41":81,"42":81,"43":81,"44":1,"45":1,"46":1,"47":1,"48":1,"49":1,"50":0,"51":1,"52":1,"53":1,"54":1,"55":1},"f":{"0":15,"1":7,"2":327348,"3":2,"4":4,"5":1,"6":40,"7":1,"8":40,"9":40,"10":1,"11":1,"12":40,"13":1,"14":40,"15":40,"16":1,"17":81,"18":81,"19":81,"20":1,"21":1,"22":1},"b":{"0":[3338,90190],"1":[93528,46764],"2":[14807,51075],"3":[65882,63841],"4":[4139,8345],"5":[0,1]},"_coverageSchema":"332fd63041d2c1bcb487cc26dd0d5f7d97098a6c","hash":"6c482bd174c130a2768ef89e015446eac87c8923","contentHash":"73924aff40ca97a45bab8d7c6e0249a7_11.2.1"},"/Users/eric/tp/log2990-03/Cadriciel/server/app/lexicon.spec.ts":{"path":"/Users/eric/tp/log2990-03/Cadriciel/server/app/lexicon.spec.ts","statementMap":{"0":{"start":{"line":2,"column":0},"end":{"line":2,"column":62}},"1":{"start":{"line":3,"column":15},"end":{"line":3,"column":30}},"2":{"start":{"line":4,"column":18},"end":{"line":4,"column":38}},"3":{"start":{"line":5,"column":13},"end":{"line":5,"column":28}},"4":{"start":{"line":6,"column":0},"end":{"line":49,"column":3}},"5":{"start":{"line":8,"column":4},"end":{"line":11,"column":7}},"6":{"start":{"line":9,"column":25},"end":{"line":9,"column":72}},"7":{"start":{"line":10,"column":8},"end":{"line":10,"column":50}},"8":{"start":{"line":12,"column":4},"end":{"line":31,"column":7}},"9":{"start":{"line":13,"column":8},"end":{"line":21,"column":11}},"10":{"start":{"line":14,"column":26},"end":{"line":14,"column":69}},"11":{"start":{"line":15,"column":12},"end":{"line":15,"column":62}},"12":{"start":{"line":16,"column":12},"end":{"line":16,"column":63}},"13":{"start":{"line":17,"column":12},"end":{"line":17,"column":63}},"14":{"start":{"line":18,"column":12},"end":{"line":18,"column":62}},"15":{"start":{"line":19,"column":12},"end":{"line":19,"column":63}},"16":{"start":{"line":20,"column":12},"end":{"line":20,"column":65}},"17":{"start":{"line":22,"column":8},"end":{"line":30,"column":11}},"18":{"start":{"line":23,"column":26},"end":{"line":23,"column":70}},"19":{"start":{"line":24,"column":12},"end":{"line":24,"column":63}},"20":{"start":{"line":25,"column":12},"end":{"line":25,"column":62}},"21":{"start":{"line":26,"column":12},"end":{"line":26,"column":63}},"22":{"start":{"line":27,"column":12},"end":{"line":27,"column":63}},"23":{"start":{"line":28,"column":12},"end":{"line":28,"column":64}},"24":{"start":{"line":29,"column":12},"end":{"line":29,"column":64}},"25":{"start":{"line":32,"column":4},"end":{"line":42,"column":7}},"26":{"start":{"line":33,"column":8},"end":{"line":41,"column":11}},"27":{"start":{"line":34,"column":26},"end":{"line":34,"column":66}},"28":{"start":{"line":35,"column":12},"end":{"line":35,"column":62}},"29":{"start":{"line":36,"column":12},"end":{"line":36,"column":62}},"30":{"start":{"line":37,"column":12},"end":{"line":37,"column":63}},"31":{"start":{"line":38,"column":12},"end":{"line":38,"column":62}},"32":{"start":{"line":39,"column":12},"end":{"line":39,"column":63}},"33":{"start":{"line":40,"column":12},"end":{"line":40,"column":64}},"34":{"start":{"line":43,"column":4},"end":{"line":48,"column":7}},"35":{"start":{"line":44,"column":8},"end":{"line":47,"column":11}},"36":{"start":{"line":45,"column":26},"end":{"line":45,"column":72}},"37":{"start":{"line":46,"column":12},"end":{"line":46,"column":89}}},"fnMap":{"0":{"name":"(anonymous_0)","decl":{"start":{"line":6,"column":20},"end":{"line":6,"column":21}},"loc":{"start":{"line":6,"column":26},"end":{"line":49,"column":1}},"line":6},"1":{"name":"(anonymous_1)","decl":{"start":{"line":8,"column":15},"end":{"line":8,"column":16}},"loc":{"start":{"line":8,"column":21},"end":{"line":11,"column":5}},"line":8},"2":{"name":"(anonymous_2)","decl":{"start":{"line":12,"column":63},"end":{"line":12,"column":64}},"loc":{"start":{"line":12,"column":69},"end":{"line":31,"column":5}},"line":12},"3":{"name":"(anonymous_3)","decl":{"start":{"line":13,"column":94},"end":{"line":13,"column":95}},"loc":{"start":{"line":13,"column":100},"end":{"line":21,"column":9}},"line":13},"4":{"name":"(anonymous_4)","decl":{"start":{"line":22,"column":96},"end":{"line":22,"column":97}},"loc":{"start":{"line":22,"column":102},"end":{"line":30,"column":9}},"line":22},"5":{"name":"(anonymous_5)","decl":{"start":{"line":32,"column":66},"end":{"line":32,"column":67}},"loc":{"start":{"line":32,"column":72},"end":{"line":42,"column":5}},"line":32},"6":{"name":"(anonymous_6)","decl":{"start":{"line":33,"column":87},"end":{"line":33,"column":88}},"loc":{"start":{"line":33,"column":93},"end":{"line":41,"column":9}},"line":33},"7":{"name":"(anonymous_7)","decl":{"start":{"line":43,"column":65},"end":{"line":43,"column":66}},"loc":{"start":{"line":43,"column":71},"end":{"line":48,"column":5}},"line":43},"8":{"name":"(anonymous_8)","decl":{"start":{"line":44,"column":74},"end":{"line":44,"column":75}},"loc":{"start":{"line":44,"column":80},"end":{"line":47,"column":9}},"line":44}},"branchMap":{},"s":{"0":1,"1":1,"2":1,"3":1,"4":1,"5":1,"6":4,"7":4,"8":1,"9":1,"10":1,"11":1,"12":1,"13":1,"14":1,"15":1,"16":1,"17":1,"18":1,"19":1,"20":1,"21":1,"22":1,"23":1,"24":1,"25":1,"26":1,"27":1,"28":1,"29":1,"30":1,"31":1,"32":1,"33":1,"34":1,"35":1,"36":1,"37":1},"f":{"0":1,"1":4,"2":1,"3":1,"4":1,"5":1,"6":1,"7":1,"8":1},"b":{},"_coverageSchema":"332fd63041d2c1bcb487cc26dd0d5f7d97098a6c","hash":"8495f397b12a640b85c559d8108d502e152804af","contentHash":"afe3bf1d47a88e1912bbab31a3a0189b_11.2.1"},"/Users/eric/tp/log2990-03/Cadriciel/server/app/utilities.spec.ts":{"path":"/Users/eric/tp/log2990-03/Cadriciel/server/app/utilities.spec.ts","statementMap":{"0":{"start":{"line":2,"column":0},"end":{"line":2,"column":62}},"1":{"start":{"line":3,"column":15},"end":{"line":3,"column":30}},"2":{"start":{"line":4,"column":20},"end":{"line":4,"column":42}},"3":{"start":{"line":5,"column":0},"end":{"line":13,"column":3}},"4":{"start":{"line":6,"column":4},"end":{"line":12,"column":7}},"5":{"start":{"line":7,"column":8},"end":{"line":11,"column":11}},"6":{"start":{"line":8,"column":22},"end":{"line":8,"column":35}},"7":{"start":{"line":9,"column":22},"end":{"line":9,"column":55}},"8":{"start":{"line":10,"column":12},"end":{"line":10,"column":45}}},"fnMap":{"0":{"name":"(anonymous_0)","decl":{"start":{"line":5,"column":22},"end":{"line":5,"column":23}},"loc":{"start":{"line":5,"column":28},"end":{"line":13,"column":1}},"line":5},"1":{"name":"(anonymous_1)","decl":{"start":{"line":6,"column":47},"end":{"line":6,"column":48}},"loc":{"start":{"line":6,"column":53},"end":{"line":12,"column":5}},"line":6},"2":{"name":"(anonymous_2)","decl":{"start":{"line":7,"column":61},"end":{"line":7,"column":62}},"loc":{"start":{"line":7,"column":67},"end":{"line":11,"column":9}},"line":7}},"branchMap":{},"s":{"0":1,"1":1,"2":1,"3":1,"4":1,"5":1,"6":1,"7":1,"8":1},"f":{"0":1,"1":1,"2":1},"b":{},"_coverageSchema":"332fd63041d2c1bcb487cc26dd0d5f7d97098a6c","hash":"5e052ce11886c36c5db3add4333e3f8a4d6e1e69","contentHash":"ff095712bc975d3a6fca6b07f2852aac_11.2.1"}}