TN:
SF:/Users/eric/tp/log2990-03/Cadriciel/client/src/polyfills.ts
FNF:0
FNH:0
DA:41,1
DA:42,1
DA:56,1
LF:3
LH:3
BRF:0
BRH:0
end_of_record
TN:
SF:/Users/eric/tp/log2990-03/Cadriciel/client/src/test.ts
FN:20,(anonymous_0)
FNF:1
FNH:1
FNDA:1,(anonymous_0)
DA:3,1
DA:4,1
DA:5,1
DA:6,1
DA:7,1
DA:8,1
DA:9,1
DA:10,1
DA:20,1
DA:23,1
DA:28,1
DA:30,1
DA:32,1
LF:13
LH:13
BRF:0
BRH:0
end_of_record
TN:
SF:/Users/eric/tp/log2990-03/Cadriciel/client/src/app/admin/admin-routing.module.ts
FN:27,(anonymous_1)
FNF:1
FNH:1
FNDA:40,(anonymous_1)
DA:1,1
DA:2,1
DA:3,1
DA:4,1
DA:5,1
DA:6,1
DA:8,1
DA:9,1
DA:27,1
LF:9
LH:9
BRF:0
BRH:0
end_of_record
TN:
SF:/Users/eric/tp/log2990-03/Cadriciel/client/src/app/admin/admin-settings.component.ts
FN:9,(anonymous_14)
FN:12,AdminSettingsComponent
FN:14,(anonymous_16)
FN:18,(anonymous_17)
FN:22,(anonymous_18)
FN:23,(anonymous_21)
FNF:6
FNH:1
FNDA:1,(anonymous_14)
FNDA:0,AdminSettingsComponent
FNDA:0,(anonymous_16)
FNDA:0,(anonymous_17)
FNDA:0,(anonymous_18)
FNDA:0,(anonymous_21)
DA:1,1
DA:2,1
DA:3,1
DA:9,1
DA:12,0
DA:14,1
DA:15,0
DA:18,1
DA:19,0
DA:22,1
DA:23,0
DA:24,0
DA:26,0
DA:28,1
LF:14
LH:8
BRDA:12,0,0,1
BRDA:12,0,1,0
BRDA:12,1,0,1
BRDA:12,2,0,1
BRDA:12,2,1,1
BRDA:12,2,2,0
BRDA:12,3,0,1
BRDA:12,3,1,1
BRF:8
BRH:6
end_of_record
TN:
SF:/Users/eric/tp/log2990-03/Cadriciel/client/src/app/admin/admin-tracks.component.ts
FN:10,(anonymous_14)
FN:15,AdminTracksComponent
FN:17,(anonymous_16)
FN:21,(anonymous_17)
FN:24,(anonymous_18)
FN:25,(anonymous_19)
FN:27,(anonymous_20)
FN:31,(anonymous_21)
FN:37,(anonymous_22)
FN:40,(anonymous_25)
FNF:10
FNH:1
FNDA:1,(anonymous_14)
FNDA:0,AdminTracksComponent
FNDA:0,(anonymous_16)
FNDA:0,(anonymous_17)
FNDA:0,(anonymous_18)
FNDA:0,(anonymous_19)
FNDA:0,(anonymous_20)
FNDA:0,(anonymous_21)
FNDA:0,(anonymous_22)
FNDA:0,(anonymous_25)
DA:1,1
DA:2,1
DA:3,1
DA:10,1
DA:13,0
DA:15,0
DA:17,1
DA:18,0
DA:21,1
DA:24,1
DA:25,0
DA:26,0
DA:27,0
DA:31,1
DA:32,0
DA:33,0
DA:37,1
DA:38,0
DA:39,0
DA:40,0
DA:41,0
DA:42,0
DA:43,0
DA:45,0
DA:47,1
LF:25
LH:10
BRDA:32,0,0,0
BRDA:32,0,1,0
BRDA:15,1,0,1
BRDA:15,1,1,0
BRDA:15,2,0,1
BRDA:15,3,0,1
BRDA:15,3,1,1
BRDA:15,3,2,0
BRDA:15,4,0,1
BRDA:15,4,1,1
BRF:10
BRH:6
end_of_record
TN:
SF:/Users/eric/tp/log2990-03/Cadriciel/client/src/app/admin/admin.component.ts
FN:11,(anonymous_14)
FN:18,AdminComponent
FN:20,(anonymous_16)
FN:24,(anonymous_17)
FN:28,(anonymous_18)
FN:29,(anonymous_21)
FNF:6
FNH:1
FNDA:1,(anonymous_14)
FNDA:0,AdminComponent
FNDA:0,(anonymous_16)
FNDA:0,(anonymous_17)
FNDA:0,(anonymous_18)
FNDA:0,(anonymous_21)
DA:1,1
DA:2,1
DA:4,1
DA:11,1
DA:12,1
DA:16,0
DA:18,0
DA:20,1
DA:21,0
DA:24,1
DA:25,0
DA:28,1
DA:29,0
DA:30,0
DA:32,0
DA:34,1
LF:16
LH:9
BRDA:12,0,0,0
BRDA:12,0,1,1
BRDA:12,1,0,1
BRDA:18,2,0,1
BRDA:18,2,1,0
BRDA:18,3,0,1
BRF:6
BRH:4
end_of_record
TN:
SF:/Users/eric/tp/log2990-03/Cadriciel/client/src/app/admin/admin.module.ts
FN:53,(anonymous_1)
FNF:1
FNH:1
FNDA:40,(anonymous_1)
DA:1,1
DA:2,1
DA:3,1
DA:4,1
DA:5,1
DA:6,1
DA:7,1
DA:8,1
DA:9,1
DA:10,1
DA:13,1
DA:14,1
DA:15,1
DA:16,1
DA:18,1
DA:19,1
DA:24,1
DA:53,1
LF:18
LH:18
BRF:0
BRH:0
end_of_record
TN:
SF:/Users/eric/tp/log2990-03/Cadriciel/client/src/app/admin/authentication.service.ts
FN:7,(anonymous_2)
FN:9,AuthenticationService
FN:13,(anonymous_4)
FN:18,(anonymous_5)
FN:22,(anonymous_6)
FN:31,(anonymous_7)
FN:35,(anonymous_8)
FNF:7
FNH:6
FNDA:1,(anonymous_2)
FNDA:6,AuthenticationService
FNDA:3,(anonymous_4)
FNDA:2,(anonymous_5)
FNDA:3,(anonymous_6)
FNDA:2,(anonymous_7)
FNDA:0,(anonymous_8)
DA:1,1
DA:2,1
DA:4,1
DA:7,1
DA:9,6
DA:11,6
DA:13,1
DA:14,3
DA:15,3
DA:18,2
DA:22,1
DA:23,3
DA:24,3
DA:28,3
DA:31,2
DA:35,1
DA:36,0
DA:37,0
DA:40,1
LF:19
LH:17
BRDA:37,0,0,0
BRDA:37,0,1,0
BRDA:9,1,0,1
BRDA:9,1,1,0
BRDA:9,2,0,1
BRF:5
BRH:2
end_of_record
TN:
SF:/Users/eric/tp/log2990-03/Cadriciel/client/src/app/admin/authentification.component.ts
FN:9,(anonymous_14)
FN:12,AuthentificationComponent
FN:14,(anonymous_16)
FN:18,(anonymous_17)
FN:19,(anonymous_20)
FNF:5
FNH:1
FNDA:1,(anonymous_14)
FNDA:0,AuthentificationComponent
FNDA:0,(anonymous_16)
FNDA:0,(anonymous_17)
FNDA:0,(anonymous_20)
DA:1,1
DA:2,1
DA:9,1
DA:12,0
DA:14,1
DA:15,0
DA:18,1
DA:19,0
DA:20,0
DA:22,0
DA:24,1
LF:11
LH:6
BRDA:12,0,0,1
BRDA:12,0,1,0
BRDA:12,1,0,1
BRF:3
BRH:2
end_of_record
TN:
SF:/Users/eric/tp/log2990-03/Cadriciel/client/src/app/crossword-game/crossword-game.service.ts
FN:11,(anonymous_14)
FN:16,CrosswordGameService
FN:25,(anonymous_16)
FN:26,(anonymous_19)
FN:31,(anonymous_20)
FN:37,(anonymous_21)
FN:45,(anonymous_22)
FN:49,(anonymous_23)
FN:55,(anonymous_24)
FN:61,(anonymous_25)
FNF:10
FNH:2
FNDA:1,(anonymous_14)
FNDA:1,CrosswordGameService
FNDA:0,(anonymous_16)
FNDA:0,(anonymous_19)
FNDA:0,(anonymous_20)
FNDA:0,(anonymous_21)
FNDA:0,(anonymous_22)
FNDA:0,(anonymous_23)
FNDA:0,(anonymous_24)
FNDA:0,(anonymous_25)
DA:1,1
DA:3,1
DA:4,1
DA:5,1
DA:6,1
DA:11,1
DA:17,1
DA:18,1
DA:19,1
DA:20,1
DA:25,1
DA:26,0
DA:27,0
DA:31,1
DA:32,0
DA:33,0
DA:34,0
DA:37,1
DA:38,0
DA:39,0
DA:40,0
DA:41,0
DA:45,1
DA:46,0
DA:49,1
DA:50,0
DA:51,0
DA:52,0
DA:55,1
DA:56,0
DA:57,0
DA:58,0
DA:61,1
DA:62,0
DA:63,0
DA:64,0
DA:67,1
LF:37
LH:18
BRDA:40,0,0,0
BRDA:40,0,1,0
BRDA:17,1,0,1
BRDA:17,1,1,0
BRDA:17,2,0,1
BRDA:17,3,0,1
BRDA:17,3,1,1
BRDA:17,3,2,0
BRDA:17,4,0,1
BRDA:17,4,1,1
BRDA:18,5,0,1
BRDA:18,5,1,1
BRDA:18,5,2,0
BRDA:18,6,0,1
BRDA:18,6,1,1
BRDA:19,7,0,1
BRDA:19,7,1,1
BRDA:19,7,2,0
BRDA:19,8,0,1
BRDA:19,8,1,1
BRF:20
BRH:14
end_of_record
TN:
SF:/Users/eric/tp/log2990-03/Cadriciel/client/src/app/crossword-game/crossword.service.ts
FN:8,(anonymous_2)
FN:9,CrosswordService
FN:11,(anonymous_4)
FN:14,(anonymous_5)
FN:15,(anonymous_6)
FN:18,(anonymous_7)
FNF:6
FNH:2
FNDA:1,(anonymous_2)
FNDA:1,CrosswordService
FNDA:0,(anonymous_4)
FNDA:0,(anonymous_5)
FNDA:0,(anonymous_6)
FNDA:0,(anonymous_7)
DA:1,1
DA:2,1
DA:4,1
DA:5,1
DA:8,1
DA:9,1
DA:11,1
DA:12,0
DA:14,0
DA:15,0
DA:18,1
DA:19,0
DA:20,0
DA:22,1
LF:14
LH:9
BRDA:20,0,0,0
BRDA:20,0,1,0
BRDA:9,1,0,1
BRDA:9,1,1,0
BRDA:9,2,0,1
BRF:5
BRH:2
end_of_record
TN:
SF:/Users/eric/tp/log2990-03/Cadriciel/client/src/app/crossword-game/lexicon.service.ts
FN:8,(anonymous_2)
FN:9,LexiconService
FN:11,(anonymous_4)
FN:13,(anonymous_5)
FN:15,(anonymous_6)
FNF:5
FNH:5
FNDA:1,(anonymous_2)
FNDA:2,LexiconService
FNDA:1,(anonymous_4)
FNDA:5,(anonymous_5)
FNDA:5,(anonymous_6)
DA:1,1
DA:2,1
DA:3,1
DA:5,1
DA:8,1
DA:9,2
DA:11,1
DA:12,1
DA:14,5
DA:15,5
DA:19,1
LF:11
LH:11
BRDA:9,0,0,1
BRDA:9,0,1,0
BRDA:9,1,0,1
BRF:3
BRH:2
end_of_record
TN:
SF:/Users/eric/tp/log2990-03/Cadriciel/client/src/app/crossword-game/crossword-grid/crossword-grid.service.ts
FN:9,(anonymous_2)
FN:12,CrosswordGridService
FN:14,(anonymous_4)
FN:19,(anonymous_5)
FN:25,(anonymous_6)
FN:32,(anonymous_7)
FN:39,(anonymous_8)
FN:43,(anonymous_9)
FN:47,(anonymous_10)
FN:53,(anonymous_11)
FN:61,(anonymous_12)
FN:62,(anonymous_13)
FN:63,(anonymous_14)
FN:69,(anonymous_15)
FN:79,(anonymous_16)
FN:90,(anonymous_17)
FN:94,(anonymous_18)
FN:98,(anonymous_19)
FNF:18
FNH:16
FNDA:1,(anonymous_2)
FNDA:20,CrosswordGridService
FNDA:18,(anonymous_4)
FNDA:0,(anonymous_5)
FNDA:6,(anonymous_6)
FNDA:2,(anonymous_7)
FNDA:4,(anonymous_8)
FNDA:1,(anonymous_9)
FNDA:3,(anonymous_10)
FNDA:8,(anonymous_11)
FNDA:18,(anonymous_12)
FNDA:180,(anonymous_13)
FNDA:1800,(anonymous_14)
FNDA:18,(anonymous_15)
FNDA:0,(anonymous_16)
FNDA:12,(anonymous_17)
FNDA:3,(anonymous_18)
FNDA:9,(anonymous_19)
DA:1,1
DA:3,1
DA:5,1
DA:9,1
DA:12,20
DA:14,1
DA:15,18
DA:16,18
DA:19,1
DA:20,0
DA:21,0
DA:25,1
DA:27,6
DA:28,4
DA:32,1
DA:34,2
DA:35,1
DA:39,1
DA:40,4
DA:43,1
DA:44,1
DA:47,1
DA:48,3
DA:49,3
DA:50,3
DA:53,1
DA:54,8
DA:55,24
DA:56,24
DA:57,24
DA:61,1
DA:62,18
DA:63,180
DA:64,1800
DA:69,1
DA:70,216
DA:71,216
DA:72,1116
DA:73,1116
DA:74,1116
DA:79,1
DA:80,0
DA:81,0
DA:82,0
DA:83,0
DA:84,0
DA:87,0
DA:90,1
DA:91,12
DA:94,1
DA:95,3
DA:98,1
DA:99,9
DA:101,1
LF:54
LH:46
BRDA:20,0,0,0
BRDA:20,0,1,0
BRDA:27,1,0,4
BRDA:27,1,1,2
BRDA:27,2,0,6
BRDA:27,2,1,5
BRDA:34,3,0,1
BRDA:34,3,1,1
BRDA:34,4,0,2
BRDA:34,4,1,1
BRDA:55,5,0,24
BRDA:55,5,1,0
BRDA:56,6,0,24
BRDA:56,6,1,0
BRDA:72,7,0,612
BRDA:72,7,1,504
BRDA:73,8,0,612
BRDA:73,8,1,504
BRDA:81,9,0,0
BRDA:81,9,1,0
BRDA:82,10,0,0
BRDA:82,10,1,0
BRDA:83,11,0,0
BRDA:83,11,1,0
BRDA:12,12,0,1
BRDA:12,12,1,0
BRDA:12,13,0,1
BRF:27
BRH:16
end_of_record
TN:
SF:/Users/eric/tp/log2990-03/Cadriciel/client/src/app/crossword-game/crossword-hints/crossword-hints.service.ts
FN:11,(anonymous_2)
FN:16,CrosswordHintsService
FN:22,(anonymous_4)
FN:23,(anonymous_5)
FN:32,(anonymous_6)
FN:38,(anonymous_7)
FN:42,(anonymous_8)
FN:50,(anonymous_9)
FN:54,(anonymous_10)
FN:55,(anonymous_11)
FN:61,(anonymous_12)
FN:63,(anonymous_13)
FN:64,(anonymous_14)
FN:65,(anonymous_15)
FNF:14
FNH:2
FNDA:1,(anonymous_2)
FNDA:1,CrosswordHintsService
FNDA:0,(anonymous_4)
FNDA:0,(anonymous_5)
FNDA:0,(anonymous_6)
FNDA:0,(anonymous_7)
FNDA:0,(anonymous_8)
FNDA:0,(anonymous_9)
FNDA:0,(anonymous_10)
FNDA:0,(anonymous_11)
FNDA:0,(anonymous_12)
FNDA:0,(anonymous_13)
FNDA:0,(anonymous_14)
FNDA:0,(anonymous_15)
DA:1,1
DA:3,1
DA:4,1
DA:5,1
DA:7,1
DA:11,1
DA:16,1
DA:17,1
DA:18,1
DA:19,1
DA:21,1
DA:23,0
DA:24,0
DA:26,0
DA:27,0
DA:32,1
DA:33,0
DA:34,0
DA:35,0
DA:38,1
DA:39,0
DA:42,1
DA:43,0
DA:44,0
DA:46,0
DA:47,0
DA:50,1
DA:51,0
DA:54,1
DA:55,0
DA:56,0
DA:57,0
DA:61,1
DA:62,0
DA:63,0
DA:65,0
DA:66,0
DA:70,1
LF:38
LH:18
BRDA:26,0,0,0
BRDA:26,0,1,0
BRDA:43,1,0,0
BRDA:43,1,1,0
BRDA:17,2,0,1
BRDA:17,2,1,0
BRDA:17,3,0,1
BRDA:17,4,0,1
BRDA:17,4,1,1
BRDA:17,4,2,0
BRDA:17,5,0,1
BRDA:17,5,1,1
BRDA:18,6,0,1
BRDA:18,6,1,1
BRDA:18,6,2,0
BRDA:18,7,0,1
BRDA:18,7,1,1
BRF:17
BRH:10
end_of_record
TN:
SF:/Users/eric/tp/log2990-03/Cadriciel/client/src/app/crossword-game/crossword-points/crossword-points.service.ts
FN:6,(anonymous_2)
FN:10,CrosswordPointsService
FN:15,(anonymous_4)
FN:19,(anonymous_5)
FN:24,(anonymous_6)
FN:28,(anonymous_7)
FN:32,(anonymous_8)
FNF:7
FNH:7
FNDA:1,(anonymous_2)
FNDA:26,CrosswordPointsService
FNDA:27,(anonymous_4)
FNDA:5,(anonymous_5)
FNDA:4,(anonymous_6)
FNDA:2,(anonymous_7)
FNDA:5,(anonymous_8)
DA:1,1
DA:2,1
DA:6,1
DA:11,26
DA:12,26
DA:15,1
DA:16,27
DA:19,1
DA:20,5
DA:21,5
DA:24,1
DA:25,4
DA:28,1
DA:29,2
DA:32,1
DA:33,5
DA:35,1
LF:17
LH:17
BRF:0
BRH:0
end_of_record
TN:
SF:/Users/eric/tp/log2990-03/Cadriciel/client/src/app/crossword-game/shared-classes/crossword-square.ts
FN:1,(anonymous_0)
FN:12,CrosswordSquare
FN:27,(anonymous_2)
FNF:3
FNH:3
FNDA:1,(anonymous_0)
FNDA:1806,CrosswordSquare
FNDA:4,(anonymous_2)
DA:1,1
DA:13,1806
DA:14,1
DA:16,1806
DA:17,1806
DA:18,1806
DA:19,1806
DA:20,1806
DA:21,1806
DA:22,1806
DA:23,1806
DA:24,1806
DA:27,1
DA:28,4
DA:29,2
DA:31,2
DA:33,1
LF:17
LH:17
BRDA:13,0,0,1
BRDA:13,0,1,1805
BRDA:16,1,0,1806
BRDA:16,1,1,1174
BRDA:28,2,0,2
BRDA:28,2,1,2
BRDA:28,3,0,4
BRDA:28,3,1,2
BRF:8
BRH:8
end_of_record
TN:
SF:/Users/eric/tp/log2990-03/Cadriciel/client/src/app/crossword-game/shared-classes/hint.ts
FN:1,(anonymous_0)
FN:6,Hint
FNF:2
FNH:1
FNDA:1,(anonymous_0)
FNDA:0,Hint
DA:1,1
DA:7,0
DA:8,0
DA:9,0
DA:11,1
LF:5
LH:2
BRF:0
BRH:0
end_of_record
TN:
SF:/Users/eric/tp/log2990-03/Cadriciel/client/src/app/home/home.component.ts
FN:8,(anonymous_2)
FN:10,HomeComponent
FN:14,(anonymous_4)
FNF:3
FNH:3
FNDA:1,(anonymous_2)
FNDA:1,HomeComponent
FNDA:1,(anonymous_4)
DA:1,1
DA:8,1
DA:14,1
DA:18,1
LF:4
LH:4
BRF:0
BRH:0
end_of_record
TN:
SF:/Users/eric/tp/log2990-03/Cadriciel/client/src/app/racing-game/camera.service.ts
FN:9,(anonymous_1)
FN:8,CameraService
FN:32,(anonymous_3)
FN:39,(anonymous_4)
FN:53,(anonymous_5)
FN:65,(anonymous_6)
FN:69,(anonymous_7)
FN:81,(anonymous_8)
FN:87,(anonymous_9)
FN:94,(anonymous_10)
FN:101,(anonymous_11)
FN:110,(anonymous_12)
FNF:12
FNH:10
FNDA:1,(anonymous_1)
FNDA:3,CameraService
FNDA:1,(anonymous_3)
FNDA:5,(anonymous_4)
FNDA:2,(anonymous_5)
FNDA:5,(anonymous_6)
FNDA:1,(anonymous_7)
FNDA:8,(anonymous_8)
FNDA:4,(anonymous_9)
FNDA:0,(anonymous_10)
FNDA:0,(anonymous_11)
FNDA:4,(anonymous_12)
DA:1,1
DA:2,1
DA:5,1
DA:6,1
DA:9,1
DA:12,3
DA:14,3
DA:16,3
DA:24,3
DA:26,3
DA:28,3
DA:30,3
DA:32,1
DA:33,1
DA:34,1
DA:35,1
DA:36,1
DA:39,1
DA:40,5
DA:42,5
DA:50,5
DA:53,1
DA:54,2
DA:56,2
DA:62,2
DA:65,1
DA:66,5
DA:69,1
DA:70,1
DA:71,1
DA:72,1
DA:73,1
DA:74,1
DA:75,1
DA:76,1
DA:77,1
DA:78,1
DA:81,1
DA:82,8
DA:83,8
DA:87,1
DA:88,4
DA:89,4
DA:90,4
DA:91,4
DA:94,1
DA:95,0
DA:96,0
DA:97,0
DA:98,0
DA:101,1
DA:103,0
DA:104,0
DA:105,0
DA:106,0
DA:110,1
DA:111,4
DA:112,4
DA:113,4
DA:114,4
DA:115,4
DA:116,4
DA:118,4
DA:119,0
DA:120,4
DA:121,4
DA:124,1
LF:67
LH:58
BRDA:82,0,0,8
BRDA:82,0,1,0
BRDA:103,1,0,0
BRDA:103,1,1,0
BRDA:103,2,0,0
BRDA:103,2,1,0
BRDA:105,3,0,0
BRDA:105,3,1,0
BRDA:105,4,0,0
BRDA:105,4,1,0
BRDA:118,5,0,0
BRDA:118,5,1,4
BRDA:120,6,0,4
BRDA:120,6,1,0
BRF:14
BRH:3
end_of_record
TN:
SF:/Users/eric/tp/log2990-03/Cadriciel/client/src/app/racing-game/racing-game.component.ts
FN:12,(anonymous_2)
FN:14,RacingGameComponent
FN:17,(anonymous_4)
FN:31,(anonymous_5)
FN:35,(anonymous_6)
FN:39,(anonymous_7)
FNF:6
FNH:4
FNDA:1,(anonymous_2)
FNDA:1,RacingGameComponent
FNDA:1,(anonymous_4)
FNDA:0,(anonymous_5)
FNDA:0,(anonymous_6)
FNDA:1,(anonymous_7)
DA:1,1
DA:2,1
DA:3,1
DA:12,1
DA:14,1
DA:17,1
DA:18,1
DA:22,1
DA:25,1
DA:28,1
DA:31,1
DA:32,0
DA:35,1
DA:36,0
DA:39,1
DA:40,1
DA:42,1
LF:17
LH:15
BRDA:22,0,0,1
BRDA:22,0,1,0
BRDA:22,1,0,1
BRDA:14,2,0,1
BRDA:14,2,1,0
BRDA:14,3,0,1
BRF:6
BRH:4
end_of_record
TN:
SF:/Users/eric/tp/log2990-03/Cadriciel/client/src/app/racing-game/render.service.ts
FN:7,(anonymous_2)
FN:29,RenderService
FN:32,(anonymous_4)
FN:38,(anonymous_5)
FN:52,(anonymous_6)
FN:59,(anonymous_7)
FN:63,(anonymous_8)
FN:83,(anonymous_9)
FN:89,(anonymous_10)
FN:99,(anonymous_11)
FN:103,(anonymous_12)
FN:108,(anonymous_13)
FN:117,(anonymous_14)
FN:118,(anonymous_15)
FN:127,(anonymous_16)
FN:134,(anonymous_17)
FN:140,(anonymous_18)
FNF:17
FNH:13
FNDA:1,(anonymous_2)
FNDA:1,RenderService
FNDA:4,(anonymous_4)
FNDA:1,(anonymous_5)
FNDA:1,(anonymous_6)
FNDA:0,(anonymous_7)
FNDA:1,(anonymous_8)
FNDA:0,(anonymous_9)
FNDA:0,(anonymous_10)
FNDA:4,(anonymous_11)
FNDA:4,(anonymous_12)
FNDA:1,(anonymous_13)
FNDA:4,(anonymous_14)
FNDA:3,(anonymous_15)
FNDA:1,(anonymous_16)
FNDA:0,(anonymous_17)
FNDA:1,(anonymous_18)
DA:1,1
DA:2,1
DA:3,1
DA:4,1
DA:7,1
DA:21,1
DA:23,1
DA:27,1
DA:29,1
DA:32,1
DA:33,4
DA:34,4
DA:38,1
DA:39,1
DA:41,1
DA:42,6
DA:43,6
DA:44,6
DA:47,1
DA:48,1
DA:49,1
DA:52,1
DA:53,1
DA:54,1
DA:55,1
DA:56,1
DA:59,1
DA:60,0
DA:63,1
DA:64,1
DA:65,1
DA:68,1
DA:69,1
DA:70,1
DA:71,1
DA:78,1
DA:79,1
DA:80,1
DA:83,1
DA:84,0
DA:85,0
DA:86,0
DA:89,1
DA:92,0
DA:93,0
DA:94,0
DA:95,0
DA:99,1
DA:100,4
DA:103,1
DA:104,4
DA:105,4
DA:108,1
DA:109,1
DA:110,1
DA:111,1
DA:112,1
DA:113,1
DA:114,1
DA:117,4
DA:118,4
DA:119,4
DA:120,4
DA:121,4
DA:122,4
DA:123,4
DA:124,4
DA:127,1
DA:128,1
DA:129,1
DA:130,1
DA:131,1
DA:134,1
DA:135,0
DA:136,0
DA:137,0
DA:140,1
DA:141,1
DA:142,1
DA:143,1
DA:144,1
DA:145,1
DA:146,1
DA:147,1
DA:149,1
LF:85
LH:74
BRDA:92,0,0,0
BRDA:92,0,1,0
BRDA:94,1,0,0
BRDA:94,1,1,0
BRDA:29,2,0,1
BRDA:29,2,1,0
BRDA:29,3,0,1
BRF:7
BRH:2
end_of_record
TN:
SF:/Users/eric/tp/log2990-03/Cadriciel/client/src/app/racing-game/track.ts
FN:2,(anonymous_0)
FN:15,Track
FNF:2
FNH:2
FNDA:1,(anonymous_0)
FNDA:3,Track
DA:2,1
DA:5,3
DA:7,3
DA:9,3
DA:11,3
DA:12,3
DA:13,3
DA:24,3
DA:25,3
DA:26,3
DA:27,3
DA:28,3
DA:29,3
DA:30,3
DA:31,3
DA:32,3
DA:33,3
DA:35,1
LF:18
LH:18
BRF:0
BRH:0
end_of_record
TN:
SF:/Users/eric/tp/log2990-03/Cadriciel/client/src/app/racing-game/draw-track/draw-track.component.ts
FN:12,(anonymous_2)
FN:19,DrawTrackComponent
FN:22,(anonymous_4)
FN:30,(anonymous_5)
FN:35,(anonymous_6)
FN:40,(anonymous_7)
FN:44,(anonymous_8)
FN:57,(anonymous_9)
FN:61,(anonymous_10)
FN:69,(anonymous_11)
FN:73,(anonymous_12)
FN:78,(anonymous_13)
FN:83,(anonymous_14)
FN:87,(anonymous_15)
FN:91,(anonymous_16)
FN:95,(anonymous_17)
FN:99,(anonymous_18)
FN:103,(anonymous_19)
FNF:18
FNH:1
FNDA:1,(anonymous_2)
FNDA:0,DrawTrackComponent
FNDA:0,(anonymous_4)
FNDA:0,(anonymous_5)
FNDA:0,(anonymous_6)
FNDA:0,(anonymous_7)
FNDA:0,(anonymous_8)
FNDA:0,(anonymous_9)
FNDA:0,(anonymous_10)
FNDA:0,(anonymous_11)
FNDA:0,(anonymous_12)
FNDA:0,(anonymous_13)
FNDA:0,(anonymous_14)
FNDA:0,(anonymous_15)
FNDA:0,(anonymous_16)
FNDA:0,(anonymous_17)
FNDA:0,(anonymous_18)
FNDA:0,(anonymous_19)
DA:1,1
DA:2,1
DA:3,1
DA:12,1
DA:17,0
DA:19,0
DA:22,1
DA:23,0
DA:27,1
DA:30,1
DA:31,0
DA:35,1
DA:36,0
DA:40,1
DA:41,0
DA:44,1
DA:45,0
DA:46,0
DA:47,0
DA:48,0
DA:49,0
DA:50,0
DA:51,0
DA:53,0
DA:54,0
DA:57,1
DA:58,0
DA:59,0
DA:60,0
DA:61,0
DA:62,0
DA:63,0
DA:64,0
DA:69,1
DA:70,0
DA:73,1
DA:74,0
DA:75,0
DA:78,1
DA:79,0
DA:80,0
DA:83,1
DA:84,0
DA:87,1
DA:88,0
DA:91,1
DA:92,0
DA:95,1
DA:96,0
DA:99,1
DA:100,0
DA:103,1
DA:104,0
DA:105,0
DA:108,1
LF:55
LH:21
BRDA:46,0,0,0
BRDA:46,0,1,0
BRDA:47,1,0,0
BRDA:47,1,1,0
BRDA:48,2,0,0
BRDA:48,2,1,0
BRDA:49,3,0,0
BRDA:49,3,1,0
BRDA:50,4,0,0
BRDA:50,4,1,0
BRDA:51,5,0,0
BRDA:51,5,1,0
BRDA:53,6,0,0
BRDA:53,6,1,0
BRDA:60,7,0,0
BRDA:60,7,1,0
BRDA:104,8,0,0
BRDA:104,8,1,0
BRDA:27,9,0,1
BRDA:27,9,1,0
BRDA:27,10,0,1
BRDA:19,11,0,1
BRDA:19,11,1,0
BRDA:19,12,0,1
BRDA:19,13,0,1
BRDA:19,13,1,1
BRDA:19,13,2,0
BRDA:19,14,0,1
BRDA:19,14,1,1
BRF:29
BRH:8
end_of_record
TN:
SF:/Users/eric/tp/log2990-03/Cadriciel/client/src/app/racing-game/draw-track/draw-track.service.ts
FN:14,(anonymous_14)
FN:28,DrawTrackService
FN:35,(anonymous_16)
FN:38,(anonymous_19)
FN:52,(anonymous_20)
FN:63,(anonymous_21)
FN:64,(anonymous_22)
FN:74,(anonymous_23)
FN:80,(anonymous_24)
FN:85,(anonymous_25)
FN:104,(anonymous_26)
FN:111,(anonymous_27)
FN:115,(anonymous_28)
FN:127,(anonymous_29)
FN:131,(anonymous_30)
FN:145,(anonymous_31)
FN:167,(anonymous_32)
FN:173,(anonymous_33)
FN:179,(anonymous_34)
FN:183,(anonymous_35)
FN:192,(anonymous_36)
FN:201,(anonymous_37)
FN:205,(anonymous_38)
FN:221,(anonymous_39)
FN:225,(anonymous_40)
FNF:25
FNH:6
FNDA:1,(anonymous_14)
FNDA:5,DrawTrackService
FNDA:0,(anonymous_16)
FNDA:0,(anonymous_19)
FNDA:0,(anonymous_20)
FNDA:0,(anonymous_21)
FNDA:0,(anonymous_22)
FNDA:0,(anonymous_23)
FNDA:0,(anonymous_24)
FNDA:0,(anonymous_25)
FNDA:0,(anonymous_26)
FNDA:0,(anonymous_27)
FNDA:0,(anonymous_28)
FNDA:2,(anonymous_29)
FNDA:0,(anonymous_30)
FNDA:0,(anonymous_31)
FNDA:0,(anonymous_32)
FNDA:0,(anonymous_33)
FNDA:1,(anonymous_34)
FNDA:0,(anonymous_35)
FNDA:0,(anonymous_36)
FNDA:0,(anonymous_37)
FNDA:1,(anonymous_38)
FNDA:1,(anonymous_39)
FNDA:0,(anonymous_40)
DA:1,1
DA:2,1
DA:3,1
DA:4,1
DA:5,1
DA:6,1
DA:7,1
DA:8,1
DA:10,1
DA:11,1
DA:14,1
DA:18,5
DA:20,5
DA:22,5
DA:24,5
DA:26,5
DA:29,5
DA:30,5
DA:31,5
DA:32,5
DA:35,1
DA:36,0
DA:37,0
DA:39,0
DA:40,0
DA:41,0
DA:42,0
DA:43,0
DA:44,0
DA:45,0
DA:46,0
DA:47,0
DA:52,1
DA:53,0
DA:54,0
DA:55,0
DA:56,0
DA:57,0
DA:58,0
DA:59,0
DA:63,1
DA:64,0
DA:65,0
DA:66,0
DA:67,0
DA:69,0
DA:70,0
DA:71,0
DA:74,1
DA:75,0
DA:76,0
DA:77,0
DA:80,1
DA:81,0
DA:82,0
DA:85,1
DA:86,0
DA:87,0
DA:88,0
DA:89,0
DA:91,0
DA:92,0
DA:93,0
DA:94,0
DA:95,0
DA:96,0
DA:97,0
DA:98,0
DA:99,0
DA:100,0
DA:104,1
DA:105,0
DA:106,0
DA:107,0
DA:108,0
DA:111,1
DA:112,0
DA:113,0
DA:114,0
DA:115,0
DA:116,0
DA:117,0
DA:118,0
DA:124,0
DA:127,1
DA:128,2
DA:131,1
DA:132,0
DA:133,0
DA:134,0
DA:135,0
DA:137,0
DA:138,0
DA:139,0
DA:140,0
DA:141,0
DA:145,1
DA:146,0
DA:147,0
DA:150,0
DA:151,0
DA:152,0
DA:153,0
DA:154,0
DA:155,0
DA:156,0
DA:157,0
DA:158,0
DA:159,0
DA:162,0
DA:163,0
DA:164,0
DA:167,1
DA:168,0
DA:169,0
DA:173,1
DA:174,0
DA:175,0
DA:179,1
DA:180,1
DA:183,1
DA:184,0
DA:185,0
DA:188,0
DA:189,0
DA:192,1
DA:193,0
DA:194,0
DA:197,0
DA:198,0
DA:201,1
DA:202,0
DA:205,1
DA:206,1
DA:215,1
DA:216,1
DA:221,1
DA:225,1
DA:226,0
DA:227,0
DA:229,1
LF:141
LH:46
BRDA:53,0,0,0
BRDA:53,0,1,0
BRDA:87,1,0,0
BRDA:87,1,1,0
BRDA:88,2,0,0
BRDA:88,2,1,0
BRDA:88,3,0,0
BRDA:88,3,1,0
BRDA:94,4,0,0
BRDA:94,4,1,0
BRDA:116,5,0,0
BRDA:116,5,1,0
BRDA:116,6,0,0
BRDA:116,6,1,0
BRDA:116,6,2,0
BRDA:132,7,0,0
BRDA:132,7,1,0
BRDA:132,8,0,0
BRDA:132,8,1,0
BRDA:137,9,0,0
BRDA:137,9,1,0
BRDA:137,10,0,0
BRDA:137,10,1,0
BRDA:137,10,2,0
BRDA:146,11,0,0
BRDA:146,11,1,0
BRDA:150,12,0,0
BRDA:150,12,1,0
BRDA:168,13,0,0
BRDA:168,13,1,0
BRDA:168,14,0,0
BRDA:168,14,1,0
BRDA:174,15,0,0
BRDA:174,15,1,0
BRDA:180,16,0,1
BRDA:180,16,1,0
BRDA:184,17,0,0
BRDA:184,17,1,0
BRDA:193,18,0,0
BRDA:193,18,1,0
BRDA:227,19,0,0
BRDA:227,19,1,0
BRDA:29,20,0,1
BRDA:29,20,1,0
BRDA:29,21,0,1
BRDA:29,22,0,1
BRDA:29,22,1,1
BRDA:29,22,2,0
BRDA:29,23,0,1
BRDA:29,23,1,1
BRDA:30,24,0,1
BRDA:30,24,1,1
BRDA:30,24,2,0
BRDA:30,25,0,1
BRDA:30,25,1,1
BRDA:31,26,0,1
BRDA:31,26,1,1
BRDA:31,26,2,0
BRDA:31,27,0,1
BRDA:31,27,1,1
BRF:60
BRH:15
end_of_record
TN:
SF:/Users/eric/tp/log2990-03/Cadriciel/client/src/app/racing-game/draw-track/obstacle.service.ts
FN:5,(anonymous_2)
FN:13,ObstacleService
FN:15,(anonymous_4)
FN:19,(anonymous_5)
FN:20,(anonymous_6)
FN:39,(anonymous_7)
FN:55,(anonymous_8)
FN:72,(anonymous_9)
FN:80,(anonymous_10)
FN:84,(anonymous_11)
FN:88,(anonymous_12)
FN:92,(anonymous_13)
FN:102,(anonymous_14)
FN:105,(anonymous_15)
FN:116,(anonymous_16)
FN:126,(anonymous_17)
FN:137,(anonymous_18)
FN:162,(anonymous_19)
FN:169,(anonymous_20)
FN:194,(anonymous_21)
FN:210,(anonymous_22)
FNF:21
FNH:7
FNDA:1,(anonymous_2)
FNDA:6,ObstacleService
FNDA:6,(anonymous_4)
FNDA:0,(anonymous_5)
FNDA:0,(anonymous_6)
FNDA:0,(anonymous_7)
FNDA:0,(anonymous_8)
FNDA:0,(anonymous_9)
FNDA:1,(anonymous_10)
FNDA:2,(anonymous_11)
FNDA:1,(anonymous_12)
FNDA:0,(anonymous_13)
FNDA:0,(anonymous_14)
FNDA:0,(anonymous_15)
FNDA:0,(anonymous_16)
FNDA:0,(anonymous_17)
FNDA:0,(anonymous_18)
FNDA:1,(anonymous_19)
FNDA:0,(anonymous_20)
FNDA:0,(anonymous_21)
FNDA:0,(anonymous_22)
DA:1,1
DA:2,1
DA:5,1
DA:7,6
DA:8,6
DA:9,6
DA:15,1
DA:16,6
DA:19,1
DA:20,0
DA:21,0
DA:24,0
DA:26,0
DA:27,0
DA:30,0
DA:31,0
DA:34,0
DA:35,0
DA:39,1
DA:40,0
DA:42,0
DA:43,0
DA:46,0
DA:47,0
DA:50,0
DA:51,0
DA:55,1
DA:56,0
DA:59,0
DA:62,0
DA:63,0
DA:65,0
DA:66,0
DA:68,0
DA:72,1
DA:74,0
DA:75,0
DA:77,0
DA:80,1
DA:81,1
DA:84,1
DA:85,2
DA:88,1
DA:89,1
DA:92,1
DA:93,0
DA:95,0
DA:96,0
DA:97,0
DA:99,0
DA:102,1
DA:103,0
DA:104,0
DA:105,0
DA:106,0
DA:107,0
DA:111,0
DA:113,0
DA:116,1
DA:117,0
DA:118,0
DA:119,0
DA:120,0
DA:122,0
DA:126,1
DA:127,0
DA:128,0
DA:129,0
DA:131,0
DA:132,0
DA:134,0
DA:137,1
DA:141,0
DA:142,0
DA:143,0
DA:145,0
DA:146,0
DA:149,0
DA:150,0
DA:151,0
DA:153,0
DA:154,0
DA:156,0
DA:157,0
DA:159,0
DA:162,1
DA:163,1
DA:169,1
DA:170,0
DA:172,0
DA:174,0
DA:175,0
DA:176,0
DA:179,0
DA:180,0
DA:181,0
DA:184,0
DA:185,0
DA:186,0
DA:189,0
DA:190,0
DA:194,1
DA:195,0
DA:197,0
DA:200,0
DA:203,0
DA:206,0
DA:210,1
DA:211,0
DA:212,0
DA:213,0
DA:216,1
LF:112
LH:29
BRDA:25,0,0,0
BRDA:25,0,1,0
BRDA:25,0,2,0
BRDA:41,1,0,0
BRDA:41,1,1,0
BRDA:41,1,2,0
BRDA:57,2,0,0
BRDA:57,2,1,0
BRDA:57,2,2,0
BRDA:57,2,3,0
BRDA:85,3,0,1
BRDA:85,3,1,1
BRDA:95,4,0,0
BRDA:95,4,1,0
BRDA:96,5,0,0
BRDA:96,5,1,0
BRDA:97,6,0,0
BRDA:97,6,1,0
BRDA:106,7,0,0
BRDA:106,7,1,0
BRDA:117,8,0,0
BRDA:117,8,1,0
BRDA:119,9,0,0
BRDA:119,9,1,0
BRDA:128,10,0,0
BRDA:128,10,1,0
BRDA:141,11,0,0
BRDA:141,11,1,0
BRDA:151,12,0,0
BRDA:151,12,1,0
BRDA:173,13,0,0
BRDA:173,13,1,0
BRDA:173,13,2,0
BRDA:196,14,0,0
BRDA:196,14,1,0
BRDA:196,14,2,0
BRDA:196,14,3,0
BRF:37
BRH:2
end_of_record
TN:
SF:/Users/eric/tp/log2990-03/Cadriciel/client/src/app/racing-game/draw-track/obstacle.ts
FN:1,(anonymous_0)
FN:7,(anonymous_1)
FN:13,Obstacle
FNF:3
FNH:2
FNDA:1,(anonymous_0)
FNDA:1,(anonymous_1)
FNDA:0,Obstacle
DA:1,1
DA:2,1
DA:3,1
DA:4,1
DA:7,1
DA:14,0
DA:15,0
DA:16,0
DA:17,0
DA:19,1
LF:10
LH:6
BRDA:1,0,0,1
BRDA:1,0,1,1
BRF:2
BRH:2
end_of_record
TN:
SF:/Users/eric/tp/log2990-03/Cadriciel/client/src/app/racing-game/draw-track/render.service.ts
FN:10,(anonymous_1)
FN:9,RenderService
FN:38,(anonymous_3)
FN:46,(anonymous_4)
FN:52,(anonymous_5)
FN:68,(anonymous_6)
FN:76,(anonymous_7)
FN:77,(anonymous_8)
FN:81,(anonymous_9)
FN:92,(anonymous_10)
FN:100,(anonymous_11)
FN:108,(anonymous_12)
FN:124,(anonymous_13)
FN:134,(anonymous_14)
FN:135,(anonymous_15)
FN:142,(anonymous_16)
FN:146,(anonymous_17)
FN:157,(anonymous_18)
FN:165,(anonymous_19)
FN:180,(anonymous_20)
FN:188,(anonymous_21)
FN:194,(anonymous_22)
FN:213,(anonymous_23)
FN:214,(anonymous_24)
FN:226,(anonymous_25)
FN:240,(anonymous_26)
FN:246,(anonymous_27)
FN:251,(anonymous_28)
FN:255,(anonymous_29)
FNF:29
FNH:1
FNDA:1,(anonymous_1)
FNDA:0,RenderService
FNDA:0,(anonymous_3)
FNDA:0,(anonymous_4)
FNDA:0,(anonymous_5)
FNDA:0,(anonymous_6)
FNDA:0,(anonymous_7)
FNDA:0,(anonymous_8)
FNDA:0,(anonymous_9)
FNDA:0,(anonymous_10)
FNDA:0,(anonymous_11)
FNDA:0,(anonymous_12)
FNDA:0,(anonymous_13)
FNDA:0,(anonymous_14)
FNDA:0,(anonymous_15)
FNDA:0,(anonymous_16)
FNDA:0,(anonymous_17)
FNDA:0,(anonymous_18)
FNDA:0,(anonymous_19)
FNDA:0,(anonymous_20)
FNDA:0,(anonymous_21)
FNDA:0,(anonymous_22)
FNDA:0,(anonymous_23)
FNDA:0,(anonymous_24)
FNDA:0,(anonymous_25)
FNDA:0,(anonymous_26)
FNDA:0,(anonymous_27)
FNDA:0,(anonymous_28)
FNDA:0,(anonymous_29)
DA:2,1
DA:4,1
DA:5,1
DA:7,1
DA:10,1
DA:24,0
DA:28,0
DA:30,0
DA:32,0
DA:34,0
DA:36,0
DA:38,1
DA:39,0
DA:40,0
DA:41,0
DA:42,0
DA:43,0
DA:46,1
DA:47,0
DA:48,0
DA:49,0
DA:52,1
DA:53,0
DA:55,0
DA:64,0
DA:65,0
DA:68,1
DA:69,0
DA:70,0
DA:71,0
DA:72,0
DA:73,0
DA:76,1
DA:77,0
DA:78,0
DA:81,1
DA:82,0
DA:83,0
DA:84,0
DA:85,0
DA:86,0
DA:87,0
DA:88,0
DA:89,0
DA:92,1
DA:93,0
DA:94,0
DA:95,0
DA:96,0
DA:97,0
DA:100,1
DA:101,0
DA:102,0
DA:103,0
DA:104,0
DA:105,0
DA:108,1
DA:109,0
DA:110,0
DA:113,0
DA:114,0
DA:115,0
DA:118,0
DA:119,0
DA:121,0
DA:124,1
DA:125,0
DA:126,0
DA:128,0
DA:129,0
DA:130,0
DA:131,0
DA:134,1
DA:135,0
DA:136,0
DA:142,1
DA:143,0
DA:146,1
DA:147,0
DA:148,0
DA:151,0
DA:152,0
DA:153,0
DA:154,0
DA:157,1
DA:158,0
DA:159,0
DA:160,0
DA:161,0
DA:162,0
DA:165,1
DA:166,0
DA:167,0
DA:168,0
DA:169,0
DA:171,0
DA:172,0
DA:174,0
DA:177,0
DA:180,1
DA:181,0
DA:182,0
DA:183,0
DA:184,0
DA:185,0
DA:188,1
DA:189,0
DA:190,0
DA:191,0
DA:194,1
DA:195,0
DA:197,0
DA:198,0
DA:201,0
DA:202,0
DA:205,0
DA:206,0
DA:209,0
DA:213,1
DA:214,0
DA:215,0
DA:216,0
DA:218,0
DA:219,0
DA:220,0
DA:221,0
DA:226,1
DA:227,0
DA:228,0
DA:230,0
DA:231,0
DA:232,0
DA:234,0
DA:240,1
DA:241,0
DA:242,0
DA:243,0
DA:246,1
DA:247,0
DA:248,0
DA:251,1
DA:252,0
DA:255,1
DA:256,0
DA:257,0
DA:258,0
DA:259,0
DA:260,0
DA:261,0
DA:263,1
LF:150
LH:30
BRDA:109,0,0,0
BRDA:109,0,1,0
BRDA:114,1,0,0
BRDA:114,1,1,0
BRDA:114,2,0,0
BRDA:114,2,1,0
BRDA:118,3,0,0
BRDA:118,3,1,0
BRDA:126,4,0,0
BRDA:126,4,1,0
BRDA:137,5,0,0
BRDA:137,5,1,0
BRDA:147,6,0,0
BRDA:147,6,1,0
BRDA:171,7,0,0
BRDA:171,7,1,0
BRDA:196,8,0,0
BRDA:196,8,1,0
BRDA:196,8,2,0
BRDA:196,8,3,0
BRDA:215,9,0,0
BRDA:215,9,1,0
BRDA:228,10,0,0
BRDA:228,10,1,0
BRDA:248,11,0,0
BRDA:248,11,1,0
BRDA:252,12,0,0
BRDA:252,12,1,0
BRF:28
BRH:0
end_of_record
TN:
SF:/Users/eric/tp/log2990-03/Cadriciel/client/src/app/racing-game/draw-track/track-validation.service.ts
FN:5,(anonymous_1)
FN:4,TrackValidationService
FN:15,(anonymous_3)
FN:26,(anonymous_4)
FN:31,(anonymous_5)
FN:37,(anonymous_6)
FN:43,(anonymous_7)
FN:74,(anonymous_8)
FN:76,(anonymous_9)
FN:88,(anonymous_10)
FN:99,(anonymous_11)
FN:102,(anonymous_12)
FN:135,(anonymous_13)
FN:145,(anonymous_14)
FN:155,(anonymous_15)
FN:177,(anonymous_16)
FN:181,(anonymous_17)
FN:192,(anonymous_18)
FN:208,(anonymous_19)
FN:213,(anonymous_20)
FN:230,(anonymous_21)
FN:234,(anonymous_22)
FN:238,(anonymous_23)
FN:241,(anonymous_24)
FN:250,(anonymous_25)
FN:257,(anonymous_26)
FN:264,(anonymous_27)
FN:275,(anonymous_28)
FN:297,(anonymous_29)
FN:302,(anonymous_30)
FN:311,(anonymous_31)
FN:315,(anonymous_32)
FN:319,(anonymous_33)
FN:324,(anonymous_34)
FN:337,(anonymous_35)
FNF:35
FNH:16
FNDA:1,(anonymous_1)
FNDA:39,TrackValidationService
FNDA:0,(anonymous_3)
FNDA:0,(anonymous_4)
FNDA:0,(anonymous_5)
FNDA:0,(anonymous_6)
FNDA:0,(anonymous_7)
FNDA:0,(anonymous_8)
FNDA:0,(anonymous_9)
FNDA:0,(anonymous_10)
FNDA:0,(anonymous_11)
FNDA:0,(anonymous_12)
FNDA:0,(anonymous_13)
FNDA:22,(anonymous_14)
FNDA:5,(anonymous_15)
FNDA:3,(anonymous_16)
FNDA:14,(anonymous_17)
FNDA:0,(anonymous_18)
FNDA:8,(anonymous_19)
FNDA:12,(anonymous_20)
FNDA:11,(anonymous_21)
FNDA:17,(anonymous_22)
FNDA:13,(anonymous_23)
FNDA:36,(anonymous_24)
FNDA:47,(anonymous_25)
FNDA:34,(anonymous_26)
FNDA:9,(anonymous_27)
FNDA:0,(anonymous_28)
FNDA:5,(anonymous_29)
FNDA:0,(anonymous_30)
FNDA:0,(anonymous_31)
FNDA:0,(anonymous_32)
FNDA:0,(anonymous_33)
FNDA:0,(anonymous_34)
FNDA:0,(anonymous_35)
DA:1,1
DA:2,1
DA:5,1
DA:6,39
DA:13,39
DA:15,1
DA:16,0
DA:19,0
DA:20,0
DA:21,0
DA:22,0
DA:26,1
DA:27,0
DA:28,0
DA:31,1
DA:32,0
DA:33,0
DA:34,0
DA:37,1
DA:38,0
DA:39,0
DA:40,0
DA:43,1
DA:44,0
DA:45,0
DA:46,0
DA:48,0
DA:49,0
DA:51,0
DA:52,0
DA:55,0
DA:60,0
DA:64,0
DA:65,0
DA:67,0
DA:68,0
DA:70,0
DA:74,1
DA:75,0
DA:76,0
DA:77,0
DA:78,0
DA:79,0
DA:82,0
DA:83,0
DA:84,0
DA:85,0
DA:88,1
DA:90,0
DA:91,0
DA:93,0
DA:94,0
DA:96,0
DA:99,1
DA:100,0
DA:101,0
DA:103,0
DA:105,0
DA:108,0
DA:109,0
DA:110,0
DA:115,0
DA:116,0
DA:117,0
DA:119,0
DA:121,0
DA:123,0
DA:124,0
DA:125,0
DA:126,0
DA:127,0
DA:129,0
DA:130,0
DA:135,1
DA:136,0
DA:137,0
DA:138,0
DA:139,0
DA:142,0
DA:145,1
DA:146,22
DA:147,8
DA:148,8
DA:150,14
DA:151,14
DA:155,1
DA:156,5
DA:158,5
DA:164,4
DA:165,4
DA:168,4
DA:172,4
DA:174,5
DA:177,1
DA:178,3
DA:181,1
DA:182,14
DA:183,14
DA:189,14
DA:192,1
DA:193,0
DA:194,0
DA:195,0
DA:196,0
DA:199,0
DA:200,0
DA:201,0
DA:202,0
DA:203,0
DA:208,1
DA:209,8
DA:210,8
DA:213,1
DA:214,12
DA:215,12
DA:221,6
DA:222,6
DA:224,6
DA:225,6
DA:227,12
DA:230,1
DA:231,11
DA:234,1
DA:235,17
DA:238,1
DA:239,13
DA:240,13
DA:242,36
DA:243,10
DA:247,13
DA:250,1
DA:251,47
DA:257,1
DA:258,34
DA:259,34
DA:260,34
DA:261,34
DA:264,1
DA:265,9
DA:267,9
DA:268,9
DA:269,9
DA:270,9
DA:272,9
DA:275,1
DA:276,0
DA:278,0
DA:283,0
DA:284,0
DA:285,0
DA:287,0
DA:290,0
DA:291,0
DA:292,0
DA:293,0
DA:294,0
DA:297,1
DA:298,5
DA:299,5
DA:302,1
DA:303,0
DA:311,1
DA:312,0
DA:315,1
DA:316,0
DA:319,1
DA:320,0
DA:324,1
DA:325,0
DA:326,0
DA:327,0
DA:328,0
DA:330,0
DA:333,0
DA:337,1
DA:338,0
DA:339,0
DA:340,0
DA:342,0
DA:344,1
LF:180
LH:81
BRDA:21,0,0,0
BRDA:21,0,1,0
BRDA:46,1,0,0
BRDA:46,1,1,0
BRDA:49,2,0,0
BRDA:49,2,1,0
BRDA:51,3,0,0
BRDA:51,3,1,0
BRDA:56,4,0,0
BRDA:56,4,1,0
BRDA:62,5,0,0
BRDA:62,5,1,0
BRDA:64,6,0,0
BRDA:64,6,1,0
BRDA:65,7,0,0
BRDA:65,7,1,0
BRDA:65,8,0,0
BRDA:65,8,1,0
BRDA:67,9,0,0
BRDA:67,9,1,0
BRDA:70,10,0,0
BRDA:70,10,1,0
BRDA:75,11,0,0
BRDA:75,11,1,0
BRDA:78,12,0,0
BRDA:78,12,1,0
BRDA:103,13,0,0
BRDA:103,13,1,0
BRDA:103,14,0,0
BRDA:103,14,1,0
BRDA:103,14,2,0
BRDA:103,14,3,0
BRDA:103,14,4,0
BRDA:108,15,0,0
BRDA:108,15,1,0
BRDA:108,16,0,0
BRDA:108,16,1,0
BRDA:129,17,0,0
BRDA:129,17,1,0
BRDA:137,18,0,0
BRDA:137,18,1,0
BRDA:138,19,0,0
BRDA:138,19,1,0
BRDA:146,20,0,8
BRDA:146,20,1,14
BRDA:158,21,0,4
BRDA:158,21,1,1
BRDA:159,22,0,5
BRDA:159,22,1,5
BRDA:159,22,2,1
BRDA:159,22,3,1
BRDA:166,23,0,4
BRDA:166,23,1,0
BRDA:169,24,0,4
BRDA:169,24,1,0
BRDA:193,25,0,0
BRDA:193,25,1,0
BRDA:194,26,0,0
BRDA:194,26,1,0
BRDA:200,27,0,0
BRDA:200,27,1,0
BRDA:215,28,0,6
BRDA:215,28,1,6
BRDA:216,29,0,12
BRDA:216,29,1,10
BRDA:216,29,2,8
BRDA:216,29,3,6
BRDA:242,30,0,10
BRDA:242,30,1,26
BRDA:276,31,0,0
BRDA:276,31,1,0
BRDA:276,32,0,0
BRDA:276,32,1,0
BRDA:276,32,2,0
BRDA:276,32,3,0
BRDA:276,32,4,0
BRDA:299,33,0,3
BRDA:299,33,1,2
BRDA:304,34,0,0
BRDA:304,34,1,0
BRDA:304,34,2,0
BRDA:304,34,3,0
BRDA:320,35,0,0
BRDA:320,35,1,0
BRDA:325,36,0,0
BRDA:325,36,1,0
BRDA:326,37,0,0
BRDA:326,37,1,0
BRDA:326,38,0,0
BRDA:326,38,1,0
BRDA:327,39,0,0
BRDA:327,39,1,0
BRDA:333,40,0,0
BRDA:333,40,1,0
BRDA:340,41,0,0
BRDA:340,41,1,0
BRF:96
BRH:20
end_of_record
TN:
SF:/Users/eric/tp/log2990-03/Cadriciel/client/src/app/racing-game/game-initialization/game-initialization.module.ts
FN:37,(anonymous_1)
FNF:1
FNH:1
FNDA:40,(anonymous_1)
DA:1,1
DA:2,1
DA:3,1
DA:4,1
DA:5,1
DA:7,1
DA:8,1
DA:9,1
DA:11,1
DA:37,1
LF:10
LH:10
BRF:0
BRH:0
end_of_record
TN:
SF:/Users/eric/tp/log2990-03/Cadriciel/client/src/app/racing-game/game-initialization/player.component.ts
FN:11,(anonymous_2)
FN:14,PlayerComponent
FN:16,(anonymous_4)
FNF:3
FNH:1
FNDA:1,(anonymous_2)
FNDA:0,PlayerComponent
FNDA:0,(anonymous_4)
DA:1,1
DA:3,1
DA:11,1
DA:12,0
DA:16,1
DA:19,1
LF:6
LH:5
BRF:0
BRH:0
end_of_record
TN:
SF:/Users/eric/tp/log2990-03/Cadriciel/client/src/app/racing-game/game-initialization/track-detail.component.ts
FN:12,(anonymous_2)
FN:15,TrackDetailComponent
FN:20,(anonymous_4)
FN:24,(anonymous_5)
FN:29,(anonymous_6)
FN:44,(anonymous_7)
FN:46,(anonymous_8)
FN:67,(anonymous_9)
FNF:8
FNH:1
FNDA:1,(anonymous_2)
FNDA:0,TrackDetailComponent
FNDA:0,(anonymous_4)
FNDA:0,(anonymous_5)
FNDA:0,(anonymous_6)
FNDA:0,(anonymous_7)
FNDA:0,(anonymous_8)
FNDA:0,(anonymous_9)
DA:1,1
DA:2,1
DA:3,1
DA:4,1
DA:6,1
DA:12,1
DA:16,0
DA:17,0
DA:20,1
DA:21,0
DA:24,1
DA:25,0
DA:26,0
DA:28,0
DA:30,0
DA:31,0
DA:43,0
DA:45,0
DA:47,0
DA:48,0
DA:49,0
DA:67,1
DA:68,0
DA:69,0
DA:72,1
LF:25
LH:10
BRDA:69,0,0,0
BRDA:69,0,1,0
BRDA:16,1,0,1
BRDA:16,1,1,0
BRDA:16,2,0,1
BRDA:16,3,0,1
BRDA:16,3,1,1
BRDA:16,3,2,0
BRDA:16,4,0,1
BRDA:16,4,1,1
BRF:10
BRH:6
end_of_record
TN:
SF:/Users/eric/tp/log2990-03/Cadriciel/client/src/app/racing-game/game-initialization/track-list.component.ts
FN:11,(anonymous_2)
FN:32,TrackListComponent
FN:15,(anonymous_4)
FN:17,(anonymous_5)
FN:17,(anonymous_6)
FN:34,(anonymous_7)
FN:37,(anonymous_8)
FN:38,(anonymous_9)
FN:41,(anonymous_10)
FN:45,(anonymous_11)
FNF:10
FNH:1
FNDA:1,(anonymous_2)
FNDA:0,TrackListComponent
FNDA:0,(anonymous_4)
FNDA:0,(anonymous_5)
FNDA:0,(anonymous_6)
FNDA:0,(anonymous_7)
FNDA:0,(anonymous_8)
FNDA:0,(anonymous_9)
FNDA:0,(anonymous_10)
FNDA:0,(anonymous_11)
DA:1,1
DA:2,1
DA:3,1
DA:11,1
DA:15,2
DA:16,0
DA:17,0
DA:18,0
DA:32,0
DA:34,1
DA:37,1
DA:38,0
DA:41,1
DA:43,0
DA:44,0
DA:45,0
DA:47,1
LF:17
LH:9
BRDA:32,0,0,1
BRDA:32,0,1,0
BRDA:32,1,0,1
BRF:3
BRH:2
end_of_record
TN:
SF:/Users/eric/tp/log2990-03/Cadriciel/client/src/app/racing-game/game-initialization/track.service.ts
FN:7,(anonymous_2)
FN:8,TrackService
FN:10,(anonymous_4)
FN:15,(anonymous_5)
FN:19,(anonymous_6)
FNF:5
FNH:4
FNDA:1,(anonymous_2)
FNDA:1,TrackService
FNDA:1,(anonymous_4)
FNDA:1,(anonymous_5)
FNDA:0,(anonymous_6)
DA:1,1
DA:2,1
DA:3,1
DA:5,1
DA:7,1
DA:8,1
DA:10,1
DA:11,1
DA:12,1
DA:15,1
DA:19,1
DA:20,0
DA:21,0
DA:23,1
LF:14
LH:12
BRDA:21,0,0,0
BRDA:21,0,1,0
BRDA:8,1,0,1
BRDA:8,1,1,0
BRDA:8,2,0,1
BRF:5
BRH:2
end_of_record
TN:
SF:/Users/eric/tp/log2990-03/Cadriciel/client/src/app/racing-game/game-initialization/user.ts
FN:1,(anonymous_0)
FNF:1
FNH:1
FNDA:1,(anonymous_0)
DA:1,1
DA:2,1
DA:3,1
LF:3
LH:3
BRDA:1,0,0,1
BRDA:1,0,1,1
BRF:2
BRH:2
end_of_record
